2021-01-11 06:29:11,490 logging started in ./config/config_sounding.json
2021-01-11 06:29:11,490 contents of parameters file : ./config/config_sounding.json
2021-01-11 06:29:11,490 root_dir -> Results/
2021-01-11 06:29:11,490 test_name -> sweep_20210111_0629
2021-01-11 06:29:11,490 overwrite_existing -> False
2021-01-11 06:29:11,490 -- node 1  -> --
2021-01-11 06:29:11,491 node1_IP -> fc00:face:b00c::1
2021-01-11 06:29:11,491 -- node 2  -> --
2021-01-11 06:29:11,491 node2_IP -> fc00:face:b00c::2
2021-01-11 06:29:11,491 -- sounder general -> --
2021-01-11 06:29:11,491 connection -> local
2021-01-11 06:29:11,491 link_dir -> 1to2
2021-01-11 06:29:11,491 estimate_channel -> 1
2021-01-11 06:29:11,491 channel -> 2
2021-01-11 06:29:11,491 mcs -> 1
2021-01-11 06:29:11,491 n_stat -> 1
2021-01-11 06:29:11,491 tx_beams -> [43]
2021-01-11 06:29:11,491 rx_beams -> [13]
2021-01-11 06:29:11,491 tx_array_mask -> ['0Xfff', '0Xfff', '0Xfff']
2021-01-11 06:29:11,491 rx_array_mask -> ['0Xfff', '0Xfff', '0Xfff']
2021-01-11 06:29:11,491 tx_gain_idxs -> [25]
2021-01-11 06:29:11,492 rx_rf_gain_thr -> 0
2021-01-11 06:29:11,492 rx_if_gain_thr -> 0
2021-01-11 06:29:11,492 tx_pkt_cnt -> 0
2021-01-11 06:29:11,492 rx_pkt_cnt -> 10
2021-01-11 06:29:11,492 pkt_size -> 512
2021-01-11 06:29:11,492 pkt_gap -> 20
2021-01-11 06:29:11,492 tx_timeout -> 100000
2021-01-11 06:29:11,492 rx_timeout -> 0.1
2021-01-11 06:29:11,492 rx_wait -> 0
2021-01-11 06:29:11,492 save_gps_coordinates -> True
2021-01-11 06:29:11,492 -- PER ---  -> --
2021-01-11 06:29:11,492 per_find_best_beam -> True
2021-01-11 06:29:11,492 per_tx_beam -> 0
2021-01-11 06:29:11,492 per_rx_beam -> 0
2021-01-11 06:29:11,492 per_mcs -> range(1,13)
2021-01-11 06:29:11,493 per_file -> PER_mon.CSV
2021-01-11 06:29:11,493 -- other  -> --
2021-01-11 06:29:11,493 devserver -> NA
2021-01-11 06:29:11,493 json_file_path -> ./config/config_sounding.json
2021-01-11 06:29:11,493 verbose -> False
2021-01-11 06:29:11,493 node1: fc00:face:b00c::1
2021-01-11 06:29:11,493 logging into node1
2021-01-11 06:29:11,505 ssh into terragraph unit
2021-01-11 06:29:11,505 ssh cmd : ssh  root@fc00:face:b00c::1
2021-01-11 06:29:11,510 delay : 0.05
2021-01-11 06:29:11,511 waiting for ssh login
2021-01-11 06:29:11,638 expect match index : 2
2021-01-11 06:29:11,702 ssh logged in
2021-01-11 06:29:11,763 timeout
2021-01-11 06:29:11,823 timeout
2021-01-11 06:29:11,824 cmd : b'i\x10$;\xb9\xcd\xe6oc)\xea\xfd\xac\x06oXJ\x80\xf1\xdc\x03h0>\xc4:\x91\xd3\xf9\x06\x9ei'
2021-01-11 06:29:11,824 b'i\x10$;\xb9\xcd\xe6oc)\xea\xfd\xac\x06oXJ\x80\xf1\xdc\x03h0>\xc4:\x91\xd3\xf9\x06\x9ei'
2021-01-11 06:29:11,825 cmd send x : 1
2021-01-11 06:29:15,614 prompt
2021-01-11 06:29:15,614 check resp :: cmd : b'i\x10$;\xb9\xcd\xe6oc)\xea\xfd\xac\x06oXJ\x80\xf1\xdc\x03h0>\xc4:\x91\xd3\xf9\x06\x9ei'
2021-01-11 06:29:15,616 index : 0 :: resp : b'i\x10$;\xb9\xcd\xe6oc)\xea\xfd\xac\x06oXJ\x80\xf1\xdc\x03h0>\xc4:\x91\xd3\xf9\x06\x9ei'
2021-01-11 06:29:15,616 index : 1 :: resp : b'\xees\xb73bLcj\xa1\xa9\x96\xe9x\xcb\xc1m;\xaa\xef\xc7\xc2K\xbd\x12\r\x88;\xc0\x89sl\xb9'
2021-01-11 06:29:15,616 index : 2 :: resp : b'i\x10$;\xb9\xcd\xe6oc)\xea\xfd\xac\x06oX\xc4`\xc3\x9e\xdf\x1e&\x08\x85\xc5\xd2\xcf\x9f\xed9\xf8\x0cs\xe0Mk\xe1\xa7\x0b\x94]\xb1-c0"\xea\xcb\x03\x82x\x9b\xc3sC\xa7T\x8d\x1c\xf9\x82X\xea'
2021-01-11 06:29:15,616 index : 3 :: resp : b'i\x10$;\xb9\xcd\xe6oc)\xea\xfd\xac\x06oX8\r-\xe1"LL6\xf5QpP\xc9W70'
2021-01-11 06:29:15,616 index : 4 :: resp : b"\x8c\xf1F\x83\xf1\x98\xc3\x10'\xe7\xd9\x83\xd7\x17\xa2\r5\n\xaaj\x98G'a\xfa\x1e\xdc\x0c\xe31yg"
2021-01-11 06:29:15,617 check resp exit
2021-01-11 06:29:15,677 timeout
2021-01-11 06:29:15,677 cmd : b'\x9b2\xe7!}\xb1dVK\x9e\xe9y\x1eH\x8eT\x9fx\xb1\x84$\xbbq0\xceP\x82\xd9=\xd1;6'
2021-01-11 06:29:15,678 b'\x9b2\xe7!}\xb1dVK\x9e\xe9y\x1eH\x8eT\x9fx\xb1\x84$\xbbq0\xceP\x82\xd9=\xd1;6'
2021-01-11 06:29:15,678 cmd send x : 1
2021-01-11 06:29:15,680 prompt
2021-01-11 06:29:15,681 check resp :: cmd : b'\x9b2\xe7!}\xb1dVK\x9e\xe9y\x1eH\x8eT\x9fx\xb1\x84$\xbbq0\xceP\x82\xd9=\xd1;6'
2021-01-11 06:29:15,681 index : 0 :: resp : b'\x9b2\xe7!}\xb1dVK\x9e\xe9y\x1eH\x8eT\x9fx\xb1\x84$\xbbq0\xceP\x82\xd9=\xd1;6'
2021-01-11 06:29:15,681 index : 1 :: resp : b"i\x10$;\xb9\xcd\xe6oc)\xea\xfd\xac\x06oXF\xdb\xd7Lo\xa6\x1b\xfbt\xfc\xed\x96\xd9\xf1\x1c\xd8C>'\xcd\x13\x88\xb0\xcf@\xa6\x99\xda\xfb\xe5R{\xa6\xf3\xcf\x98\xdcEz\x15\xc5?\xda\x9f\x1f'\xd9\x01"
2021-01-11 06:29:15,681 check resp exit
2021-01-11 06:29:15,682 download FW : b'i\x10$;\xb9\xcd\xe6oc)\xea\xfd\xac\x06oX\xab<\x90\xa6\x0f\r:\xcb;\x00\xba\xa2\xd9\x08\xbb '
2021-01-11 06:29:15,922 download successful
2021-01-11 06:29:16,433 prompt
2021-01-11 06:29:16,494 timeout
2021-01-11 06:29:16,554 timeout
2021-01-11 06:29:16,555 b'i\x10$;\xb9\xcd\xe6oc)\xea\xfd\xac\x06oXD\xab\xc2\xd9\x9e7\x1dxQ\xee\xa7\x0f~qU\xee'
2021-01-11 06:29:16,555 cmd send x : 1
2021-01-11 06:29:16,561 prompt
2021-01-11 06:29:16,561 check resp :: cmd : b'i\x10$;\xb9\xcd\xe6oc)\xea\xfd\xac\x06oXD\xab\xc2\xd9\x9e7\x1dxQ\xee\xa7\x0f~qU\xee'
2021-01-11 06:29:16,561 index : 0 :: resp : b'i\x10$;\xb9\xcd\xe6oc)\xea\xfd\xac\x06oXD\xab\xc2\xd9\x9e7\x1dxQ\xee\xa7\x0f~qU\xee'
2021-01-11 06:29:16,561 index : 1 :: resp : b"i\x10$;\xb9\xcd\xe6oc)\xea\xfd\xac\x06oXF\xdb\xd7Lo\xa6\x1b\xfbt\xfc\xed\x96\xd9\xf1\x1c\xd8C>'\xcd\x13\x88\xb0\xcf@\xa6\x99\xda\xfb\xe5R{\xa6\xf3\xcf\x98\xdcEz\x15\xc5?\xda\x9f\x1f'\xd9\x01"
2021-01-11 06:29:16,562 check resp exit
2021-01-11 06:29:16,622 timeout
2021-01-11 06:29:16,622 b'i\x10$;\xb9\xcd\xe6oc)\xea\xfd\xac\x06oX\x97\xe2t\x8b\x90\xc9\xee\xf3\x0bk\x93\xbf\xee\xc8?\x8b'
2021-01-11 06:29:16,623 cmd send x : 1
2021-01-11 06:29:16,648 prompt
2021-01-11 06:29:16,649 check resp :: cmd : b'i\x10$;\xb9\xcd\xe6oc)\xea\xfd\xac\x06oX\x97\xe2t\x8b\x90\xc9\xee\xf3\x0bk\x93\xbf\xee\xc8?\x8b'
2021-01-11 06:29:16,649 index : 0 :: resp : b'i\x10$;\xb9\xcd\xe6oc)\xea\xfd\xac\x06oX\x97\xe2t\x8b\x90\xc9\xee\xf3\x0bk\x93\xbf\xee\xc8?\x8b'
2021-01-11 06:29:16,649 index : 1 :: resp : b"i\x10$;\xb9\xcd\xe6oc)\xea\xfd\xac\x06oXF\xdb\xd7Lo\xa6\x1b\xfbt\xfc\xed\x96\xd9\xf1\x1c\xd8C>'\xcd\x13\x88\xb0\xcf@\xa6\x99\xda\xfb\xe5R{\xa6\xf3\xcf\x98\xdcEz\x15\xc5?\xda\x9f\x1f'\xd9\x01"
2021-01-11 06:29:16,649 check resp exit
2021-01-11 06:29:16,704 timeout
2021-01-11 06:29:16,705 cmd : b'\xd9\xe9\x85\xb3R\x14I\x18\nL\xc6\xfe\x9c0\xb3\xef\x90\xa2\xfda\x8e\x10\x12O7\x8e\x9f\xa8\xb6\xaa\xd6)'
2021-01-11 06:29:16,705 b'\xd9\xe9\x85\xb3R\x14I\x18\nL\xc6\xfe\x9c0\xb3\xef\x90\xa2\xfda\x8e\x10\x12O7\x8e\x9f\xa8\xb6\xaa\xd6)'
2021-01-11 06:29:16,705 cmd send x : 1
2021-01-11 06:29:16,711 prompt
2021-01-11 06:29:16,711 check resp :: cmd : b'\xd9\xe9\x85\xb3R\x14I\x18\nL\xc6\xfe\x9c0\xb3\xef\x90\xa2\xfda\x8e\x10\x12O7\x8e\x9f\xa8\xb6\xaa\xd6)'
2021-01-11 06:29:16,711 index : 0 :: resp : b'\xd9\xe9\x85\xb3R\x14I\x18\nL\xc6\xfe\x9c0\xb3\xef\x90\xa2\xfda\x8e\x10\x12O7\x8e\x9f\xa8\xb6\xaa\xd6)'
2021-01-11 06:29:16,712 index : 1 :: resp : b"i\x10$;\xb9\xcd\xe6oc)\xea\xfd\xac\x06oXF\xdb\xd7Lo\xa6\x1b\xfbt\xfc\xed\x96\xd9\xf1\x1c\xd8C>'\xcd\x13\x88\xb0\xcf@\xa6\x99\xda\xfb\xe5R{\xa6\xf3\xcf\x98\xdcEz\x15\xc5?\xda\x9f\x1f'\xd9\x01"
2021-01-11 06:29:16,712 check resp exit
2021-01-11 06:29:16,768 timeout
2021-01-11 06:29:16,769 cmd : b'\xfe\xab\x8d]\xba\xd2M\x02\xc1?=\xe9\x17\xd3aO\x9bWB\xa6\xf5\x83\\I\x97x\x97~#q\xc4\x95'
2021-01-11 06:29:16,769 b'\xfe\xab\x8d]\xba\xd2M\x02\xc1?=\xe9\x17\xd3aO\x9bWB\xa6\xf5\x83\\I\x97x\x97~#q\xc4\x95'
2021-01-11 06:29:16,769 cmd send x : 1
2021-01-11 06:29:16,774 prompt
2021-01-11 06:29:16,775 check resp :: cmd : b'\xfe\xab\x8d]\xba\xd2M\x02\xc1?=\xe9\x17\xd3aO\x9bWB\xa6\xf5\x83\\I\x97x\x97~#q\xc4\x95'
2021-01-11 06:29:16,775 index : 0 :: resp : b'\xfe\xab\x8d]\xba\xd2M\x02\xc1?=\xe9\x17\xd3aO\x9bWB\xa6\xf5\x83\\I\x97x\x97~#q\xc4\x95'
2021-01-11 06:29:16,775 index : 1 :: resp : b"i\x10$;\xb9\xcd\xe6oc)\xea\xfd\xac\x06oXF\xdb\xd7Lo\xa6\x1b\xfbt\xfc\xed\x96\xd9\xf1\x1c\xd8C>'\xcd\x13\x88\xb0\xcf@\xa6\x99\xda\xfb\xe5R{\xa6\xf3\xcf\x98\xdcEz\x15\xc5?\xda\x9f\x1f'\xd9\x01"
2021-01-11 06:29:16,776 check resp exit
2021-01-11 06:29:16,836 timeout
2021-01-11 06:29:16,836 cmd : b'i\x10$;\xb9\xcd\xe6oc)\xea\xfd\xac\x06oX6b\xfd\xc5\x8dn\xca\xeb\xf7\xd0X\xa4\xaf\x85b^\xbeq\x06\xd8.\n\xc1g\xed\xff\x9aG\xd1iV\xd8z\xc0\x81\xe0g`>\x117\xeb\x05\xa6\x80\x94\xa4g'
2021-01-11 06:29:16,837 b'i\x10$;\xb9\xcd\xe6oc)\xea\xfd\xac\x06oX6b\xfd\xc5\x8dn\xca\xeb\xf7\xd0X\xa4\xaf\x85b^\xbeq\x06\xd8.\n\xc1g\xed\xff\x9aG\xd1iV\xd8z\xc0\x81\xe0g`>\x117\xeb\x05\xa6\x80\x94\xa4g'
2021-01-11 06:29:16,837 cmd send x : 1
2021-01-11 06:29:17,598 prompt
2021-01-11 06:29:17,599 check resp :: cmd : b'i\x10$;\xb9\xcd\xe6oc)\xea\xfd\xac\x06oX6b\xfd\xc5\x8dn\xca\xeb\xf7\xd0X\xa4\xaf\x85b^\xbeq\x06\xd8.\n\xc1g\xed\xff\x9aG\xd1iV\xd8z\xc0\x81\xe0g`>\x117\xeb\x05\xa6\x80\x94\xa4g'
2021-01-11 06:29:17,599 index : 0 :: resp : b'i\x10$;\xb9\xcd\xe6oc)\xea\xfd\xac\x06oXR\x1f\xec%:\xf3\xdcX\xa1|C{Z\xd2{\x06\x10Ti~)\x90\xf3\xde;_\x9f\xf7%qsY\t\xa8\xf6\xf4*\x07U\x01\xf8`\xf7.\xd15\x86\x0c'
2021-01-11 06:29:17,599 index : 1 :: resp : b'[\x0c\x87s\x1b\x8c\xc5\xf7\xb3\xdf\xdc5s\xc8\x82\xe5`58\xaay\x07\xc0\x9dxF\xbezrMG\x93\\\xbf\xec\xda) \x02\xfd\xf8\x9e\xf4\x02\xa1\xb3\x8ex\xfbH\t\x1cA%\xaf\xfe\x87\xe9\x1a\x0e\x95\xd5\x80='
2021-01-11 06:29:17,599 index : 2 :: resp : b'i\x10$;\xb9\xcd\xe6oc)\xea\xfd\xac\x06oX\x11V\xa9)\x9e\xc9i\x13\xb6X\xc8\xa6\xee\x94\xed\xfa'
2021-01-11 06:29:17,600 index : 3 :: resp : b'i\x10$;\xb9\xcd\xe6oc)\xea\xfd\xac\x06oX\xb20K-H\xe9\xfb\xda\xeaA+\xe0\x01\x99FR\xa9\xd2%\x94\xca\xf1\xbe\xc1\xc6\xc1\x7fX\\C^\x9c\xd0D{t\xf0n_<\x00\x1dG\xef\xcd2\xdev'
2021-01-11 06:29:17,600 index : 4 :: resp : b'8\xb0C\x8a\xdb\xf0\x18\x8b\x1bp\xbd\xdfq\xf2\xe0J)\xbcq\xd4F\xbcS\r\xf8$\xb0\xd2\xaf-^\xfb'
2021-01-11 06:29:17,600 index : 5 :: resp : b"i\x10$;\xb9\xcd\xe6oc)\xea\xfd\xac\x06oXF\xdb\xd7Lo\xa6\x1b\xfbt\xfc\xed\x96\xd9\xf1\x1c\xd8C>'\xcd\x13\x88\xb0\xcf@\xa6\x99\xda\xfb\xe5R{\xa6\xf3\xcf\x98\xdcEz\x15\xc5?\xda\x9f\x1f'\xd9\x01"
2021-01-11 06:29:17,600 check resp exit
2021-01-11 06:29:17,661 timeout
2021-01-11 06:29:17,661 cmd : b'\xd8\xe2\xee\xc7\xbe\xdf}\x0f\xe2\xf3\x93\xf5\xaeC^\xf5\xb8\xc4\x83\x9c\x0e\xa6\x03\r\xd3]\x93\x17\xf2\x14\xb7\x16'
2021-01-11 06:29:17,661 b'\xd8\xe2\xee\xc7\xbe\xdf}\x0f\xe2\xf3\x93\xf5\xaeC^\xf5\xb8\xc4\x83\x9c\x0e\xa6\x03\r\xd3]\x93\x17\xf2\x14\xb7\x16'
2021-01-11 06:29:17,662 cmd send x : 1
2021-01-11 06:29:17,666 prompt
2021-01-11 06:29:17,666 check resp :: cmd : b'\xd8\xe2\xee\xc7\xbe\xdf}\x0f\xe2\xf3\x93\xf5\xaeC^\xf5\xb8\xc4\x83\x9c\x0e\xa6\x03\r\xd3]\x93\x17\xf2\x14\xb7\x16'
2021-01-11 06:29:17,667 index : 0 :: resp : b'\xd8\xe2\xee\xc7\xbe\xdf}\x0f\xe2\xf3\x93\xf5\xaeC^\xf5\xb8\xc4\x83\x9c\x0e\xa6\x03\r\xd3]\x93\x17\xf2\x14\xb7\x16'
2021-01-11 06:29:17,667 index : 1 :: resp : b'i\x10$;\xb9\xcd\xe6oc)\xea\xfd\xac\x06oX7\xc5\xa0_\xfc\x00\x06?&\xd4X\xaf\x8a\x89\xd1V;:o8&k:\xc7\x026\xb6\x8f\x17NUP\xac\xb1\xd7\x15\x92\xa4\xa3\xce\x9d\xe9\xbc\x87\xeb\x11\xe0\xf3'
2021-01-11 06:29:17,667 index : 2 :: resp : b"i\x10$;\xb9\xcd\xe6oc)\xea\xfd\xac\x06oXF\xdb\xd7Lo\xa6\x1b\xfbt\xfc\xed\x96\xd9\xf1\x1c\xd8C>'\xcd\x13\x88\xb0\xcf@\xa6\x99\xda\xfb\xe5R{\xa6\xf3\xcf\x98\xdcEz\x15\xc5?\xda\x9f\x1f'\xd9\x01"
2021-01-11 06:29:17,667 check resp exit
2021-01-11 06:29:17,728 timeout
2021-01-11 06:29:17,728 cmd : b'\x9b2\xe7!}\xb1dVK\x9e\xe9y\x1eH\x8eT\x9fx\xb1\x84$\xbbq0\xceP\x82\xd9=\xd1;6'
2021-01-11 06:29:17,729 b'\x9b2\xe7!}\xb1dVK\x9e\xe9y\x1eH\x8eT\x9fx\xb1\x84$\xbbq0\xceP\x82\xd9=\xd1;6'
2021-01-11 06:29:17,729 cmd send x : 1
2021-01-11 06:29:17,731 prompt
2021-01-11 06:29:17,732 check resp :: cmd : b'\x9b2\xe7!}\xb1dVK\x9e\xe9y\x1eH\x8eT\x9fx\xb1\x84$\xbbq0\xceP\x82\xd9=\xd1;6'
2021-01-11 06:29:17,732 index : 0 :: resp : b'\x9b2\xe7!}\xb1dVK\x9e\xe9y\x1eH\x8eT\x9fx\xb1\x84$\xbbq0\xceP\x82\xd9=\xd1;6'
2021-01-11 06:29:17,732 index : 1 :: resp : b"i\x10$;\xb9\xcd\xe6oc)\xea\xfd\xac\x06oXF\xdb\xd7Lo\xa6\x1b\xfbt\xfc\xed\x96\xd9\xf1\x1c\xd8C>'\xcd\x13\x88\xb0\xcf@\xa6\x99\xda\xfb\xe5R{\xa6\xf3\xcf\x98\xdcEz\x15\xc5?\xda\x9f\x1f'\xd9\x01"
2021-01-11 06:29:17,732 check resp exit
2021-01-11 06:29:17,733 node2: fc00:face:b00c::2
2021-01-11 06:29:17,733 logging into node2
2021-01-11 06:29:17,733 ssh into terragraph unit
2021-01-11 06:29:17,733 ssh cmd : ssh  root@fc00:face:b00c::2
2021-01-11 06:29:17,741 delay : 0.05
2021-01-11 06:29:17,741 waiting for ssh login
2021-01-11 06:29:17,875 expect match index : 2
2021-01-11 06:29:17,938 ssh logged in
2021-01-11 06:29:17,998 timeout
2021-01-11 06:29:18,059 timeout
2021-01-11 06:29:18,060 cmd : b'i\x10$;\xb9\xcd\xe6oc)\xea\xfd\xac\x06oXJ\x80\xf1\xdc\x03h0>\xc4:\x91\xd3\xf9\x06\x9ei'
2021-01-11 06:29:18,060 b'i\x10$;\xb9\xcd\xe6oc)\xea\xfd\xac\x06oXJ\x80\xf1\xdc\x03h0>\xc4:\x91\xd3\xf9\x06\x9ei'
2021-01-11 06:29:18,060 cmd send x : 1
2021-01-11 06:29:21,829 prompt
2021-01-11 06:29:21,829 check resp :: cmd : b'i\x10$;\xb9\xcd\xe6oc)\xea\xfd\xac\x06oXJ\x80\xf1\xdc\x03h0>\xc4:\x91\xd3\xf9\x06\x9ei'
2021-01-11 06:29:21,830 index : 0 :: resp : b'i\x10$;\xb9\xcd\xe6oc)\xea\xfd\xac\x06oXJ\x80\xf1\xdc\x03h0>\xc4:\x91\xd3\xf9\x06\x9ei'
2021-01-11 06:29:21,830 index : 1 :: resp : b'\xees\xb73bLcj\xa1\xa9\x96\xe9x\xcb\xc1m;\xaa\xef\xc7\xc2K\xbd\x12\r\x88;\xc0\x89sl\xb9'
2021-01-11 06:29:21,830 index : 2 :: resp : b'i\x10$;\xb9\xcd\xe6oc)\xea\xfd\xac\x06oX\xc4`\xc3\x9e\xdf\x1e&\x08\x85\xc5\xd2\xcf\x9f\xed9\xf8\x0cs\xe0Mk\xe1\xa7\x0b\x94]\xb1-c0"\xea\xcb\x03\x82x\x9b\xc3sC\xa7T\x8d\x1c\xf9\x82X\xea'
2021-01-11 06:29:21,831 index : 3 :: resp : b'i\x10$;\xb9\xcd\xe6oc)\xea\xfd\xac\x06oX8\r-\xe1"LL6\xf5QpP\xc9W70'
2021-01-11 06:29:21,831 index : 4 :: resp : b"\x8c\xf1F\x83\xf1\x98\xc3\x10'\xe7\xd9\x83\xd7\x17\xa2\r[\xb5T\xd2c\x07\xe1\xaclm\xec8\xbaX\x0fU"
2021-01-11 06:29:21,831 check resp exit
2021-01-11 06:29:21,891 timeout
2021-01-11 06:29:21,892 cmd : b'\x9b2\xe7!}\xb1dVK\x9e\xe9y\x1eH\x8eT\x9fx\xb1\x84$\xbbq0\xceP\x82\xd9=\xd1;6'
2021-01-11 06:29:21,892 b'\x9b2\xe7!}\xb1dVK\x9e\xe9y\x1eH\x8eT\x9fx\xb1\x84$\xbbq0\xceP\x82\xd9=\xd1;6'
2021-01-11 06:29:21,892 cmd send x : 1
2021-01-11 06:29:21,895 prompt
2021-01-11 06:29:21,895 check resp :: cmd : b'\x9b2\xe7!}\xb1dVK\x9e\xe9y\x1eH\x8eT\x9fx\xb1\x84$\xbbq0\xceP\x82\xd9=\xd1;6'
2021-01-11 06:29:21,895 index : 0 :: resp : b'\x9b2\xe7!}\xb1dVK\x9e\xe9y\x1eH\x8eT\x9fx\xb1\x84$\xbbq0\xceP\x82\xd9=\xd1;6'
2021-01-11 06:29:21,895 index : 1 :: resp : b"i\x10$;\xb9\xcd\xe6oc)\xea\xfd\xac\x06oXF\xdb\xd7Lo\xa6\x1b\xfbt\xfc\xed\x96\xd9\xf1\x1c\xd8\xa7b\x96\xfc\x99\xb2\xb2(\x05\\\xe6>s\xf5\xf9\xb3\xa6\xf3\xcf\x98\xdcEz\x15\xc5?\xda\x9f\x1f'\xd9\x01"
2021-01-11 06:29:21,896 check resp exit
2021-01-11 06:29:21,896 download FW : b'i\x10$;\xb9\xcd\xe6oc)\xea\xfd\xac\x06oX\xab<\x90\xa6\x0f\r:\xcb;\x00\xba\xa2\xd9\x08\xbb '
2021-01-11 06:29:22,136 download successful
2021-01-11 06:29:22,645 prompt
2021-01-11 06:29:22,706 timeout
2021-01-11 06:29:22,767 timeout
2021-01-11 06:29:22,767 b'i\x10$;\xb9\xcd\xe6oc)\xea\xfd\xac\x06oXD\xab\xc2\xd9\x9e7\x1dxQ\xee\xa7\x0f~qU\xee'
2021-01-11 06:29:22,767 cmd send x : 1
2021-01-11 06:29:22,773 prompt
2021-01-11 06:29:22,773 check resp :: cmd : b'i\x10$;\xb9\xcd\xe6oc)\xea\xfd\xac\x06oXD\xab\xc2\xd9\x9e7\x1dxQ\xee\xa7\x0f~qU\xee'
2021-01-11 06:29:22,774 index : 0 :: resp : b'i\x10$;\xb9\xcd\xe6oc)\xea\xfd\xac\x06oXD\xab\xc2\xd9\x9e7\x1dxQ\xee\xa7\x0f~qU\xee'
2021-01-11 06:29:22,774 index : 1 :: resp : b"i\x10$;\xb9\xcd\xe6oc)\xea\xfd\xac\x06oXF\xdb\xd7Lo\xa6\x1b\xfbt\xfc\xed\x96\xd9\xf1\x1c\xd8\xa7b\x96\xfc\x99\xb2\xb2(\x05\\\xe6>s\xf5\xf9\xb3\xa6\xf3\xcf\x98\xdcEz\x15\xc5?\xda\x9f\x1f'\xd9\x01"
2021-01-11 06:29:22,774 check resp exit
2021-01-11 06:29:22,835 timeout
2021-01-11 06:29:22,835 b'i\x10$;\xb9\xcd\xe6oc)\xea\xfd\xac\x06oX\x97\xe2t\x8b\x90\xc9\xee\xf3\x0bk\x93\xbf\xee\xc8?\x8b'
2021-01-11 06:29:22,835 cmd send x : 1
2021-01-11 06:29:22,861 prompt
2021-01-11 06:29:22,861 check resp :: cmd : b'i\x10$;\xb9\xcd\xe6oc)\xea\xfd\xac\x06oX\x97\xe2t\x8b\x90\xc9\xee\xf3\x0bk\x93\xbf\xee\xc8?\x8b'
2021-01-11 06:29:22,862 index : 0 :: resp : b'i\x10$;\xb9\xcd\xe6oc)\xea\xfd\xac\x06oX\x97\xe2t\x8b\x90\xc9\xee\xf3\x0bk\x93\xbf\xee\xc8?\x8b'
2021-01-11 06:29:22,862 index : 1 :: resp : b"i\x10$;\xb9\xcd\xe6oc)\xea\xfd\xac\x06oXF\xdb\xd7Lo\xa6\x1b\xfbt\xfc\xed\x96\xd9\xf1\x1c\xd8\xa7b\x96\xfc\x99\xb2\xb2(\x05\\\xe6>s\xf5\xf9\xb3\xa6\xf3\xcf\x98\xdcEz\x15\xc5?\xda\x9f\x1f'\xd9\x01"
2021-01-11 06:29:22,862 check resp exit
2021-01-11 06:29:22,923 timeout
2021-01-11 06:29:22,923 cmd : b'\xd9\xe9\x85\xb3R\x14I\x18\nL\xc6\xfe\x9c0\xb3\xef\x90\xa2\xfda\x8e\x10\x12O7\x8e\x9f\xa8\xb6\xaa\xd6)'
2021-01-11 06:29:22,924 b'\xd9\xe9\x85\xb3R\x14I\x18\nL\xc6\xfe\x9c0\xb3\xef\x90\xa2\xfda\x8e\x10\x12O7\x8e\x9f\xa8\xb6\xaa\xd6)'
2021-01-11 06:29:22,924 cmd send x : 1
2021-01-11 06:29:22,929 prompt
2021-01-11 06:29:22,930 check resp :: cmd : b'\xd9\xe9\x85\xb3R\x14I\x18\nL\xc6\xfe\x9c0\xb3\xef\x90\xa2\xfda\x8e\x10\x12O7\x8e\x9f\xa8\xb6\xaa\xd6)'
2021-01-11 06:29:22,930 index : 0 :: resp : b'\xd9\xe9\x85\xb3R\x14I\x18\nL\xc6\xfe\x9c0\xb3\xef\x90\xa2\xfda\x8e\x10\x12O7\x8e\x9f\xa8\xb6\xaa\xd6)'
2021-01-11 06:29:22,930 index : 1 :: resp : b"i\x10$;\xb9\xcd\xe6oc)\xea\xfd\xac\x06oXF\xdb\xd7Lo\xa6\x1b\xfbt\xfc\xed\x96\xd9\xf1\x1c\xd8\xa7b\x96\xfc\x99\xb2\xb2(\x05\\\xe6>s\xf5\xf9\xb3\xa6\xf3\xcf\x98\xdcEz\x15\xc5?\xda\x9f\x1f'\xd9\x01"
2021-01-11 06:29:22,930 check resp exit
2021-01-11 06:29:22,991 timeout
2021-01-11 06:29:22,991 cmd : b'\xfe\xab\x8d]\xba\xd2M\x02\xc1?=\xe9\x17\xd3aO\x9bWB\xa6\xf5\x83\\I\x97x\x97~#q\xc4\x95'
2021-01-11 06:29:22,991 b'\xfe\xab\x8d]\xba\xd2M\x02\xc1?=\xe9\x17\xd3aO\x9bWB\xa6\xf5\x83\\I\x97x\x97~#q\xc4\x95'
2021-01-11 06:29:22,992 cmd send x : 1
2021-01-11 06:29:22,997 prompt
2021-01-11 06:29:22,997 check resp :: cmd : b'\xfe\xab\x8d]\xba\xd2M\x02\xc1?=\xe9\x17\xd3aO\x9bWB\xa6\xf5\x83\\I\x97x\x97~#q\xc4\x95'
2021-01-11 06:29:22,998 index : 0 :: resp : b'\xfe\xab\x8d]\xba\xd2M\x02\xc1?=\xe9\x17\xd3aO\x9bWB\xa6\xf5\x83\\I\x97x\x97~#q\xc4\x95'
2021-01-11 06:29:22,998 index : 1 :: resp : b"i\x10$;\xb9\xcd\xe6oc)\xea\xfd\xac\x06oXF\xdb\xd7Lo\xa6\x1b\xfbt\xfc\xed\x96\xd9\xf1\x1c\xd8\xa7b\x96\xfc\x99\xb2\xb2(\x05\\\xe6>s\xf5\xf9\xb3\xa6\xf3\xcf\x98\xdcEz\x15\xc5?\xda\x9f\x1f'\xd9\x01"
2021-01-11 06:29:22,998 check resp exit
2021-01-11 06:29:23,050 timeout
2021-01-11 06:29:23,051 cmd : b'i\x10$;\xb9\xcd\xe6oc)\xea\xfd\xac\x06oX6b\xfd\xc5\x8dn\xca\xeb\xf7\xd0X\xa4\xaf\x85b^\xbeq\x06\xd8.\n\xc1g\xed\xff\x9aG\xd1iV\xd8z\xc0\x81\xe0g`>\x117\xeb\x05\xa6\x80\x94\xa4g'
2021-01-11 06:29:23,051 b'i\x10$;\xb9\xcd\xe6oc)\xea\xfd\xac\x06oX6b\xfd\xc5\x8dn\xca\xeb\xf7\xd0X\xa4\xaf\x85b^\xbeq\x06\xd8.\n\xc1g\xed\xff\x9aG\xd1iV\xd8z\xc0\x81\xe0g`>\x117\xeb\x05\xa6\x80\x94\xa4g'
2021-01-11 06:29:23,051 cmd send x : 1
2021-01-11 06:29:23,816 prompt
2021-01-11 06:29:23,816 check resp :: cmd : b'i\x10$;\xb9\xcd\xe6oc)\xea\xfd\xac\x06oX6b\xfd\xc5\x8dn\xca\xeb\xf7\xd0X\xa4\xaf\x85b^\xbeq\x06\xd8.\n\xc1g\xed\xff\x9aG\xd1iV\xd8z\xc0\x81\xe0g`>\x117\xeb\x05\xa6\x80\x94\xa4g'
2021-01-11 06:29:23,816 index : 0 :: resp : b'i\x10$;\xb9\xcd\xe6oc)\xea\xfd\xac\x06oXR\x1f\xec%:\xf3\xdcX\xa1|C{Z\xd2{\x06\x10Ti~)\x90\xf3\xde;_\x9f\xf7%qsY\t\xa8\xf6\xf4*\x07U\x01\xf8`\xf7.\xd15\x86\x0c'
2021-01-11 06:29:23,817 index : 1 :: resp : b'\x8c\x13z\x03\xd4\xa7\xac\xfe\n\x13\xdb\xbf\x88%ks\xc1Vw<\xf8\x8f\x93\xf6z\x11`/+\xae\x80)\xe5\xd3\x142t\xf82\x90\xf0&\x1bs\xc3eH\xd1\x8e\xf0\xc9\xcc\x9dk,e\x9d\xb1\x9a4\xfc\xfe\xfe\x8b'
2021-01-11 06:29:23,817 index : 2 :: resp : b'i\x10$;\xb9\xcd\xe6oc)\xea\xfd\xac\x06oX\x11V\xa9)\x9e\xc9i\x13\xb6X\xc8\xa6\xee\x94\xed\xfa'
2021-01-11 06:29:23,817 index : 3 :: resp : b'i\x10$;\xb9\xcd\xe6oc)\xea\xfd\xac\x06oX\xb20K-H\xe9\xfb\xda\xeaA+\xe0\x01\x99FR\xa9\xd2%\x94\xca\xf1\xbe\xc1\xc6\xc1\x7fX\\C^\x9c\xd0D{t\xf0n_<\x00\x1dG\xef\xcd2\xdev'
2021-01-11 06:29:23,817 index : 4 :: resp : b'8\xb0C\x8a\xdb\xf0\x18\x8b\x1bp\xbd\xdfq\xf2\xe0J)\xbcq\xd4F\xbcS\r\xf8$\xb0\xd2\xaf-^\xfb'
2021-01-11 06:29:23,818 index : 5 :: resp : b"i\x10$;\xb9\xcd\xe6oc)\xea\xfd\xac\x06oXF\xdb\xd7Lo\xa6\x1b\xfbt\xfc\xed\x96\xd9\xf1\x1c\xd8\xa7b\x96\xfc\x99\xb2\xb2(\x05\\\xe6>s\xf5\xf9\xb3\xa6\xf3\xcf\x98\xdcEz\x15\xc5?\xda\x9f\x1f'\xd9\x01"
2021-01-11 06:29:23,818 check resp exit
2021-01-11 06:29:23,878 timeout
2021-01-11 06:29:23,879 cmd : b'\xd8\xe2\xee\xc7\xbe\xdf}\x0f\xe2\xf3\x93\xf5\xaeC^\xf5\xb8\xc4\x83\x9c\x0e\xa6\x03\r\xd3]\x93\x17\xf2\x14\xb7\x16'
2021-01-11 06:29:23,879 b'\xd8\xe2\xee\xc7\xbe\xdf}\x0f\xe2\xf3\x93\xf5\xaeC^\xf5\xb8\xc4\x83\x9c\x0e\xa6\x03\r\xd3]\x93\x17\xf2\x14\xb7\x16'
2021-01-11 06:29:23,879 cmd send x : 1
2021-01-11 06:29:23,884 prompt
2021-01-11 06:29:23,884 check resp :: cmd : b'\xd8\xe2\xee\xc7\xbe\xdf}\x0f\xe2\xf3\x93\xf5\xaeC^\xf5\xb8\xc4\x83\x9c\x0e\xa6\x03\r\xd3]\x93\x17\xf2\x14\xb7\x16'
2021-01-11 06:29:23,885 index : 0 :: resp : b'\xd8\xe2\xee\xc7\xbe\xdf}\x0f\xe2\xf3\x93\xf5\xaeC^\xf5\xb8\xc4\x83\x9c\x0e\xa6\x03\r\xd3]\x93\x17\xf2\x14\xb7\x16'
2021-01-11 06:29:23,885 index : 1 :: resp : b'i\x10$;\xb9\xcd\xe6oc)\xea\xfd\xac\x06oX7\xc5\xa0_\xfc\x00\x06?&\xd4X\xaf\x8a\x89\xd1V;:o8&k:\xc7\x026\xb6\x8f\x17NUP&\xe8\xd0\x9c\xac\xfe\xd6\x92@X9\x00\xa3\x9c\xff\xdd'
2021-01-11 06:29:23,885 index : 2 :: resp : b"i\x10$;\xb9\xcd\xe6oc)\xea\xfd\xac\x06oXF\xdb\xd7Lo\xa6\x1b\xfbt\xfc\xed\x96\xd9\xf1\x1c\xd8\xa7b\x96\xfc\x99\xb2\xb2(\x05\\\xe6>s\xf5\xf9\xb3\xa6\xf3\xcf\x98\xdcEz\x15\xc5?\xda\x9f\x1f'\xd9\x01"
2021-01-11 06:29:23,885 check resp exit
2021-01-11 06:29:23,936 timeout
2021-01-11 06:29:23,937 cmd : b'\x9b2\xe7!}\xb1dVK\x9e\xe9y\x1eH\x8eT\x9fx\xb1\x84$\xbbq0\xceP\x82\xd9=\xd1;6'
2021-01-11 06:29:23,937 b'\x9b2\xe7!}\xb1dVK\x9e\xe9y\x1eH\x8eT\x9fx\xb1\x84$\xbbq0\xceP\x82\xd9=\xd1;6'
2021-01-11 06:29:23,937 cmd send x : 1
2021-01-11 06:29:23,939 prompt
2021-01-11 06:29:23,939 check resp :: cmd : b'\x9b2\xe7!}\xb1dVK\x9e\xe9y\x1eH\x8eT\x9fx\xb1\x84$\xbbq0\xceP\x82\xd9=\xd1;6'
2021-01-11 06:29:23,940 index : 0 :: resp : b'\x9b2\xe7!}\xb1dVK\x9e\xe9y\x1eH\x8eT\x9fx\xb1\x84$\xbbq0\xceP\x82\xd9=\xd1;6'
2021-01-11 06:29:23,940 index : 1 :: resp : b"i\x10$;\xb9\xcd\xe6oc)\xea\xfd\xac\x06oXF\xdb\xd7Lo\xa6\x1b\xfbt\xfc\xed\x96\xd9\xf1\x1c\xd8\xa7b\x96\xfc\x99\xb2\xb2(\x05\\\xe6>s\xf5\xf9\xb3\xa6\xf3\xcf\x98\xdcEz\x15\xc5?\xda\x9f\x1f'\xd9\x01"
2021-01-11 06:29:23,940 check resp exit
2021-01-11 06:29:23,940 node1 is transmitting and node2 is receiving 
2021-01-11 06:29:24,001 timeout
2021-01-11 06:29:24,001 cmd : b'i\x10$;\xb9\xcd\xe6oc)\xea\xfd\xac\x06oXh\x1e^\xbe\xbe:\xa4\xaa\xce\xaf\xd5\x9b\x08\xae\xbf\x83'
2021-01-11 06:29:24,002 b'i\x10$;\xb9\xcd\xe6oc)\xea\xfd\xac\x06oXh\x1e^\xbe\xbe:\xa4\xaa\xce\xaf\xd5\x9b\x08\xae\xbf\x83'
2021-01-11 06:29:24,002 cmd send x : 1
2021-01-11 06:29:24,814 prompt
2021-01-11 06:29:24,814 check resp :: cmd : b'i\x10$;\xb9\xcd\xe6oc)\xea\xfd\xac\x06oXh\x1e^\xbe\xbe:\xa4\xaa\xce\xaf\xd5\x9b\x08\xae\xbf\x83'
2021-01-11 06:29:24,815 index : 0 :: resp : b'i\x10$;\xb9\xcd\xe6oc)\xea\xfd\xac\x06oXh\x1e^\xbe\xbe:\xa4\xaa\xce\xaf\xd5\x9b\x08\xae\xbf\x83'
2021-01-11 06:29:24,815 index : 1 :: resp : b"i\x10$;\xb9\xcd\xe6oc)\xea\xfd\xac\x06oXF\xdb\xd7Lo\xa6\x1b\xfbt\xfc\xed\x96\xd9\xf1\x1c\xd8C>'\xcd\x13\x88\xb0\xcf@\xa6\x99\xda\xfb\xe5R{\xa6\xf3\xcf\x98\xdcEz\x15\xc5?\xda\x9f\x1f'\xd9\x01"
2021-01-11 06:29:24,815 check resp exit
2021-01-11 06:29:24,876 timeout
2021-01-11 06:29:24,876 b'\xfe\xab\x8d]\xba\xd2M\x02\xc1?=\xe9\x17\xd3aO\x9c\xb4\x86\x86\xb4\x93\x16=\x0e\xd2a\xac\x81n\xd5,'
2021-01-11 06:29:24,877 cmd send x : 1
2021-01-11 06:29:24,882 prompt
2021-01-11 06:29:24,882 check resp :: cmd : b'\xfe\xab\x8d]\xba\xd2M\x02\xc1?=\xe9\x17\xd3aO\x9c\xb4\x86\x86\xb4\x93\x16=\x0e\xd2a\xac\x81n\xd5,'
2021-01-11 06:29:24,883 index : 0 :: resp : b'\xfe\xab\x8d]\xba\xd2M\x02\xc1?=\xe9\x17\xd3aO\x9c\xb4\x86\x86\xb4\x93\x16=\x0e\xd2a\xac\x81n\xd5,'
2021-01-11 06:29:24,883 index : 1 :: resp : b"i\x10$;\xb9\xcd\xe6oc)\xea\xfd\xac\x06oXF\xdb\xd7Lo\xa6\x1b\xfbt\xfc\xed\x96\xd9\xf1\x1c\xd8C>'\xcd\x13\x88\xb0\xcf@\xa6\x99\xda\xfb\xe5R{\xa6\xf3\xcf\x98\xdcEz\x15\xc5?\xda\x9f\x1f'\xd9\x01"
2021-01-11 06:29:24,883 check resp exit
2021-01-11 06:29:24,944 timeout
2021-01-11 06:29:24,944 b'e\x91\xc2\xbbJ~\x02\xceO\x86\xeaB\x11$&\x8f\xa7C\xeb\xdb\x11L\x8dJD\xc9\xc5D\x0b\xb9\x1c\xf9'
2021-01-11 06:29:24,945 cmd send x : 1
2021-01-11 06:29:24,951 prompt
2021-01-11 06:29:24,951 check resp :: cmd : b'e\x91\xc2\xbbJ~\x02\xceO\x86\xeaB\x11$&\x8f\xa7C\xeb\xdb\x11L\x8dJD\xc9\xc5D\x0b\xb9\x1c\xf9'
2021-01-11 06:29:24,952 index : 0 :: resp : b'e\x91\xc2\xbbJ~\x02\xceO\x86\xeaB\x11$&\x8f\xa7C\xeb\xdb\x11L\x8dJD\xc9\xc5D\x0b\xb9\x1c\xf9'
2021-01-11 06:29:24,952 index : 1 :: resp : b"i\x10$;\xb9\xcd\xe6oc)\xea\xfd\xac\x06oXF\xdb\xd7Lo\xa6\x1b\xfbt\xfc\xed\x96\xd9\xf1\x1c\xd8C>'\xcd\x13\x88\xb0\xcf@\xa6\x99\xda\xfb\xe5R{\xa6\xf3\xcf\x98\xdcEz\x15\xc5?\xda\x9f\x1f'\xd9\x01"
2021-01-11 06:29:24,952 check resp exit
2021-01-11 06:29:25,012 timeout
2021-01-11 06:29:25,012 b'u4%\x1dx\x88\xedB\xec)\xd4\xb0\xfb\xc8b\x84\xa7C\xeb\xdb\x11L\x8dJD\xc9\xc5D\x0b\xb9\x1c\xf9'
2021-01-11 06:29:25,012 cmd send x : 1
2021-01-11 06:29:25,018 prompt
2021-01-11 06:29:25,018 check resp :: cmd : b'u4%\x1dx\x88\xedB\xec)\xd4\xb0\xfb\xc8b\x84\xa7C\xeb\xdb\x11L\x8dJD\xc9\xc5D\x0b\xb9\x1c\xf9'
2021-01-11 06:29:25,019 index : 0 :: resp : b'u4%\x1dx\x88\xedB\xec)\xd4\xb0\xfb\xc8b\x84\xa7C\xeb\xdb\x11L\x8dJD\xc9\xc5D\x0b\xb9\x1c\xf9'
2021-01-11 06:29:25,019 index : 1 :: resp : b"i\x10$;\xb9\xcd\xe6oc)\xea\xfd\xac\x06oXF\xdb\xd7Lo\xa6\x1b\xfbt\xfc\xed\x96\xd9\xf1\x1c\xd8C>'\xcd\x13\x88\xb0\xcf@\xa6\x99\xda\xfb\xe5R{\xa6\xf3\xcf\x98\xdcEz\x15\xc5?\xda\x9f\x1f'\xd9\x01"
2021-01-11 06:29:25,019 check resp exit
2021-01-11 06:29:25,080 timeout
2021-01-11 06:29:25,080 b'\xfe\xab\x8d]\xba\xd2M\x02\xc1?=\xe9\x17\xd3aO]4B\xa5,\x95\xcc\x07q\xe9\x9ew\xbd\xfd\xdb\xb9'
2021-01-11 06:29:25,080 cmd send x : 1
2021-01-11 06:29:25,086 prompt
2021-01-11 06:29:25,086 check resp :: cmd : b'\xfe\xab\x8d]\xba\xd2M\x02\xc1?=\xe9\x17\xd3aO]4B\xa5,\x95\xcc\x07q\xe9\x9ew\xbd\xfd\xdb\xb9'
2021-01-11 06:29:25,087 index : 0 :: resp : b'\xfe\xab\x8d]\xba\xd2M\x02\xc1?=\xe9\x17\xd3aO]4B\xa5,\x95\xcc\x07q\xe9\x9ew\xbd\xfd\xdb\xb9'
2021-01-11 06:29:25,087 index : 1 :: resp : b"i\x10$;\xb9\xcd\xe6oc)\xea\xfd\xac\x06oXF\xdb\xd7Lo\xa6\x1b\xfbt\xfc\xed\x96\xd9\xf1\x1c\xd8C>'\xcd\x13\x88\xb0\xcf@\xa6\x99\xda\xfb\xe5R{\xa6\xf3\xcf\x98\xdcEz\x15\xc5?\xda\x9f\x1f'\xd9\x01"
2021-01-11 06:29:25,087 check resp exit
2021-01-11 06:29:25,147 timeout
2021-01-11 06:29:25,148 b'e\x91\xc2\xbbJ~\x02\xceO\x86\xeaB\x11$&\x8f\xa7C\xeb\xdb\x11L\x8dJD\xc9\xc5D\x0b\xb9\x1c\xf9'
2021-01-11 06:29:25,148 cmd send x : 1
2021-01-11 06:29:25,154 prompt
2021-01-11 06:29:25,154 check resp :: cmd : b'e\x91\xc2\xbbJ~\x02\xceO\x86\xeaB\x11$&\x8f\xa7C\xeb\xdb\x11L\x8dJD\xc9\xc5D\x0b\xb9\x1c\xf9'
2021-01-11 06:29:25,155 index : 0 :: resp : b'e\x91\xc2\xbbJ~\x02\xceO\x86\xeaB\x11$&\x8f\xa7C\xeb\xdb\x11L\x8dJD\xc9\xc5D\x0b\xb9\x1c\xf9'
2021-01-11 06:29:25,155 index : 1 :: resp : b"i\x10$;\xb9\xcd\xe6oc)\xea\xfd\xac\x06oXF\xdb\xd7Lo\xa6\x1b\xfbt\xfc\xed\x96\xd9\xf1\x1c\xd8C>'\xcd\x13\x88\xb0\xcf@\xa6\x99\xda\xfb\xe5R{\xa6\xf3\xcf\x98\xdcEz\x15\xc5?\xda\x9f\x1f'\xd9\x01"
2021-01-11 06:29:25,155 check resp exit
2021-01-11 06:29:25,211 timeout
2021-01-11 06:29:25,212 b'u4%\x1dx\x88\xedB\xec)\xd4\xb0\xfb\xc8b\x84\xa7C\xeb\xdb\x11L\x8dJD\xc9\xc5D\x0b\xb9\x1c\xf9'
2021-01-11 06:29:25,212 cmd send x : 1
2021-01-11 06:29:25,218 prompt
2021-01-11 06:29:25,218 check resp :: cmd : b'u4%\x1dx\x88\xedB\xec)\xd4\xb0\xfb\xc8b\x84\xa7C\xeb\xdb\x11L\x8dJD\xc9\xc5D\x0b\xb9\x1c\xf9'
2021-01-11 06:29:25,218 index : 0 :: resp : b'u4%\x1dx\x88\xedB\xec)\xd4\xb0\xfb\xc8b\x84\xa7C\xeb\xdb\x11L\x8dJD\xc9\xc5D\x0b\xb9\x1c\xf9'
2021-01-11 06:29:25,219 index : 1 :: resp : b"i\x10$;\xb9\xcd\xe6oc)\xea\xfd\xac\x06oXF\xdb\xd7Lo\xa6\x1b\xfbt\xfc\xed\x96\xd9\xf1\x1c\xd8C>'\xcd\x13\x88\xb0\xcf@\xa6\x99\xda\xfb\xe5R{\xa6\xf3\xcf\x98\xdcEz\x15\xc5?\xda\x9f\x1f'\xd9\x01"
2021-01-11 06:29:25,219 check resp exit
2021-01-11 06:29:25,279 timeout
2021-01-11 06:29:25,280 b'\xfe\xab\x8d]\xba\xd2M\x02\xc1?=\xe9\x17\xd3aO\xbe\rwr\xd6\x08\xd7h\x84\xe6\x02\xae\x10\xbc\xa6M'
2021-01-11 06:29:25,280 cmd send x : 1
2021-01-11 06:29:25,285 prompt
2021-01-11 06:29:25,286 check resp :: cmd : b'\xfe\xab\x8d]\xba\xd2M\x02\xc1?=\xe9\x17\xd3aO\xbe\rwr\xd6\x08\xd7h\x84\xe6\x02\xae\x10\xbc\xa6M'
2021-01-11 06:29:25,286 index : 0 :: resp : b'\xfe\xab\x8d]\xba\xd2M\x02\xc1?=\xe9\x17\xd3aO\xbe\rwr\xd6\x08\xd7h\x84\xe6\x02\xae\x10\xbc\xa6M'
2021-01-11 06:29:25,286 index : 1 :: resp : b"i\x10$;\xb9\xcd\xe6oc)\xea\xfd\xac\x06oXF\xdb\xd7Lo\xa6\x1b\xfbt\xfc\xed\x96\xd9\xf1\x1c\xd8C>'\xcd\x13\x88\xb0\xcf@\xa6\x99\xda\xfb\xe5R{\xa6\xf3\xcf\x98\xdcEz\x15\xc5?\xda\x9f\x1f'\xd9\x01"
2021-01-11 06:29:25,287 check resp exit
2021-01-11 06:29:25,347 timeout
2021-01-11 06:29:25,347 b'e\x91\xc2\xbbJ~\x02\xceO\x86\xeaB\x11$&\x8f\xa7C\xeb\xdb\x11L\x8dJD\xc9\xc5D\x0b\xb9\x1c\xf9'
2021-01-11 06:29:25,348 cmd send x : 1
2021-01-11 06:29:25,353 prompt
2021-01-11 06:29:25,354 check resp :: cmd : b'e\x91\xc2\xbbJ~\x02\xceO\x86\xeaB\x11$&\x8f\xa7C\xeb\xdb\x11L\x8dJD\xc9\xc5D\x0b\xb9\x1c\xf9'
2021-01-11 06:29:25,354 index : 0 :: resp : b'e\x91\xc2\xbbJ~\x02\xceO\x86\xeaB\x11$&\x8f\xa7C\xeb\xdb\x11L\x8dJD\xc9\xc5D\x0b\xb9\x1c\xf9'
2021-01-11 06:29:25,354 index : 1 :: resp : b"i\x10$;\xb9\xcd\xe6oc)\xea\xfd\xac\x06oXF\xdb\xd7Lo\xa6\x1b\xfbt\xfc\xed\x96\xd9\xf1\x1c\xd8C>'\xcd\x13\x88\xb0\xcf@\xa6\x99\xda\xfb\xe5R{\xa6\xf3\xcf\x98\xdcEz\x15\xc5?\xda\x9f\x1f'\xd9\x01"
2021-01-11 06:29:25,354 check resp exit
2021-01-11 06:29:25,415 timeout
2021-01-11 06:29:25,415 b'u4%\x1dx\x88\xedB\xec)\xd4\xb0\xfb\xc8b\x84\xa7C\xeb\xdb\x11L\x8dJD\xc9\xc5D\x0b\xb9\x1c\xf9'
2021-01-11 06:29:25,415 cmd send x : 1
2021-01-11 06:29:25,421 prompt
2021-01-11 06:29:25,421 check resp :: cmd : b'u4%\x1dx\x88\xedB\xec)\xd4\xb0\xfb\xc8b\x84\xa7C\xeb\xdb\x11L\x8dJD\xc9\xc5D\x0b\xb9\x1c\xf9'
2021-01-11 06:29:25,421 index : 0 :: resp : b'u4%\x1dx\x88\xedB\xec)\xd4\xb0\xfb\xc8b\x84\xa7C\xeb\xdb\x11L\x8dJD\xc9\xc5D\x0b\xb9\x1c\xf9'
2021-01-11 06:29:25,422 index : 1 :: resp : b"i\x10$;\xb9\xcd\xe6oc)\xea\xfd\xac\x06oXF\xdb\xd7Lo\xa6\x1b\xfbt\xfc\xed\x96\xd9\xf1\x1c\xd8C>'\xcd\x13\x88\xb0\xcf@\xa6\x99\xda\xfb\xe5R{\xa6\xf3\xcf\x98\xdcEz\x15\xc5?\xda\x9f\x1f'\xd9\x01"
2021-01-11 06:29:25,422 check resp exit
2021-01-11 06:29:25,472 timeout
2021-01-11 06:29:25,473 b'\xfe\xab\x8d]\xba\xd2M\x02\xc1?=\xe9\x17\xd3aO\xb0\xc7\xa3\xce1c\x08G\x17 )\xce\xc88\x8b\xc2'
2021-01-11 06:29:25,473 cmd send x : 1
2021-01-11 06:29:25,480 prompt
2021-01-11 06:29:25,480 check resp :: cmd : b'\xfe\xab\x8d]\xba\xd2M\x02\xc1?=\xe9\x17\xd3aO\xb0\xc7\xa3\xce1c\x08G\x17 )\xce\xc88\x8b\xc2'
2021-01-11 06:29:25,480 index : 0 :: resp : b'\xfe\xab\x8d]\xba\xd2M\x02\xc1?=\xe9\x17\xd3aO\xb0\xc7\xa3\xce1c\x08G\x17 )\xce\xc88\x8b\xc2'
2021-01-11 06:29:25,480 index : 1 :: resp : b"i\x10$;\xb9\xcd\xe6oc)\xea\xfd\xac\x06oXF\xdb\xd7Lo\xa6\x1b\xfbt\xfc\xed\x96\xd9\xf1\x1c\xd8C>'\xcd\x13\x88\xb0\xcf@\xa6\x99\xda\xfb\xe5R{\xa6\xf3\xcf\x98\xdcEz\x15\xc5?\xda\x9f\x1f'\xd9\x01"
2021-01-11 06:29:25,481 check resp exit
2021-01-11 06:29:25,541 timeout
2021-01-11 06:29:25,541 b'\x18\xfeh\xaehI\xcf$\xd9Dp\x9f\xa4\x8fL\x84\xc1x\xb6!D\xae@\xeb[s>=\x8b+\xc1\xd8'
2021-01-11 06:29:25,542 cmd send x : 1
2021-01-11 06:29:25,548 prompt
2021-01-11 06:29:25,549 check resp :: cmd : b'\x18\xfeh\xaehI\xcf$\xd9Dp\x9f\xa4\x8fL\x84\xc1x\xb6!D\xae@\xeb[s>=\x8b+\xc1\xd8'
2021-01-11 06:29:25,549 index : 0 :: resp : b'\x18\xfeh\xaehI\xcf$\xd9Dp\x9f\xa4\x8fL\x84\xc1x\xb6!D\xae@\xeb[s>=\x8b+\xc1\xd8'
2021-01-11 06:29:25,549 index : 1 :: resp : b"i\x10$;\xb9\xcd\xe6oc)\xea\xfd\xac\x06oXF\xdb\xd7Lo\xa6\x1b\xfbt\xfc\xed\x96\xd9\xf1\x1c\xd8C>'\xcd\x13\x88\xb0\xcf@\xa6\x99\xda\xfb\xe5R{\xa6\xf3\xcf\x98\xdcEz\x15\xc5?\xda\x9f\x1f'\xd9\x01"
2021-01-11 06:29:25,549 check resp exit
2021-01-11 06:29:25,610 timeout
2021-01-11 06:29:25,610 b"\xe8F[\xf6\x12\xc2C\xa6~)\xef'\xd3\xe6\xbdN\xc1x\xb6!D\xae@\xeb[s>=\x8b+\xc1\xd8"
2021-01-11 06:29:25,610 cmd send x : 1
2021-01-11 06:29:25,617 prompt
2021-01-11 06:29:25,617 check resp :: cmd : b"\xe8F[\xf6\x12\xc2C\xa6~)\xef'\xd3\xe6\xbdN\xc1x\xb6!D\xae@\xeb[s>=\x8b+\xc1\xd8"
2021-01-11 06:29:25,618 index : 0 :: resp : b"\xe8F[\xf6\x12\xc2C\xa6~)\xef'\xd3\xe6\xbdN\xc1x\xb6!D\xae@\xeb[s>=\x8b+\xc1\xd8"
2021-01-11 06:29:25,618 index : 1 :: resp : b"i\x10$;\xb9\xcd\xe6oc)\xea\xfd\xac\x06oXF\xdb\xd7Lo\xa6\x1b\xfbt\xfc\xed\x96\xd9\xf1\x1c\xd8C>'\xcd\x13\x88\xb0\xcf@\xa6\x99\xda\xfb\xe5R{\xa6\xf3\xcf\x98\xdcEz\x15\xc5?\xda\x9f\x1f'\xd9\x01"
2021-01-11 06:29:25,618 check resp exit
2021-01-11 06:29:25,671 timeout
2021-01-11 06:29:25,671 cmd : b'i\x10$;\xb9\xcd\xe6oc)\xea\xfd\xac\x06oXh\x1e^\xbe\xbe:\xa4\xaa\xce\xaf\xd5\x9b\x08\xae\xbf\x83'
2021-01-11 06:29:25,672 b'i\x10$;\xb9\xcd\xe6oc)\xea\xfd\xac\x06oXh\x1e^\xbe\xbe:\xa4\xaa\xce\xaf\xd5\x9b\x08\xae\xbf\x83'
2021-01-11 06:29:25,672 cmd send x : 1
2021-01-11 06:29:26,492 prompt
2021-01-11 06:29:26,492 check resp :: cmd : b'i\x10$;\xb9\xcd\xe6oc)\xea\xfd\xac\x06oXh\x1e^\xbe\xbe:\xa4\xaa\xce\xaf\xd5\x9b\x08\xae\xbf\x83'
2021-01-11 06:29:26,493 index : 0 :: resp : b'i\x10$;\xb9\xcd\xe6oc)\xea\xfd\xac\x06oXh\x1e^\xbe\xbe:\xa4\xaa\xce\xaf\xd5\x9b\x08\xae\xbf\x83'
2021-01-11 06:29:26,493 index : 1 :: resp : b"i\x10$;\xb9\xcd\xe6oc)\xea\xfd\xac\x06oXF\xdb\xd7Lo\xa6\x1b\xfbt\xfc\xed\x96\xd9\xf1\x1c\xd8\xa7b\x96\xfc\x99\xb2\xb2(\x05\\\xe6>s\xf5\xf9\xb3\xa6\xf3\xcf\x98\xdcEz\x15\xc5?\xda\x9f\x1f'\xd9\x01"
2021-01-11 06:29:26,493 check resp exit
2021-01-11 06:29:26,554 timeout
2021-01-11 06:29:26,554 b'\xfe\xab\x8d]\xba\xd2M\x02\xc1?=\xe9\x17\xd3aO\x9c\xb4\x86\x86\xb4\x93\x16=\x0e\xd2a\xac\x81n\xd5,'
2021-01-11 06:29:26,555 cmd send x : 1
2021-01-11 06:29:26,560 prompt
2021-01-11 06:29:26,560 check resp :: cmd : b'\xfe\xab\x8d]\xba\xd2M\x02\xc1?=\xe9\x17\xd3aO\x9c\xb4\x86\x86\xb4\x93\x16=\x0e\xd2a\xac\x81n\xd5,'
2021-01-11 06:29:26,561 index : 0 :: resp : b'\xfe\xab\x8d]\xba\xd2M\x02\xc1?=\xe9\x17\xd3aO\x9c\xb4\x86\x86\xb4\x93\x16=\x0e\xd2a\xac\x81n\xd5,'
2021-01-11 06:29:26,561 index : 1 :: resp : b"i\x10$;\xb9\xcd\xe6oc)\xea\xfd\xac\x06oXF\xdb\xd7Lo\xa6\x1b\xfbt\xfc\xed\x96\xd9\xf1\x1c\xd8\xa7b\x96\xfc\x99\xb2\xb2(\x05\\\xe6>s\xf5\xf9\xb3\xa6\xf3\xcf\x98\xdcEz\x15\xc5?\xda\x9f\x1f'\xd9\x01"
2021-01-11 06:29:26,561 check resp exit
2021-01-11 06:29:26,622 timeout
2021-01-11 06:29:26,622 b'e\x91\xc2\xbbJ~\x02\xceO\x86\xeaB\x11$&\x8f\xa7C\xeb\xdb\x11L\x8dJD\xc9\xc5D\x0b\xb9\x1c\xf9'
2021-01-11 06:29:26,622 cmd send x : 1
2021-01-11 06:29:26,628 prompt
2021-01-11 06:29:26,628 check resp :: cmd : b'e\x91\xc2\xbbJ~\x02\xceO\x86\xeaB\x11$&\x8f\xa7C\xeb\xdb\x11L\x8dJD\xc9\xc5D\x0b\xb9\x1c\xf9'
2021-01-11 06:29:26,629 index : 0 :: resp : b'e\x91\xc2\xbbJ~\x02\xceO\x86\xeaB\x11$&\x8f\xa7C\xeb\xdb\x11L\x8dJD\xc9\xc5D\x0b\xb9\x1c\xf9'
2021-01-11 06:29:26,629 index : 1 :: resp : b"i\x10$;\xb9\xcd\xe6oc)\xea\xfd\xac\x06oXF\xdb\xd7Lo\xa6\x1b\xfbt\xfc\xed\x96\xd9\xf1\x1c\xd8\xa7b\x96\xfc\x99\xb2\xb2(\x05\\\xe6>s\xf5\xf9\xb3\xa6\xf3\xcf\x98\xdcEz\x15\xc5?\xda\x9f\x1f'\xd9\x01"
2021-01-11 06:29:26,629 check resp exit
2021-01-11 06:29:26,690 timeout
2021-01-11 06:29:26,690 b'u4%\x1dx\x88\xedB\xec)\xd4\xb0\xfb\xc8b\x84\xa7C\xeb\xdb\x11L\x8dJD\xc9\xc5D\x0b\xb9\x1c\xf9'
2021-01-11 06:29:26,690 cmd send x : 1
2021-01-11 06:29:26,696 prompt
2021-01-11 06:29:26,696 check resp :: cmd : b'u4%\x1dx\x88\xedB\xec)\xd4\xb0\xfb\xc8b\x84\xa7C\xeb\xdb\x11L\x8dJD\xc9\xc5D\x0b\xb9\x1c\xf9'
2021-01-11 06:29:26,697 index : 0 :: resp : b'u4%\x1dx\x88\xedB\xec)\xd4\xb0\xfb\xc8b\x84\xa7C\xeb\xdb\x11L\x8dJD\xc9\xc5D\x0b\xb9\x1c\xf9'
2021-01-11 06:29:26,697 index : 1 :: resp : b"i\x10$;\xb9\xcd\xe6oc)\xea\xfd\xac\x06oXF\xdb\xd7Lo\xa6\x1b\xfbt\xfc\xed\x96\xd9\xf1\x1c\xd8\xa7b\x96\xfc\x99\xb2\xb2(\x05\\\xe6>s\xf5\xf9\xb3\xa6\xf3\xcf\x98\xdcEz\x15\xc5?\xda\x9f\x1f'\xd9\x01"
2021-01-11 06:29:26,697 check resp exit
2021-01-11 06:29:26,757 timeout
2021-01-11 06:29:26,758 b'\xfe\xab\x8d]\xba\xd2M\x02\xc1?=\xe9\x17\xd3aO]4B\xa5,\x95\xcc\x07q\xe9\x9ew\xbd\xfd\xdb\xb9'
2021-01-11 06:29:26,758 cmd send x : 1
2021-01-11 06:29:26,765 prompt
2021-01-11 06:29:26,765 check resp :: cmd : b'\xfe\xab\x8d]\xba\xd2M\x02\xc1?=\xe9\x17\xd3aO]4B\xa5,\x95\xcc\x07q\xe9\x9ew\xbd\xfd\xdb\xb9'
2021-01-11 06:29:26,765 index : 0 :: resp : b'\xfe\xab\x8d]\xba\xd2M\x02\xc1?=\xe9\x17\xd3aO]4B\xa5,\x95\xcc\x07q\xe9\x9ew\xbd\xfd\xdb\xb9'
2021-01-11 06:29:26,766 index : 1 :: resp : b"i\x10$;\xb9\xcd\xe6oc)\xea\xfd\xac\x06oXF\xdb\xd7Lo\xa6\x1b\xfbt\xfc\xed\x96\xd9\xf1\x1c\xd8\xa7b\x96\xfc\x99\xb2\xb2(\x05\\\xe6>s\xf5\xf9\xb3\xa6\xf3\xcf\x98\xdcEz\x15\xc5?\xda\x9f\x1f'\xd9\x01"
2021-01-11 06:29:26,766 check resp exit
2021-01-11 06:29:26,826 timeout
2021-01-11 06:29:26,827 b'e\x91\xc2\xbbJ~\x02\xceO\x86\xeaB\x11$&\x8f\xa7C\xeb\xdb\x11L\x8dJD\xc9\xc5D\x0b\xb9\x1c\xf9'
2021-01-11 06:29:26,827 cmd send x : 1
2021-01-11 06:29:26,833 prompt
2021-01-11 06:29:26,833 check resp :: cmd : b'e\x91\xc2\xbbJ~\x02\xceO\x86\xeaB\x11$&\x8f\xa7C\xeb\xdb\x11L\x8dJD\xc9\xc5D\x0b\xb9\x1c\xf9'
2021-01-11 06:29:26,834 index : 0 :: resp : b'e\x91\xc2\xbbJ~\x02\xceO\x86\xeaB\x11$&\x8f\xa7C\xeb\xdb\x11L\x8dJD\xc9\xc5D\x0b\xb9\x1c\xf9'
2021-01-11 06:29:26,834 index : 1 :: resp : b"i\x10$;\xb9\xcd\xe6oc)\xea\xfd\xac\x06oXF\xdb\xd7Lo\xa6\x1b\xfbt\xfc\xed\x96\xd9\xf1\x1c\xd8\xa7b\x96\xfc\x99\xb2\xb2(\x05\\\xe6>s\xf5\xf9\xb3\xa6\xf3\xcf\x98\xdcEz\x15\xc5?\xda\x9f\x1f'\xd9\x01"
2021-01-11 06:29:26,834 check resp exit
2021-01-11 06:29:26,894 timeout
2021-01-11 06:29:26,895 b'u4%\x1dx\x88\xedB\xec)\xd4\xb0\xfb\xc8b\x84\xa7C\xeb\xdb\x11L\x8dJD\xc9\xc5D\x0b\xb9\x1c\xf9'
2021-01-11 06:29:26,895 cmd send x : 1
2021-01-11 06:29:26,901 prompt
2021-01-11 06:29:26,901 check resp :: cmd : b'u4%\x1dx\x88\xedB\xec)\xd4\xb0\xfb\xc8b\x84\xa7C\xeb\xdb\x11L\x8dJD\xc9\xc5D\x0b\xb9\x1c\xf9'
2021-01-11 06:29:26,902 index : 0 :: resp : b'u4%\x1dx\x88\xedB\xec)\xd4\xb0\xfb\xc8b\x84\xa7C\xeb\xdb\x11L\x8dJD\xc9\xc5D\x0b\xb9\x1c\xf9'
2021-01-11 06:29:26,902 index : 1 :: resp : b"i\x10$;\xb9\xcd\xe6oc)\xea\xfd\xac\x06oXF\xdb\xd7Lo\xa6\x1b\xfbt\xfc\xed\x96\xd9\xf1\x1c\xd8\xa7b\x96\xfc\x99\xb2\xb2(\x05\\\xe6>s\xf5\xf9\xb3\xa6\xf3\xcf\x98\xdcEz\x15\xc5?\xda\x9f\x1f'\xd9\x01"
2021-01-11 06:29:26,902 check resp exit
2021-01-11 06:29:26,963 timeout
2021-01-11 06:29:26,963 b'\xfe\xab\x8d]\xba\xd2M\x02\xc1?=\xe9\x17\xd3aO\xbe\rwr\xd6\x08\xd7h\x84\xe6\x02\xae\x10\xbc\xa6M'
2021-01-11 06:29:26,963 cmd send x : 1
2021-01-11 06:29:26,969 prompt
2021-01-11 06:29:26,969 check resp :: cmd : b'\xfe\xab\x8d]\xba\xd2M\x02\xc1?=\xe9\x17\xd3aO\xbe\rwr\xd6\x08\xd7h\x84\xe6\x02\xae\x10\xbc\xa6M'
2021-01-11 06:29:26,969 index : 0 :: resp : b'\xfe\xab\x8d]\xba\xd2M\x02\xc1?=\xe9\x17\xd3aO\xbe\rwr\xd6\x08\xd7h\x84\xe6\x02\xae\x10\xbc\xa6M'
2021-01-11 06:29:26,970 index : 1 :: resp : b"i\x10$;\xb9\xcd\xe6oc)\xea\xfd\xac\x06oXF\xdb\xd7Lo\xa6\x1b\xfbt\xfc\xed\x96\xd9\xf1\x1c\xd8\xa7b\x96\xfc\x99\xb2\xb2(\x05\\\xe6>s\xf5\xf9\xb3\xa6\xf3\xcf\x98\xdcEz\x15\xc5?\xda\x9f\x1f'\xd9\x01"
2021-01-11 06:29:26,970 check resp exit
2021-01-11 06:29:27,030 timeout
2021-01-11 06:29:27,031 b'e\x91\xc2\xbbJ~\x02\xceO\x86\xeaB\x11$&\x8f\xa7C\xeb\xdb\x11L\x8dJD\xc9\xc5D\x0b\xb9\x1c\xf9'
2021-01-11 06:29:27,031 cmd send x : 1
2021-01-11 06:29:27,036 prompt
2021-01-11 06:29:27,037 check resp :: cmd : b'e\x91\xc2\xbbJ~\x02\xceO\x86\xeaB\x11$&\x8f\xa7C\xeb\xdb\x11L\x8dJD\xc9\xc5D\x0b\xb9\x1c\xf9'
2021-01-11 06:29:27,037 index : 0 :: resp : b'e\x91\xc2\xbbJ~\x02\xceO\x86\xeaB\x11$&\x8f\xa7C\xeb\xdb\x11L\x8dJD\xc9\xc5D\x0b\xb9\x1c\xf9'
2021-01-11 06:29:27,037 index : 1 :: resp : b"i\x10$;\xb9\xcd\xe6oc)\xea\xfd\xac\x06oXF\xdb\xd7Lo\xa6\x1b\xfbt\xfc\xed\x96\xd9\xf1\x1c\xd8\xa7b\x96\xfc\x99\xb2\xb2(\x05\\\xe6>s\xf5\xf9\xb3\xa6\xf3\xcf\x98\xdcEz\x15\xc5?\xda\x9f\x1f'\xd9\x01"
2021-01-11 06:29:27,037 check resp exit
2021-01-11 06:29:27,098 timeout
2021-01-11 06:29:27,098 b'u4%\x1dx\x88\xedB\xec)\xd4\xb0\xfb\xc8b\x84\xa7C\xeb\xdb\x11L\x8dJD\xc9\xc5D\x0b\xb9\x1c\xf9'
2021-01-11 06:29:27,099 cmd send x : 1
2021-01-11 06:29:27,104 prompt
2021-01-11 06:29:27,105 check resp :: cmd : b'u4%\x1dx\x88\xedB\xec)\xd4\xb0\xfb\xc8b\x84\xa7C\xeb\xdb\x11L\x8dJD\xc9\xc5D\x0b\xb9\x1c\xf9'
2021-01-11 06:29:27,105 index : 0 :: resp : b'u4%\x1dx\x88\xedB\xec)\xd4\xb0\xfb\xc8b\x84\xa7C\xeb\xdb\x11L\x8dJD\xc9\xc5D\x0b\xb9\x1c\xf9'
2021-01-11 06:29:27,105 index : 1 :: resp : b"i\x10$;\xb9\xcd\xe6oc)\xea\xfd\xac\x06oXF\xdb\xd7Lo\xa6\x1b\xfbt\xfc\xed\x96\xd9\xf1\x1c\xd8\xa7b\x96\xfc\x99\xb2\xb2(\x05\\\xe6>s\xf5\xf9\xb3\xa6\xf3\xcf\x98\xdcEz\x15\xc5?\xda\x9f\x1f'\xd9\x01"
2021-01-11 06:29:27,105 check resp exit
2021-01-11 06:29:27,166 timeout
2021-01-11 06:29:27,166 b'\xfe\xab\x8d]\xba\xd2M\x02\xc1?=\xe9\x17\xd3aO\xb0\xc7\xa3\xce1c\x08G\x17 )\xce\xc88\x8b\xc2'
2021-01-11 06:29:27,167 cmd send x : 1
2021-01-11 06:29:27,172 prompt
2021-01-11 06:29:27,172 check resp :: cmd : b'\xfe\xab\x8d]\xba\xd2M\x02\xc1?=\xe9\x17\xd3aO\xb0\xc7\xa3\xce1c\x08G\x17 )\xce\xc88\x8b\xc2'
2021-01-11 06:29:27,173 index : 0 :: resp : b'\xfe\xab\x8d]\xba\xd2M\x02\xc1?=\xe9\x17\xd3aO\xb0\xc7\xa3\xce1c\x08G\x17 )\xce\xc88\x8b\xc2'
2021-01-11 06:29:27,173 index : 1 :: resp : b"i\x10$;\xb9\xcd\xe6oc)\xea\xfd\xac\x06oXF\xdb\xd7Lo\xa6\x1b\xfbt\xfc\xed\x96\xd9\xf1\x1c\xd8\xa7b\x96\xfc\x99\xb2\xb2(\x05\\\xe6>s\xf5\xf9\xb3\xa6\xf3\xcf\x98\xdcEz\x15\xc5?\xda\x9f\x1f'\xd9\x01"
2021-01-11 06:29:27,173 check resp exit
2021-01-11 06:29:27,234 timeout
2021-01-11 06:29:27,234 b'\x18\xfeh\xaehI\xcf$\xd9Dp\x9f\xa4\x8fL\x84\xc1x\xb6!D\xae@\xeb[s>=\x8b+\xc1\xd8'
2021-01-11 06:29:27,234 cmd send x : 1
2021-01-11 06:29:27,240 prompt
2021-01-11 06:29:27,240 check resp :: cmd : b'\x18\xfeh\xaehI\xcf$\xd9Dp\x9f\xa4\x8fL\x84\xc1x\xb6!D\xae@\xeb[s>=\x8b+\xc1\xd8'
2021-01-11 06:29:27,241 index : 0 :: resp : b'\x18\xfeh\xaehI\xcf$\xd9Dp\x9f\xa4\x8fL\x84\xc1x\xb6!D\xae@\xeb[s>=\x8b+\xc1\xd8'
2021-01-11 06:29:27,241 index : 1 :: resp : b"i\x10$;\xb9\xcd\xe6oc)\xea\xfd\xac\x06oXF\xdb\xd7Lo\xa6\x1b\xfbt\xfc\xed\x96\xd9\xf1\x1c\xd8\xa7b\x96\xfc\x99\xb2\xb2(\x05\\\xe6>s\xf5\xf9\xb3\xa6\xf3\xcf\x98\xdcEz\x15\xc5?\xda\x9f\x1f'\xd9\x01"
2021-01-11 06:29:27,241 check resp exit
2021-01-11 06:29:27,302 timeout
2021-01-11 06:29:27,302 b"\xe8F[\xf6\x12\xc2C\xa6~)\xef'\xd3\xe6\xbdN\xc1x\xb6!D\xae@\xeb[s>=\x8b+\xc1\xd8"
2021-01-11 06:29:27,302 cmd send x : 1
2021-01-11 06:29:27,308 prompt
2021-01-11 06:29:27,308 check resp :: cmd : b"\xe8F[\xf6\x12\xc2C\xa6~)\xef'\xd3\xe6\xbdN\xc1x\xb6!D\xae@\xeb[s>=\x8b+\xc1\xd8"
2021-01-11 06:29:27,308 index : 0 :: resp : b"\xe8F[\xf6\x12\xc2C\xa6~)\xef'\xd3\xe6\xbdN\xc1x\xb6!D\xae@\xeb[s>=\x8b+\xc1\xd8"
2021-01-11 06:29:27,309 index : 1 :: resp : b"i\x10$;\xb9\xcd\xe6oc)\xea\xfd\xac\x06oXF\xdb\xd7Lo\xa6\x1b\xfbt\xfc\xed\x96\xd9\xf1\x1c\xd8\xa7b\x96\xfc\x99\xb2\xb2(\x05\\\xe6>s\xf5\xf9\xb3\xa6\xf3\xcf\x98\xdcEz\x15\xc5?\xda\x9f\x1f'\xd9\x01"
2021-01-11 06:29:27,309 check resp exit
2021-01-11 06:29:27,371 timeout
2021-01-11 06:29:27,371 cmd : b'i\x10$;\xb9\xcd\xe6oc)\xea\xfd\xac\x06oX}\xda<\xc3\xc1Zb\xac\xe4.}\xdf\xc7b\xd5oS\xa31U3\x1d\x15\x18\x8d\x17\xd1]\x93\x88I\xc5\xc1\xf8\xc0\xdd\xaa.\x0e\xe8\xc5hD\n\xc7]\xea\x0f'
2021-01-11 06:29:27,372 b'i\x10$;\xb9\xcd\xe6oc)\xea\xfd\xac\x06oX}\xda<\xc3\xc1Zb\xac\xe4.}\xdf\xc7b\xd5oS\xa31U3\x1d\x15\x18\x8d\x17\xd1]\x93\x88I\xc5\xc1\xf8\xc0\xdd\xaa.\x0e\xe8\xc5hD\n\xc7]\xea\x0f'
2021-01-11 06:29:27,372 cmd send x : 1
2021-01-11 06:29:27,377 prompt
2021-01-11 06:29:27,377 check resp :: cmd : b'i\x10$;\xb9\xcd\xe6oc)\xea\xfd\xac\x06oX}\xda<\xc3\xc1Zb\xac\xe4.}\xdf\xc7b\xd5oS\xa31U3\x1d\x15\x18\x8d\x17\xd1]\x93\x88I\xc5\xc1\xf8\xc0\xdd\xaa.\x0e\xe8\xc5hD\n\xc7]\xea\x0f'
2021-01-11 06:29:27,377 index : 0 :: resp : b'i\x10$;\xb9\xcd\xe6oc)\xea\xfd\xac\x06oX\xd4\x08\xdb\x85\x18\xb8\xd3&\n\x88\xd5\x10\x8b\x1bE\x86\xf3\xc6\xe02\xeb\xd6\x1f\x14i\xcd\x07\xe2\x99it\x958\x94\x80I\x8f\x0c\x90\x8c\x94:\xe8\x82\x8e.\x02\xf7'
2021-01-11 06:29:27,377 index : 1 :: resp : b''
2021-01-11 06:29:27,377 index : 2 :: resp : b'i\x10$;\xb9\xcd\xe6oc)\xea\xfd\xac\x06oXs\xf8\xbf\xaeaSw~\xcbQ\xe3\n\x81\xffl\x01P\xa29gJS\xbc\xc9\xc7g"\xebNE\xd8@y\xc5\xc6S\x1e^&\xcdp\xf23\x00\xfe+\xd8\xc3s\x02\x9b\x98\xe3\xf1=PH\xb5,Z;\xf6\x08}GX3>\xd86\x01\x8e\xe5\x0e\'\x0b\x12\x87v:'
2021-01-11 06:29:27,378 index : 3 :: resp : b'i\x10$;\xb9\xcd\xe6oc)\xea\xfd\xac\x06oX\xd2\xe4\xd88r\x8a\x1a\xdb\xccX\x15\x80\xac\xb6&\x16\xbf\x07\xdb \xab\rk\xa1\x0f\xfa\xbd\xfd\xc2\xb8\x8f\xcef\xb8\xc3|\xce\x07o\xb0W\x07Z\\|\xe5\x10\xfa'
2021-01-11 06:29:27,378 index : 4 :: resp : b"i\x10$;\xb9\xcd\xe6oc)\xea\xfd\xac\x06oXF\xdb\xd7Lo\xa6\x1b\xfbt\xfc\xed\x96\xd9\xf1\x1c\xd8C>'\xcd\x13\x88\xb0\xcf@\xa6\x99\xda\xfb\xe5R{\xa6\xf3\xcf\x98\xdcEz\x15\xc5?\xda\x9f\x1f'\xd9\x01"
2021-01-11 06:29:27,378 check resp exit
2021-01-11 06:29:27,379 node1 :: lat:0.000000 long:0.000000
2021-01-11 06:29:27,439 timeout
2021-01-11 06:29:27,440 cmd : b'i\x10$;\xb9\xcd\xe6oc)\xea\xfd\xac\x06oX}\xda<\xc3\xc1Zb\xac\xe4.}\xdf\xc7b\xd5oS\xa31U3\x1d\x15\x18\x8d\x17\xd1]\x93\x88I\xc5\xc1\xf8\xc0\xdd\xaa.\x0e\xe8\xc5hD\n\xc7]\xea\x0f'
2021-01-11 06:29:27,440 b'i\x10$;\xb9\xcd\xe6oc)\xea\xfd\xac\x06oX}\xda<\xc3\xc1Zb\xac\xe4.}\xdf\xc7b\xd5oS\xa31U3\x1d\x15\x18\x8d\x17\xd1]\x93\x88I\xc5\xc1\xf8\xc0\xdd\xaa.\x0e\xe8\xc5hD\n\xc7]\xea\x0f'
2021-01-11 06:29:27,440 cmd send x : 1
2021-01-11 06:29:27,445 prompt
2021-01-11 06:29:27,445 check resp :: cmd : b'i\x10$;\xb9\xcd\xe6oc)\xea\xfd\xac\x06oX}\xda<\xc3\xc1Zb\xac\xe4.}\xdf\xc7b\xd5oS\xa31U3\x1d\x15\x18\x8d\x17\xd1]\x93\x88I\xc5\xc1\xf8\xc0\xdd\xaa.\x0e\xe8\xc5hD\n\xc7]\xea\x0f'
2021-01-11 06:29:27,445 index : 0 :: resp : b'i\x10$;\xb9\xcd\xe6oc)\xea\xfd\xac\x06oX\xd4\x08\xdb\x85\x18\xb8\xd3&\n\x88\xd5\x10\x8b\x1bE\x86\xf3\xc6\xe02\xeb\xd6\x1f\x14i\xcd\x07\xe2\x99it\x958\x94\x80I\x8f\x0c\x90\x8c\x94:\xe8\x82\x8e.\x02\xf7'
2021-01-11 06:29:27,445 index : 1 :: resp : b''
2021-01-11 06:29:27,445 index : 2 :: resp : b'\x89\x85\xf6C7\xbc1\xf7\xe1 \x0b\x87{\xa1\xfc\xf1u\x9c\x08\xdaX}Q\x85\xd5\x8f\x7f\x13\x98c\xfaY\x12+O\x83e^\x1e ZN\xf5\xa20\xf6X\x0e\x13G\x99\xd5(\x86h\x08Z\xb9\x12x\x94\x1e,p\xd1\x1a*fQ\xa2\xd8\xd3u\xf8.;}5(7<\x08\xc2^N\xd2\xb8\xf1\x14\xc9N\xe5e\xe14\xa0'
2021-01-11 06:29:27,446 index : 3 :: resp : b'i\x10$;\xb9\xcd\xe6oc)\xea\xfd\xac\x06oX\xd2\xe4\xd88r\x8a\x1a\xdb\xccX\x15\x80\xac\xb6&\x16\xbf\x07\xdb \xab\rk\xa1\x0f\xfa\xbd\xfd\xc2\xb8\x8f\xcef\xb8\xc3|\xce\x07o\xb0W\x07Z\\|\xe5\x10\xfa'
2021-01-11 06:29:27,446 index : 4 :: resp : b"i\x10$;\xb9\xcd\xe6oc)\xea\xfd\xac\x06oXF\xdb\xd7Lo\xa6\x1b\xfbt\xfc\xed\x96\xd9\xf1\x1c\xd8\xa7b\x96\xfc\x99\xb2\xb2(\x05\\\xe6>s\xf5\xf9\xb3\xa6\xf3\xcf\x98\xdcEz\x15\xc5?\xda\x9f\x1f'\xd9\x01"
2021-01-11 06:29:27,446 check resp exit
2021-01-11 06:29:27,446 node2 :: lat:55.833645 long:-72.323807
2021-01-11 06:29:27,446 Wrote GPS information to: Results/sweep_20210111_0629/gps_info.csv
2021-01-11 06:29:27,447 

Beam sweep starting...
2021-01-11 06:29:27,507 timeout
2021-01-11 06:29:27,508 cmd : b'i\x10$;\xb9\xcd\xe6oc)\xea\xfd\xac\x06oXH\xcf\xb7j\xaa\x1c0\xb4$\rH\x9b\xc5x\x80X\xa6\xe8\x12]\xa0\xc0rSMT\xf2\x8e_(_W\xf9\xd1Z\x93\x98\x025Z\xe8\x173\r\xf9\x9e\t\xc8'
2021-01-11 06:29:27,508 b'i\x10$;\xb9\xcd\xe6oc)\xea\xfd\xac\x06oXH\xcf\xb7j\xaa\x1c0\xb4$\rH\x9b\xc5x\x80X\xa6\xe8\x12]\xa0\xc0rSMT\xf2\x8e_(_W\xf9\xd1Z\x93\x98\x025Z\xe8\x173\r\xf9\x9e\t\xc8'
2021-01-11 06:29:27,508 cmd send x : 1
2021-01-11 06:29:27,516 prompt
2021-01-11 06:29:27,516 check resp :: cmd : b'i\x10$;\xb9\xcd\xe6oc)\xea\xfd\xac\x06oXH\xcf\xb7j\xaa\x1c0\xb4$\rH\x9b\xc5x\x80X\xa6\xe8\x12]\xa0\xc0rSMT\xf2\x8e_(_W\xf9\xd1Z\x93\x98\x025Z\xe8\x173\r\xf9\x9e\t\xc8'
2021-01-11 06:29:27,517 index : 0 :: resp : b'i\x10$;\xb9\xcd\xe6oc)\xea\xfd\xac\x06oX}\xdf\x14N\r]\x1b\xed\x90S\xe7va\x12\xb6\xdc\xc5]1\xa9UQ\x89\x02\xb9\x84\xf1\x14a\x02\xa0\xa3\x1bG\xa4\xd2\xae\xdb\xfccu\x01>\xddF\xea\xd0\x9a'
2021-01-11 06:29:27,517 index : 1 :: resp : b'i\x10$;\xb9\xcd\xe6oc)\xea\xfd\xac\x06oX\xc0ZE\x8f\x19|J\x83\xb5\xf7\xc7\xf0\x01\x16u\x95'
2021-01-11 06:29:27,517 index : 2 :: resp : b"i\x10$;\xb9\xcd\xe6oc)\xea\xfd\xac\x06oXF\xdb\xd7Lo\xa6\x1b\xfbt\xfc\xed\x96\xd9\xf1\x1c\xd8C>'\xcd\x13\x88\xb0\xcf@\xa6\x99\xda\xfb\xe5R{\xa6\xf3\xcf\x98\xdcEz\x15\xc5?\xda\x9f\x1f'\xd9\x01"
2021-01-11 06:29:27,517 check resp exit
2021-01-11 06:29:27,578 timeout
2021-01-11 06:29:27,578 cmd : b'\x109\x9a\xa0\x83\xa7\xbb\xe9\xe9\xf3T\xb7w\xda\xbf\xe1\xfb\xd2\xab\x84_)~kc\xa9\x9fO)\x93i@'
2021-01-11 06:29:27,578 b'\x109\x9a\xa0\x83\xa7\xbb\xe9\xe9\xf3T\xb7w\xda\xbf\xe1\xfb\xd2\xab\x84_)~kc\xa9\x9fO)\x93i@'
2021-01-11 06:29:27,578 cmd send x : 1
2021-01-11 06:29:27,630 prompt
2021-01-11 06:29:27,630 check resp :: cmd : b'\x109\x9a\xa0\x83\xa7\xbb\xe9\xe9\xf3T\xb7w\xda\xbf\xe1\xfb\xd2\xab\x84_)~kc\xa9\x9fO)\x93i@'
2021-01-11 06:29:27,631 index : 0 :: resp : b'\x109\x9a\xa0\x83\xa7\xbb\xe9\xe9\xf3T\xb7w\xda\xbf\xe1\xfb\xd2\xab\x84_)~kc\xa9\x9fO)\x93i@'
2021-01-11 06:29:27,631 index : 1 :: resp : b'+~\xc4\xe4\x01\x91\x17\xfej\x96O\xfe \xf6\xcd[z\x8aa\xe2\xeb\xd7\xe5\xf5\x97\x86\xb0g*D\x0e\xe8"E\xc4\xe8\x9dC\x9f\xe2\xb3\xe8\x0c\xfa\xe1\xbf\xe3\x1f0I\xeb\x1cj\xda\x1dF\x15\x1b\x99\xa3-\n\'\x90\x83\xfc\r\xb5\xacf\x16U_+\xcd\xbc\xf8\x07\x1dA\x88j \xe3\xce\x93\xad\x1c\x92\xe4)M\xfd@\xf8\xb1\x94p*\xf1?\xff3{TvF\x009\'A3\xf6\x81c"\x1c\xf1\xab\xbd\xc2\xe1w\xd6i\xba\x15\x01'
2021-01-11 06:29:27,631 index : 2 :: resp : b'i\x10$;\xb9\xcd\xe6oc)\xea\xfd\xac\x06oX\xbe\x80\x8f@\xce7NR\x08\x02\x13y?\xa9\x81i\x0f\x88\xff3R\x8e\xbdPX\xa6\x8a\xd51g\xf4$\xe4\xa3\x14\x18\xc9\xee\xd1\x1d\xd62\xe5j\x88\xa7\xbcY\x80-\xd2`.\xa4\xf2\x85\x91\xdaB\xa6\xa5\xc6\xc6CWp\xb0\x96\x1dj\xfb\xf1\xa6P\x0e~\xceM\x97\xf9'
2021-01-11 06:29:27,631 index : 3 :: resp : b"i\x10$;\xb9\xcd\xe6oc)\xea\xfd\xac\x06oXF\xdb\xd7Lo\xa6\x1b\xfbt\xfc\xed\x96\xd9\xf1\x1c\xd8C>'\xcd\x13\x88\xb0\xcf@\xa6\x99\xda\xfb\xe5R{\xa6\xf3\xcf\x98\xdcEz\x15\xc5?\xda\x9f\x1f'\xd9\x01"
2021-01-11 06:29:27,632 check resp exit
2021-01-11 06:29:27,632 node1 pkteng process id: 14782
2021-01-11 06:29:27,692 timeout
2021-01-11 06:29:27,693 cmd : b'\xae\xff\xe2\x1b<\xcb\x8cl\xf96\xe0\x086zs\x0e\xe9O\x0cXQU\x81=\x06\xc6V\x8f\x1c\xdc\xc8\xaf'
2021-01-11 06:29:27,693 b'\xae\xff\xe2\x1b<\xcb\x8cl\xf96\xe0\x086zs\x0e\xe9O\x0cXQU\x81=\x06\xc6V\x8f\x1c\xdc\xc8\xaf'
2021-01-11 06:29:27,693 cmd send x : 1
2021-01-11 06:29:27,919 prompt
2021-01-11 06:29:27,919 check resp :: cmd : b'\xae\xff\xe2\x1b<\xcb\x8cl\xf96\xe0\x086zs\x0e\xe9O\x0cXQU\x81=\x06\xc6V\x8f\x1c\xdc\xc8\xaf'
2021-01-11 06:29:27,920 index : 0 :: resp : b'\xae\xff\xe2\x1b<\xcb\x8cl\xf96\xe0\x086zs\x0e\xe9O\x0cXQU\x81=\x06\xc6V\x8f\x1c\xdc\xc8\xaf'
2021-01-11 06:29:27,920 index : 1 :: resp : b"l\x94\x0c\xee\xa2\x90\xd9;\xa6\xd5\x01\xc2\xcd\x8f\x9b\xf1hMv\xe5\xe3\x9e\xbd\x057:\\\xa8\xb5u\xee\xda\xe3\xb7\xcf{\xf1'te4\xd1,\xf5'\x1b\xe2\x83\xecQs\x12\x1e\xf9d,[\xfd\xb6\x13\xa0\xe7\xb3\xb8"
2021-01-11 06:29:27,920 index : 2 :: resp : b'\xb0$\n\xfa62=\xcc\xdcl\x81\xac\x8fnsv\x19\x995\xde\xe8\xcas\x88\xe6\xfb9\x0f\xa2\x8d\xc5\xd6'
2021-01-11 06:29:27,920 index : 3 :: resp : b"i\x10$;\xb9\xcd\xe6oc)\xea\xfd\xac\x06oXF\xdb\xd7Lo\xa6\x1b\xfbt\xfc\xed\x96\xd9\xf1\x1c\xd8\xa7b\x96\xfc\x99\xb2\xb2(\x05\\\xe6>s\xf5\xf9\xb3\xa6\xf3\xcf\x98\xdcEz\x15\xc5?\xda\x9f\x1f'\xd9\x01"
2021-01-11 06:29:27,920 check resp exit
2021-01-11 06:29:27,921 Internal Tx gain index mapping 25->6
2021-01-11 06:29:27,981 timeout
2021-01-11 06:29:27,982 b'F\xe9\xd95\x92<N\x85\x91h\xa5J\xac\xfe&koG\x1fcS\xd7\xac\xca\xc7%\xcfS\xaai\xca\x13'
2021-01-11 06:29:27,982 cmd send x : 1
2021-01-11 06:29:27,988 prompt
2021-01-11 06:29:27,988 check resp :: cmd : b'F\xe9\xd95\x92<N\x85\x91h\xa5J\xac\xfe&koG\x1fcS\xd7\xac\xca\xc7%\xcfS\xaai\xca\x13'
2021-01-11 06:29:27,988 index : 0 :: resp : b'\xa2B\xb3\xf3\x82~}<UW\xf0\xed\xca\x8b:\xb8\xb3\t\xc5\x9f\x14<\xdc\xb3\xc5\xb3;?o\xf8\\r\xb6\xa7\x08B\xcf\xce;\xd2\xe5SH\xcf\x88\xc0\xee\xe7\xe1s\x0e\xc9\x1c\xef\xdeU\x92\xe3\xc8\x02\xb3I(wx#s@D\xa0:+BS;\xb9}\xcf\xa6\xc3\x06\xfa\xcf\x07\x0c\xc8\x0b*\xb2,\xe7I\x82C\x131'
2021-01-11 06:29:27,989 index : 1 :: resp : b'F\xe9\xd95\x92<N\x85\x91h\xa5J\xac\xfe&koG\x1fcS\xd7\xac\xca\xc7%\xcfS\xaai\xca\x13'
2021-01-11 06:29:27,989 index : 2 :: resp : b"i\x10$;\xb9\xcd\xe6oc)\xea\xfd\xac\x06oXF\xdb\xd7Lo\xa6\x1b\xfbt\xfc\xed\x96\xd9\xf1\x1c\xd8C>'\xcd\x13\x88\xb0\xcf@\xa6\x99\xda\xfb\xe5R{\xa6\xf3\xcf\x98\xdcEz\x15\xc5?\xda\x9f\x1f'\xd9\x01"
2021-01-11 06:29:27,989 check resp exit
2021-01-11 06:29:28,050 timeout
2021-01-11 06:29:28,050 b'ef|1E\x14\xb2\x06 \x19;-\xed\xd2P\x130\xa8k_Pd\xb5\xd7_#\x8c\r2\x1c\xa9\xf5'
2021-01-11 06:29:28,050 cmd send x : 1
2021-01-11 06:29:28,056 prompt
2021-01-11 06:29:28,056 check resp :: cmd : b'ef|1E\x14\xb2\x06 \x19;-\xed\xd2P\x130\xa8k_Pd\xb5\xd7_#\x8c\r2\x1c\xa9\xf5'
2021-01-11 06:29:28,056 index : 0 :: resp : b'ef|1E\x14\xb2\x06 \x19;-\xed\xd2P\x130\xa8k_Pd\xb5\xd7_#\x8c\r2\x1c\xa9\xf5'
2021-01-11 06:29:28,057 index : 1 :: resp : b"i\x10$;\xb9\xcd\xe6oc)\xea\xfd\xac\x06oXF\xdb\xd7Lo\xa6\x1b\xfbt\xfc\xed\x96\xd9\xf1\x1c\xd8C>'\xcd\x13\x88\xb0\xcf@\xa6\x99\xda\xfb\xe5R{\xa6\xf3\xcf\x98\xdcEz\x15\xc5?\xda\x9f\x1f'\xd9\x01"
2021-01-11 06:29:28,057 check resp exit
2021-01-11 06:29:28,115 timeout
2021-01-11 06:29:28,115 b'\xfe\xab\x8d]\xba\xd2M\x02\xc1?=\xe9\x17\xd3aO\xb0\xc7\xa3\xce1c\x08G\x17 )\xce\xc88\x8b\xc2'
2021-01-11 06:29:28,115 cmd send x : 1
2021-01-11 06:29:28,121 prompt
2021-01-11 06:29:28,121 check resp :: cmd : b'\xfe\xab\x8d]\xba\xd2M\x02\xc1?=\xe9\x17\xd3aO\xb0\xc7\xa3\xce1c\x08G\x17 )\xce\xc88\x8b\xc2'
2021-01-11 06:29:28,122 index : 0 :: resp : b'\xfe\xab\x8d]\xba\xd2M\x02\xc1?=\xe9\x17\xd3aO\xb0\xc7\xa3\xce1c\x08G\x17 )\xce\xc88\x8b\xc2'
2021-01-11 06:29:28,122 index : 1 :: resp : b"i\x10$;\xb9\xcd\xe6oc)\xea\xfd\xac\x06oXF\xdb\xd7Lo\xa6\x1b\xfbt\xfc\xed\x96\xd9\xf1\x1c\xd8C>'\xcd\x13\x88\xb0\xcf@\xa6\x99\xda\xfb\xe5R{\xa6\xf3\xcf\x98\xdcEz\x15\xc5?\xda\x9f\x1f'\xd9\x01"
2021-01-11 06:29:28,122 check resp exit
2021-01-11 06:29:28,182 timeout
2021-01-11 06:29:28,183 b'F\xe9\xd95\x92<N\x85\x91h\xa5J\xac\xfe&koG\x1fcS\xd7\xac\xca\xc7%\xcfS\xaai\xca\x13'
2021-01-11 06:29:28,183 cmd send x : 1
2021-01-11 06:29:28,188 prompt
2021-01-11 06:29:28,189 check resp :: cmd : b'F\xe9\xd95\x92<N\x85\x91h\xa5J\xac\xfe&koG\x1fcS\xd7\xac\xca\xc7%\xcfS\xaai\xca\x13'
2021-01-11 06:29:28,189 index : 0 :: resp : b'F\xe9\xd95\x92<N\x85\x91h\xa5J\xac\xfe&koG\x1fcS\xd7\xac\xca\xc7%\xcfS\xaai\xca\x13'
2021-01-11 06:29:28,189 index : 1 :: resp : b"i\x10$;\xb9\xcd\xe6oc)\xea\xfd\xac\x06oXF\xdb\xd7Lo\xa6\x1b\xfbt\xfc\xed\x96\xd9\xf1\x1c\xd8C>'\xcd\x13\x88\xb0\xcf@\xa6\x99\xda\xfb\xe5R{\xa6\xf3\xcf\x98\xdcEz\x15\xc5?\xda\x9f\x1f'\xd9\x01"
2021-01-11 06:29:28,189 check resp exit
2021-01-11 06:29:28,250 timeout
2021-01-11 06:29:28,250 b'\xfe\xab\x8d]\xba\xd2M\x02\xc1?=\xe9\x17\xd3aO\xd0\x90\xf8\xc44\x12\x15\xc1\xac\xe8\x17\xb0\xb2q\xa4\xfa'
2021-01-11 06:29:28,251 cmd send x : 1
2021-01-11 06:29:28,258 prompt
2021-01-11 06:29:28,258 check resp :: cmd : b'\xfe\xab\x8d]\xba\xd2M\x02\xc1?=\xe9\x17\xd3aO\xd0\x90\xf8\xc44\x12\x15\xc1\xac\xe8\x17\xb0\xb2q\xa4\xfa'
2021-01-11 06:29:28,259 index : 0 :: resp : b'\xfe\xab\x8d]\xba\xd2M\x02\xc1?=\xe9\x17\xd3aO\xd0\x90\xf8\xc44\x12\x15\xc1\xac\xe8\x17\xb0\xb2q\xa4\xfa'
2021-01-11 06:29:28,259 index : 1 :: resp : b"i\x10$;\xb9\xcd\xe6oc)\xea\xfd\xac\x06oXF\xdb\xd7Lo\xa6\x1b\xfbt\xfc\xed\x96\xd9\xf1\x1c\xd8C>'\xcd\x13\x88\xb0\xcf@\xa6\x99\xda\xfb\xe5R{\xa6\xf3\xcf\x98\xdcEz\x15\xc5?\xda\x9f\x1f'\xd9\x01"
2021-01-11 06:29:28,259 check resp exit
2021-01-11 06:29:28,313 timeout
2021-01-11 06:29:28,313 b'\xfe\xab\x8d]\xba\xd2M\x02\xc1?=\xe9\x17\xd3aO\xb0\xc7\xa3\xce1c\x08G\x17 )\xce\xc88\x8b\xc2'
2021-01-11 06:29:28,314 cmd send x : 1
2021-01-11 06:29:28,319 prompt
2021-01-11 06:29:28,320 check resp :: cmd : b'\xfe\xab\x8d]\xba\xd2M\x02\xc1?=\xe9\x17\xd3aO\xb0\xc7\xa3\xce1c\x08G\x17 )\xce\xc88\x8b\xc2'
2021-01-11 06:29:28,320 index : 0 :: resp : b'\xfe\xab\x8d]\xba\xd2M\x02\xc1?=\xe9\x17\xd3aO\xb0\xc7\xa3\xce1c\x08G\x17 )\xce\xc88\x8b\xc2'
2021-01-11 06:29:28,320 index : 1 :: resp : b"i\x10$;\xb9\xcd\xe6oc)\xea\xfd\xac\x06oXF\xdb\xd7Lo\xa6\x1b\xfbt\xfc\xed\x96\xd9\xf1\x1c\xd8C>'\xcd\x13\x88\xb0\xcf@\xa6\x99\xda\xfb\xe5R{\xa6\xf3\xcf\x98\xdcEz\x15\xc5?\xda\x9f\x1f'\xd9\x01"
2021-01-11 06:29:28,320 check resp exit
2021-01-11 06:29:28,381 timeout
2021-01-11 06:29:28,381 b'ef|1E\x14\xb2\x06 \x19;-\xed\xd2P\x13W\xfb\xff)\xb2\xd6\x02\xc1Y\x99\x04\xb3\x03{\x8a\xc5'
2021-01-11 06:29:28,382 query send : 1
2021-01-11 06:29:28,387 prompt
2021-01-11 06:29:28,388 got response: b'%;\xfbG\xb9%\xed/(\xef"\x11LC\xbd\x19\xd1\xfe\xa3V\xbc\xc2\xe1\xf1YC\x06\xa5\xc9d\x83\x05\x937Tw\x95\x02\xc9\xf8\x92\xc1\xa0\xca~r\xad\xa7sp*R\xc4\x86O\xe8\xef\xdc\xdc`U&\x0c\xeae9\xab\xca\x9b$T\xb8>\x9a\xd7w\xea\'dl\xf1\x9a3\xdb\x8a\xf2Ga*\xd91a\x1f,BI'
2021-01-11 06:29:28,388 check resp :: cmd : b'ef|1E\x14\xb2\x06 \x19;-\xed\xd2P\x13W\xfb\xff)\xb2\xd6\x02\xc1Y\x99\x04\xb3\x03{\x8a\xc5'
2021-01-11 06:29:28,388 index : 0 :: resp : b'ef|1E\x14\xb2\x06 \x19;-\xed\xd2P\x13W\xfb\xff)\xb2\xd6\x02\xc1Y\x99\x04\xb3\x03{\x8a\xc5'
2021-01-11 06:29:28,388 index : 1 :: resp : b'i\x10$;\xb9\xcd\xe6oc)\xea\xfd\xac\x06oX\x02\xc7!\x8b,\xf3\r)g\xd5\x12k\xe2\xddSb'
2021-01-11 06:29:28,388 index : 2 :: resp : b"i\x10$;\xb9\xcd\xe6oc)\xea\xfd\xac\x06oXF\xdb\xd7Lo\xa6\x1b\xfbt\xfc\xed\x96\xd9\xf1\x1c\xd8C>'\xcd\x13\x88\xb0\xcf@\xa6\x99\xda\xfb\xe5R{\xa6\xf3\xcf\x98\xdcEz\x15\xc5?\xda\x9f\x1f'\xd9\x01"
2021-01-11 06:29:28,389 check resp exit
2021-01-11 06:29:28,442 timeout
2021-01-11 06:29:28,442 b'ef|1E\x14\xb2\x06 \x19;-\xed\xd2P\x13W\xfb\xff)\xb2\xd6\x02\xc1Y\x99\x04\xb3\x03{\x8a\xc5'
2021-01-11 06:29:28,442 query send : 1
2021-01-11 06:29:28,448 prompt
2021-01-11 06:29:28,448 got response: b'%;\xfbG\xb9%\xed/(\xef"\x11LC\xbd\x19\xd1\xfe\xa3V\xbc\xc2\xe1\xf1YC\x06\xa5\xc9d\x83\x05Sk\xbf6\x17/\xc4u\'%Q\xad%/wLg]E\x070\xb5\xc9l\xfe\'\x07&\xd5\xd4\x1d\xa1\xc5\x88W\x95NVHn\x1c\xac\'j\xe7\xe5\x19\xab\xf1\x9a3\xdb\x8a\xf2Ga*\xd91a\x1f,BI'
2021-01-11 06:29:28,448 check resp :: cmd : b'ef|1E\x14\xb2\x06 \x19;-\xed\xd2P\x13W\xfb\xff)\xb2\xd6\x02\xc1Y\x99\x04\xb3\x03{\x8a\xc5'
2021-01-11 06:29:28,449 index : 0 :: resp : b'ef|1E\x14\xb2\x06 \x19;-\xed\xd2P\x13W\xfb\xff)\xb2\xd6\x02\xc1Y\x99\x04\xb3\x03{\x8a\xc5'
2021-01-11 06:29:28,449 index : 1 :: resp : b'i\x10$;\xb9\xcd\xe6oc)\xea\xfd\xac\x06oXG$\xd8\xb8\xafi\xceZa\xdc\xda*1\xd6o\xdd'
2021-01-11 06:29:28,449 index : 2 :: resp : b"i\x10$;\xb9\xcd\xe6oc)\xea\xfd\xac\x06oXF\xdb\xd7Lo\xa6\x1b\xfbt\xfc\xed\x96\xd9\xf1\x1c\xd8\xa7b\x96\xfc\x99\xb2\xb2(\x05\\\xe6>s\xf5\xf9\xb3\xa6\xf3\xcf\x98\xdcEz\x15\xc5?\xda\x9f\x1f'\xd9\x01"
2021-01-11 06:29:28,449 check resp exit
2021-01-11 06:29:28,449 Tx Temp: 50 
2021-01-11 06:29:28,449 Rx Temp: 51 
2021-01-11 06:29:28,510 timeout
2021-01-11 06:29:28,510 cmd : b']\xe4F\x93\x91\xd0\x1e\xac!M\xc8\xfb\xe6\x8e\x1bE(\xc1\xd5.\xecO\xbf\xc7\xff\xe4\xdc9\xcb\xd8S\xa7'
2021-01-11 06:29:28,511 b']\xe4F\x93\x91\xd0\x1e\xac!M\xc8\xfb\xe6\x8e\x1bE(\xc1\xd5.\xecO\xbf\xc7\xff\xe4\xdc9\xcb\xd8S\xa7'
2021-01-11 06:29:28,511 cmd send x : 1
2021-01-11 06:29:28,630 prompt
2021-01-11 06:29:28,631 check resp :: cmd : b']\xe4F\x93\x91\xd0\x1e\xac!M\xc8\xfb\xe6\x8e\x1bE(\xc1\xd5.\xecO\xbf\xc7\xff\xe4\xdc9\xcb\xd8S\xa7'
2021-01-11 06:29:28,631 index : 0 :: resp : b']\xe4F\x93\x91\xd0\x1e\xac!M\xc8\xfb\xe6\x8e\x1bE(\xc1\xd5.\xecO\xbf\xc7\xff\xe4\xdc9\xcb\xd8S\xa7'
2021-01-11 06:29:28,631 index : 1 :: resp : b'i\x10$;\xb9\xcd\xe6oc)\xea\xfd\xac\x06oX\xdd*\xd3\x0f1hy\x90\xe3T/DC\xf4\x9c`\xf7\xbd\xcc\x1ey~\xd9\xde\x87.\xbe\xf6?\xabr\xd4$\x00\xe3_\xf1\xeb\x1b^o\x84|?\xa1\xd0U\xb6h\xe6\xb1\x0c\xfe\x80\x08\xb7\xdf\x03\xcdu\xe0\xb1; r\x14BL1w\xc3\x9a>\xa2\x03\xaa\x8d\x8d\xe5]\xff\xbf\xf9;@\xb1Q\x0f\x1a\xe1\xf37\xb4\x19\x9f\x80\x8eQ@u\x1d\xf3km\x93\xd9\xaf\xa6\xf5\x14R5s\x04\x9a\xd9\x17u\xc6u\xa5\xdbg\x7f]1y\x0e\xc1X\\3\x04\xa8(\xa0z\xd9~\xa3\xce\xcf\xc5(\x816\'7\xa5g\xbev\x7f\x13\x83M\x16\xc8o\x19\xe9\xbd\x01UY\xed\xbd\xffX\x18N\x1dqIM\t9\x10\x18\x08CB\xce=1,\x07{ \xfa\x83`\xe9\x0bn\xfbt\xb7M\xd5O\xde\xdeD\xef\xcb\xe6J\xa3\xce\xfc]~\xcf\xf6\x11\xaay\xce\x98\xd5\xdd\xc97\xbdR|%\xad\x99\x96\x0e|\x07Ql\'v\xc3\xf8\xa7\x08\xf9l\xb2\xdd\x90\xebS\xdc[lD\xb0J[\x86\x80\xea\xa1b\xa8f\xe2\x11~l&\xd1M\xe6\x85\xd7\xad(\xe3\x19\x11\xd6\tx\x1f|j\xfb[\x9a\xa6{"+]@\x159%\xc5E\xfb\xbb#\x16q\xd2\x86\x80\xea\xa1b\xa8f\xe2\x11~l&\xd1M\xe6\x85\xd7\xad(\xe3\x19\x11\xd6\tx\x1f|j\xfb[\x9a\xa6{"+]@\x159%\xc5E\xfb\xbb#\x16q\xd2%\x81\xd83\xd3`\xebL)XZ{7\xeeC\xc8\x00\xd4.\xe6Yi\xea\x13\xb6\xd8\x8a\xc4\x1d&\xa0\x19\xea\xbd\x9b\x19\xd6Z\x1f\x7f\xeb.\x9c\xc1[\xd8\x02\xe36m\xde\x8e\xa02+\x14o\xc5\x9d(\xc57Z\xf6\xed\xec+2\xd6i\xa6%\xae2y\x13\xc4\xf5\x02\xa2P\xc6\x1f"\xf2?2\xc7\x18Du\xb2q\xc6\x9fo\x96\xfc]e\xce\t=\x85}191Ml{a\x87\x1d\xd0%\xa5cy\xca/dl\xdcX7\xad\xce\x07\xa6\xc5K\xe7\xb2T\xa8\xc7Lv \x85P\x80.\xb4\x9a\xe4\x1d\xe0In\xa2\xbcj-\x0cY?\xa1\xba\x02*\x95\xf8\xe7\xbdt\xd7\x99\x18\x0b\xcc#m\x1d\xb2\xe4\tS,7\x0e\xc8\x1e\xca\x90\xe4\xe2\xfd}\x17n\x99H\xaa\xb3EM6-\x97\xe2>\x02\xda\x87\xc2(%\xfb9\x14i\x1fo4\x1b)\x18\xf8^\xca;\xd4\x8d\xf4kgop7\x00\xfb\xeb\x0c>}t\x96\x98\xc6wq71\xe9[\xdaT\x8e91\x9c\xf9D\x88\xab\xfeI\x07\xb7\n[\xf6\xc0\x81\xc9\xe8\xd6\x013-\x97\x9d\xce8\xf4\xb1\xae\xd8\xeec\x7f^}\t\xe2u\x8d\xfeib\xfc\x11\xe2N\xf2\x800c=K\xcb\x93}\xeeR\xb0\x12\x8f[\x8aa\xcbb\xf7\x1a\xdc%\xbaIX\x1aK\xf5\xd0\xfe\xe9\x11\xfd\xe4\x83W\xd8\xf3\x0bs\x8e\x9f\x8e\xbc\xc4\x14t\xc2\xc6)\xcc\x92\xbcS\xf6\xf5_U\x8e\x00\xf7>hH\xa4\x87\xbfMuO\x91\xb6\x00\xe4\xf1?V\xd8W\xb2\x12v2\xec\xa7\xc8T\xf6\xb0 6\xadL\x89\x0c\x14\x84Xx\x1d\xe2-\xcb*\xf0\x93\xdep\xb0#.\xf8Y\xe7\x1b&\xf8\xeb_\x1a\xe7\xb5~\xde/!\x19M\x8d\x8d\xdf\xd3-\x0c\x82\xe5\xa4]r\x81o\xf8\x80\xf4\xba\x94\x10t=\xa1\xd0\x9b\x14 \')\x9cN\x8c\xfa\x85v:n\x85g.\xb2\xba\xf2Ac\xe6\xfc<\xa20\xe9\xae\x878e\xd0\x88\xb0C\x97\xd2$/P\xa1\xd9\xc3K>Q/\ts\x96\x14\x85\x8c\xae|E\xa0\xb5\xeevAut\x1f\xeb\xf0\xbd\x01\x7f\xe3\xd9\xf4s"\xadth\xc4\xe1\'\xea\xfe\xe8\xe9\xafD\x00\x95-\xe5t$\xa5\x00\x90\x1d\xb4\x08\x1aE+\x9b\x17Z\t\tz\xadh\xbdw\xcb\x8b)\xd9:\x14L\xaf\x10\xce\xb6g\xe1\xff\x7f\xa63\x80\xb6\xcc\x0e\x1c\xfe\xc9\xc91p\xae\xf3\x9b\x81\xcb\xde\xd6\xda\xcc5\xbd\xce\x81\xca=\xc2\xb2j\x13qvq\xf7-<\x9ftS\xd9</7\x8ahG\xb9\xb7\x83\x90\xed#6\xeb\xd6\xe1%E_{\x11\xd6\xfe>\xdc\xd6\xda\xcc5\xbd\xce\x81\xca=\xc2\xb2j\x13qvq\xf7-<\x9ftS\xd9</7\x8ahG\xb9\xb7\x83\x94\xe4qpn\xbd\x8a\xb4^`z`\x0cT\x18\x9b\xed\x11t\xc5\x03\xceY\xa0Mq\x1bY\x15o\xb7s\x0e~\xca+$*\xa7\xcd\xc7\xe1\x1ag\x95\xbc\xc0\xd4\'\x9c\xe6\x1f\x07\x81\x19\xc9\xdb\xac\tD\xa5\xeb\xdd,\x19%\xbe\xa3\x1e\x1e9C\xa4\xb8\xd5\xa7\xc8\xcaJ\xa8\x8e\xb8\x04\xee\xda)\x8f\xe5\xb7\xf0;f\xdfQ\x9a\xe2W&\x85\xef\x13\xa4\xe4\x0e\xb9^>tv\x83\x18T\x95T{SOG\xf1\x0b\x07m\x92\x88\x0c\xd2,\x95.\xb1\xceT\xb1@=\x8a\x1b(\x9bJ\x95Z\x8b,\xc3\x084*\x19\xfeBhq\x99\xac\xc6l\r\xae\x9c%\xf4\x0b\xa8/m\xe8\xf3B\xaaW\xbe\xbd\xddN\xdd\x98\x03\xa10$O\xb9\x9a\xe4\xcd\xde\xc3\x10\x8fS\xf9\x12\x13U"\xb8\xc5}Yi\xfc\x88\xb2\xd6-p_\xbb\x19\x97)\x81t\xb8}\xc0]\xe4\x89\xb5\xec8\xa8%\xcb\xc5\xee%7\xfao\x8cka\x0b\x16\xe4.\xf0;\xad\xa9\xeeo\x81</\x1biS\x16V\x92\xc8\xfe,\xd9\x11f\x0f\x1e\xd5&]\xe5"^e\xf6\x84\x1d%M!\x8a\x99Z\xb7\xb5\xa16\x8f\xaf\xc9,<tk\xfdF\xf7\xb7-\xfe*C\x1c\xe7L\xffPwHF\'\xe2\xff\x08\xd4\xcb\xf4\xc2\xf26\x01J\x133\xe8\x85\x99\xe0\x8a\x88ze\xff0\xf3;k\xb7\x8c\x8a\xd2\xa0\xef\xe929\xe1\xec\xfcv@<\xb6\xe2U;^/\x0b\xe0\x80\xf0\x17\xcc&\xf8\xb7\xef\xfew\x14\x19\x03'
2021-01-11 06:29:28,632 index : 2 :: resp : b"i\x10$;\xb9\xcd\xe6oc)\xea\xfd\xac\x06oXF\xdb\xd7Lo\xa6\x1b\xfbt\xfc\xed\x96\xd9\xf1\x1c\xd8\xa7b\x96\xfc\x99\xb2\xb2(\x05\\\xe6>s\xf5\xf9\xb3\xa6\xf3\xcf\x98\xdcEz\x15\xc5?\xda\x9f\x1f'\xd9\x01"
2021-01-11 06:29:28,632 check resp exit
2021-01-11 06:29:28,634 detected MCS: 1
2021-01-11 06:29:28,635 RX Sweep iteration: 1/1
2021-01-11 06:29:28,635 terminating node1 packet engine
2021-01-11 06:29:28,687 timeout
2021-01-11 06:29:28,687 cmd : b'i\x10$;\xb9\xcd\xe6oc)\xea\xfd\xac\x06oX(\xce\x87\xf3\x83\xcc\xadm\x9e[\xd3\x91?\x84\xfd\xb0'
2021-01-11 06:29:28,687 b'i\x10$;\xb9\xcd\xe6oc)\xea\xfd\xac\x06oX(\xce\x87\xf3\x83\xcc\xadm\x9e[\xd3\x91?\x84\xfd\xb0'
2021-01-11 06:29:28,687 cmd send x : 1
2021-01-11 06:29:28,690 prompt
2021-01-11 06:29:28,690 check resp :: cmd : b'i\x10$;\xb9\xcd\xe6oc)\xea\xfd\xac\x06oX(\xce\x87\xf3\x83\xcc\xadm\x9e[\xd3\x91?\x84\xfd\xb0'
2021-01-11 06:29:28,690 index : 0 :: resp : b'i\x10$;\xb9\xcd\xe6oc)\xea\xfd\xac\x06oX(\xce\x87\xf3\x83\xcc\xadm\x9e[\xd3\x91?\x84\xfd\xb0'
2021-01-11 06:29:28,690 index : 1 :: resp : b'i\x10$;\xb9\xcd\xe6oc)\xea\xfd\xac\x06oX\xe8\x1d\x1d\xe1\xa1\xaai\x98+5\xce\xbf\xcc\xbc\x13\x9c8-mU\xcdQ\xfc\x19\x07:\x89^\xf3\r\x14\xf7\xc1\xa9\x138l\xa3\xcc\xa0\x0f\ta\x03O\x1a\xc4q'
2021-01-11 06:29:28,691 index : 2 :: resp : b"i\x10$;\xb9\xcd\xe6oc)\xea\xfd\xac\x06oXF\xdb\xd7Lo\xa6\x1b\xfbt\xfc\xed\x96\xd9\xf1\x1c\xd8C>'\xcd\x13\x88\xb0\xcf@\xa6\x99\xda\xfb\xe5R{\xa6\xf3\xcf\x98\xdcEz\x15\xc5?\xda\x9f\x1f'\xd9\x01"
2021-01-11 06:29:28,691 check resp exit
2021-01-11 06:29:28,691 0 failed MCS detections (all iterations)
2021-01-11 06:29:28,691 0 failed channel estimations (all iterations)
2021-01-11 06:29:28,691 rx sweep elapsed time: 0.24155473709106445 sec
2021-01-11 06:29:28,691 sweep elapsed time: 0.7706990242004395 sec
2021-01-11 06:29:28,691 Min SNR: 9 @ tx beam 43 rx beam 13
2021-01-11 06:29:28,692 Max SNR: 9 @ tx beam 43 rx beam 13
