2021-01-11 07:18:53,202 logging started in ./config/config_sounding.json
2021-01-11 07:18:53,202 contents of parameters file : ./config/config_sounding.json
2021-01-11 07:18:53,202 root_dir -> Results/
2021-01-11 07:18:53,203 test_name -> sweep_20210111_0718
2021-01-11 07:18:53,203 overwrite_existing -> False
2021-01-11 07:18:53,203 -- node 1  -> --
2021-01-11 07:18:53,203 node1_IP -> fc00:face:b00c::1
2021-01-11 07:18:53,203 -- node 2  -> --
2021-01-11 07:18:53,203 node2_IP -> fc00:face:b00c::2
2021-01-11 07:18:53,203 -- sounder general -> --
2021-01-11 07:18:53,203 connection -> local
2021-01-11 07:18:53,203 link_dir -> 1to2
2021-01-11 07:18:53,203 estimate_channel -> 1
2021-01-11 07:18:53,203 channel -> 2
2021-01-11 07:18:53,203 mcs -> 1
2021-01-11 07:18:53,203 n_stat -> 1
2021-01-11 07:18:53,203 tx_beams -> [43]
2021-01-11 07:18:53,203 rx_beams -> [13]
2021-01-11 07:18:53,204 tx_array_mask -> ['0Xfff', '0Xfff', '0Xfff']
2021-01-11 07:18:53,204 rx_array_mask -> ['0Xfff', '0Xfff', '0Xfff']
2021-01-11 07:18:53,204 tx_gain_idxs -> [25]
2021-01-11 07:18:53,204 rx_rf_gain_thr -> 0
2021-01-11 07:18:53,204 rx_if_gain_thr -> 0
2021-01-11 07:18:53,204 tx_pkt_cnt -> 0
2021-01-11 07:18:53,204 rx_pkt_cnt -> 10
2021-01-11 07:18:53,204 pkt_size -> 512
2021-01-11 07:18:53,204 pkt_gap -> 20
2021-01-11 07:18:53,204 tx_timeout -> 100000
2021-01-11 07:18:53,204 rx_timeout -> 0.1
2021-01-11 07:18:53,204 rx_wait -> 0
2021-01-11 07:18:53,204 save_gps_coordinates -> True
2021-01-11 07:18:53,204 -- PER ---  -> --
2021-01-11 07:18:53,204 per_find_best_beam -> True
2021-01-11 07:18:53,205 per_tx_beam -> 0
2021-01-11 07:18:53,205 per_rx_beam -> 0
2021-01-11 07:18:53,205 per_mcs -> range(1,13)
2021-01-11 07:18:53,205 per_file -> PER_mon.CSV
2021-01-11 07:18:53,205 -- other  -> --
2021-01-11 07:18:53,205 devserver -> NA
2021-01-11 07:18:53,205 json_file_path -> ./config/config_sounding.json
2021-01-11 07:18:53,205 verbose -> False
2021-01-11 07:18:53,205 node1: fc00:face:b00c::1
2021-01-11 07:18:53,205 logging into node1
2021-01-11 07:18:53,217 ssh into terragraph unit
2021-01-11 07:18:53,218 ssh cmd : ssh  root@fc00:face:b00c::1
2021-01-11 07:18:53,224 delay : 0.05
2021-01-11 07:18:53,224 waiting for ssh login
2021-01-11 07:18:53,356 expect match index : 2
2021-01-11 07:18:53,441 ssh logged in
2021-01-11 07:18:53,502 timeout
2021-01-11 07:18:53,563 timeout
2021-01-11 07:18:53,564 cmd : b'i\x10$;\xb9\xcd\xe6oc)\xea\xfd\xac\x06oXJ\x80\xf1\xdc\x03h0>\xc4:\x91\xd3\xf9\x06\x9ei'
2021-01-11 07:18:53,564 b'i\x10$;\xb9\xcd\xe6oc)\xea\xfd\xac\x06oXJ\x80\xf1\xdc\x03h0>\xc4:\x91\xd3\xf9\x06\x9ei'
2021-01-11 07:18:53,564 cmd send x : 1
2021-01-11 07:18:57,296 prompt
2021-01-11 07:18:57,296 check resp :: cmd : b'i\x10$;\xb9\xcd\xe6oc)\xea\xfd\xac\x06oXJ\x80\xf1\xdc\x03h0>\xc4:\x91\xd3\xf9\x06\x9ei'
2021-01-11 07:18:57,298 index : 0 :: resp : b'i\x10$;\xb9\xcd\xe6oc)\xea\xfd\xac\x06oXJ\x80\xf1\xdc\x03h0>\xc4:\x91\xd3\xf9\x06\x9ei'
2021-01-11 07:18:57,298 index : 1 :: resp : b'\xees\xb73bLcj\xa1\xa9\x96\xe9x\xcb\xc1m;\xaa\xef\xc7\xc2K\xbd\x12\r\x88;\xc0\x89sl\xb9'
2021-01-11 07:18:57,299 index : 2 :: resp : b'i\x10$;\xb9\xcd\xe6oc)\xea\xfd\xac\x06oX\xc4`\xc3\x9e\xdf\x1e&\x08\x85\xc5\xd2\xcf\x9f\xed9\xf8\x0cs\xe0Mk\xe1\xa7\x0b\x94]\xb1-c0"\xea\xcb\x03\x82x\x9b\xc3sC\xa7T\x8d\x1c\xf9\x82X\xea'
2021-01-11 07:18:57,299 index : 3 :: resp : b'i\x10$;\xb9\xcd\xe6oc)\xea\xfd\xac\x06oX8\r-\xe1"LL6\xf5QpP\xc9W70'
2021-01-11 07:18:57,299 index : 4 :: resp : b"\x8c\xf1F\x83\xf1\x98\xc3\x10'\xe7\xd9\x83\xd7\x17\xa2\r5\n\xaaj\x98G'a\xfa\x1e\xdc\x0c\xe31yg"
2021-01-11 07:18:57,299 check resp exit
2021-01-11 07:18:57,360 timeout
2021-01-11 07:18:57,360 cmd : b'\x9b2\xe7!}\xb1dVK\x9e\xe9y\x1eH\x8eT\x9fx\xb1\x84$\xbbq0\xceP\x82\xd9=\xd1;6'
2021-01-11 07:18:57,360 b'\x9b2\xe7!}\xb1dVK\x9e\xe9y\x1eH\x8eT\x9fx\xb1\x84$\xbbq0\xceP\x82\xd9=\xd1;6'
2021-01-11 07:18:57,360 cmd send x : 1
2021-01-11 07:18:57,363 prompt
2021-01-11 07:18:57,363 check resp :: cmd : b'\x9b2\xe7!}\xb1dVK\x9e\xe9y\x1eH\x8eT\x9fx\xb1\x84$\xbbq0\xceP\x82\xd9=\xd1;6'
2021-01-11 07:18:57,363 index : 0 :: resp : b'\x9b2\xe7!}\xb1dVK\x9e\xe9y\x1eH\x8eT\x9fx\xb1\x84$\xbbq0\xceP\x82\xd9=\xd1;6'
2021-01-11 07:18:57,363 index : 1 :: resp : b"i\x10$;\xb9\xcd\xe6oc)\xea\xfd\xac\x06oXF\xdb\xd7Lo\xa6\x1b\xfbt\xfc\xed\x96\xd9\xf1\x1c\xd8C>'\xcd\x13\x88\xb0\xcf@\xa6\x99\xda\xfb\xe5R{\xa6\xf3\xcf\x98\xdcEz\x15\xc5?\xda\x9f\x1f'\xd9\x01"
2021-01-11 07:18:57,363 check resp exit
2021-01-11 07:18:57,364 download FW : b'i\x10$;\xb9\xcd\xe6oc)\xea\xfd\xac\x06oX\xab<\x90\xa6\x0f\r:\xcb;\x00\xba\xa2\xd9\x08\xbb '
2021-01-11 07:18:57,640 download successful
2021-01-11 07:18:58,151 prompt
2021-01-11 07:18:58,212 timeout
2021-01-11 07:18:58,263 timeout
2021-01-11 07:18:58,264 b'i\x10$;\xb9\xcd\xe6oc)\xea\xfd\xac\x06oXD\xab\xc2\xd9\x9e7\x1dxQ\xee\xa7\x0f~qU\xee'
2021-01-11 07:18:58,264 cmd send x : 1
2021-01-11 07:18:58,270 prompt
2021-01-11 07:18:58,270 check resp :: cmd : b'i\x10$;\xb9\xcd\xe6oc)\xea\xfd\xac\x06oXD\xab\xc2\xd9\x9e7\x1dxQ\xee\xa7\x0f~qU\xee'
2021-01-11 07:18:58,270 index : 0 :: resp : b'i\x10$;\xb9\xcd\xe6oc)\xea\xfd\xac\x06oXD\xab\xc2\xd9\x9e7\x1dxQ\xee\xa7\x0f~qU\xee'
2021-01-11 07:18:58,271 index : 1 :: resp : b"i\x10$;\xb9\xcd\xe6oc)\xea\xfd\xac\x06oXF\xdb\xd7Lo\xa6\x1b\xfbt\xfc\xed\x96\xd9\xf1\x1c\xd8C>'\xcd\x13\x88\xb0\xcf@\xa6\x99\xda\xfb\xe5R{\xa6\xf3\xcf\x98\xdcEz\x15\xc5?\xda\x9f\x1f'\xd9\x01"
2021-01-11 07:18:58,271 check resp exit
2021-01-11 07:18:58,331 timeout
2021-01-11 07:18:58,332 b'i\x10$;\xb9\xcd\xe6oc)\xea\xfd\xac\x06oX\x97\xe2t\x8b\x90\xc9\xee\xf3\x0bk\x93\xbf\xee\xc8?\x8b'
2021-01-11 07:18:58,332 cmd send x : 1
2021-01-11 07:18:58,358 prompt
2021-01-11 07:18:58,358 check resp :: cmd : b'i\x10$;\xb9\xcd\xe6oc)\xea\xfd\xac\x06oX\x97\xe2t\x8b\x90\xc9\xee\xf3\x0bk\x93\xbf\xee\xc8?\x8b'
2021-01-11 07:18:58,358 index : 0 :: resp : b'i\x10$;\xb9\xcd\xe6oc)\xea\xfd\xac\x06oX\x97\xe2t\x8b\x90\xc9\xee\xf3\x0bk\x93\xbf\xee\xc8?\x8b'
2021-01-11 07:18:58,359 index : 1 :: resp : b"i\x10$;\xb9\xcd\xe6oc)\xea\xfd\xac\x06oXF\xdb\xd7Lo\xa6\x1b\xfbt\xfc\xed\x96\xd9\xf1\x1c\xd8C>'\xcd\x13\x88\xb0\xcf@\xa6\x99\xda\xfb\xe5R{\xa6\xf3\xcf\x98\xdcEz\x15\xc5?\xda\x9f\x1f'\xd9\x01"
2021-01-11 07:18:58,359 check resp exit
2021-01-11 07:18:58,419 timeout
2021-01-11 07:18:58,420 cmd : b'\xd9\xe9\x85\xb3R\x14I\x18\nL\xc6\xfe\x9c0\xb3\xef\x90\xa2\xfda\x8e\x10\x12O7\x8e\x9f\xa8\xb6\xaa\xd6)'
2021-01-11 07:18:58,420 b'\xd9\xe9\x85\xb3R\x14I\x18\nL\xc6\xfe\x9c0\xb3\xef\x90\xa2\xfda\x8e\x10\x12O7\x8e\x9f\xa8\xb6\xaa\xd6)'
2021-01-11 07:18:58,420 cmd send x : 1
2021-01-11 07:18:58,427 prompt
2021-01-11 07:18:58,428 check resp :: cmd : b'\xd9\xe9\x85\xb3R\x14I\x18\nL\xc6\xfe\x9c0\xb3\xef\x90\xa2\xfda\x8e\x10\x12O7\x8e\x9f\xa8\xb6\xaa\xd6)'
2021-01-11 07:18:58,428 index : 0 :: resp : b'\xd9\xe9\x85\xb3R\x14I\x18\nL\xc6\xfe\x9c0\xb3\xef\x90\xa2\xfda\x8e\x10\x12O7\x8e\x9f\xa8\xb6\xaa\xd6)'
2021-01-11 07:18:58,428 index : 1 :: resp : b"i\x10$;\xb9\xcd\xe6oc)\xea\xfd\xac\x06oXF\xdb\xd7Lo\xa6\x1b\xfbt\xfc\xed\x96\xd9\xf1\x1c\xd8C>'\xcd\x13\x88\xb0\xcf@\xa6\x99\xda\xfb\xe5R{\xa6\xf3\xcf\x98\xdcEz\x15\xc5?\xda\x9f\x1f'\xd9\x01"
2021-01-11 07:18:58,428 check resp exit
2021-01-11 07:18:58,489 timeout
2021-01-11 07:18:58,489 cmd : b'\xfe\xab\x8d]\xba\xd2M\x02\xc1?=\xe9\x17\xd3aO\x9bWB\xa6\xf5\x83\\I\x97x\x97~#q\xc4\x95'
2021-01-11 07:18:58,490 b'\xfe\xab\x8d]\xba\xd2M\x02\xc1?=\xe9\x17\xd3aO\x9bWB\xa6\xf5\x83\\I\x97x\x97~#q\xc4\x95'
2021-01-11 07:18:58,490 cmd send x : 1
2021-01-11 07:18:58,498 prompt
2021-01-11 07:18:58,498 check resp :: cmd : b'\xfe\xab\x8d]\xba\xd2M\x02\xc1?=\xe9\x17\xd3aO\x9bWB\xa6\xf5\x83\\I\x97x\x97~#q\xc4\x95'
2021-01-11 07:18:58,499 index : 0 :: resp : b'\xfe\xab\x8d]\xba\xd2M\x02\xc1?=\xe9\x17\xd3aO\x9bWB\xa6\xf5\x83\\I\x97x\x97~#q\xc4\x95'
2021-01-11 07:18:58,499 index : 1 :: resp : b"i\x10$;\xb9\xcd\xe6oc)\xea\xfd\xac\x06oXF\xdb\xd7Lo\xa6\x1b\xfbt\xfc\xed\x96\xd9\xf1\x1c\xd8C>'\xcd\x13\x88\xb0\xcf@\xa6\x99\xda\xfb\xe5R{\xa6\xf3\xcf\x98\xdcEz\x15\xc5?\xda\x9f\x1f'\xd9\x01"
2021-01-11 07:18:58,499 check resp exit
2021-01-11 07:18:58,560 timeout
2021-01-11 07:18:58,560 cmd : b'i\x10$;\xb9\xcd\xe6oc)\xea\xfd\xac\x06oX6b\xfd\xc5\x8dn\xca\xeb\xf7\xd0X\xa4\xaf\x85b^\xbeq\x06\xd8.\n\xc1g\xed\xff\x9aG\xd1iV\xd8z\xc0\x81\xe0g`>\x117\xeb\x05\xa6\x80\x94\xa4g'
2021-01-11 07:18:58,560 b'i\x10$;\xb9\xcd\xe6oc)\xea\xfd\xac\x06oX6b\xfd\xc5\x8dn\xca\xeb\xf7\xd0X\xa4\xaf\x85b^\xbeq\x06\xd8.\n\xc1g\xed\xff\x9aG\xd1iV\xd8z\xc0\x81\xe0g`>\x117\xeb\x05\xa6\x80\x94\xa4g'
2021-01-11 07:18:58,561 cmd send x : 1
2021-01-11 07:18:59,327 prompt
2021-01-11 07:18:59,327 check resp :: cmd : b'i\x10$;\xb9\xcd\xe6oc)\xea\xfd\xac\x06oX6b\xfd\xc5\x8dn\xca\xeb\xf7\xd0X\xa4\xaf\x85b^\xbeq\x06\xd8.\n\xc1g\xed\xff\x9aG\xd1iV\xd8z\xc0\x81\xe0g`>\x117\xeb\x05\xa6\x80\x94\xa4g'
2021-01-11 07:18:59,327 index : 0 :: resp : b'i\x10$;\xb9\xcd\xe6oc)\xea\xfd\xac\x06oXR\x1f\xec%:\xf3\xdcX\xa1|C{Z\xd2{\x06\x10Ti~)\x90\xf3\xde;_\x9f\xf7%qsY\t\xa8\xf6\xf4*\x07U\x01\xf8`\xf7.\xd15\x86\x0c'
2021-01-11 07:18:59,328 index : 1 :: resp : b'\x8c\x13z\x03\xd4\xa7\xac\xfe\n\x13\xdb\xbf\x88%ks\xc1Vw<\xf8\x8f\x93\xf6z\x11`/+\xae\x80)\xe5\xd3\x142t\xf82\x90\xf0&\x1bs\xc3eH\xd1\x02EJ\xf6I\xd8\xa7\xa1\xb2hc\x19"\x19?4'
2021-01-11 07:18:59,328 index : 2 :: resp : b'i\x10$;\xb9\xcd\xe6oc)\xea\xfd\xac\x06oX\x11V\xa9)\x9e\xc9i\x13\xb6X\xc8\xa6\xee\x94\xed\xfa'
2021-01-11 07:18:59,328 index : 3 :: resp : b'i\x10$;\xb9\xcd\xe6oc)\xea\xfd\xac\x06oX\xb20K-H\xe9\xfb\xda\xeaA+\xe0\x01\x99FR\xa9\xd2%\x94\xca\xf1\xbe\xc1\xc6\xc1\x7fX\\C^\x9c\xd0D{t\xf0n_<\x00\x1dG\xef\xcd2\xdev'
2021-01-11 07:18:59,328 index : 4 :: resp : b'8\xb0C\x8a\xdb\xf0\x18\x8b\x1bp\xbd\xdfq\xf2\xe0J)\xbcq\xd4F\xbcS\r\xf8$\xb0\xd2\xaf-^\xfb'
2021-01-11 07:18:59,329 index : 5 :: resp : b"i\x10$;\xb9\xcd\xe6oc)\xea\xfd\xac\x06oXF\xdb\xd7Lo\xa6\x1b\xfbt\xfc\xed\x96\xd9\xf1\x1c\xd8C>'\xcd\x13\x88\xb0\xcf@\xa6\x99\xda\xfb\xe5R{\xa6\xf3\xcf\x98\xdcEz\x15\xc5?\xda\x9f\x1f'\xd9\x01"
2021-01-11 07:18:59,329 check resp exit
2021-01-11 07:18:59,389 timeout
2021-01-11 07:18:59,390 cmd : b'\xd8\xe2\xee\xc7\xbe\xdf}\x0f\xe2\xf3\x93\xf5\xaeC^\xf5\xb8\xc4\x83\x9c\x0e\xa6\x03\r\xd3]\x93\x17\xf2\x14\xb7\x16'
2021-01-11 07:18:59,390 b'\xd8\xe2\xee\xc7\xbe\xdf}\x0f\xe2\xf3\x93\xf5\xaeC^\xf5\xb8\xc4\x83\x9c\x0e\xa6\x03\r\xd3]\x93\x17\xf2\x14\xb7\x16'
2021-01-11 07:18:59,390 cmd send x : 1
2021-01-11 07:18:59,395 prompt
2021-01-11 07:18:59,395 check resp :: cmd : b'\xd8\xe2\xee\xc7\xbe\xdf}\x0f\xe2\xf3\x93\xf5\xaeC^\xf5\xb8\xc4\x83\x9c\x0e\xa6\x03\r\xd3]\x93\x17\xf2\x14\xb7\x16'
2021-01-11 07:18:59,395 index : 0 :: resp : b'\xd8\xe2\xee\xc7\xbe\xdf}\x0f\xe2\xf3\x93\xf5\xaeC^\xf5\xb8\xc4\x83\x9c\x0e\xa6\x03\r\xd3]\x93\x17\xf2\x14\xb7\x16'
2021-01-11 07:18:59,396 index : 1 :: resp : b"i\x10$;\xb9\xcd\xe6oc)\xea\xfd\xac\x06oX7\xc5\xa0_\xfc\x00\x06?&\xd4X\xaf\x8a\x89\xd1V\tA+\xc8h\x17w\x10\x18\xcb<\xa2%\xa7m\x88\r\xe7\x08\x02\tu\x81\x7f'\x12\xca\xb0Q\xb4d!"
2021-01-11 07:18:59,396 index : 2 :: resp : b"i\x10$;\xb9\xcd\xe6oc)\xea\xfd\xac\x06oXF\xdb\xd7Lo\xa6\x1b\xfbt\xfc\xed\x96\xd9\xf1\x1c\xd8C>'\xcd\x13\x88\xb0\xcf@\xa6\x99\xda\xfb\xe5R{\xa6\xf3\xcf\x98\xdcEz\x15\xc5?\xda\x9f\x1f'\xd9\x01"
2021-01-11 07:18:59,396 check resp exit
2021-01-11 07:18:59,453 timeout
2021-01-11 07:18:59,454 cmd : b'\x9b2\xe7!}\xb1dVK\x9e\xe9y\x1eH\x8eT\x9fx\xb1\x84$\xbbq0\xceP\x82\xd9=\xd1;6'
2021-01-11 07:18:59,454 b'\x9b2\xe7!}\xb1dVK\x9e\xe9y\x1eH\x8eT\x9fx\xb1\x84$\xbbq0\xceP\x82\xd9=\xd1;6'
2021-01-11 07:18:59,454 cmd send x : 1
2021-01-11 07:18:59,456 prompt
2021-01-11 07:18:59,457 check resp :: cmd : b'\x9b2\xe7!}\xb1dVK\x9e\xe9y\x1eH\x8eT\x9fx\xb1\x84$\xbbq0\xceP\x82\xd9=\xd1;6'
2021-01-11 07:18:59,457 index : 0 :: resp : b'\x9b2\xe7!}\xb1dVK\x9e\xe9y\x1eH\x8eT\x9fx\xb1\x84$\xbbq0\xceP\x82\xd9=\xd1;6'
2021-01-11 07:18:59,457 index : 1 :: resp : b"i\x10$;\xb9\xcd\xe6oc)\xea\xfd\xac\x06oXF\xdb\xd7Lo\xa6\x1b\xfbt\xfc\xed\x96\xd9\xf1\x1c\xd8C>'\xcd\x13\x88\xb0\xcf@\xa6\x99\xda\xfb\xe5R{\xa6\xf3\xcf\x98\xdcEz\x15\xc5?\xda\x9f\x1f'\xd9\x01"
2021-01-11 07:18:59,457 check resp exit
2021-01-11 07:18:59,458 node2: fc00:face:b00c::2
2021-01-11 07:18:59,458 logging into node2
2021-01-11 07:18:59,458 ssh into terragraph unit
2021-01-11 07:18:59,458 ssh cmd : ssh  root@fc00:face:b00c::2
2021-01-11 07:18:59,466 delay : 0.05
2021-01-11 07:18:59,466 waiting for ssh login
2021-01-11 07:18:59,593 expect match index : 2
2021-01-11 07:18:59,665 ssh logged in
2021-01-11 07:18:59,725 timeout
2021-01-11 07:18:59,786 timeout
2021-01-11 07:18:59,787 cmd : b'i\x10$;\xb9\xcd\xe6oc)\xea\xfd\xac\x06oXJ\x80\xf1\xdc\x03h0>\xc4:\x91\xd3\xf9\x06\x9ei'
2021-01-11 07:18:59,787 b'i\x10$;\xb9\xcd\xe6oc)\xea\xfd\xac\x06oXJ\x80\xf1\xdc\x03h0>\xc4:\x91\xd3\xf9\x06\x9ei'
2021-01-11 07:18:59,788 cmd send x : 1
2021-01-11 07:19:03,524 prompt
2021-01-11 07:19:03,524 check resp :: cmd : b'i\x10$;\xb9\xcd\xe6oc)\xea\xfd\xac\x06oXJ\x80\xf1\xdc\x03h0>\xc4:\x91\xd3\xf9\x06\x9ei'
2021-01-11 07:19:03,525 index : 0 :: resp : b'i\x10$;\xb9\xcd\xe6oc)\xea\xfd\xac\x06oXJ\x80\xf1\xdc\x03h0>\xc4:\x91\xd3\xf9\x06\x9ei'
2021-01-11 07:19:03,525 index : 1 :: resp : b'\xees\xb73bLcj\xa1\xa9\x96\xe9x\xcb\xc1m;\xaa\xef\xc7\xc2K\xbd\x12\r\x88;\xc0\x89sl\xb9'
2021-01-11 07:19:03,525 index : 2 :: resp : b'i\x10$;\xb9\xcd\xe6oc)\xea\xfd\xac\x06oX\xc4`\xc3\x9e\xdf\x1e&\x08\x85\xc5\xd2\xcf\x9f\xed9\xf8\x0cs\xe0Mk\xe1\xa7\x0b\x94]\xb1-c0"\xea\xcb\x03\x82x\x9b\xc3sC\xa7T\x8d\x1c\xf9\x82X\xea'
2021-01-11 07:19:03,525 index : 3 :: resp : b'i\x10$;\xb9\xcd\xe6oc)\xea\xfd\xac\x06oX8\r-\xe1"LL6\xf5QpP\xc9W70'
2021-01-11 07:19:03,525 index : 4 :: resp : b"\x8c\xf1F\x83\xf1\x98\xc3\x10'\xe7\xd9\x83\xd7\x17\xa2\r[\xb5T\xd2c\x07\xe1\xaclm\xec8\xbaX\x0fU"
2021-01-11 07:19:03,526 check resp exit
2021-01-11 07:19:03,586 timeout
2021-01-11 07:19:03,587 cmd : b'\x9b2\xe7!}\xb1dVK\x9e\xe9y\x1eH\x8eT\x9fx\xb1\x84$\xbbq0\xceP\x82\xd9=\xd1;6'
2021-01-11 07:19:03,587 b'\x9b2\xe7!}\xb1dVK\x9e\xe9y\x1eH\x8eT\x9fx\xb1\x84$\xbbq0\xceP\x82\xd9=\xd1;6'
2021-01-11 07:19:03,587 cmd send x : 1
2021-01-11 07:19:03,591 prompt
2021-01-11 07:19:03,591 check resp :: cmd : b'\x9b2\xe7!}\xb1dVK\x9e\xe9y\x1eH\x8eT\x9fx\xb1\x84$\xbbq0\xceP\x82\xd9=\xd1;6'
2021-01-11 07:19:03,591 index : 0 :: resp : b'\x9b2\xe7!}\xb1dVK\x9e\xe9y\x1eH\x8eT\x9fx\xb1\x84$\xbbq0\xceP\x82\xd9=\xd1;6'
2021-01-11 07:19:03,592 index : 1 :: resp : b"i\x10$;\xb9\xcd\xe6oc)\xea\xfd\xac\x06oXF\xdb\xd7Lo\xa6\x1b\xfbt\xfc\xed\x96\xd9\xf1\x1c\xd8\xa7b\x96\xfc\x99\xb2\xb2(\x05\\\xe6>s\xf5\xf9\xb3\xa6\xf3\xcf\x98\xdcEz\x15\xc5?\xda\x9f\x1f'\xd9\x01"
2021-01-11 07:19:03,592 check resp exit
2021-01-11 07:19:03,592 download FW : b'i\x10$;\xb9\xcd\xe6oc)\xea\xfd\xac\x06oX\xab<\x90\xa6\x0f\r:\xcb;\x00\xba\xa2\xd9\x08\xbb '
2021-01-11 07:19:03,856 download successful
2021-01-11 07:19:04,364 prompt
2021-01-11 07:19:04,416 timeout
2021-01-11 07:19:04,477 timeout
2021-01-11 07:19:04,477 b'i\x10$;\xb9\xcd\xe6oc)\xea\xfd\xac\x06oXD\xab\xc2\xd9\x9e7\x1dxQ\xee\xa7\x0f~qU\xee'
2021-01-11 07:19:04,478 cmd send x : 1
2021-01-11 07:19:04,484 prompt
2021-01-11 07:19:04,484 check resp :: cmd : b'i\x10$;\xb9\xcd\xe6oc)\xea\xfd\xac\x06oXD\xab\xc2\xd9\x9e7\x1dxQ\xee\xa7\x0f~qU\xee'
2021-01-11 07:19:04,484 index : 0 :: resp : b'i\x10$;\xb9\xcd\xe6oc)\xea\xfd\xac\x06oXD\xab\xc2\xd9\x9e7\x1dxQ\xee\xa7\x0f~qU\xee'
2021-01-11 07:19:04,484 index : 1 :: resp : b"i\x10$;\xb9\xcd\xe6oc)\xea\xfd\xac\x06oXF\xdb\xd7Lo\xa6\x1b\xfbt\xfc\xed\x96\xd9\xf1\x1c\xd8\xa7b\x96\xfc\x99\xb2\xb2(\x05\\\xe6>s\xf5\xf9\xb3\xa6\xf3\xcf\x98\xdcEz\x15\xc5?\xda\x9f\x1f'\xd9\x01"
2021-01-11 07:19:04,485 check resp exit
2021-01-11 07:19:04,545 timeout
2021-01-11 07:19:04,545 b'i\x10$;\xb9\xcd\xe6oc)\xea\xfd\xac\x06oX\x97\xe2t\x8b\x90\xc9\xee\xf3\x0bk\x93\xbf\xee\xc8?\x8b'
2021-01-11 07:19:04,546 cmd send x : 1
2021-01-11 07:19:04,572 prompt
2021-01-11 07:19:04,572 check resp :: cmd : b'i\x10$;\xb9\xcd\xe6oc)\xea\xfd\xac\x06oX\x97\xe2t\x8b\x90\xc9\xee\xf3\x0bk\x93\xbf\xee\xc8?\x8b'
2021-01-11 07:19:04,572 index : 0 :: resp : b'i\x10$;\xb9\xcd\xe6oc)\xea\xfd\xac\x06oX\x97\xe2t\x8b\x90\xc9\xee\xf3\x0bk\x93\xbf\xee\xc8?\x8b'
2021-01-11 07:19:04,573 index : 1 :: resp : b"i\x10$;\xb9\xcd\xe6oc)\xea\xfd\xac\x06oXF\xdb\xd7Lo\xa6\x1b\xfbt\xfc\xed\x96\xd9\xf1\x1c\xd8\xa7b\x96\xfc\x99\xb2\xb2(\x05\\\xe6>s\xf5\xf9\xb3\xa6\xf3\xcf\x98\xdcEz\x15\xc5?\xda\x9f\x1f'\xd9\x01"
2021-01-11 07:19:04,573 check resp exit
2021-01-11 07:19:04,633 timeout
2021-01-11 07:19:04,634 cmd : b'\xd9\xe9\x85\xb3R\x14I\x18\nL\xc6\xfe\x9c0\xb3\xef\x90\xa2\xfda\x8e\x10\x12O7\x8e\x9f\xa8\xb6\xaa\xd6)'
2021-01-11 07:19:04,634 b'\xd9\xe9\x85\xb3R\x14I\x18\nL\xc6\xfe\x9c0\xb3\xef\x90\xa2\xfda\x8e\x10\x12O7\x8e\x9f\xa8\xb6\xaa\xd6)'
2021-01-11 07:19:04,634 cmd send x : 1
2021-01-11 07:19:04,641 prompt
2021-01-11 07:19:04,642 check resp :: cmd : b'\xd9\xe9\x85\xb3R\x14I\x18\nL\xc6\xfe\x9c0\xb3\xef\x90\xa2\xfda\x8e\x10\x12O7\x8e\x9f\xa8\xb6\xaa\xd6)'
2021-01-11 07:19:04,642 index : 0 :: resp : b'\xd9\xe9\x85\xb3R\x14I\x18\nL\xc6\xfe\x9c0\xb3\xef\x90\xa2\xfda\x8e\x10\x12O7\x8e\x9f\xa8\xb6\xaa\xd6)'
2021-01-11 07:19:04,642 index : 1 :: resp : b"i\x10$;\xb9\xcd\xe6oc)\xea\xfd\xac\x06oXF\xdb\xd7Lo\xa6\x1b\xfbt\xfc\xed\x96\xd9\xf1\x1c\xd8\xa7b\x96\xfc\x99\xb2\xb2(\x05\\\xe6>s\xf5\xf9\xb3\xa6\xf3\xcf\x98\xdcEz\x15\xc5?\xda\x9f\x1f'\xd9\x01"
2021-01-11 07:19:04,643 check resp exit
2021-01-11 07:19:04,703 timeout
2021-01-11 07:19:04,703 cmd : b'\xfe\xab\x8d]\xba\xd2M\x02\xc1?=\xe9\x17\xd3aO\x9bWB\xa6\xf5\x83\\I\x97x\x97~#q\xc4\x95'
2021-01-11 07:19:04,704 b'\xfe\xab\x8d]\xba\xd2M\x02\xc1?=\xe9\x17\xd3aO\x9bWB\xa6\xf5\x83\\I\x97x\x97~#q\xc4\x95'
2021-01-11 07:19:04,704 cmd send x : 1
2021-01-11 07:19:04,710 prompt
2021-01-11 07:19:04,711 check resp :: cmd : b'\xfe\xab\x8d]\xba\xd2M\x02\xc1?=\xe9\x17\xd3aO\x9bWB\xa6\xf5\x83\\I\x97x\x97~#q\xc4\x95'
2021-01-11 07:19:04,711 index : 0 :: resp : b'\xfe\xab\x8d]\xba\xd2M\x02\xc1?=\xe9\x17\xd3aO\x9bWB\xa6\xf5\x83\\I\x97x\x97~#q\xc4\x95'
2021-01-11 07:19:04,711 index : 1 :: resp : b"i\x10$;\xb9\xcd\xe6oc)\xea\xfd\xac\x06oXF\xdb\xd7Lo\xa6\x1b\xfbt\xfc\xed\x96\xd9\xf1\x1c\xd8\xa7b\x96\xfc\x99\xb2\xb2(\x05\\\xe6>s\xf5\xf9\xb3\xa6\xf3\xcf\x98\xdcEz\x15\xc5?\xda\x9f\x1f'\xd9\x01"
2021-01-11 07:19:04,711 check resp exit
2021-01-11 07:19:04,769 timeout
2021-01-11 07:19:04,769 cmd : b'i\x10$;\xb9\xcd\xe6oc)\xea\xfd\xac\x06oX6b\xfd\xc5\x8dn\xca\xeb\xf7\xd0X\xa4\xaf\x85b^\xbeq\x06\xd8.\n\xc1g\xed\xff\x9aG\xd1iV\xd8z\xc0\x81\xe0g`>\x117\xeb\x05\xa6\x80\x94\xa4g'
2021-01-11 07:19:04,770 b'i\x10$;\xb9\xcd\xe6oc)\xea\xfd\xac\x06oX6b\xfd\xc5\x8dn\xca\xeb\xf7\xd0X\xa4\xaf\x85b^\xbeq\x06\xd8.\n\xc1g\xed\xff\x9aG\xd1iV\xd8z\xc0\x81\xe0g`>\x117\xeb\x05\xa6\x80\x94\xa4g'
2021-01-11 07:19:04,770 cmd send x : 1
2021-01-11 07:19:05,535 prompt
2021-01-11 07:19:05,536 check resp :: cmd : b'i\x10$;\xb9\xcd\xe6oc)\xea\xfd\xac\x06oX6b\xfd\xc5\x8dn\xca\xeb\xf7\xd0X\xa4\xaf\x85b^\xbeq\x06\xd8.\n\xc1g\xed\xff\x9aG\xd1iV\xd8z\xc0\x81\xe0g`>\x117\xeb\x05\xa6\x80\x94\xa4g'
2021-01-11 07:19:05,536 index : 0 :: resp : b'i\x10$;\xb9\xcd\xe6oc)\xea\xfd\xac\x06oXR\x1f\xec%:\xf3\xdcX\xa1|C{Z\xd2{\x06\x10Ti~)\x90\xf3\xde;_\x9f\xf7%qsY\t\xa8\xf6\xf4*\x07U\x01\xf8`\xf7.\xd15\x86\x0c'
2021-01-11 07:19:05,536 index : 1 :: resp : b'\x8c\x13z\x03\xd4\xa7\xac\xfe\n\x13\xdb\xbf\x88%ks\xc1Vw<\xf8\x8f\x93\xf6z\x11`/+\xae\x80)\xe5\xd3\x142t\xf82\x90\xf0&\x1bs\xc3eH\xd1"y2\x1cQ&\x84\xee\xf7\xfe5\xfcR.K\xb5'
2021-01-11 07:19:05,537 index : 2 :: resp : b'i\x10$;\xb9\xcd\xe6oc)\xea\xfd\xac\x06oX\x11V\xa9)\x9e\xc9i\x13\xb6X\xc8\xa6\xee\x94\xed\xfa'
2021-01-11 07:19:05,537 index : 3 :: resp : b'i\x10$;\xb9\xcd\xe6oc)\xea\xfd\xac\x06oX\xb20K-H\xe9\xfb\xda\xeaA+\xe0\x01\x99FR\xa9\xd2%\x94\xca\xf1\xbe\xc1\xc6\xc1\x7fX\\C^\x9c\xd0D{t\xf0n_<\x00\x1dG\xef\xcd2\xdev'
2021-01-11 07:19:05,537 index : 4 :: resp : b'8\xb0C\x8a\xdb\xf0\x18\x8b\x1bp\xbd\xdfq\xf2\xe0J)\xbcq\xd4F\xbcS\r\xf8$\xb0\xd2\xaf-^\xfb'
2021-01-11 07:19:05,537 index : 5 :: resp : b"i\x10$;\xb9\xcd\xe6oc)\xea\xfd\xac\x06oXF\xdb\xd7Lo\xa6\x1b\xfbt\xfc\xed\x96\xd9\xf1\x1c\xd8\xa7b\x96\xfc\x99\xb2\xb2(\x05\\\xe6>s\xf5\xf9\xb3\xa6\xf3\xcf\x98\xdcEz\x15\xc5?\xda\x9f\x1f'\xd9\x01"
2021-01-11 07:19:05,537 check resp exit
2021-01-11 07:19:05,598 timeout
2021-01-11 07:19:05,598 cmd : b'\xd8\xe2\xee\xc7\xbe\xdf}\x0f\xe2\xf3\x93\xf5\xaeC^\xf5\xb8\xc4\x83\x9c\x0e\xa6\x03\r\xd3]\x93\x17\xf2\x14\xb7\x16'
2021-01-11 07:19:05,599 b'\xd8\xe2\xee\xc7\xbe\xdf}\x0f\xe2\xf3\x93\xf5\xaeC^\xf5\xb8\xc4\x83\x9c\x0e\xa6\x03\r\xd3]\x93\x17\xf2\x14\xb7\x16'
2021-01-11 07:19:05,599 cmd send x : 1
2021-01-11 07:19:05,603 prompt
2021-01-11 07:19:05,604 check resp :: cmd : b'\xd8\xe2\xee\xc7\xbe\xdf}\x0f\xe2\xf3\x93\xf5\xaeC^\xf5\xb8\xc4\x83\x9c\x0e\xa6\x03\r\xd3]\x93\x17\xf2\x14\xb7\x16'
2021-01-11 07:19:05,604 index : 0 :: resp : b'\xd8\xe2\xee\xc7\xbe\xdf}\x0f\xe2\xf3\x93\xf5\xaeC^\xf5\xb8\xc4\x83\x9c\x0e\xa6\x03\r\xd3]\x93\x17\xf2\x14\xb7\x16'
2021-01-11 07:19:05,604 index : 1 :: resp : b'i\x10$;\xb9\xcd\xe6oc)\xea\xfd\xac\x06oX7\xc5\xa0_\xfc\x00\x06?&\xd4X\xaf\x8a\x89\xd1V\tA+\xc8h\x17w\x10\x18\xcb<\xa2%\xa7m\x88\x92H\xb9=d\xb5\xb4H\xf4\x1d\xdfv\xf5\x8c\xdf\xa4'
2021-01-11 07:19:05,605 index : 2 :: resp : b"i\x10$;\xb9\xcd\xe6oc)\xea\xfd\xac\x06oXF\xdb\xd7Lo\xa6\x1b\xfbt\xfc\xed\x96\xd9\xf1\x1c\xd8\xa7b\x96\xfc\x99\xb2\xb2(\x05\\\xe6>s\xf5\xf9\xb3\xa6\xf3\xcf\x98\xdcEz\x15\xc5?\xda\x9f\x1f'\xd9\x01"
2021-01-11 07:19:05,605 check resp exit
2021-01-11 07:19:05,665 timeout
2021-01-11 07:19:05,666 cmd : b'\x9b2\xe7!}\xb1dVK\x9e\xe9y\x1eH\x8eT\x9fx\xb1\x84$\xbbq0\xceP\x82\xd9=\xd1;6'
2021-01-11 07:19:05,666 b'\x9b2\xe7!}\xb1dVK\x9e\xe9y\x1eH\x8eT\x9fx\xb1\x84$\xbbq0\xceP\x82\xd9=\xd1;6'
2021-01-11 07:19:05,666 cmd send x : 1
2021-01-11 07:19:05,668 prompt
2021-01-11 07:19:05,668 check resp :: cmd : b'\x9b2\xe7!}\xb1dVK\x9e\xe9y\x1eH\x8eT\x9fx\xb1\x84$\xbbq0\xceP\x82\xd9=\xd1;6'
2021-01-11 07:19:05,669 index : 0 :: resp : b'\x9b2\xe7!}\xb1dVK\x9e\xe9y\x1eH\x8eT\x9fx\xb1\x84$\xbbq0\xceP\x82\xd9=\xd1;6'
2021-01-11 07:19:05,669 index : 1 :: resp : b"i\x10$;\xb9\xcd\xe6oc)\xea\xfd\xac\x06oXF\xdb\xd7Lo\xa6\x1b\xfbt\xfc\xed\x96\xd9\xf1\x1c\xd8\xa7b\x96\xfc\x99\xb2\xb2(\x05\\\xe6>s\xf5\xf9\xb3\xa6\xf3\xcf\x98\xdcEz\x15\xc5?\xda\x9f\x1f'\xd9\x01"
2021-01-11 07:19:05,669 check resp exit
2021-01-11 07:19:05,669 node1 is transmitting and node2 is receiving 
2021-01-11 07:19:05,730 timeout
2021-01-11 07:19:05,730 cmd : b'i\x10$;\xb9\xcd\xe6oc)\xea\xfd\xac\x06oXh\x1e^\xbe\xbe:\xa4\xaa\xce\xaf\xd5\x9b\x08\xae\xbf\x83'
2021-01-11 07:19:05,730 b'i\x10$;\xb9\xcd\xe6oc)\xea\xfd\xac\x06oXh\x1e^\xbe\xbe:\xa4\xaa\xce\xaf\xd5\x9b\x08\xae\xbf\x83'
2021-01-11 07:19:05,731 cmd send x : 1
2021-01-11 07:19:06,551 prompt
2021-01-11 07:19:06,551 check resp :: cmd : b'i\x10$;\xb9\xcd\xe6oc)\xea\xfd\xac\x06oXh\x1e^\xbe\xbe:\xa4\xaa\xce\xaf\xd5\x9b\x08\xae\xbf\x83'
2021-01-11 07:19:06,551 index : 0 :: resp : b'i\x10$;\xb9\xcd\xe6oc)\xea\xfd\xac\x06oXh\x1e^\xbe\xbe:\xa4\xaa\xce\xaf\xd5\x9b\x08\xae\xbf\x83'
2021-01-11 07:19:06,552 index : 1 :: resp : b"i\x10$;\xb9\xcd\xe6oc)\xea\xfd\xac\x06oXF\xdb\xd7Lo\xa6\x1b\xfbt\xfc\xed\x96\xd9\xf1\x1c\xd8C>'\xcd\x13\x88\xb0\xcf@\xa6\x99\xda\xfb\xe5R{\xa6\xf3\xcf\x98\xdcEz\x15\xc5?\xda\x9f\x1f'\xd9\x01"
2021-01-11 07:19:06,552 check resp exit
2021-01-11 07:19:06,613 timeout
2021-01-11 07:19:06,613 b'\xfe\xab\x8d]\xba\xd2M\x02\xc1?=\xe9\x17\xd3aO\x9c\xb4\x86\x86\xb4\x93\x16=\x0e\xd2a\xac\x81n\xd5,'
2021-01-11 07:19:06,613 cmd send x : 1
2021-01-11 07:19:06,619 prompt
2021-01-11 07:19:06,619 check resp :: cmd : b'\xfe\xab\x8d]\xba\xd2M\x02\xc1?=\xe9\x17\xd3aO\x9c\xb4\x86\x86\xb4\x93\x16=\x0e\xd2a\xac\x81n\xd5,'
2021-01-11 07:19:06,619 index : 0 :: resp : b'\xfe\xab\x8d]\xba\xd2M\x02\xc1?=\xe9\x17\xd3aO\x9c\xb4\x86\x86\xb4\x93\x16=\x0e\xd2a\xac\x81n\xd5,'
2021-01-11 07:19:06,620 index : 1 :: resp : b"i\x10$;\xb9\xcd\xe6oc)\xea\xfd\xac\x06oXF\xdb\xd7Lo\xa6\x1b\xfbt\xfc\xed\x96\xd9\xf1\x1c\xd8C>'\xcd\x13\x88\xb0\xcf@\xa6\x99\xda\xfb\xe5R{\xa6\xf3\xcf\x98\xdcEz\x15\xc5?\xda\x9f\x1f'\xd9\x01"
2021-01-11 07:19:06,620 check resp exit
2021-01-11 07:19:06,680 timeout
2021-01-11 07:19:06,680 b'e\x91\xc2\xbbJ~\x02\xceO\x86\xeaB\x11$&\x8f\xa7C\xeb\xdb\x11L\x8dJD\xc9\xc5D\x0b\xb9\x1c\xf9'
2021-01-11 07:19:06,681 cmd send x : 1
2021-01-11 07:19:06,686 prompt
2021-01-11 07:19:06,686 check resp :: cmd : b'e\x91\xc2\xbbJ~\x02\xceO\x86\xeaB\x11$&\x8f\xa7C\xeb\xdb\x11L\x8dJD\xc9\xc5D\x0b\xb9\x1c\xf9'
2021-01-11 07:19:06,686 index : 0 :: resp : b'e\x91\xc2\xbbJ~\x02\xceO\x86\xeaB\x11$&\x8f\xa7C\xeb\xdb\x11L\x8dJD\xc9\xc5D\x0b\xb9\x1c\xf9'
2021-01-11 07:19:06,686 index : 1 :: resp : b"i\x10$;\xb9\xcd\xe6oc)\xea\xfd\xac\x06oXF\xdb\xd7Lo\xa6\x1b\xfbt\xfc\xed\x96\xd9\xf1\x1c\xd8C>'\xcd\x13\x88\xb0\xcf@\xa6\x99\xda\xfb\xe5R{\xa6\xf3\xcf\x98\xdcEz\x15\xc5?\xda\x9f\x1f'\xd9\x01"
2021-01-11 07:19:06,686 check resp exit
2021-01-11 07:19:06,747 timeout
2021-01-11 07:19:06,747 b'u4%\x1dx\x88\xedB\xec)\xd4\xb0\xfb\xc8b\x84\xa7C\xeb\xdb\x11L\x8dJD\xc9\xc5D\x0b\xb9\x1c\xf9'
2021-01-11 07:19:06,747 cmd send x : 1
2021-01-11 07:19:06,753 prompt
2021-01-11 07:19:06,753 check resp :: cmd : b'u4%\x1dx\x88\xedB\xec)\xd4\xb0\xfb\xc8b\x84\xa7C\xeb\xdb\x11L\x8dJD\xc9\xc5D\x0b\xb9\x1c\xf9'
2021-01-11 07:19:06,754 index : 0 :: resp : b'u4%\x1dx\x88\xedB\xec)\xd4\xb0\xfb\xc8b\x84\xa7C\xeb\xdb\x11L\x8dJD\xc9\xc5D\x0b\xb9\x1c\xf9'
2021-01-11 07:19:06,754 index : 1 :: resp : b"i\x10$;\xb9\xcd\xe6oc)\xea\xfd\xac\x06oXF\xdb\xd7Lo\xa6\x1b\xfbt\xfc\xed\x96\xd9\xf1\x1c\xd8C>'\xcd\x13\x88\xb0\xcf@\xa6\x99\xda\xfb\xe5R{\xa6\xf3\xcf\x98\xdcEz\x15\xc5?\xda\x9f\x1f'\xd9\x01"
2021-01-11 07:19:06,754 check resp exit
2021-01-11 07:19:06,814 timeout
2021-01-11 07:19:06,815 b'\xfe\xab\x8d]\xba\xd2M\x02\xc1?=\xe9\x17\xd3aO]4B\xa5,\x95\xcc\x07q\xe9\x9ew\xbd\xfd\xdb\xb9'
2021-01-11 07:19:06,815 cmd send x : 1
2021-01-11 07:19:06,821 prompt
2021-01-11 07:19:06,821 check resp :: cmd : b'\xfe\xab\x8d]\xba\xd2M\x02\xc1?=\xe9\x17\xd3aO]4B\xa5,\x95\xcc\x07q\xe9\x9ew\xbd\xfd\xdb\xb9'
2021-01-11 07:19:06,822 index : 0 :: resp : b'\xfe\xab\x8d]\xba\xd2M\x02\xc1?=\xe9\x17\xd3aO]4B\xa5,\x95\xcc\x07q\xe9\x9ew\xbd\xfd\xdb\xb9'
2021-01-11 07:19:06,822 index : 1 :: resp : b"i\x10$;\xb9\xcd\xe6oc)\xea\xfd\xac\x06oXF\xdb\xd7Lo\xa6\x1b\xfbt\xfc\xed\x96\xd9\xf1\x1c\xd8C>'\xcd\x13\x88\xb0\xcf@\xa6\x99\xda\xfb\xe5R{\xa6\xf3\xcf\x98\xdcEz\x15\xc5?\xda\x9f\x1f'\xd9\x01"
2021-01-11 07:19:06,822 check resp exit
2021-01-11 07:19:06,881 timeout
2021-01-11 07:19:06,881 b'e\x91\xc2\xbbJ~\x02\xceO\x86\xeaB\x11$&\x8f\xa7C\xeb\xdb\x11L\x8dJD\xc9\xc5D\x0b\xb9\x1c\xf9'
2021-01-11 07:19:06,881 cmd send x : 1
2021-01-11 07:19:06,887 prompt
2021-01-11 07:19:06,887 check resp :: cmd : b'e\x91\xc2\xbbJ~\x02\xceO\x86\xeaB\x11$&\x8f\xa7C\xeb\xdb\x11L\x8dJD\xc9\xc5D\x0b\xb9\x1c\xf9'
2021-01-11 07:19:06,888 index : 0 :: resp : b'e\x91\xc2\xbbJ~\x02\xceO\x86\xeaB\x11$&\x8f\xa7C\xeb\xdb\x11L\x8dJD\xc9\xc5D\x0b\xb9\x1c\xf9'
2021-01-11 07:19:06,888 index : 1 :: resp : b"i\x10$;\xb9\xcd\xe6oc)\xea\xfd\xac\x06oXF\xdb\xd7Lo\xa6\x1b\xfbt\xfc\xed\x96\xd9\xf1\x1c\xd8C>'\xcd\x13\x88\xb0\xcf@\xa6\x99\xda\xfb\xe5R{\xa6\xf3\xcf\x98\xdcEz\x15\xc5?\xda\x9f\x1f'\xd9\x01"
2021-01-11 07:19:06,888 check resp exit
2021-01-11 07:19:06,949 timeout
2021-01-11 07:19:06,949 b'u4%\x1dx\x88\xedB\xec)\xd4\xb0\xfb\xc8b\x84\xa7C\xeb\xdb\x11L\x8dJD\xc9\xc5D\x0b\xb9\x1c\xf9'
2021-01-11 07:19:06,949 cmd send x : 1
2021-01-11 07:19:06,955 prompt
2021-01-11 07:19:06,955 check resp :: cmd : b'u4%\x1dx\x88\xedB\xec)\xd4\xb0\xfb\xc8b\x84\xa7C\xeb\xdb\x11L\x8dJD\xc9\xc5D\x0b\xb9\x1c\xf9'
2021-01-11 07:19:06,956 index : 0 :: resp : b'u4%\x1dx\x88\xedB\xec)\xd4\xb0\xfb\xc8b\x84\xa7C\xeb\xdb\x11L\x8dJD\xc9\xc5D\x0b\xb9\x1c\xf9'
2021-01-11 07:19:06,956 index : 1 :: resp : b"i\x10$;\xb9\xcd\xe6oc)\xea\xfd\xac\x06oXF\xdb\xd7Lo\xa6\x1b\xfbt\xfc\xed\x96\xd9\xf1\x1c\xd8C>'\xcd\x13\x88\xb0\xcf@\xa6\x99\xda\xfb\xe5R{\xa6\xf3\xcf\x98\xdcEz\x15\xc5?\xda\x9f\x1f'\xd9\x01"
2021-01-11 07:19:06,956 check resp exit
2021-01-11 07:19:07,016 timeout
2021-01-11 07:19:07,017 b'\xfe\xab\x8d]\xba\xd2M\x02\xc1?=\xe9\x17\xd3aO\xbe\rwr\xd6\x08\xd7h\x84\xe6\x02\xae\x10\xbc\xa6M'
2021-01-11 07:19:07,017 cmd send x : 1
2021-01-11 07:19:07,025 prompt
2021-01-11 07:19:07,025 check resp :: cmd : b'\xfe\xab\x8d]\xba\xd2M\x02\xc1?=\xe9\x17\xd3aO\xbe\rwr\xd6\x08\xd7h\x84\xe6\x02\xae\x10\xbc\xa6M'
2021-01-11 07:19:07,025 index : 0 :: resp : b'\xfe\xab\x8d]\xba\xd2M\x02\xc1?=\xe9\x17\xd3aO\xbe\rwr\xd6\x08\xd7h\x84\xe6\x02\xae\x10\xbc\xa6M'
2021-01-11 07:19:07,026 index : 1 :: resp : b"i\x10$;\xb9\xcd\xe6oc)\xea\xfd\xac\x06oXF\xdb\xd7Lo\xa6\x1b\xfbt\xfc\xed\x96\xd9\xf1\x1c\xd8C>'\xcd\x13\x88\xb0\xcf@\xa6\x99\xda\xfb\xe5R{\xa6\xf3\xcf\x98\xdcEz\x15\xc5?\xda\x9f\x1f'\xd9\x01"
2021-01-11 07:19:07,026 check resp exit
2021-01-11 07:19:07,086 timeout
2021-01-11 07:19:07,087 b'e\x91\xc2\xbbJ~\x02\xceO\x86\xeaB\x11$&\x8f\xa7C\xeb\xdb\x11L\x8dJD\xc9\xc5D\x0b\xb9\x1c\xf9'
2021-01-11 07:19:07,087 cmd send x : 1
2021-01-11 07:19:07,093 prompt
2021-01-11 07:19:07,094 check resp :: cmd : b'e\x91\xc2\xbbJ~\x02\xceO\x86\xeaB\x11$&\x8f\xa7C\xeb\xdb\x11L\x8dJD\xc9\xc5D\x0b\xb9\x1c\xf9'
2021-01-11 07:19:07,094 index : 0 :: resp : b'e\x91\xc2\xbbJ~\x02\xceO\x86\xeaB\x11$&\x8f\xa7C\xeb\xdb\x11L\x8dJD\xc9\xc5D\x0b\xb9\x1c\xf9'
2021-01-11 07:19:07,094 index : 1 :: resp : b"i\x10$;\xb9\xcd\xe6oc)\xea\xfd\xac\x06oXF\xdb\xd7Lo\xa6\x1b\xfbt\xfc\xed\x96\xd9\xf1\x1c\xd8C>'\xcd\x13\x88\xb0\xcf@\xa6\x99\xda\xfb\xe5R{\xa6\xf3\xcf\x98\xdcEz\x15\xc5?\xda\x9f\x1f'\xd9\x01"
2021-01-11 07:19:07,094 check resp exit
2021-01-11 07:19:07,155 timeout
2021-01-11 07:19:07,155 b'u4%\x1dx\x88\xedB\xec)\xd4\xb0\xfb\xc8b\x84\xa7C\xeb\xdb\x11L\x8dJD\xc9\xc5D\x0b\xb9\x1c\xf9'
2021-01-11 07:19:07,156 cmd send x : 1
2021-01-11 07:19:07,161 prompt
2021-01-11 07:19:07,162 check resp :: cmd : b'u4%\x1dx\x88\xedB\xec)\xd4\xb0\xfb\xc8b\x84\xa7C\xeb\xdb\x11L\x8dJD\xc9\xc5D\x0b\xb9\x1c\xf9'
2021-01-11 07:19:07,162 index : 0 :: resp : b'u4%\x1dx\x88\xedB\xec)\xd4\xb0\xfb\xc8b\x84\xa7C\xeb\xdb\x11L\x8dJD\xc9\xc5D\x0b\xb9\x1c\xf9'
2021-01-11 07:19:07,162 index : 1 :: resp : b"i\x10$;\xb9\xcd\xe6oc)\xea\xfd\xac\x06oXF\xdb\xd7Lo\xa6\x1b\xfbt\xfc\xed\x96\xd9\xf1\x1c\xd8C>'\xcd\x13\x88\xb0\xcf@\xa6\x99\xda\xfb\xe5R{\xa6\xf3\xcf\x98\xdcEz\x15\xc5?\xda\x9f\x1f'\xd9\x01"
2021-01-11 07:19:07,162 check resp exit
2021-01-11 07:19:07,223 timeout
2021-01-11 07:19:07,223 b'\xfe\xab\x8d]\xba\xd2M\x02\xc1?=\xe9\x17\xd3aO\xb0\xc7\xa3\xce1c\x08G\x17 )\xce\xc88\x8b\xc2'
2021-01-11 07:19:07,223 cmd send x : 1
2021-01-11 07:19:07,229 prompt
2021-01-11 07:19:07,229 check resp :: cmd : b'\xfe\xab\x8d]\xba\xd2M\x02\xc1?=\xe9\x17\xd3aO\xb0\xc7\xa3\xce1c\x08G\x17 )\xce\xc88\x8b\xc2'
2021-01-11 07:19:07,230 index : 0 :: resp : b'\xfe\xab\x8d]\xba\xd2M\x02\xc1?=\xe9\x17\xd3aO\xb0\xc7\xa3\xce1c\x08G\x17 )\xce\xc88\x8b\xc2'
2021-01-11 07:19:07,230 index : 1 :: resp : b"i\x10$;\xb9\xcd\xe6oc)\xea\xfd\xac\x06oXF\xdb\xd7Lo\xa6\x1b\xfbt\xfc\xed\x96\xd9\xf1\x1c\xd8C>'\xcd\x13\x88\xb0\xcf@\xa6\x99\xda\xfb\xe5R{\xa6\xf3\xcf\x98\xdcEz\x15\xc5?\xda\x9f\x1f'\xd9\x01"
2021-01-11 07:19:07,230 check resp exit
2021-01-11 07:19:07,290 timeout
2021-01-11 07:19:07,291 b'\x18\xfeh\xaehI\xcf$\xd9Dp\x9f\xa4\x8fL\x84\xc1x\xb6!D\xae@\xeb[s>=\x8b+\xc1\xd8'
2021-01-11 07:19:07,291 cmd send x : 1
2021-01-11 07:19:07,298 prompt
2021-01-11 07:19:07,298 check resp :: cmd : b'\x18\xfeh\xaehI\xcf$\xd9Dp\x9f\xa4\x8fL\x84\xc1x\xb6!D\xae@\xeb[s>=\x8b+\xc1\xd8'
2021-01-11 07:19:07,299 index : 0 :: resp : b'\x18\xfeh\xaehI\xcf$\xd9Dp\x9f\xa4\x8fL\x84\xc1x\xb6!D\xae@\xeb[s>=\x8b+\xc1\xd8'
2021-01-11 07:19:07,299 index : 1 :: resp : b"i\x10$;\xb9\xcd\xe6oc)\xea\xfd\xac\x06oXF\xdb\xd7Lo\xa6\x1b\xfbt\xfc\xed\x96\xd9\xf1\x1c\xd8C>'\xcd\x13\x88\xb0\xcf@\xa6\x99\xda\xfb\xe5R{\xa6\xf3\xcf\x98\xdcEz\x15\xc5?\xda\x9f\x1f'\xd9\x01"
2021-01-11 07:19:07,299 check resp exit
2021-01-11 07:19:07,360 timeout
2021-01-11 07:19:07,360 b"\xe8F[\xf6\x12\xc2C\xa6~)\xef'\xd3\xe6\xbdN\xc1x\xb6!D\xae@\xeb[s>=\x8b+\xc1\xd8"
2021-01-11 07:19:07,360 cmd send x : 1
2021-01-11 07:19:07,366 prompt
2021-01-11 07:19:07,367 check resp :: cmd : b"\xe8F[\xf6\x12\xc2C\xa6~)\xef'\xd3\xe6\xbdN\xc1x\xb6!D\xae@\xeb[s>=\x8b+\xc1\xd8"
2021-01-11 07:19:07,367 index : 0 :: resp : b"\xe8F[\xf6\x12\xc2C\xa6~)\xef'\xd3\xe6\xbdN\xc1x\xb6!D\xae@\xeb[s>=\x8b+\xc1\xd8"
2021-01-11 07:19:07,367 index : 1 :: resp : b"i\x10$;\xb9\xcd\xe6oc)\xea\xfd\xac\x06oXF\xdb\xd7Lo\xa6\x1b\xfbt\xfc\xed\x96\xd9\xf1\x1c\xd8C>'\xcd\x13\x88\xb0\xcf@\xa6\x99\xda\xfb\xe5R{\xa6\xf3\xcf\x98\xdcEz\x15\xc5?\xda\x9f\x1f'\xd9\x01"
2021-01-11 07:19:07,368 check resp exit
2021-01-11 07:19:07,428 timeout
2021-01-11 07:19:07,428 cmd : b'i\x10$;\xb9\xcd\xe6oc)\xea\xfd\xac\x06oXh\x1e^\xbe\xbe:\xa4\xaa\xce\xaf\xd5\x9b\x08\xae\xbf\x83'
2021-01-11 07:19:07,429 b'i\x10$;\xb9\xcd\xe6oc)\xea\xfd\xac\x06oXh\x1e^\xbe\xbe:\xa4\xaa\xce\xaf\xd5\x9b\x08\xae\xbf\x83'
2021-01-11 07:19:07,429 cmd send x : 1
2021-01-11 07:19:08,261 prompt
2021-01-11 07:19:08,261 check resp :: cmd : b'i\x10$;\xb9\xcd\xe6oc)\xea\xfd\xac\x06oXh\x1e^\xbe\xbe:\xa4\xaa\xce\xaf\xd5\x9b\x08\xae\xbf\x83'
2021-01-11 07:19:08,261 index : 0 :: resp : b'i\x10$;\xb9\xcd\xe6oc)\xea\xfd\xac\x06oXh\x1e^\xbe\xbe:\xa4\xaa\xce\xaf\xd5\x9b\x08\xae\xbf\x83'
2021-01-11 07:19:08,262 index : 1 :: resp : b"i\x10$;\xb9\xcd\xe6oc)\xea\xfd\xac\x06oXF\xdb\xd7Lo\xa6\x1b\xfbt\xfc\xed\x96\xd9\xf1\x1c\xd8\xa7b\x96\xfc\x99\xb2\xb2(\x05\\\xe6>s\xf5\xf9\xb3\xa6\xf3\xcf\x98\xdcEz\x15\xc5?\xda\x9f\x1f'\xd9\x01"
2021-01-11 07:19:08,262 check resp exit
2021-01-11 07:19:08,322 timeout
2021-01-11 07:19:08,323 b'\xfe\xab\x8d]\xba\xd2M\x02\xc1?=\xe9\x17\xd3aO\x9c\xb4\x86\x86\xb4\x93\x16=\x0e\xd2a\xac\x81n\xd5,'
2021-01-11 07:19:08,323 cmd send x : 1
2021-01-11 07:19:08,329 prompt
2021-01-11 07:19:08,329 check resp :: cmd : b'\xfe\xab\x8d]\xba\xd2M\x02\xc1?=\xe9\x17\xd3aO\x9c\xb4\x86\x86\xb4\x93\x16=\x0e\xd2a\xac\x81n\xd5,'
2021-01-11 07:19:08,329 index : 0 :: resp : b'\xfe\xab\x8d]\xba\xd2M\x02\xc1?=\xe9\x17\xd3aO\x9c\xb4\x86\x86\xb4\x93\x16=\x0e\xd2a\xac\x81n\xd5,'
2021-01-11 07:19:08,330 index : 1 :: resp : b"i\x10$;\xb9\xcd\xe6oc)\xea\xfd\xac\x06oXF\xdb\xd7Lo\xa6\x1b\xfbt\xfc\xed\x96\xd9\xf1\x1c\xd8\xa7b\x96\xfc\x99\xb2\xb2(\x05\\\xe6>s\xf5\xf9\xb3\xa6\xf3\xcf\x98\xdcEz\x15\xc5?\xda\x9f\x1f'\xd9\x01"
2021-01-11 07:19:08,330 check resp exit
2021-01-11 07:19:08,389 timeout
2021-01-11 07:19:08,390 b'e\x91\xc2\xbbJ~\x02\xceO\x86\xeaB\x11$&\x8f\xa7C\xeb\xdb\x11L\x8dJD\xc9\xc5D\x0b\xb9\x1c\xf9'
2021-01-11 07:19:08,390 cmd send x : 1
2021-01-11 07:19:08,395 prompt
2021-01-11 07:19:08,396 check resp :: cmd : b'e\x91\xc2\xbbJ~\x02\xceO\x86\xeaB\x11$&\x8f\xa7C\xeb\xdb\x11L\x8dJD\xc9\xc5D\x0b\xb9\x1c\xf9'
2021-01-11 07:19:08,396 index : 0 :: resp : b'e\x91\xc2\xbbJ~\x02\xceO\x86\xeaB\x11$&\x8f\xa7C\xeb\xdb\x11L\x8dJD\xc9\xc5D\x0b\xb9\x1c\xf9'
2021-01-11 07:19:08,396 index : 1 :: resp : b"i\x10$;\xb9\xcd\xe6oc)\xea\xfd\xac\x06oXF\xdb\xd7Lo\xa6\x1b\xfbt\xfc\xed\x96\xd9\xf1\x1c\xd8\xa7b\x96\xfc\x99\xb2\xb2(\x05\\\xe6>s\xf5\xf9\xb3\xa6\xf3\xcf\x98\xdcEz\x15\xc5?\xda\x9f\x1f'\xd9\x01"
2021-01-11 07:19:08,396 check resp exit
2021-01-11 07:19:08,457 timeout
2021-01-11 07:19:08,457 b'u4%\x1dx\x88\xedB\xec)\xd4\xb0\xfb\xc8b\x84\xa7C\xeb\xdb\x11L\x8dJD\xc9\xc5D\x0b\xb9\x1c\xf9'
2021-01-11 07:19:08,458 cmd send x : 1
2021-01-11 07:19:08,465 prompt
2021-01-11 07:19:08,466 check resp :: cmd : b'u4%\x1dx\x88\xedB\xec)\xd4\xb0\xfb\xc8b\x84\xa7C\xeb\xdb\x11L\x8dJD\xc9\xc5D\x0b\xb9\x1c\xf9'
2021-01-11 07:19:08,466 index : 0 :: resp : b'u4%\x1dx\x88\xedB\xec)\xd4\xb0\xfb\xc8b\x84\xa7C\xeb\xdb\x11L\x8dJD\xc9\xc5D\x0b\xb9\x1c\xf9'
2021-01-11 07:19:08,466 index : 1 :: resp : b"i\x10$;\xb9\xcd\xe6oc)\xea\xfd\xac\x06oXF\xdb\xd7Lo\xa6\x1b\xfbt\xfc\xed\x96\xd9\xf1\x1c\xd8\xa7b\x96\xfc\x99\xb2\xb2(\x05\\\xe6>s\xf5\xf9\xb3\xa6\xf3\xcf\x98\xdcEz\x15\xc5?\xda\x9f\x1f'\xd9\x01"
2021-01-11 07:19:08,466 check resp exit
2021-01-11 07:19:08,527 timeout
2021-01-11 07:19:08,527 b'\xfe\xab\x8d]\xba\xd2M\x02\xc1?=\xe9\x17\xd3aO]4B\xa5,\x95\xcc\x07q\xe9\x9ew\xbd\xfd\xdb\xb9'
2021-01-11 07:19:08,527 cmd send x : 1
2021-01-11 07:19:08,534 prompt
2021-01-11 07:19:08,534 check resp :: cmd : b'\xfe\xab\x8d]\xba\xd2M\x02\xc1?=\xe9\x17\xd3aO]4B\xa5,\x95\xcc\x07q\xe9\x9ew\xbd\xfd\xdb\xb9'
2021-01-11 07:19:08,535 index : 0 :: resp : b'\xfe\xab\x8d]\xba\xd2M\x02\xc1?=\xe9\x17\xd3aO]4B\xa5,\x95\xcc\x07q\xe9\x9ew\xbd\xfd\xdb\xb9'
2021-01-11 07:19:08,535 index : 1 :: resp : b"i\x10$;\xb9\xcd\xe6oc)\xea\xfd\xac\x06oXF\xdb\xd7Lo\xa6\x1b\xfbt\xfc\xed\x96\xd9\xf1\x1c\xd8\xa7b\x96\xfc\x99\xb2\xb2(\x05\\\xe6>s\xf5\xf9\xb3\xa6\xf3\xcf\x98\xdcEz\x15\xc5?\xda\x9f\x1f'\xd9\x01"
2021-01-11 07:19:08,535 check resp exit
2021-01-11 07:19:08,595 timeout
2021-01-11 07:19:08,596 b'e\x91\xc2\xbbJ~\x02\xceO\x86\xeaB\x11$&\x8f\xa7C\xeb\xdb\x11L\x8dJD\xc9\xc5D\x0b\xb9\x1c\xf9'
2021-01-11 07:19:08,596 cmd send x : 1
2021-01-11 07:19:08,602 prompt
2021-01-11 07:19:08,602 check resp :: cmd : b'e\x91\xc2\xbbJ~\x02\xceO\x86\xeaB\x11$&\x8f\xa7C\xeb\xdb\x11L\x8dJD\xc9\xc5D\x0b\xb9\x1c\xf9'
2021-01-11 07:19:08,603 index : 0 :: resp : b'e\x91\xc2\xbbJ~\x02\xceO\x86\xeaB\x11$&\x8f\xa7C\xeb\xdb\x11L\x8dJD\xc9\xc5D\x0b\xb9\x1c\xf9'
2021-01-11 07:19:08,603 index : 1 :: resp : b"i\x10$;\xb9\xcd\xe6oc)\xea\xfd\xac\x06oXF\xdb\xd7Lo\xa6\x1b\xfbt\xfc\xed\x96\xd9\xf1\x1c\xd8\xa7b\x96\xfc\x99\xb2\xb2(\x05\\\xe6>s\xf5\xf9\xb3\xa6\xf3\xcf\x98\xdcEz\x15\xc5?\xda\x9f\x1f'\xd9\x01"
2021-01-11 07:19:08,603 check resp exit
2021-01-11 07:19:08,664 timeout
2021-01-11 07:19:08,664 b'u4%\x1dx\x88\xedB\xec)\xd4\xb0\xfb\xc8b\x84\xa7C\xeb\xdb\x11L\x8dJD\xc9\xc5D\x0b\xb9\x1c\xf9'
2021-01-11 07:19:08,664 cmd send x : 1
2021-01-11 07:19:08,670 prompt
2021-01-11 07:19:08,670 check resp :: cmd : b'u4%\x1dx\x88\xedB\xec)\xd4\xb0\xfb\xc8b\x84\xa7C\xeb\xdb\x11L\x8dJD\xc9\xc5D\x0b\xb9\x1c\xf9'
2021-01-11 07:19:08,671 index : 0 :: resp : b'u4%\x1dx\x88\xedB\xec)\xd4\xb0\xfb\xc8b\x84\xa7C\xeb\xdb\x11L\x8dJD\xc9\xc5D\x0b\xb9\x1c\xf9'
2021-01-11 07:19:08,671 index : 1 :: resp : b"i\x10$;\xb9\xcd\xe6oc)\xea\xfd\xac\x06oXF\xdb\xd7Lo\xa6\x1b\xfbt\xfc\xed\x96\xd9\xf1\x1c\xd8\xa7b\x96\xfc\x99\xb2\xb2(\x05\\\xe6>s\xf5\xf9\xb3\xa6\xf3\xcf\x98\xdcEz\x15\xc5?\xda\x9f\x1f'\xd9\x01"
2021-01-11 07:19:08,671 check resp exit
2021-01-11 07:19:08,722 timeout
2021-01-11 07:19:08,723 b'\xfe\xab\x8d]\xba\xd2M\x02\xc1?=\xe9\x17\xd3aO\xbe\rwr\xd6\x08\xd7h\x84\xe6\x02\xae\x10\xbc\xa6M'
2021-01-11 07:19:08,723 cmd send x : 1
2021-01-11 07:19:08,728 prompt
2021-01-11 07:19:08,729 check resp :: cmd : b'\xfe\xab\x8d]\xba\xd2M\x02\xc1?=\xe9\x17\xd3aO\xbe\rwr\xd6\x08\xd7h\x84\xe6\x02\xae\x10\xbc\xa6M'
2021-01-11 07:19:08,729 index : 0 :: resp : b'\xfe\xab\x8d]\xba\xd2M\x02\xc1?=\xe9\x17\xd3aO\xbe\rwr\xd6\x08\xd7h\x84\xe6\x02\xae\x10\xbc\xa6M'
2021-01-11 07:19:08,729 index : 1 :: resp : b"i\x10$;\xb9\xcd\xe6oc)\xea\xfd\xac\x06oXF\xdb\xd7Lo\xa6\x1b\xfbt\xfc\xed\x96\xd9\xf1\x1c\xd8\xa7b\x96\xfc\x99\xb2\xb2(\x05\\\xe6>s\xf5\xf9\xb3\xa6\xf3\xcf\x98\xdcEz\x15\xc5?\xda\x9f\x1f'\xd9\x01"
2021-01-11 07:19:08,730 check resp exit
2021-01-11 07:19:08,785 timeout
2021-01-11 07:19:08,785 b'e\x91\xc2\xbbJ~\x02\xceO\x86\xeaB\x11$&\x8f\xa7C\xeb\xdb\x11L\x8dJD\xc9\xc5D\x0b\xb9\x1c\xf9'
2021-01-11 07:19:08,786 cmd send x : 1
2021-01-11 07:19:08,791 prompt
2021-01-11 07:19:08,792 check resp :: cmd : b'e\x91\xc2\xbbJ~\x02\xceO\x86\xeaB\x11$&\x8f\xa7C\xeb\xdb\x11L\x8dJD\xc9\xc5D\x0b\xb9\x1c\xf9'
2021-01-11 07:19:08,792 index : 0 :: resp : b'e\x91\xc2\xbbJ~\x02\xceO\x86\xeaB\x11$&\x8f\xa7C\xeb\xdb\x11L\x8dJD\xc9\xc5D\x0b\xb9\x1c\xf9'
2021-01-11 07:19:08,792 index : 1 :: resp : b"i\x10$;\xb9\xcd\xe6oc)\xea\xfd\xac\x06oXF\xdb\xd7Lo\xa6\x1b\xfbt\xfc\xed\x96\xd9\xf1\x1c\xd8\xa7b\x96\xfc\x99\xb2\xb2(\x05\\\xe6>s\xf5\xf9\xb3\xa6\xf3\xcf\x98\xdcEz\x15\xc5?\xda\x9f\x1f'\xd9\x01"
2021-01-11 07:19:08,792 check resp exit
2021-01-11 07:19:08,846 timeout
2021-01-11 07:19:08,846 b'u4%\x1dx\x88\xedB\xec)\xd4\xb0\xfb\xc8b\x84\xa7C\xeb\xdb\x11L\x8dJD\xc9\xc5D\x0b\xb9\x1c\xf9'
2021-01-11 07:19:08,847 cmd send x : 1
2021-01-11 07:19:08,852 prompt
2021-01-11 07:19:08,853 check resp :: cmd : b'u4%\x1dx\x88\xedB\xec)\xd4\xb0\xfb\xc8b\x84\xa7C\xeb\xdb\x11L\x8dJD\xc9\xc5D\x0b\xb9\x1c\xf9'
2021-01-11 07:19:08,853 index : 0 :: resp : b'u4%\x1dx\x88\xedB\xec)\xd4\xb0\xfb\xc8b\x84\xa7C\xeb\xdb\x11L\x8dJD\xc9\xc5D\x0b\xb9\x1c\xf9'
2021-01-11 07:19:08,853 index : 1 :: resp : b"i\x10$;\xb9\xcd\xe6oc)\xea\xfd\xac\x06oXF\xdb\xd7Lo\xa6\x1b\xfbt\xfc\xed\x96\xd9\xf1\x1c\xd8\xa7b\x96\xfc\x99\xb2\xb2(\x05\\\xe6>s\xf5\xf9\xb3\xa6\xf3\xcf\x98\xdcEz\x15\xc5?\xda\x9f\x1f'\xd9\x01"
2021-01-11 07:19:08,853 check resp exit
2021-01-11 07:19:08,913 timeout
2021-01-11 07:19:08,913 b'\xfe\xab\x8d]\xba\xd2M\x02\xc1?=\xe9\x17\xd3aO\xb0\xc7\xa3\xce1c\x08G\x17 )\xce\xc88\x8b\xc2'
2021-01-11 07:19:08,914 cmd send x : 1
2021-01-11 07:19:08,919 prompt
2021-01-11 07:19:08,919 check resp :: cmd : b'\xfe\xab\x8d]\xba\xd2M\x02\xc1?=\xe9\x17\xd3aO\xb0\xc7\xa3\xce1c\x08G\x17 )\xce\xc88\x8b\xc2'
2021-01-11 07:19:08,920 index : 0 :: resp : b'\xfe\xab\x8d]\xba\xd2M\x02\xc1?=\xe9\x17\xd3aO\xb0\xc7\xa3\xce1c\x08G\x17 )\xce\xc88\x8b\xc2'
2021-01-11 07:19:08,920 index : 1 :: resp : b"i\x10$;\xb9\xcd\xe6oc)\xea\xfd\xac\x06oXF\xdb\xd7Lo\xa6\x1b\xfbt\xfc\xed\x96\xd9\xf1\x1c\xd8\xa7b\x96\xfc\x99\xb2\xb2(\x05\\\xe6>s\xf5\xf9\xb3\xa6\xf3\xcf\x98\xdcEz\x15\xc5?\xda\x9f\x1f'\xd9\x01"
2021-01-11 07:19:08,920 check resp exit
2021-01-11 07:19:08,980 timeout
2021-01-11 07:19:08,981 b'\x18\xfeh\xaehI\xcf$\xd9Dp\x9f\xa4\x8fL\x84\xc1x\xb6!D\xae@\xeb[s>=\x8b+\xc1\xd8'
2021-01-11 07:19:08,981 cmd send x : 1
2021-01-11 07:19:08,987 prompt
2021-01-11 07:19:08,987 check resp :: cmd : b'\x18\xfeh\xaehI\xcf$\xd9Dp\x9f\xa4\x8fL\x84\xc1x\xb6!D\xae@\xeb[s>=\x8b+\xc1\xd8'
2021-01-11 07:19:08,987 index : 0 :: resp : b'\x18\xfeh\xaehI\xcf$\xd9Dp\x9f\xa4\x8fL\x84\xc1x\xb6!D\xae@\xeb[s>=\x8b+\xc1\xd8'
2021-01-11 07:19:08,988 index : 1 :: resp : b"i\x10$;\xb9\xcd\xe6oc)\xea\xfd\xac\x06oXF\xdb\xd7Lo\xa6\x1b\xfbt\xfc\xed\x96\xd9\xf1\x1c\xd8\xa7b\x96\xfc\x99\xb2\xb2(\x05\\\xe6>s\xf5\xf9\xb3\xa6\xf3\xcf\x98\xdcEz\x15\xc5?\xda\x9f\x1f'\xd9\x01"
2021-01-11 07:19:08,988 check resp exit
2021-01-11 07:19:09,039 timeout
2021-01-11 07:19:09,039 b"\xe8F[\xf6\x12\xc2C\xa6~)\xef'\xd3\xe6\xbdN\xc1x\xb6!D\xae@\xeb[s>=\x8b+\xc1\xd8"
2021-01-11 07:19:09,039 cmd send x : 1
2021-01-11 07:19:09,045 prompt
2021-01-11 07:19:09,045 check resp :: cmd : b"\xe8F[\xf6\x12\xc2C\xa6~)\xef'\xd3\xe6\xbdN\xc1x\xb6!D\xae@\xeb[s>=\x8b+\xc1\xd8"
2021-01-11 07:19:09,045 index : 0 :: resp : b"\xe8F[\xf6\x12\xc2C\xa6~)\xef'\xd3\xe6\xbdN\xc1x\xb6!D\xae@\xeb[s>=\x8b+\xc1\xd8"
2021-01-11 07:19:09,046 index : 1 :: resp : b"i\x10$;\xb9\xcd\xe6oc)\xea\xfd\xac\x06oXF\xdb\xd7Lo\xa6\x1b\xfbt\xfc\xed\x96\xd9\xf1\x1c\xd8\xa7b\x96\xfc\x99\xb2\xb2(\x05\\\xe6>s\xf5\xf9\xb3\xa6\xf3\xcf\x98\xdcEz\x15\xc5?\xda\x9f\x1f'\xd9\x01"
2021-01-11 07:19:09,046 check resp exit
2021-01-11 07:19:09,108 timeout
2021-01-11 07:19:09,108 cmd : b'i\x10$;\xb9\xcd\xe6oc)\xea\xfd\xac\x06oX}\xda<\xc3\xc1Zb\xac\xe4.}\xdf\xc7b\xd5oS\xa31U3\x1d\x15\x18\x8d\x17\xd1]\x93\x88I\xc5\xc1\xf8\xc0\xdd\xaa.\x0e\xe8\xc5hD\n\xc7]\xea\x0f'
2021-01-11 07:19:09,109 b'i\x10$;\xb9\xcd\xe6oc)\xea\xfd\xac\x06oX}\xda<\xc3\xc1Zb\xac\xe4.}\xdf\xc7b\xd5oS\xa31U3\x1d\x15\x18\x8d\x17\xd1]\x93\x88I\xc5\xc1\xf8\xc0\xdd\xaa.\x0e\xe8\xc5hD\n\xc7]\xea\x0f'
2021-01-11 07:19:09,109 cmd send x : 1
2021-01-11 07:19:09,114 prompt
2021-01-11 07:19:09,114 check resp :: cmd : b'i\x10$;\xb9\xcd\xe6oc)\xea\xfd\xac\x06oX}\xda<\xc3\xc1Zb\xac\xe4.}\xdf\xc7b\xd5oS\xa31U3\x1d\x15\x18\x8d\x17\xd1]\x93\x88I\xc5\xc1\xf8\xc0\xdd\xaa.\x0e\xe8\xc5hD\n\xc7]\xea\x0f'
2021-01-11 07:19:09,114 index : 0 :: resp : b'i\x10$;\xb9\xcd\xe6oc)\xea\xfd\xac\x06oX\xd4\x08\xdb\x85\x18\xb8\xd3&\n\x88\xd5\x10\x8b\x1bE\x86\xf3\xc6\xe02\xeb\xd6\x1f\x14i\xcd\x07\xe2\x99it\x958\x94\x80I\x8f\x0c\x90\x8c\x94:\xe8\x82\x8e.\x02\xf7'
2021-01-11 07:19:09,114 index : 1 :: resp : b''
2021-01-11 07:19:09,115 index : 2 :: resp : b'i\x10$;\xb9\xcd\xe6oc)\xea\xfd\xac\x06oXs\xf8\xbf\xaeaSw~\xcbQ\xe3\n\x81\xffl\x01P\xa29gJS\xbc\xc9\xc7g"\xebNE\xd8@y\xc5\xc6S\x1e^&\xcdp\xf23\x00\xfe+\xd8\xc3s\x02\x9b\x98\xe3\xf1=PH\xb5,Z;\xf6\x08}GX3>\xd86\x01\x8e\xe5\x0e\'\x0b\x12\x87v:'
2021-01-11 07:19:09,115 index : 3 :: resp : b'i\x10$;\xb9\xcd\xe6oc)\xea\xfd\xac\x06oX\xd2\xe4\xd88r\x8a\x1a\xdb\xccX\x15\x80\xac\xb6&\x16\xbf\x07\xdb \xab\rk\xa1\x0f\xfa\xbd\xfd\xc2\xb8\x8f\xcef\xb8\xc3|\xce\x07o\xb0W\x07Z\\|\xe5\x10\xfa'
2021-01-11 07:19:09,115 index : 4 :: resp : b"i\x10$;\xb9\xcd\xe6oc)\xea\xfd\xac\x06oXF\xdb\xd7Lo\xa6\x1b\xfbt\xfc\xed\x96\xd9\xf1\x1c\xd8C>'\xcd\x13\x88\xb0\xcf@\xa6\x99\xda\xfb\xe5R{\xa6\xf3\xcf\x98\xdcEz\x15\xc5?\xda\x9f\x1f'\xd9\x01"
2021-01-11 07:19:09,115 check resp exit
2021-01-11 07:19:09,116 node1 :: lat:0.000000 long:0.000000
2021-01-11 07:19:09,177 timeout
2021-01-11 07:19:09,177 cmd : b'i\x10$;\xb9\xcd\xe6oc)\xea\xfd\xac\x06oX}\xda<\xc3\xc1Zb\xac\xe4.}\xdf\xc7b\xd5oS\xa31U3\x1d\x15\x18\x8d\x17\xd1]\x93\x88I\xc5\xc1\xf8\xc0\xdd\xaa.\x0e\xe8\xc5hD\n\xc7]\xea\x0f'
2021-01-11 07:19:09,177 b'i\x10$;\xb9\xcd\xe6oc)\xea\xfd\xac\x06oX}\xda<\xc3\xc1Zb\xac\xe4.}\xdf\xc7b\xd5oS\xa31U3\x1d\x15\x18\x8d\x17\xd1]\x93\x88I\xc5\xc1\xf8\xc0\xdd\xaa.\x0e\xe8\xc5hD\n\xc7]\xea\x0f'
2021-01-11 07:19:09,178 cmd send x : 1
2021-01-11 07:19:09,182 prompt
2021-01-11 07:19:09,182 check resp :: cmd : b'i\x10$;\xb9\xcd\xe6oc)\xea\xfd\xac\x06oX}\xda<\xc3\xc1Zb\xac\xe4.}\xdf\xc7b\xd5oS\xa31U3\x1d\x15\x18\x8d\x17\xd1]\x93\x88I\xc5\xc1\xf8\xc0\xdd\xaa.\x0e\xe8\xc5hD\n\xc7]\xea\x0f'
2021-01-11 07:19:09,183 index : 0 :: resp : b'i\x10$;\xb9\xcd\xe6oc)\xea\xfd\xac\x06oX\xd4\x08\xdb\x85\x18\xb8\xd3&\n\x88\xd5\x10\x8b\x1bE\x86\xf3\xc6\xe02\xeb\xd6\x1f\x14i\xcd\x07\xe2\x99it\x958\x94\x80I\x8f\x0c\x90\x8c\x94:\xe8\x82\x8e.\x02\xf7'
2021-01-11 07:19:09,183 index : 1 :: resp : b''
2021-01-11 07:19:09,183 index : 2 :: resp : b'\x89\x85\xf6C7\xbc1\xf7\xe1 \x0b\x87{\xa1\xfc\xf1u\x9c\x08\xdaX}Q\x85\xd5\x8f\x7f\x13\x98c\xfaY\x12+O\x83e^\x1e ZN\xf5\xa20\xf6X\x0e\x13G\x99\xd5(\x86h\x08Z\xb9\x12x\x94\x1e,p\xd1\x1a*fQ\xa2\xd8\xd3u\xf8.;}5(7<\x08\xc2^N\xd2\xb8\xf1\x14\xc9N\xe5e\xe14\xa0'
2021-01-11 07:19:09,183 index : 3 :: resp : b'i\x10$;\xb9\xcd\xe6oc)\xea\xfd\xac\x06oX\xd2\xe4\xd88r\x8a\x1a\xdb\xccX\x15\x80\xac\xb6&\x16\xbf\x07\xdb \xab\rk\xa1\x0f\xfa\xbd\xfd\xc2\xb8\x8f\xcef\xb8\xc3|\xce\x07o\xb0W\x07Z\\|\xe5\x10\xfa'
2021-01-11 07:19:09,184 index : 4 :: resp : b"i\x10$;\xb9\xcd\xe6oc)\xea\xfd\xac\x06oXF\xdb\xd7Lo\xa6\x1b\xfbt\xfc\xed\x96\xd9\xf1\x1c\xd8\xa7b\x96\xfc\x99\xb2\xb2(\x05\\\xe6>s\xf5\xf9\xb3\xa6\xf3\xcf\x98\xdcEz\x15\xc5?\xda\x9f\x1f'\xd9\x01"
2021-01-11 07:19:09,184 check resp exit
2021-01-11 07:19:09,184 node2 :: lat:55.833645 long:-72.323807
2021-01-11 07:19:09,184 Wrote GPS information to: Results/sweep_20210111_0718/gps_info.csv
2021-01-11 07:19:09,184 

Beam sweep starting...
2021-01-11 07:19:09,245 timeout
2021-01-11 07:19:09,245 cmd : b'i\x10$;\xb9\xcd\xe6oc)\xea\xfd\xac\x06oXH\xcf\xb7j\xaa\x1c0\xb4$\rH\x9b\xc5x\x80X\xa6\xe8\x12]\xa0\xc0rSMT\xf2\x8e_(_W\xf9\xd1Z\x93\x98\x025Z\xe8\x173\r\xf9\x9e\t\xc8'
2021-01-11 07:19:09,246 b'i\x10$;\xb9\xcd\xe6oc)\xea\xfd\xac\x06oXH\xcf\xb7j\xaa\x1c0\xb4$\rH\x9b\xc5x\x80X\xa6\xe8\x12]\xa0\xc0rSMT\xf2\x8e_(_W\xf9\xd1Z\x93\x98\x025Z\xe8\x173\r\xf9\x9e\t\xc8'
2021-01-11 07:19:09,246 cmd send x : 1
2021-01-11 07:19:09,249 prompt
2021-01-11 07:19:09,249 check resp :: cmd : b'i\x10$;\xb9\xcd\xe6oc)\xea\xfd\xac\x06oXH\xcf\xb7j\xaa\x1c0\xb4$\rH\x9b\xc5x\x80X\xa6\xe8\x12]\xa0\xc0rSMT\xf2\x8e_(_W\xf9\xd1Z\x93\x98\x025Z\xe8\x173\r\xf9\x9e\t\xc8'
2021-01-11 07:19:09,250 index : 0 :: resp : b'i\x10$;\xb9\xcd\xe6oc)\xea\xfd\xac\x06oX}\xdf\x14N\r]\x1b\xed\x90S\xe7va\x12\xb6\xdc\xc5]1\xa9UQ\x89\x02\xb9\x84\xf1\x14a\x02\xa0\xa3\x1bG\xa4\xd2\xae\xdb\xfccu\x01>\xddF\xea\xd0\x9a'
2021-01-11 07:19:09,250 index : 1 :: resp : b'i\x10$;\xb9\xcd\xe6oc)\xea\xfd\xac\x06oX\xf3gB\x99\xe4b\x88\x9b\x9e\xf5^\xe0L\x18S^'
2021-01-11 07:19:09,250 index : 2 :: resp : b"i\x10$;\xb9\xcd\xe6oc)\xea\xfd\xac\x06oXF\xdb\xd7Lo\xa6\x1b\xfbt\xfc\xed\x96\xd9\xf1\x1c\xd8C>'\xcd\x13\x88\xb0\xcf@\xa6\x99\xda\xfb\xe5R{\xa6\xf3\xcf\x98\xdcEz\x15\xc5?\xda\x9f\x1f'\xd9\x01"
2021-01-11 07:19:09,250 check resp exit
2021-01-11 07:19:09,311 timeout
2021-01-11 07:19:09,311 cmd : b'\x109\x9a\xa0\x83\xa7\xbb\xe9\xe9\xf3T\xb7w\xda\xbf\xe1\xfb\xd2\xab\x84_)~kc\xa9\x9fO)\x93i@'
2021-01-11 07:19:09,311 b'\x109\x9a\xa0\x83\xa7\xbb\xe9\xe9\xf3T\xb7w\xda\xbf\xe1\xfb\xd2\xab\x84_)~kc\xa9\x9fO)\x93i@'
2021-01-11 07:19:09,312 cmd send x : 1
2021-01-11 07:19:09,375 prompt
2021-01-11 07:19:09,376 check resp :: cmd : b'\x109\x9a\xa0\x83\xa7\xbb\xe9\xe9\xf3T\xb7w\xda\xbf\xe1\xfb\xd2\xab\x84_)~kc\xa9\x9fO)\x93i@'
2021-01-11 07:19:09,376 index : 0 :: resp : b'\x109\x9a\xa0\x83\xa7\xbb\xe9\xe9\xf3T\xb7w\xda\xbf\xe1\xfb\xd2\xab\x84_)~kc\xa9\x9fO)\x93i@'
2021-01-11 07:19:09,376 index : 1 :: resp : b'+~\xc4\xe4\x01\x91\x17\xfej\x96O\xfe \xf6\xcd[\xcd@*\xdf\x8f2$\xe5\xc8! \x99\xc7z&p\xecy\xac\xealb\xd5n\xa1\xd3\xc6\x90<\xf34\xa5L\xd6\xce\x00\xfc}\xb0\x8f\xdc\xd6o|\xcek\xe2\x85\n_\xd8S\x19\xad\x99\xf3c\xaa\xea\xfc\xeb\x82\n\x9d\x88j \xe3\xce\x93\xad\x1c\x92\xe4)M\xfd@\xf8\xb1\x94p*\xf1?\xff3{TvF\x009\'A3\xf6\x81c"\x1c\xf1\xab\xbd\xc2\xe1w\xd6i\xba\x15\x01'
2021-01-11 07:19:09,376 index : 2 :: resp : b'i\x10$;\xb9\xcd\xe6oc)\xea\xfd\xac\x06oX\xf8\x06\x17Ofr\x82pF\xadC\xa9r\xb6\xcb/\x0eT\x0fhU\xfe6\xd4\xb5-Y\xef\xb3\xfb\xab\x85u=\x8d\x00\xb6\x98\xa1\x8f\xd5L\xdc-SH\x06\xd8f\xbb\x83\xd9n\xe5\xc9\x84\xc0\xdb\x8d\x15\xc2{\x97SWp\xb0\x96\x1dj\xfb\xf1\xa6P\x0e~\xceM\x97\xf9'
2021-01-11 07:19:09,377 index : 3 :: resp : b"i\x10$;\xb9\xcd\xe6oc)\xea\xfd\xac\x06oXF\xdb\xd7Lo\xa6\x1b\xfbt\xfc\xed\x96\xd9\xf1\x1c\xd8C>'\xcd\x13\x88\xb0\xcf@\xa6\x99\xda\xfb\xe5R{\xa6\xf3\xcf\x98\xdcEz\x15\xc5?\xda\x9f\x1f'\xd9\x01"
2021-01-11 07:19:09,377 check resp exit
2021-01-11 07:19:09,377 node1 pkteng process id: 11491
2021-01-11 07:19:09,438 timeout
2021-01-11 07:19:09,438 cmd : b'\xae\xff\xe2\x1b<\xcb\x8cl\xf96\xe0\x086zs\x0e\xe9O\x0cXQU\x81=\x06\xc6V\x8f\x1c\xdc\xc8\xaf'
2021-01-11 07:19:09,438 b'\xae\xff\xe2\x1b<\xcb\x8cl\xf96\xe0\x086zs\x0e\xe9O\x0cXQU\x81=\x06\xc6V\x8f\x1c\xdc\xc8\xaf'
2021-01-11 07:19:09,438 cmd send x : 1
2021-01-11 07:19:09,669 prompt
2021-01-11 07:19:09,669 check resp :: cmd : b'\xae\xff\xe2\x1b<\xcb\x8cl\xf96\xe0\x086zs\x0e\xe9O\x0cXQU\x81=\x06\xc6V\x8f\x1c\xdc\xc8\xaf'
2021-01-11 07:19:09,670 index : 0 :: resp : b'\xae\xff\xe2\x1b<\xcb\x8cl\xf96\xe0\x086zs\x0e\xe9O\x0cXQU\x81=\x06\xc6V\x8f\x1c\xdc\xc8\xaf'
2021-01-11 07:19:09,670 index : 1 :: resp : b"l\x94\x0c\xee\xa2\x90\xd9;\xa6\xd5\x01\xc2\xcd\x8f\x9b\xf1hMv\xe5\xe3\x9e\xbd\x057:\\\xa8\xb5u\xee\xda\xe3\xb7\xcf{\xf1'te4\xd1,\xf5'\x1b\xe2\x83\xecQs\x12\x1e\xf9d,[\xfd\xb6\x13\xa0\xe7\xb3\xb8"
2021-01-11 07:19:09,670 index : 2 :: resp : b'\xb0$\n\xfa62=\xcc\xdcl\x81\xac\x8fnsv\x19\x995\xde\xe8\xcas\x88\xe6\xfb9\x0f\xa2\x8d\xc5\xd6'
2021-01-11 07:19:09,670 index : 3 :: resp : b"i\x10$;\xb9\xcd\xe6oc)\xea\xfd\xac\x06oXF\xdb\xd7Lo\xa6\x1b\xfbt\xfc\xed\x96\xd9\xf1\x1c\xd8\xa7b\x96\xfc\x99\xb2\xb2(\x05\\\xe6>s\xf5\xf9\xb3\xa6\xf3\xcf\x98\xdcEz\x15\xc5?\xda\x9f\x1f'\xd9\x01"
2021-01-11 07:19:09,670 check resp exit
2021-01-11 07:19:09,671 Internal Tx gain index mapping 25->6
2021-01-11 07:19:09,731 timeout
2021-01-11 07:19:09,732 b'F\xe9\xd95\x92<N\x85\x91h\xa5J\xac\xfe&koG\x1fcS\xd7\xac\xca\xc7%\xcfS\xaai\xca\x13'
2021-01-11 07:19:09,732 cmd send x : 1
2021-01-11 07:19:09,738 prompt
2021-01-11 07:19:09,738 check resp :: cmd : b'F\xe9\xd95\x92<N\x85\x91h\xa5J\xac\xfe&koG\x1fcS\xd7\xac\xca\xc7%\xcfS\xaai\xca\x13'
2021-01-11 07:19:09,738 index : 0 :: resp : b'\xa2B\xb3\xf3\x82~}<UW\xf0\xed\xca\x8b:\xb8\xb3\t\xc5\x9f\x14<\xdc\xb3\xc5\xb3;?o\xf8\\r\xb6\xa7\x08B\xcf\xce;\xd2\xe5SH\xcf\x88\xc0\xee\xe7\xe1s\x0e\xc9\x1c\xef\xdeU\x92\xe3\xc8\x02\xb3I(wx#s@D\xa0:+BS;\xb9}\xcf\xa6\xc3\x06\xfa\xcf\x07\x0c\xc8\x0b*\xb2,\xe7I\x82C\x131'
2021-01-11 07:19:09,738 index : 1 :: resp : b'F\xe9\xd95\x92<N\x85\x91h\xa5J\xac\xfe&koG\x1fcS\xd7\xac\xca\xc7%\xcfS\xaai\xca\x13'
2021-01-11 07:19:09,739 index : 2 :: resp : b"i\x10$;\xb9\xcd\xe6oc)\xea\xfd\xac\x06oXF\xdb\xd7Lo\xa6\x1b\xfbt\xfc\xed\x96\xd9\xf1\x1c\xd8C>'\xcd\x13\x88\xb0\xcf@\xa6\x99\xda\xfb\xe5R{\xa6\xf3\xcf\x98\xdcEz\x15\xc5?\xda\x9f\x1f'\xd9\x01"
2021-01-11 07:19:09,739 check resp exit
2021-01-11 07:19:09,795 timeout
2021-01-11 07:19:09,796 b'ef|1E\x14\xb2\x06 \x19;-\xed\xd2P\x130\xa8k_Pd\xb5\xd7_#\x8c\r2\x1c\xa9\xf5'
2021-01-11 07:19:09,796 cmd send x : 1
2021-01-11 07:19:09,801 prompt
2021-01-11 07:19:09,802 check resp :: cmd : b'ef|1E\x14\xb2\x06 \x19;-\xed\xd2P\x130\xa8k_Pd\xb5\xd7_#\x8c\r2\x1c\xa9\xf5'
2021-01-11 07:19:09,802 index : 0 :: resp : b'ef|1E\x14\xb2\x06 \x19;-\xed\xd2P\x130\xa8k_Pd\xb5\xd7_#\x8c\r2\x1c\xa9\xf5'
2021-01-11 07:19:09,802 index : 1 :: resp : b"i\x10$;\xb9\xcd\xe6oc)\xea\xfd\xac\x06oXF\xdb\xd7Lo\xa6\x1b\xfbt\xfc\xed\x96\xd9\xf1\x1c\xd8C>'\xcd\x13\x88\xb0\xcf@\xa6\x99\xda\xfb\xe5R{\xa6\xf3\xcf\x98\xdcEz\x15\xc5?\xda\x9f\x1f'\xd9\x01"
2021-01-11 07:19:09,803 check resp exit
2021-01-11 07:19:09,863 timeout
2021-01-11 07:19:09,864 b'\xfe\xab\x8d]\xba\xd2M\x02\xc1?=\xe9\x17\xd3aO\xb0\xc7\xa3\xce1c\x08G\x17 )\xce\xc88\x8b\xc2'
2021-01-11 07:19:09,864 cmd send x : 1
2021-01-11 07:19:09,869 prompt
2021-01-11 07:19:09,870 check resp :: cmd : b'\xfe\xab\x8d]\xba\xd2M\x02\xc1?=\xe9\x17\xd3aO\xb0\xc7\xa3\xce1c\x08G\x17 )\xce\xc88\x8b\xc2'
2021-01-11 07:19:09,870 index : 0 :: resp : b'\xfe\xab\x8d]\xba\xd2M\x02\xc1?=\xe9\x17\xd3aO\xb0\xc7\xa3\xce1c\x08G\x17 )\xce\xc88\x8b\xc2'
2021-01-11 07:19:09,871 index : 1 :: resp : b"i\x10$;\xb9\xcd\xe6oc)\xea\xfd\xac\x06oXF\xdb\xd7Lo\xa6\x1b\xfbt\xfc\xed\x96\xd9\xf1\x1c\xd8C>'\xcd\x13\x88\xb0\xcf@\xa6\x99\xda\xfb\xe5R{\xa6\xf3\xcf\x98\xdcEz\x15\xc5?\xda\x9f\x1f'\xd9\x01"
2021-01-11 07:19:09,871 check resp exit
2021-01-11 07:19:09,931 timeout
2021-01-11 07:19:09,932 b'F\xe9\xd95\x92<N\x85\x91h\xa5J\xac\xfe&koG\x1fcS\xd7\xac\xca\xc7%\xcfS\xaai\xca\x13'
2021-01-11 07:19:09,932 cmd send x : 1
2021-01-11 07:19:09,937 prompt
2021-01-11 07:19:09,938 check resp :: cmd : b'F\xe9\xd95\x92<N\x85\x91h\xa5J\xac\xfe&koG\x1fcS\xd7\xac\xca\xc7%\xcfS\xaai\xca\x13'
2021-01-11 07:19:09,938 index : 0 :: resp : b'F\xe9\xd95\x92<N\x85\x91h\xa5J\xac\xfe&koG\x1fcS\xd7\xac\xca\xc7%\xcfS\xaai\xca\x13'
2021-01-11 07:19:09,938 index : 1 :: resp : b"i\x10$;\xb9\xcd\xe6oc)\xea\xfd\xac\x06oXF\xdb\xd7Lo\xa6\x1b\xfbt\xfc\xed\x96\xd9\xf1\x1c\xd8C>'\xcd\x13\x88\xb0\xcf@\xa6\x99\xda\xfb\xe5R{\xa6\xf3\xcf\x98\xdcEz\x15\xc5?\xda\x9f\x1f'\xd9\x01"
2021-01-11 07:19:09,938 check resp exit
2021-01-11 07:19:09,999 timeout
2021-01-11 07:19:09,999 b'\xfe\xab\x8d]\xba\xd2M\x02\xc1?=\xe9\x17\xd3aO\xd0\x90\xf8\xc44\x12\x15\xc1\xac\xe8\x17\xb0\xb2q\xa4\xfa'
2021-01-11 07:19:10,000 cmd send x : 1
2021-01-11 07:19:10,005 prompt
2021-01-11 07:19:10,006 check resp :: cmd : b'\xfe\xab\x8d]\xba\xd2M\x02\xc1?=\xe9\x17\xd3aO\xd0\x90\xf8\xc44\x12\x15\xc1\xac\xe8\x17\xb0\xb2q\xa4\xfa'
2021-01-11 07:19:10,006 index : 0 :: resp : b'\xfe\xab\x8d]\xba\xd2M\x02\xc1?=\xe9\x17\xd3aO\xd0\x90\xf8\xc44\x12\x15\xc1\xac\xe8\x17\xb0\xb2q\xa4\xfa'
2021-01-11 07:19:10,006 index : 1 :: resp : b"i\x10$;\xb9\xcd\xe6oc)\xea\xfd\xac\x06oXF\xdb\xd7Lo\xa6\x1b\xfbt\xfc\xed\x96\xd9\xf1\x1c\xd8C>'\xcd\x13\x88\xb0\xcf@\xa6\x99\xda\xfb\xe5R{\xa6\xf3\xcf\x98\xdcEz\x15\xc5?\xda\x9f\x1f'\xd9\x01"
2021-01-11 07:19:10,006 check resp exit
2021-01-11 07:19:10,067 timeout
2021-01-11 07:19:10,067 b'\xfe\xab\x8d]\xba\xd2M\x02\xc1?=\xe9\x17\xd3aO\xb0\xc7\xa3\xce1c\x08G\x17 )\xce\xc88\x8b\xc2'
2021-01-11 07:19:10,067 cmd send x : 1
2021-01-11 07:19:10,073 prompt
2021-01-11 07:19:10,074 check resp :: cmd : b'\xfe\xab\x8d]\xba\xd2M\x02\xc1?=\xe9\x17\xd3aO\xb0\xc7\xa3\xce1c\x08G\x17 )\xce\xc88\x8b\xc2'
2021-01-11 07:19:10,074 index : 0 :: resp : b'\xfe\xab\x8d]\xba\xd2M\x02\xc1?=\xe9\x17\xd3aO\xb0\xc7\xa3\xce1c\x08G\x17 )\xce\xc88\x8b\xc2'
2021-01-11 07:19:10,074 index : 1 :: resp : b"i\x10$;\xb9\xcd\xe6oc)\xea\xfd\xac\x06oXF\xdb\xd7Lo\xa6\x1b\xfbt\xfc\xed\x96\xd9\xf1\x1c\xd8C>'\xcd\x13\x88\xb0\xcf@\xa6\x99\xda\xfb\xe5R{\xa6\xf3\xcf\x98\xdcEz\x15\xc5?\xda\x9f\x1f'\xd9\x01"
2021-01-11 07:19:10,074 check resp exit
2021-01-11 07:19:10,135 timeout
2021-01-11 07:19:10,135 b'ef|1E\x14\xb2\x06 \x19;-\xed\xd2P\x13W\xfb\xff)\xb2\xd6\x02\xc1Y\x99\x04\xb3\x03{\x8a\xc5'
2021-01-11 07:19:10,136 query send : 1
2021-01-11 07:19:10,141 prompt
2021-01-11 07:19:10,141 got response: b'%;\xfbG\xb9%\xed/(\xef"\x11LC\xbd\x19\xd1\xfe\xa3V\xbc\xc2\xe1\xf1YC\x06\xa5\xc9d\x83\x05\x937Tw\x95\x02\xc9\xf8\x92\xc1\xa0\xca~r\xad\xa7sp*R\xc4\x86O\xe8\xef\xdc\xdc`U&\x0c\xeae9\xab\xca\x9b$T\xb8>\x9a\xd7w\xea\'dl\xf1\x9a3\xdb\x8a\xf2Ga*\xd91a\x1f,BI'
2021-01-11 07:19:10,142 check resp :: cmd : b'ef|1E\x14\xb2\x06 \x19;-\xed\xd2P\x13W\xfb\xff)\xb2\xd6\x02\xc1Y\x99\x04\xb3\x03{\x8a\xc5'
2021-01-11 07:19:10,142 index : 0 :: resp : b'ef|1E\x14\xb2\x06 \x19;-\xed\xd2P\x13W\xfb\xff)\xb2\xd6\x02\xc1Y\x99\x04\xb3\x03{\x8a\xc5'
2021-01-11 07:19:10,142 index : 1 :: resp : b'i\x10$;\xb9\xcd\xe6oc)\xea\xfd\xac\x06oX\x02\xc7!\x8b,\xf3\r)g\xd5\x12k\xe2\xddSb'
2021-01-11 07:19:10,142 index : 2 :: resp : b"i\x10$;\xb9\xcd\xe6oc)\xea\xfd\xac\x06oXF\xdb\xd7Lo\xa6\x1b\xfbt\xfc\xed\x96\xd9\xf1\x1c\xd8C>'\xcd\x13\x88\xb0\xcf@\xa6\x99\xda\xfb\xe5R{\xa6\xf3\xcf\x98\xdcEz\x15\xc5?\xda\x9f\x1f'\xd9\x01"
2021-01-11 07:19:10,142 check resp exit
2021-01-11 07:19:10,203 timeout
2021-01-11 07:19:10,203 b'ef|1E\x14\xb2\x06 \x19;-\xed\xd2P\x13W\xfb\xff)\xb2\xd6\x02\xc1Y\x99\x04\xb3\x03{\x8a\xc5'
2021-01-11 07:19:10,204 query send : 1
2021-01-11 07:19:10,209 prompt
2021-01-11 07:19:10,210 got response: b'%;\xfbG\xb9%\xed/(\xef"\x11LC\xbd\x19\xd1\xfe\xa3V\xbc\xc2\xe1\xf1YC\x06\xa5\xc9d\x83\x05\x937Tw\x95\x02\xc9\xf8\x92\xc1\xa0\xca~r\xad\xa7g]E\x070\xb5\xc9l\xfe\'\x07&\xd5\xd4\x1d\xa1\xc5\x88W\x95NVHn\x1c\xac\'j\xe7\xe5\x19\xab\xf1\x9a3\xdb\x8a\xf2Ga*\xd91a\x1f,BI'
2021-01-11 07:19:10,210 check resp :: cmd : b'ef|1E\x14\xb2\x06 \x19;-\xed\xd2P\x13W\xfb\xff)\xb2\xd6\x02\xc1Y\x99\x04\xb3\x03{\x8a\xc5'
2021-01-11 07:19:10,210 index : 0 :: resp : b'ef|1E\x14\xb2\x06 \x19;-\xed\xd2P\x13W\xfb\xff)\xb2\xd6\x02\xc1Y\x99\x04\xb3\x03{\x8a\xc5'
2021-01-11 07:19:10,210 index : 1 :: resp : b'i\x10$;\xb9\xcd\xe6oc)\xea\xfd\xac\x06oX\x02\xc7!\x8b,\xf3\r)g\xd5\x12k\xe2\xddSb'
2021-01-11 07:19:10,210 index : 2 :: resp : b"i\x10$;\xb9\xcd\xe6oc)\xea\xfd\xac\x06oXF\xdb\xd7Lo\xa6\x1b\xfbt\xfc\xed\x96\xd9\xf1\x1c\xd8\xa7b\x96\xfc\x99\xb2\xb2(\x05\\\xe6>s\xf5\xf9\xb3\xa6\xf3\xcf\x98\xdcEz\x15\xc5?\xda\x9f\x1f'\xd9\x01"
2021-01-11 07:19:10,210 check resp exit
2021-01-11 07:19:10,211 Tx Temp: 50 
2021-01-11 07:19:10,211 Rx Temp: 50 
2021-01-11 07:19:10,268 timeout
2021-01-11 07:19:10,269 cmd : b']\xe4F\x93\x91\xd0\x1e\xac!M\xc8\xfb\xe6\x8e\x1bE(\xc1\xd5.\xecO\xbf\xc7\xff\xe4\xdc9\xcb\xd8S\xa7'
2021-01-11 07:19:10,269 b']\xe4F\x93\x91\xd0\x1e\xac!M\xc8\xfb\xe6\x8e\x1bE(\xc1\xd5.\xecO\xbf\xc7\xff\xe4\xdc9\xcb\xd8S\xa7'
2021-01-11 07:19:10,269 cmd send x : 1
2021-01-11 07:19:10,393 prompt
2021-01-11 07:19:10,393 check resp :: cmd : b']\xe4F\x93\x91\xd0\x1e\xac!M\xc8\xfb\xe6\x8e\x1bE(\xc1\xd5.\xecO\xbf\xc7\xff\xe4\xdc9\xcb\xd8S\xa7'
2021-01-11 07:19:10,393 index : 0 :: resp : b']\xe4F\x93\x91\xd0\x1e\xac!M\xc8\xfb\xe6\x8e\x1bE(\xc1\xd5.\xecO\xbf\xc7\xff\xe4\xdc9\xcb\xd8S\xa7'
2021-01-11 07:19:10,394 index : 1 :: resp : b'i\x10$;\xb9\xcd\xe6oc)\xea\xfd\xac\x06oXl;U\xa7V?\xe4\nl<8\xa5\xb3"\xb0\xea \x1f$e\x84\xb4\xdfO\x8d\xa4\xd3\xe1I\xb2X\r\x17&\x8c\x01V\x1f\x13\xb2\x9d\x91\xda\xce\xf7G\x95\x9f\r\x03*\xfav\xe0\xcdg-\xb1I\xbc%f\xe6\x8c\xe1\x9d"\xd98\xac\xe1U\xa6f=\x1f\xd3/\xb4\xe4h\xbd\xbf"`d#\x1e\x88d\xed\xef\x84\xe9\xa3\xaeX\xe2\xd8\x91\x8dD\xe5\x99\nI3#\xea\xbd\xca\x0e\xdb\x97\xd8&\xa9\x85#[\xba\xfb\xbf\xfc\x80\x07:\xc8\x1e\xa2+\xff\x92\xa9gv\xcb(\xd2\xf0\xb07\xd7\x00\xe0\xcd\x99Uz^\xeep\x08\xbb\x9e\xbe~$u`\xb3\xf4\xfe\xa94 \xc2\xd8\x81R\xa6\x03}\xc3\x81\x1b\xf1\xff9\xde\xf5\x92\x9b\xee\x8f\xb6}\x80\xa4I\xd2I\xa4\xf3\xba]\x1e\xb9\xd5\x11I\xca\xf5\xb0\x9a\xe8\x94\\\xc7\xcd^dHzY=\xa1\xa8t\x8aq\xc2\x1eC\xbc\xbe\x0f\xe5?\x16\xff|o.\x9e\xdc2>\x1f$Q\x98\xa0\xea>\x00\xfa3\xfau\xf3\xdf\xdf\xf4K\xcb\x920\xb5\xa2\xbd\xd9\xd8\xe5\xe3\\\xad\xbb\x96\x84\x1c\xa0B\xeey[\xf1\x8a\x0c\xc8\xc7x>\xaa\xcd\xa1\x1b\x85\xf4NGi\x87^P\xcd~X\x9e\x17\xc0 ~\xb1\x94\xbeXbL\'\xf3\xbd9W1R?#_\x0cM\xd9\x19\xcf@\xeb\x8f\xf6\xe8\xc1\x02\xa6\xcd\x1d\xaf4\x0e\xdf\xf8\xe1\xfb\xc8\\\x97/\x07+\xec\x91\x18]BX\xcf\niWX%\x87\xderx\x07\x0e\xed\x1e<\x97\xac\xed\x97\xaf\x84\xec\x115\xaf\xb0BF\xab\x884\x8e\xcc\x8b\xe3\x89|x\x17\x00\xe9\xc5f\xaf\x18\x1e\xb5\x84O\xb3l\xa2_\xd9\xa3\xc8\x8a\xc2\x82W\x0cY\xa3\xe9w%\x81\x91\x1c\x95\x885\x9d\xc3\x1f\x07\x97F\xe8\x9b\x92\xed\x871\xf2\x98\'l\xbenH\'\xc48O\'\x15\xb7\x8e\xcb\xb0?\x8fb\xfe|\xaf\x8b\xdfE1>\xddM\xe2\x8dq\x9c\xdf\x82<\x17mk=\xd1\x95\xcc\xd7`\x07\x95\xd1\xcfV\xe5\xdfy\x9d\xc4\x04\x17\xc0\t\xc9J\x89\xc3\x12\x8e\x1b\x19\xc1B\xa5<\xf2\x9f,\xc5\x16\xb0(\xd5\\\xed\x84\x19\x82w\x8f\xe4{\xef\x05\'\xd7\xe2\xb9\\\xad^\x7f\x90\x1d\xd2*1\x9e{\xc3\xf8\x12\x8a\xacw\x8eC6E\x94&!\xc3\xdb\x93\x9f\xea\x1bZ\xa8\xd0\xca\xd5\' \xef\x83cvs)\xf2q\xb1\xb5m#\xc5\xbcz\x99\xb1N\xef\xda"\xde{\xde\r\xb7\x80\xdd&\xba\xfc\x85\xa9\\\xdb\xc2w\x17=\x83<g\x10N\x84\x80W\xe7\xe1\x85\xab\x8f\x00Dl\x01\xb0[\xff\xb0fmx\x11\xff\xad\x8c\x0e\x1cpG\xee\x1dO\xfeMO\xee\xf5\x90\x1bv\xa3\xb2#\xef\x84X\xcf\niWX%\x87\xderx\x07\x0e\xed\x1e<\xe2\xfb/=[\x14j\xbfP\xc7\xbex\xdd\xdc/\xc0/\t\xc0HmTX\xd1\xb3\xed\x1e\xb6\xfd7\xb2\xadn\xdb\xef\x951\xe7W\xfat9Ya\x98\x04\xac\xa9\xde\x9c\x8fCvHS\x14\x91Y\x00\xb3\x1a\xa1}\xc4\xd6\x9a\xee@XKl\x17\xa1\x11\xe8l\x18\xa8g\x8c1\xee4\xdapJ\xc8~\xdcB\x1c\x14\x9c-\xbe\xef\x8e\x9bV\x80\xac\xea\x99\xa7\xc1\xe1\xdd\xf5\xf1\x92\xf4\x97\x80I\xd66\x01\xbc\xf0c\n\xe4\xa7W\xc3"\xb1\xad\xd3\xc0_\x00\x83H\xc5\xe51j\xa2<k\xee\x0ch\xc2\x01\x87\xb4TF\xc1\xe6\x19\xdd\n\xb2\xb9Wa\xd17\xff\xa1$/\xda:\x98\xc4\x80\xdd\x0f\xe3a\x01\xdb/\xe1\x1c\xf9\xea$\xda\xb6r\xca\x00\xe6\xfb\xc6\xd9<0\x85\xc3a\x92\xbc\xf6\x9d}6&\x13!\x9dt=U\xaes\x8d\xf2y\xb0\x96\x9bm\xeb>bi\xe3\x08\xd5&6b%\xe2\xcc}\x8c\xe0\xa1\x8c@ g\xf9\x9c#M\xa1\xf9\x7f?\x19J\x14\xf3Q\x81\xc2\x13\xfe\xc4\xea\xaa\x83\xadEQ\x94\xc7l\x10\xec#\xd3\xe9\xb6c\xb1\xd6\x10>j\xe6\xda\xed\x1c\xb1\xa8\x90\xda\xeclX\xcf\niWX%\x87\xderx\x07\x0e\xed\x1e<\xd5u\xf1\xf2\xa6i\x04\x93N\x9f\xb04^\xa2\x9c\xban\'\xaa\xe7)\xad\x95\x7f\xfa\xd0\xfb\xd8>u\xe40O5\x7f\xc0\xce\xee\xd5\x06\xf6k\n\x9a\xb5n\xdaFF\xe6\xe5\xa6\xbb\x9a\x11%\xab\xa9\xbc\xf4\xfa%\x8d\x8d\x88r\x10\xe7\xab\xf1\xffu\xf9\xa3\x817\xd2\xa9\x81\x85\x1ei1\x80b\xefb"\xc1\xd1\xf6\xa5\xe5Z<E{\xf1E\xbe\xeb\x19Pe\xd9\xc4fQ5L\x15>k\xc1\xd1\xe1S_=\xba\x00\x05n\'\xac\x08snf\x9d\x8e\xf1\xe9d\xcf\x98<\x81f\n\x86m\xb8\xb3\xfa\xba\x06\xde\xb4\xc6\x88L\xc9}M\xad\x90\xfb\xf5P\xec.>\xba\xa0\x8b#S9a|\xd0\xa6\x1c\xbb\x19i\x07\xa47\x9a\xe7\xfa\x05\xfd\x0fa\xa2\xe1\x93\xb0\x89\xc1\xcaX\x18\xb9\x11\xc8v\x8f^\x00A\xdbJ\xfa\x12e\xc5\x9f\xf6\xe2*d\xe8\xd8\xea?\x0b\xa0\xd4\xec\xca\xae\x84T\x0b\xcd\xecz\xc2)\xd4\xb8\x1b47\x83baN\xdc\xd6\x07\xa1s\xcef\x92\xb1\x8d\x87\xfc\x13\xe26\'s*\x81!\\\xa4s\xc9\xc5Fhwj\x97\xdaI\x9a\x8eb.s\xef\xfd_\xdb\xeei\x94\xd3.'
2021-01-11 07:19:10,394 index : 2 :: resp : b"i\x10$;\xb9\xcd\xe6oc)\xea\xfd\xac\x06oXF\xdb\xd7Lo\xa6\x1b\xfbt\xfc\xed\x96\xd9\xf1\x1c\xd8\xa7b\x96\xfc\x99\xb2\xb2(\x05\\\xe6>s\xf5\xf9\xb3\xa6\xf3\xcf\x98\xdcEz\x15\xc5?\xda\x9f\x1f'\xd9\x01"
2021-01-11 07:19:10,394 check resp exit
2021-01-11 07:19:10,396 detected MCS: 1
2021-01-11 07:19:10,397 RX Sweep iteration: 1/1
2021-01-11 07:19:10,398 terminating node1 packet engine
2021-01-11 07:19:10,449 timeout
2021-01-11 07:19:10,449 cmd : b'i\x10$;\xb9\xcd\xe6oc)\xea\xfd\xac\x06oX\xa4\x0c\\z\x8f\xc3\x05({"{wV\xeeg\xc4'
2021-01-11 07:19:10,450 b'i\x10$;\xb9\xcd\xe6oc)\xea\xfd\xac\x06oX\xa4\x0c\\z\x8f\xc3\x05({"{wV\xeeg\xc4'
2021-01-11 07:19:10,450 cmd send x : 1
2021-01-11 07:19:10,452 prompt
2021-01-11 07:19:10,452 check resp :: cmd : b'i\x10$;\xb9\xcd\xe6oc)\xea\xfd\xac\x06oX\xa4\x0c\\z\x8f\xc3\x05({"{wV\xeeg\xc4'
2021-01-11 07:19:10,452 index : 0 :: resp : b'i\x10$;\xb9\xcd\xe6oc)\xea\xfd\xac\x06oX\xa4\x0c\\z\x8f\xc3\x05({"{wV\xeeg\xc4'
2021-01-11 07:19:10,452 index : 1 :: resp : b'i\x10$;\xb9\xcd\xe6oc)\xea\xfd\xac\x06oX\xe8\x1d\x1d\xe1\xa1\xaai\x98+5\xce\xbf\xcc\xbc\x13\x9c\xbd\x13]\x9b\x88&T\xc7\x85?\xa5\xe1)\xab/\xd0\xc1\xa9\x138l\xa3\xcc\xa0\x0f\ta\x03O\x1a\xc4q'
2021-01-11 07:19:10,453 index : 2 :: resp : b"i\x10$;\xb9\xcd\xe6oc)\xea\xfd\xac\x06oXF\xdb\xd7Lo\xa6\x1b\xfbt\xfc\xed\x96\xd9\xf1\x1c\xd8C>'\xcd\x13\x88\xb0\xcf@\xa6\x99\xda\xfb\xe5R{\xa6\xf3\xcf\x98\xdcEz\x15\xc5?\xda\x9f\x1f'\xd9\x01"
2021-01-11 07:19:10,453 check resp exit
2021-01-11 07:19:10,453 0 failed MCS detections (all iterations)
2021-01-11 07:19:10,453 0 failed channel estimations (all iterations)
2021-01-11 07:19:10,453 rx sweep elapsed time: 0.24247503280639648 sec
2021-01-11 07:19:10,454 sweep elapsed time: 0.7828919887542725 sec
2021-01-11 07:19:10,454 Min SNR: 9 @ tx beam 43 rx beam 13
2021-01-11 07:19:10,454 Max SNR: 9 @ tx beam 43 rx beam 13
