2021-01-11 08:43:17,950 logging started in ./config/config_sounding.json
2021-01-11 08:43:17,950 contents of parameters file : ./config/config_sounding.json
2021-01-11 08:43:17,950 root_dir -> Results/
2021-01-11 08:43:17,950 test_name -> sweep_20210111_0843
2021-01-11 08:43:17,951 overwrite_existing -> False
2021-01-11 08:43:17,951 -- node 1  -> --
2021-01-11 08:43:17,951 node1_IP -> fc00:face:b00c::1
2021-01-11 08:43:17,951 -- node 2  -> --
2021-01-11 08:43:17,951 node2_IP -> fc00:face:b00c::2
2021-01-11 08:43:17,951 -- sounder general -> --
2021-01-11 08:43:17,951 connection -> local
2021-01-11 08:43:17,951 link_dir -> 1to2
2021-01-11 08:43:17,951 estimate_channel -> 1
2021-01-11 08:43:17,951 channel -> 2
2021-01-11 08:43:17,951 mcs -> 1
2021-01-11 08:43:17,951 n_stat -> 1
2021-01-11 08:43:17,951 tx_beams -> [43]
2021-01-11 08:43:17,951 rx_beams -> [13]
2021-01-11 08:43:17,951 tx_array_mask -> ['0Xfff', '0Xfff', '0Xfff']
2021-01-11 08:43:17,952 rx_array_mask -> ['0Xfff', '0Xfff', '0Xfff']
2021-01-11 08:43:17,952 tx_gain_idxs -> [25]
2021-01-11 08:43:17,952 rx_rf_gain_thr -> 0
2021-01-11 08:43:17,952 rx_if_gain_thr -> 0
2021-01-11 08:43:17,952 tx_pkt_cnt -> 0
2021-01-11 08:43:17,952 rx_pkt_cnt -> 10
2021-01-11 08:43:17,952 pkt_size -> 512
2021-01-11 08:43:17,952 pkt_gap -> 20
2021-01-11 08:43:17,952 tx_timeout -> 100000
2021-01-11 08:43:17,952 rx_timeout -> 0.1
2021-01-11 08:43:17,952 rx_wait -> 0
2021-01-11 08:43:17,952 save_gps_coordinates -> True
2021-01-11 08:43:17,952 -- PER ---  -> --
2021-01-11 08:43:17,952 per_find_best_beam -> True
2021-01-11 08:43:17,952 per_tx_beam -> 0
2021-01-11 08:43:17,953 per_rx_beam -> 0
2021-01-11 08:43:17,953 per_mcs -> range(1,13)
2021-01-11 08:43:17,953 per_file -> PER_mon.CSV
2021-01-11 08:43:17,953 -- other  -> --
2021-01-11 08:43:17,953 devserver -> NA
2021-01-11 08:43:17,953 json_file_path -> ./config/config_sounding.json
2021-01-11 08:43:17,953 verbose -> False
2021-01-11 08:43:17,953 node1: fc00:face:b00c::1
2021-01-11 08:43:17,953 logging into node1
2021-01-11 08:43:17,965 ssh into terragraph unit
2021-01-11 08:43:17,965 ssh cmd : ssh  root@fc00:face:b00c::1
2021-01-11 08:43:17,971 delay : 0.05
2021-01-11 08:43:17,971 waiting for ssh login
2021-01-11 08:43:18,123 expect match index : 2
2021-01-11 08:43:18,196 ssh logged in
2021-01-11 08:43:18,257 timeout
2021-01-11 08:43:18,318 timeout
2021-01-11 08:43:18,319 cmd : b'i\x10$;\xb9\xcd\xe6oc)\xea\xfd\xac\x06oXJ\x80\xf1\xdc\x03h0>\xc4:\x91\xd3\xf9\x06\x9ei'
2021-01-11 08:43:18,319 b'i\x10$;\xb9\xcd\xe6oc)\xea\xfd\xac\x06oXJ\x80\xf1\xdc\x03h0>\xc4:\x91\xd3\xf9\x06\x9ei'
2021-01-11 08:43:18,319 cmd send x : 1
2021-01-11 08:43:22,039 prompt
2021-01-11 08:43:22,040 check resp :: cmd : b'i\x10$;\xb9\xcd\xe6oc)\xea\xfd\xac\x06oXJ\x80\xf1\xdc\x03h0>\xc4:\x91\xd3\xf9\x06\x9ei'
2021-01-11 08:43:22,041 index : 0 :: resp : b'i\x10$;\xb9\xcd\xe6oc)\xea\xfd\xac\x06oXJ\x80\xf1\xdc\x03h0>\xc4:\x91\xd3\xf9\x06\x9ei'
2021-01-11 08:43:22,042 index : 1 :: resp : b'\xees\xb73bLcj\xa1\xa9\x96\xe9x\xcb\xc1m;\xaa\xef\xc7\xc2K\xbd\x12\r\x88;\xc0\x89sl\xb9'
2021-01-11 08:43:22,042 index : 2 :: resp : b'i\x10$;\xb9\xcd\xe6oc)\xea\xfd\xac\x06oX\xc4`\xc3\x9e\xdf\x1e&\x08\x85\xc5\xd2\xcf\x9f\xed9\xf8\x0cs\xe0Mk\xe1\xa7\x0b\x94]\xb1-c0"\xea\xcb\x03\x82x\x9b\xc3sC\xa7T\x8d\x1c\xf9\x82X\xea'
2021-01-11 08:43:22,042 index : 3 :: resp : b'i\x10$;\xb9\xcd\xe6oc)\xea\xfd\xac\x06oX8\r-\xe1"LL6\xf5QpP\xc9W70'
2021-01-11 08:43:22,042 index : 4 :: resp : b"\x8c\xf1F\x83\xf1\x98\xc3\x10'\xe7\xd9\x83\xd7\x17\xa2\r5\n\xaaj\x98G'a\xfa\x1e\xdc\x0c\xe31yg"
2021-01-11 08:43:22,042 check resp exit
2021-01-11 08:43:22,103 timeout
2021-01-11 08:43:22,103 cmd : b'\x9b2\xe7!}\xb1dVK\x9e\xe9y\x1eH\x8eT\x9fx\xb1\x84$\xbbq0\xceP\x82\xd9=\xd1;6'
2021-01-11 08:43:22,103 b'\x9b2\xe7!}\xb1dVK\x9e\xe9y\x1eH\x8eT\x9fx\xb1\x84$\xbbq0\xceP\x82\xd9=\xd1;6'
2021-01-11 08:43:22,104 cmd send x : 1
2021-01-11 08:43:22,106 prompt
2021-01-11 08:43:22,106 check resp :: cmd : b'\x9b2\xe7!}\xb1dVK\x9e\xe9y\x1eH\x8eT\x9fx\xb1\x84$\xbbq0\xceP\x82\xd9=\xd1;6'
2021-01-11 08:43:22,106 index : 0 :: resp : b'\x9b2\xe7!}\xb1dVK\x9e\xe9y\x1eH\x8eT\x9fx\xb1\x84$\xbbq0\xceP\x82\xd9=\xd1;6'
2021-01-11 08:43:22,107 index : 1 :: resp : b"i\x10$;\xb9\xcd\xe6oc)\xea\xfd\xac\x06oXF\xdb\xd7Lo\xa6\x1b\xfbt\xfc\xed\x96\xd9\xf1\x1c\xd8C>'\xcd\x13\x88\xb0\xcf@\xa6\x99\xda\xfb\xe5R{\xa6\xf3\xcf\x98\xdcEz\x15\xc5?\xda\x9f\x1f'\xd9\x01"
2021-01-11 08:43:22,107 check resp exit
2021-01-11 08:43:22,107 download FW : b'i\x10$;\xb9\xcd\xe6oc)\xea\xfd\xac\x06oX\xab<\x90\xa6\x0f\r:\xcb;\x00\xba\xa2\xd9\x08\xbb '
2021-01-11 08:43:22,389 download successful
2021-01-11 08:43:22,900 prompt
2021-01-11 08:43:22,961 timeout
2021-01-11 08:43:23,022 timeout
2021-01-11 08:43:23,022 b'i\x10$;\xb9\xcd\xe6oc)\xea\xfd\xac\x06oXD\xab\xc2\xd9\x9e7\x1dxQ\xee\xa7\x0f~qU\xee'
2021-01-11 08:43:23,023 cmd send x : 1
2021-01-11 08:43:23,028 prompt
2021-01-11 08:43:23,028 check resp :: cmd : b'i\x10$;\xb9\xcd\xe6oc)\xea\xfd\xac\x06oXD\xab\xc2\xd9\x9e7\x1dxQ\xee\xa7\x0f~qU\xee'
2021-01-11 08:43:23,029 index : 0 :: resp : b'i\x10$;\xb9\xcd\xe6oc)\xea\xfd\xac\x06oXD\xab\xc2\xd9\x9e7\x1dxQ\xee\xa7\x0f~qU\xee'
2021-01-11 08:43:23,029 index : 1 :: resp : b"i\x10$;\xb9\xcd\xe6oc)\xea\xfd\xac\x06oXF\xdb\xd7Lo\xa6\x1b\xfbt\xfc\xed\x96\xd9\xf1\x1c\xd8C>'\xcd\x13\x88\xb0\xcf@\xa6\x99\xda\xfb\xe5R{\xa6\xf3\xcf\x98\xdcEz\x15\xc5?\xda\x9f\x1f'\xd9\x01"
2021-01-11 08:43:23,029 check resp exit
2021-01-11 08:43:23,090 timeout
2021-01-11 08:43:23,090 b'i\x10$;\xb9\xcd\xe6oc)\xea\xfd\xac\x06oX\x97\xe2t\x8b\x90\xc9\xee\xf3\x0bk\x93\xbf\xee\xc8?\x8b'
2021-01-11 08:43:23,090 cmd send x : 1
2021-01-11 08:43:23,142 prompt
2021-01-11 08:43:23,142 check resp :: cmd : b'i\x10$;\xb9\xcd\xe6oc)\xea\xfd\xac\x06oX\x97\xe2t\x8b\x90\xc9\xee\xf3\x0bk\x93\xbf\xee\xc8?\x8b'
2021-01-11 08:43:23,142 index : 0 :: resp : b'i\x10$;\xb9\xcd\xe6oc)\xea\xfd\xac\x06oX\x97\xe2t\x8b\x90\xc9\xee\xf3\x0bk\x93\xbf\xee\xc8?\x8b'
2021-01-11 08:43:23,143 index : 1 :: resp : b"i\x10$;\xb9\xcd\xe6oc)\xea\xfd\xac\x06oXF\xdb\xd7Lo\xa6\x1b\xfbt\xfc\xed\x96\xd9\xf1\x1c\xd8C>'\xcd\x13\x88\xb0\xcf@\xa6\x99\xda\xfb\xe5R{\xa6\xf3\xcf\x98\xdcEz\x15\xc5?\xda\x9f\x1f'\xd9\x01"
2021-01-11 08:43:23,143 check resp exit
2021-01-11 08:43:23,204 timeout
2021-01-11 08:43:23,204 cmd : b'\xd9\xe9\x85\xb3R\x14I\x18\nL\xc6\xfe\x9c0\xb3\xef\x90\xa2\xfda\x8e\x10\x12O7\x8e\x9f\xa8\xb6\xaa\xd6)'
2021-01-11 08:43:23,204 b'\xd9\xe9\x85\xb3R\x14I\x18\nL\xc6\xfe\x9c0\xb3\xef\x90\xa2\xfda\x8e\x10\x12O7\x8e\x9f\xa8\xb6\xaa\xd6)'
2021-01-11 08:43:23,205 cmd send x : 1
2021-01-11 08:43:23,211 prompt
2021-01-11 08:43:23,211 check resp :: cmd : b'\xd9\xe9\x85\xb3R\x14I\x18\nL\xc6\xfe\x9c0\xb3\xef\x90\xa2\xfda\x8e\x10\x12O7\x8e\x9f\xa8\xb6\xaa\xd6)'
2021-01-11 08:43:23,212 index : 0 :: resp : b'\xd9\xe9\x85\xb3R\x14I\x18\nL\xc6\xfe\x9c0\xb3\xef\x90\xa2\xfda\x8e\x10\x12O7\x8e\x9f\xa8\xb6\xaa\xd6)'
2021-01-11 08:43:23,212 index : 1 :: resp : b"i\x10$;\xb9\xcd\xe6oc)\xea\xfd\xac\x06oXF\xdb\xd7Lo\xa6\x1b\xfbt\xfc\xed\x96\xd9\xf1\x1c\xd8C>'\xcd\x13\x88\xb0\xcf@\xa6\x99\xda\xfb\xe5R{\xa6\xf3\xcf\x98\xdcEz\x15\xc5?\xda\x9f\x1f'\xd9\x01"
2021-01-11 08:43:23,212 check resp exit
2021-01-11 08:43:23,272 timeout
2021-01-11 08:43:23,273 cmd : b'\xfe\xab\x8d]\xba\xd2M\x02\xc1?=\xe9\x17\xd3aO\x9bWB\xa6\xf5\x83\\I\x97x\x97~#q\xc4\x95'
2021-01-11 08:43:23,273 b'\xfe\xab\x8d]\xba\xd2M\x02\xc1?=\xe9\x17\xd3aO\x9bWB\xa6\xf5\x83\\I\x97x\x97~#q\xc4\x95'
2021-01-11 08:43:23,273 cmd send x : 1
2021-01-11 08:43:23,279 prompt
2021-01-11 08:43:23,280 check resp :: cmd : b'\xfe\xab\x8d]\xba\xd2M\x02\xc1?=\xe9\x17\xd3aO\x9bWB\xa6\xf5\x83\\I\x97x\x97~#q\xc4\x95'
2021-01-11 08:43:23,280 index : 0 :: resp : b'\xfe\xab\x8d]\xba\xd2M\x02\xc1?=\xe9\x17\xd3aO\x9bWB\xa6\xf5\x83\\I\x97x\x97~#q\xc4\x95'
2021-01-11 08:43:23,280 index : 1 :: resp : b"i\x10$;\xb9\xcd\xe6oc)\xea\xfd\xac\x06oXF\xdb\xd7Lo\xa6\x1b\xfbt\xfc\xed\x96\xd9\xf1\x1c\xd8C>'\xcd\x13\x88\xb0\xcf@\xa6\x99\xda\xfb\xe5R{\xa6\xf3\xcf\x98\xdcEz\x15\xc5?\xda\x9f\x1f'\xd9\x01"
2021-01-11 08:43:23,280 check resp exit
2021-01-11 08:43:23,341 timeout
2021-01-11 08:43:23,341 cmd : b'i\x10$;\xb9\xcd\xe6oc)\xea\xfd\xac\x06oX6b\xfd\xc5\x8dn\xca\xeb\xf7\xd0X\xa4\xaf\x85b^\xbeq\x06\xd8.\n\xc1g\xed\xff\x9aG\xd1iV\xd8z\xc0\x81\xe0g`>\x117\xeb\x05\xa6\x80\x94\xa4g'
2021-01-11 08:43:23,341 b'i\x10$;\xb9\xcd\xe6oc)\xea\xfd\xac\x06oX6b\xfd\xc5\x8dn\xca\xeb\xf7\xd0X\xa4\xaf\x85b^\xbeq\x06\xd8.\n\xc1g\xed\xff\x9aG\xd1iV\xd8z\xc0\x81\xe0g`>\x117\xeb\x05\xa6\x80\x94\xa4g'
2021-01-11 08:43:23,342 cmd send x : 1
2021-01-11 08:43:24,104 prompt
2021-01-11 08:43:24,104 check resp :: cmd : b'i\x10$;\xb9\xcd\xe6oc)\xea\xfd\xac\x06oX6b\xfd\xc5\x8dn\xca\xeb\xf7\xd0X\xa4\xaf\x85b^\xbeq\x06\xd8.\n\xc1g\xed\xff\x9aG\xd1iV\xd8z\xc0\x81\xe0g`>\x117\xeb\x05\xa6\x80\x94\xa4g'
2021-01-11 08:43:24,105 index : 0 :: resp : b'i\x10$;\xb9\xcd\xe6oc)\xea\xfd\xac\x06oXR\x1f\xec%:\xf3\xdcX\xa1|C{Z\xd2{\x06\x10Ti~)\x90\xf3\xde;_\x9f\xf7%qsY\t\xa8\xf6\xf4*\x07U\x01\xf8`\xf7.\xd15\x86\x0c'
2021-01-11 08:43:24,105 index : 1 :: resp : b'[\x0c\x87s\x1b\x8c\xc5\xf7\xb3\xdf\xdc5s\xc8\x82\xe5`58\xaay\x07\xc0\x9dxF\xbezrMG\x93\\\xbf\xec\xda) \x02\xfd\xf8\x9e\xf4\x02\xa1\xb3\x8ex\xdf\xdeT:\xf3\xa5S%;\xe19\x13\xc8\xd4\xb9\x8f'
2021-01-11 08:43:24,105 index : 2 :: resp : b'i\x10$;\xb9\xcd\xe6oc)\xea\xfd\xac\x06oX\x11V\xa9)\x9e\xc9i\x13\xb6X\xc8\xa6\xee\x94\xed\xfa'
2021-01-11 08:43:24,105 index : 3 :: resp : b'i\x10$;\xb9\xcd\xe6oc)\xea\xfd\xac\x06oX\xb20K-H\xe9\xfb\xda\xeaA+\xe0\x01\x99FR\xa9\xd2%\x94\xca\xf1\xbe\xc1\xc6\xc1\x7fX\\C^\x9c\xd0D{t\xf0n_<\x00\x1dG\xef\xcd2\xdev'
2021-01-11 08:43:24,106 index : 4 :: resp : b'8\xb0C\x8a\xdb\xf0\x18\x8b\x1bp\xbd\xdfq\xf2\xe0J)\xbcq\xd4F\xbcS\r\xf8$\xb0\xd2\xaf-^\xfb'
2021-01-11 08:43:24,106 index : 5 :: resp : b"i\x10$;\xb9\xcd\xe6oc)\xea\xfd\xac\x06oXF\xdb\xd7Lo\xa6\x1b\xfbt\xfc\xed\x96\xd9\xf1\x1c\xd8C>'\xcd\x13\x88\xb0\xcf@\xa6\x99\xda\xfb\xe5R{\xa6\xf3\xcf\x98\xdcEz\x15\xc5?\xda\x9f\x1f'\xd9\x01"
2021-01-11 08:43:24,106 check resp exit
2021-01-11 08:43:24,166 timeout
2021-01-11 08:43:24,167 cmd : b'\xd8\xe2\xee\xc7\xbe\xdf}\x0f\xe2\xf3\x93\xf5\xaeC^\xf5\xb8\xc4\x83\x9c\x0e\xa6\x03\r\xd3]\x93\x17\xf2\x14\xb7\x16'
2021-01-11 08:43:24,167 b'\xd8\xe2\xee\xc7\xbe\xdf}\x0f\xe2\xf3\x93\xf5\xaeC^\xf5\xb8\xc4\x83\x9c\x0e\xa6\x03\r\xd3]\x93\x17\xf2\x14\xb7\x16'
2021-01-11 08:43:24,167 cmd send x : 1
2021-01-11 08:43:24,172 prompt
2021-01-11 08:43:24,172 check resp :: cmd : b'\xd8\xe2\xee\xc7\xbe\xdf}\x0f\xe2\xf3\x93\xf5\xaeC^\xf5\xb8\xc4\x83\x9c\x0e\xa6\x03\r\xd3]\x93\x17\xf2\x14\xb7\x16'
2021-01-11 08:43:24,172 index : 0 :: resp : b'\xd8\xe2\xee\xc7\xbe\xdf}\x0f\xe2\xf3\x93\xf5\xaeC^\xf5\xb8\xc4\x83\x9c\x0e\xa6\x03\r\xd3]\x93\x17\xf2\x14\xb7\x16'
2021-01-11 08:43:24,173 index : 1 :: resp : b'i\x10$;\xb9\xcd\xe6oc)\xea\xfd\xac\x06oX7\xc5\xa0_\xfc\x00\x06?&\xd4X\xaf\x8a\x89\xd1V\x99\xd6) ;\xfc \x80X\xf3\x12\xb8Q{\xc5\x9fI\xce\xfc\xa8V\x9d\xa5\xca=\xfcB\xeb\xaf9\xab\x03'
2021-01-11 08:43:24,173 index : 2 :: resp : b"i\x10$;\xb9\xcd\xe6oc)\xea\xfd\xac\x06oXF\xdb\xd7Lo\xa6\x1b\xfbt\xfc\xed\x96\xd9\xf1\x1c\xd8C>'\xcd\x13\x88\xb0\xcf@\xa6\x99\xda\xfb\xe5R{\xa6\xf3\xcf\x98\xdcEz\x15\xc5?\xda\x9f\x1f'\xd9\x01"
2021-01-11 08:43:24,173 check resp exit
2021-01-11 08:43:24,233 timeout
2021-01-11 08:43:24,234 cmd : b'\x9b2\xe7!}\xb1dVK\x9e\xe9y\x1eH\x8eT\x9fx\xb1\x84$\xbbq0\xceP\x82\xd9=\xd1;6'
2021-01-11 08:43:24,234 b'\x9b2\xe7!}\xb1dVK\x9e\xe9y\x1eH\x8eT\x9fx\xb1\x84$\xbbq0\xceP\x82\xd9=\xd1;6'
2021-01-11 08:43:24,234 cmd send x : 1
2021-01-11 08:43:24,237 prompt
2021-01-11 08:43:24,237 check resp :: cmd : b'\x9b2\xe7!}\xb1dVK\x9e\xe9y\x1eH\x8eT\x9fx\xb1\x84$\xbbq0\xceP\x82\xd9=\xd1;6'
2021-01-11 08:43:24,237 index : 0 :: resp : b'\x9b2\xe7!}\xb1dVK\x9e\xe9y\x1eH\x8eT\x9fx\xb1\x84$\xbbq0\xceP\x82\xd9=\xd1;6'
2021-01-11 08:43:24,238 index : 1 :: resp : b"i\x10$;\xb9\xcd\xe6oc)\xea\xfd\xac\x06oXF\xdb\xd7Lo\xa6\x1b\xfbt\xfc\xed\x96\xd9\xf1\x1c\xd8C>'\xcd\x13\x88\xb0\xcf@\xa6\x99\xda\xfb\xe5R{\xa6\xf3\xcf\x98\xdcEz\x15\xc5?\xda\x9f\x1f'\xd9\x01"
2021-01-11 08:43:24,238 check resp exit
2021-01-11 08:43:24,238 node2: fc00:face:b00c::2
2021-01-11 08:43:24,238 logging into node2
2021-01-11 08:43:24,239 ssh into terragraph unit
2021-01-11 08:43:24,239 ssh cmd : ssh  root@fc00:face:b00c::2
2021-01-11 08:43:24,246 delay : 0.05
2021-01-11 08:43:24,247 waiting for ssh login
2021-01-11 08:43:24,379 expect match index : 2
2021-01-11 08:43:24,441 ssh logged in
2021-01-11 08:43:24,501 timeout
2021-01-11 08:43:24,562 timeout
2021-01-11 08:43:24,563 cmd : b'i\x10$;\xb9\xcd\xe6oc)\xea\xfd\xac\x06oXJ\x80\xf1\xdc\x03h0>\xc4:\x91\xd3\xf9\x06\x9ei'
2021-01-11 08:43:24,563 b'i\x10$;\xb9\xcd\xe6oc)\xea\xfd\xac\x06oXJ\x80\xf1\xdc\x03h0>\xc4:\x91\xd3\xf9\x06\x9ei'
2021-01-11 08:43:24,563 cmd send x : 1
2021-01-11 08:43:28,292 prompt
2021-01-11 08:43:28,292 check resp :: cmd : b'i\x10$;\xb9\xcd\xe6oc)\xea\xfd\xac\x06oXJ\x80\xf1\xdc\x03h0>\xc4:\x91\xd3\xf9\x06\x9ei'
2021-01-11 08:43:28,293 index : 0 :: resp : b'i\x10$;\xb9\xcd\xe6oc)\xea\xfd\xac\x06oXJ\x80\xf1\xdc\x03h0>\xc4:\x91\xd3\xf9\x06\x9ei'
2021-01-11 08:43:28,293 index : 1 :: resp : b'\xees\xb73bLcj\xa1\xa9\x96\xe9x\xcb\xc1m;\xaa\xef\xc7\xc2K\xbd\x12\r\x88;\xc0\x89sl\xb9'
2021-01-11 08:43:28,293 index : 2 :: resp : b'i\x10$;\xb9\xcd\xe6oc)\xea\xfd\xac\x06oX\xc4`\xc3\x9e\xdf\x1e&\x08\x85\xc5\xd2\xcf\x9f\xed9\xf8\x0cs\xe0Mk\xe1\xa7\x0b\x94]\xb1-c0"\xea\xcb\x03\x82x\x9b\xc3sC\xa7T\x8d\x1c\xf9\x82X\xea'
2021-01-11 08:43:28,294 index : 3 :: resp : b'i\x10$;\xb9\xcd\xe6oc)\xea\xfd\xac\x06oX8\r-\xe1"LL6\xf5QpP\xc9W70'
2021-01-11 08:43:28,294 index : 4 :: resp : b"\x8c\xf1F\x83\xf1\x98\xc3\x10'\xe7\xd9\x83\xd7\x17\xa2\r[\xb5T\xd2c\x07\xe1\xaclm\xec8\xbaX\x0fU"
2021-01-11 08:43:28,294 check resp exit
2021-01-11 08:43:28,354 timeout
2021-01-11 08:43:28,355 cmd : b'\x9b2\xe7!}\xb1dVK\x9e\xe9y\x1eH\x8eT\x9fx\xb1\x84$\xbbq0\xceP\x82\xd9=\xd1;6'
2021-01-11 08:43:28,355 b'\x9b2\xe7!}\xb1dVK\x9e\xe9y\x1eH\x8eT\x9fx\xb1\x84$\xbbq0\xceP\x82\xd9=\xd1;6'
2021-01-11 08:43:28,355 cmd send x : 1
2021-01-11 08:43:28,358 prompt
2021-01-11 08:43:28,359 check resp :: cmd : b'\x9b2\xe7!}\xb1dVK\x9e\xe9y\x1eH\x8eT\x9fx\xb1\x84$\xbbq0\xceP\x82\xd9=\xd1;6'
2021-01-11 08:43:28,359 index : 0 :: resp : b'\x9b2\xe7!}\xb1dVK\x9e\xe9y\x1eH\x8eT\x9fx\xb1\x84$\xbbq0\xceP\x82\xd9=\xd1;6'
2021-01-11 08:43:28,359 index : 1 :: resp : b"i\x10$;\xb9\xcd\xe6oc)\xea\xfd\xac\x06oXF\xdb\xd7Lo\xa6\x1b\xfbt\xfc\xed\x96\xd9\xf1\x1c\xd8\xa7b\x96\xfc\x99\xb2\xb2(\x05\\\xe6>s\xf5\xf9\xb3\xa6\xf3\xcf\x98\xdcEz\x15\xc5?\xda\x9f\x1f'\xd9\x01"
2021-01-11 08:43:28,359 check resp exit
2021-01-11 08:43:28,360 download FW : b'i\x10$;\xb9\xcd\xe6oc)\xea\xfd\xac\x06oX\xab<\x90\xa6\x0f\r:\xcb;\x00\xba\xa2\xd9\x08\xbb '
2021-01-11 08:43:28,604 download successful
2021-01-11 08:43:29,106 prompt
2021-01-11 08:43:29,167 timeout
2021-01-11 08:43:29,228 timeout
2021-01-11 08:43:29,228 b'i\x10$;\xb9\xcd\xe6oc)\xea\xfd\xac\x06oXD\xab\xc2\xd9\x9e7\x1dxQ\xee\xa7\x0f~qU\xee'
2021-01-11 08:43:29,229 cmd send x : 1
2021-01-11 08:43:29,235 prompt
2021-01-11 08:43:29,236 check resp :: cmd : b'i\x10$;\xb9\xcd\xe6oc)\xea\xfd\xac\x06oXD\xab\xc2\xd9\x9e7\x1dxQ\xee\xa7\x0f~qU\xee'
2021-01-11 08:43:29,236 index : 0 :: resp : b'i\x10$;\xb9\xcd\xe6oc)\xea\xfd\xac\x06oXD\xab\xc2\xd9\x9e7\x1dxQ\xee\xa7\x0f~qU\xee'
2021-01-11 08:43:29,236 index : 1 :: resp : b"i\x10$;\xb9\xcd\xe6oc)\xea\xfd\xac\x06oXF\xdb\xd7Lo\xa6\x1b\xfbt\xfc\xed\x96\xd9\xf1\x1c\xd8\xa7b\x96\xfc\x99\xb2\xb2(\x05\\\xe6>s\xf5\xf9\xb3\xa6\xf3\xcf\x98\xdcEz\x15\xc5?\xda\x9f\x1f'\xd9\x01"
2021-01-11 08:43:29,236 check resp exit
2021-01-11 08:43:29,297 timeout
2021-01-11 08:43:29,297 b'i\x10$;\xb9\xcd\xe6oc)\xea\xfd\xac\x06oX\x97\xe2t\x8b\x90\xc9\xee\xf3\x0bk\x93\xbf\xee\xc8?\x8b'
2021-01-11 08:43:29,298 cmd send x : 1
2021-01-11 08:43:29,324 prompt
2021-01-11 08:43:29,325 check resp :: cmd : b'i\x10$;\xb9\xcd\xe6oc)\xea\xfd\xac\x06oX\x97\xe2t\x8b\x90\xc9\xee\xf3\x0bk\x93\xbf\xee\xc8?\x8b'
2021-01-11 08:43:29,325 index : 0 :: resp : b'i\x10$;\xb9\xcd\xe6oc)\xea\xfd\xac\x06oX\x97\xe2t\x8b\x90\xc9\xee\xf3\x0bk\x93\xbf\xee\xc8?\x8b'
2021-01-11 08:43:29,325 index : 1 :: resp : b"i\x10$;\xb9\xcd\xe6oc)\xea\xfd\xac\x06oXF\xdb\xd7Lo\xa6\x1b\xfbt\xfc\xed\x96\xd9\xf1\x1c\xd8\xa7b\x96\xfc\x99\xb2\xb2(\x05\\\xe6>s\xf5\xf9\xb3\xa6\xf3\xcf\x98\xdcEz\x15\xc5?\xda\x9f\x1f'\xd9\x01"
2021-01-11 08:43:29,326 check resp exit
2021-01-11 08:43:29,386 timeout
2021-01-11 08:43:29,387 cmd : b'\xd9\xe9\x85\xb3R\x14I\x18\nL\xc6\xfe\x9c0\xb3\xef\x90\xa2\xfda\x8e\x10\x12O7\x8e\x9f\xa8\xb6\xaa\xd6)'
2021-01-11 08:43:29,387 b'\xd9\xe9\x85\xb3R\x14I\x18\nL\xc6\xfe\x9c0\xb3\xef\x90\xa2\xfda\x8e\x10\x12O7\x8e\x9f\xa8\xb6\xaa\xd6)'
2021-01-11 08:43:29,387 cmd send x : 1
2021-01-11 08:43:29,393 prompt
2021-01-11 08:43:29,393 check resp :: cmd : b'\xd9\xe9\x85\xb3R\x14I\x18\nL\xc6\xfe\x9c0\xb3\xef\x90\xa2\xfda\x8e\x10\x12O7\x8e\x9f\xa8\xb6\xaa\xd6)'
2021-01-11 08:43:29,394 index : 0 :: resp : b'\xd9\xe9\x85\xb3R\x14I\x18\nL\xc6\xfe\x9c0\xb3\xef\x90\xa2\xfda\x8e\x10\x12O7\x8e\x9f\xa8\xb6\xaa\xd6)'
2021-01-11 08:43:29,394 index : 1 :: resp : b"i\x10$;\xb9\xcd\xe6oc)\xea\xfd\xac\x06oXF\xdb\xd7Lo\xa6\x1b\xfbt\xfc\xed\x96\xd9\xf1\x1c\xd8\xa7b\x96\xfc\x99\xb2\xb2(\x05\\\xe6>s\xf5\xf9\xb3\xa6\xf3\xcf\x98\xdcEz\x15\xc5?\xda\x9f\x1f'\xd9\x01"
2021-01-11 08:43:29,394 check resp exit
2021-01-11 08:43:29,448 timeout
2021-01-11 08:43:29,449 cmd : b'\xfe\xab\x8d]\xba\xd2M\x02\xc1?=\xe9\x17\xd3aO\x9bWB\xa6\xf5\x83\\I\x97x\x97~#q\xc4\x95'
2021-01-11 08:43:29,449 b'\xfe\xab\x8d]\xba\xd2M\x02\xc1?=\xe9\x17\xd3aO\x9bWB\xa6\xf5\x83\\I\x97x\x97~#q\xc4\x95'
2021-01-11 08:43:29,449 cmd send x : 1
2021-01-11 08:43:29,455 prompt
2021-01-11 08:43:29,455 check resp :: cmd : b'\xfe\xab\x8d]\xba\xd2M\x02\xc1?=\xe9\x17\xd3aO\x9bWB\xa6\xf5\x83\\I\x97x\x97~#q\xc4\x95'
2021-01-11 08:43:29,456 index : 0 :: resp : b'\xfe\xab\x8d]\xba\xd2M\x02\xc1?=\xe9\x17\xd3aO\x9bWB\xa6\xf5\x83\\I\x97x\x97~#q\xc4\x95'
2021-01-11 08:43:29,456 index : 1 :: resp : b"i\x10$;\xb9\xcd\xe6oc)\xea\xfd\xac\x06oXF\xdb\xd7Lo\xa6\x1b\xfbt\xfc\xed\x96\xd9\xf1\x1c\xd8\xa7b\x96\xfc\x99\xb2\xb2(\x05\\\xe6>s\xf5\xf9\xb3\xa6\xf3\xcf\x98\xdcEz\x15\xc5?\xda\x9f\x1f'\xd9\x01"
2021-01-11 08:43:29,456 check resp exit
2021-01-11 08:43:29,516 timeout
2021-01-11 08:43:29,517 cmd : b'i\x10$;\xb9\xcd\xe6oc)\xea\xfd\xac\x06oX6b\xfd\xc5\x8dn\xca\xeb\xf7\xd0X\xa4\xaf\x85b^\xbeq\x06\xd8.\n\xc1g\xed\xff\x9aG\xd1iV\xd8z\xc0\x81\xe0g`>\x117\xeb\x05\xa6\x80\x94\xa4g'
2021-01-11 08:43:29,517 b'i\x10$;\xb9\xcd\xe6oc)\xea\xfd\xac\x06oX6b\xfd\xc5\x8dn\xca\xeb\xf7\xd0X\xa4\xaf\x85b^\xbeq\x06\xd8.\n\xc1g\xed\xff\x9aG\xd1iV\xd8z\xc0\x81\xe0g`>\x117\xeb\x05\xa6\x80\x94\xa4g'
2021-01-11 08:43:29,517 cmd send x : 1
2021-01-11 08:43:30,278 prompt
2021-01-11 08:43:30,279 check resp :: cmd : b'i\x10$;\xb9\xcd\xe6oc)\xea\xfd\xac\x06oX6b\xfd\xc5\x8dn\xca\xeb\xf7\xd0X\xa4\xaf\x85b^\xbeq\x06\xd8.\n\xc1g\xed\xff\x9aG\xd1iV\xd8z\xc0\x81\xe0g`>\x117\xeb\x05\xa6\x80\x94\xa4g'
2021-01-11 08:43:30,279 index : 0 :: resp : b'i\x10$;\xb9\xcd\xe6oc)\xea\xfd\xac\x06oXR\x1f\xec%:\xf3\xdcX\xa1|C{Z\xd2{\x06\x10Ti~)\x90\xf3\xde;_\x9f\xf7%qsY\t\xa8\xf6\xf4*\x07U\x01\xf8`\xf7.\xd15\x86\x0c'
2021-01-11 08:43:30,279 index : 1 :: resp : b'[\x0c\x87s\x1b\x8c\xc5\xf7\xb3\xdf\xdc5s\xc8\x82\xe5`58\xaay\x07\xc0\x9dxF\xbezrMG\x93\\\xbf\xec\xda) \x02\xfd\xf8\x9e\xf4\x02\xa1\xb3\x8ex\x87\x90\x0eP\xe3\xdd&\x88\x04l\xea\xcc\x87I\xa1m'
2021-01-11 08:43:30,279 index : 2 :: resp : b'i\x10$;\xb9\xcd\xe6oc)\xea\xfd\xac\x06oX\x11V\xa9)\x9e\xc9i\x13\xb6X\xc8\xa6\xee\x94\xed\xfa'
2021-01-11 08:43:30,280 index : 3 :: resp : b'i\x10$;\xb9\xcd\xe6oc)\xea\xfd\xac\x06oX\xb20K-H\xe9\xfb\xda\xeaA+\xe0\x01\x99FR\xa9\xd2%\x94\xca\xf1\xbe\xc1\xc6\xc1\x7fX\\C^\x9c\xd0D{t\xf0n_<\x00\x1dG\xef\xcd2\xdev'
2021-01-11 08:43:30,280 index : 4 :: resp : b'8\xb0C\x8a\xdb\xf0\x18\x8b\x1bp\xbd\xdfq\xf2\xe0J)\xbcq\xd4F\xbcS\r\xf8$\xb0\xd2\xaf-^\xfb'
2021-01-11 08:43:30,280 index : 5 :: resp : b"i\x10$;\xb9\xcd\xe6oc)\xea\xfd\xac\x06oXF\xdb\xd7Lo\xa6\x1b\xfbt\xfc\xed\x96\xd9\xf1\x1c\xd8\xa7b\x96\xfc\x99\xb2\xb2(\x05\\\xe6>s\xf5\xf9\xb3\xa6\xf3\xcf\x98\xdcEz\x15\xc5?\xda\x9f\x1f'\xd9\x01"
2021-01-11 08:43:30,280 check resp exit
2021-01-11 08:43:30,341 timeout
2021-01-11 08:43:30,341 cmd : b'\xd8\xe2\xee\xc7\xbe\xdf}\x0f\xe2\xf3\x93\xf5\xaeC^\xf5\xb8\xc4\x83\x9c\x0e\xa6\x03\r\xd3]\x93\x17\xf2\x14\xb7\x16'
2021-01-11 08:43:30,341 b'\xd8\xe2\xee\xc7\xbe\xdf}\x0f\xe2\xf3\x93\xf5\xaeC^\xf5\xb8\xc4\x83\x9c\x0e\xa6\x03\r\xd3]\x93\x17\xf2\x14\xb7\x16'
2021-01-11 08:43:30,342 cmd send x : 1
2021-01-11 08:43:30,346 prompt
2021-01-11 08:43:30,347 check resp :: cmd : b'\xd8\xe2\xee\xc7\xbe\xdf}\x0f\xe2\xf3\x93\xf5\xaeC^\xf5\xb8\xc4\x83\x9c\x0e\xa6\x03\r\xd3]\x93\x17\xf2\x14\xb7\x16'
2021-01-11 08:43:30,347 index : 0 :: resp : b'\xd8\xe2\xee\xc7\xbe\xdf}\x0f\xe2\xf3\x93\xf5\xaeC^\xf5\xb8\xc4\x83\x9c\x0e\xa6\x03\r\xd3]\x93\x17\xf2\x14\xb7\x16'
2021-01-11 08:43:30,347 index : 1 :: resp : b'i\x10$;\xb9\xcd\xe6oc)\xea\xfd\xac\x06oX7\xc5\xa0_\xfc\x00\x06?&\xd4X\xaf\x8a\x89\xd1V\x99\xd6) ;\xfc \x80X\xf3\x12\xb8Q{\xc5\x9faz%\xb8\x9b8\t\x1c\xc5]\x16\xca\xe4\xd7@\xd0'
2021-01-11 08:43:30,347 index : 2 :: resp : b"i\x10$;\xb9\xcd\xe6oc)\xea\xfd\xac\x06oXF\xdb\xd7Lo\xa6\x1b\xfbt\xfc\xed\x96\xd9\xf1\x1c\xd8\xa7b\x96\xfc\x99\xb2\xb2(\x05\\\xe6>s\xf5\xf9\xb3\xa6\xf3\xcf\x98\xdcEz\x15\xc5?\xda\x9f\x1f'\xd9\x01"
2021-01-11 08:43:30,347 check resp exit
2021-01-11 08:43:30,408 timeout
2021-01-11 08:43:30,408 cmd : b'\x9b2\xe7!}\xb1dVK\x9e\xe9y\x1eH\x8eT\x9fx\xb1\x84$\xbbq0\xceP\x82\xd9=\xd1;6'
2021-01-11 08:43:30,409 b'\x9b2\xe7!}\xb1dVK\x9e\xe9y\x1eH\x8eT\x9fx\xb1\x84$\xbbq0\xceP\x82\xd9=\xd1;6'
2021-01-11 08:43:30,409 cmd send x : 1
2021-01-11 08:43:30,411 prompt
2021-01-11 08:43:30,412 check resp :: cmd : b'\x9b2\xe7!}\xb1dVK\x9e\xe9y\x1eH\x8eT\x9fx\xb1\x84$\xbbq0\xceP\x82\xd9=\xd1;6'
2021-01-11 08:43:30,412 index : 0 :: resp : b'\x9b2\xe7!}\xb1dVK\x9e\xe9y\x1eH\x8eT\x9fx\xb1\x84$\xbbq0\xceP\x82\xd9=\xd1;6'
2021-01-11 08:43:30,412 index : 1 :: resp : b"i\x10$;\xb9\xcd\xe6oc)\xea\xfd\xac\x06oXF\xdb\xd7Lo\xa6\x1b\xfbt\xfc\xed\x96\xd9\xf1\x1c\xd8\xa7b\x96\xfc\x99\xb2\xb2(\x05\\\xe6>s\xf5\xf9\xb3\xa6\xf3\xcf\x98\xdcEz\x15\xc5?\xda\x9f\x1f'\xd9\x01"
2021-01-11 08:43:30,412 check resp exit
2021-01-11 08:43:30,412 node1 is transmitting and node2 is receiving 
2021-01-11 08:43:30,473 timeout
2021-01-11 08:43:30,473 cmd : b'i\x10$;\xb9\xcd\xe6oc)\xea\xfd\xac\x06oXh\x1e^\xbe\xbe:\xa4\xaa\xce\xaf\xd5\x9b\x08\xae\xbf\x83'
2021-01-11 08:43:30,474 b'i\x10$;\xb9\xcd\xe6oc)\xea\xfd\xac\x06oXh\x1e^\xbe\xbe:\xa4\xaa\xce\xaf\xd5\x9b\x08\xae\xbf\x83'
2021-01-11 08:43:30,474 cmd send x : 1
2021-01-11 08:43:31,289 prompt
2021-01-11 08:43:31,290 check resp :: cmd : b'i\x10$;\xb9\xcd\xe6oc)\xea\xfd\xac\x06oXh\x1e^\xbe\xbe:\xa4\xaa\xce\xaf\xd5\x9b\x08\xae\xbf\x83'
2021-01-11 08:43:31,290 index : 0 :: resp : b'i\x10$;\xb9\xcd\xe6oc)\xea\xfd\xac\x06oXh\x1e^\xbe\xbe:\xa4\xaa\xce\xaf\xd5\x9b\x08\xae\xbf\x83'
2021-01-11 08:43:31,290 index : 1 :: resp : b"i\x10$;\xb9\xcd\xe6oc)\xea\xfd\xac\x06oXF\xdb\xd7Lo\xa6\x1b\xfbt\xfc\xed\x96\xd9\xf1\x1c\xd8C>'\xcd\x13\x88\xb0\xcf@\xa6\x99\xda\xfb\xe5R{\xa6\xf3\xcf\x98\xdcEz\x15\xc5?\xda\x9f\x1f'\xd9\x01"
2021-01-11 08:43:31,291 check resp exit
2021-01-11 08:43:31,348 timeout
2021-01-11 08:43:31,349 b'\xfe\xab\x8d]\xba\xd2M\x02\xc1?=\xe9\x17\xd3aO\x9c\xb4\x86\x86\xb4\x93\x16=\x0e\xd2a\xac\x81n\xd5,'
2021-01-11 08:43:31,349 cmd send x : 1
2021-01-11 08:43:31,355 prompt
2021-01-11 08:43:31,355 check resp :: cmd : b'\xfe\xab\x8d]\xba\xd2M\x02\xc1?=\xe9\x17\xd3aO\x9c\xb4\x86\x86\xb4\x93\x16=\x0e\xd2a\xac\x81n\xd5,'
2021-01-11 08:43:31,356 index : 0 :: resp : b'\xfe\xab\x8d]\xba\xd2M\x02\xc1?=\xe9\x17\xd3aO\x9c\xb4\x86\x86\xb4\x93\x16=\x0e\xd2a\xac\x81n\xd5,'
2021-01-11 08:43:31,356 index : 1 :: resp : b"i\x10$;\xb9\xcd\xe6oc)\xea\xfd\xac\x06oXF\xdb\xd7Lo\xa6\x1b\xfbt\xfc\xed\x96\xd9\xf1\x1c\xd8C>'\xcd\x13\x88\xb0\xcf@\xa6\x99\xda\xfb\xe5R{\xa6\xf3\xcf\x98\xdcEz\x15\xc5?\xda\x9f\x1f'\xd9\x01"
2021-01-11 08:43:31,356 check resp exit
2021-01-11 08:43:31,408 timeout
2021-01-11 08:43:31,409 b'e\x91\xc2\xbbJ~\x02\xceO\x86\xeaB\x11$&\x8f\xa7C\xeb\xdb\x11L\x8dJD\xc9\xc5D\x0b\xb9\x1c\xf9'
2021-01-11 08:43:31,409 cmd send x : 1
2021-01-11 08:43:31,414 prompt
2021-01-11 08:43:31,415 check resp :: cmd : b'e\x91\xc2\xbbJ~\x02\xceO\x86\xeaB\x11$&\x8f\xa7C\xeb\xdb\x11L\x8dJD\xc9\xc5D\x0b\xb9\x1c\xf9'
2021-01-11 08:43:31,415 index : 0 :: resp : b'e\x91\xc2\xbbJ~\x02\xceO\x86\xeaB\x11$&\x8f\xa7C\xeb\xdb\x11L\x8dJD\xc9\xc5D\x0b\xb9\x1c\xf9'
2021-01-11 08:43:31,415 index : 1 :: resp : b"i\x10$;\xb9\xcd\xe6oc)\xea\xfd\xac\x06oXF\xdb\xd7Lo\xa6\x1b\xfbt\xfc\xed\x96\xd9\xf1\x1c\xd8C>'\xcd\x13\x88\xb0\xcf@\xa6\x99\xda\xfb\xe5R{\xa6\xf3\xcf\x98\xdcEz\x15\xc5?\xda\x9f\x1f'\xd9\x01"
2021-01-11 08:43:31,415 check resp exit
2021-01-11 08:43:31,476 timeout
2021-01-11 08:43:31,476 b'u4%\x1dx\x88\xedB\xec)\xd4\xb0\xfb\xc8b\x84\xa7C\xeb\xdb\x11L\x8dJD\xc9\xc5D\x0b\xb9\x1c\xf9'
2021-01-11 08:43:31,477 cmd send x : 1
2021-01-11 08:43:31,482 prompt
2021-01-11 08:43:31,483 check resp :: cmd : b'u4%\x1dx\x88\xedB\xec)\xd4\xb0\xfb\xc8b\x84\xa7C\xeb\xdb\x11L\x8dJD\xc9\xc5D\x0b\xb9\x1c\xf9'
2021-01-11 08:43:31,483 index : 0 :: resp : b'u4%\x1dx\x88\xedB\xec)\xd4\xb0\xfb\xc8b\x84\xa7C\xeb\xdb\x11L\x8dJD\xc9\xc5D\x0b\xb9\x1c\xf9'
2021-01-11 08:43:31,483 index : 1 :: resp : b"i\x10$;\xb9\xcd\xe6oc)\xea\xfd\xac\x06oXF\xdb\xd7Lo\xa6\x1b\xfbt\xfc\xed\x96\xd9\xf1\x1c\xd8C>'\xcd\x13\x88\xb0\xcf@\xa6\x99\xda\xfb\xe5R{\xa6\xf3\xcf\x98\xdcEz\x15\xc5?\xda\x9f\x1f'\xd9\x01"
2021-01-11 08:43:31,483 check resp exit
2021-01-11 08:43:31,544 timeout
2021-01-11 08:43:31,544 b'\xfe\xab\x8d]\xba\xd2M\x02\xc1?=\xe9\x17\xd3aO]4B\xa5,\x95\xcc\x07q\xe9\x9ew\xbd\xfd\xdb\xb9'
2021-01-11 08:43:31,545 cmd send x : 1
2021-01-11 08:43:31,550 prompt
2021-01-11 08:43:31,551 check resp :: cmd : b'\xfe\xab\x8d]\xba\xd2M\x02\xc1?=\xe9\x17\xd3aO]4B\xa5,\x95\xcc\x07q\xe9\x9ew\xbd\xfd\xdb\xb9'
2021-01-11 08:43:31,551 index : 0 :: resp : b'\xfe\xab\x8d]\xba\xd2M\x02\xc1?=\xe9\x17\xd3aO]4B\xa5,\x95\xcc\x07q\xe9\x9ew\xbd\xfd\xdb\xb9'
2021-01-11 08:43:31,551 index : 1 :: resp : b"i\x10$;\xb9\xcd\xe6oc)\xea\xfd\xac\x06oXF\xdb\xd7Lo\xa6\x1b\xfbt\xfc\xed\x96\xd9\xf1\x1c\xd8C>'\xcd\x13\x88\xb0\xcf@\xa6\x99\xda\xfb\xe5R{\xa6\xf3\xcf\x98\xdcEz\x15\xc5?\xda\x9f\x1f'\xd9\x01"
2021-01-11 08:43:31,551 check resp exit
2021-01-11 08:43:31,612 timeout
2021-01-11 08:43:31,612 b'e\x91\xc2\xbbJ~\x02\xceO\x86\xeaB\x11$&\x8f\xa7C\xeb\xdb\x11L\x8dJD\xc9\xc5D\x0b\xb9\x1c\xf9'
2021-01-11 08:43:31,612 cmd send x : 1
2021-01-11 08:43:31,618 prompt
2021-01-11 08:43:31,619 check resp :: cmd : b'e\x91\xc2\xbbJ~\x02\xceO\x86\xeaB\x11$&\x8f\xa7C\xeb\xdb\x11L\x8dJD\xc9\xc5D\x0b\xb9\x1c\xf9'
2021-01-11 08:43:31,619 index : 0 :: resp : b'e\x91\xc2\xbbJ~\x02\xceO\x86\xeaB\x11$&\x8f\xa7C\xeb\xdb\x11L\x8dJD\xc9\xc5D\x0b\xb9\x1c\xf9'
2021-01-11 08:43:31,619 index : 1 :: resp : b"i\x10$;\xb9\xcd\xe6oc)\xea\xfd\xac\x06oXF\xdb\xd7Lo\xa6\x1b\xfbt\xfc\xed\x96\xd9\xf1\x1c\xd8C>'\xcd\x13\x88\xb0\xcf@\xa6\x99\xda\xfb\xe5R{\xa6\xf3\xcf\x98\xdcEz\x15\xc5?\xda\x9f\x1f'\xd9\x01"
2021-01-11 08:43:31,619 check resp exit
2021-01-11 08:43:31,680 timeout
2021-01-11 08:43:31,680 b'u4%\x1dx\x88\xedB\xec)\xd4\xb0\xfb\xc8b\x84\xa7C\xeb\xdb\x11L\x8dJD\xc9\xc5D\x0b\xb9\x1c\xf9'
2021-01-11 08:43:31,680 cmd send x : 1
2021-01-11 08:43:31,686 prompt
2021-01-11 08:43:31,686 check resp :: cmd : b'u4%\x1dx\x88\xedB\xec)\xd4\xb0\xfb\xc8b\x84\xa7C\xeb\xdb\x11L\x8dJD\xc9\xc5D\x0b\xb9\x1c\xf9'
2021-01-11 08:43:31,687 index : 0 :: resp : b'u4%\x1dx\x88\xedB\xec)\xd4\xb0\xfb\xc8b\x84\xa7C\xeb\xdb\x11L\x8dJD\xc9\xc5D\x0b\xb9\x1c\xf9'
2021-01-11 08:43:31,687 index : 1 :: resp : b"i\x10$;\xb9\xcd\xe6oc)\xea\xfd\xac\x06oXF\xdb\xd7Lo\xa6\x1b\xfbt\xfc\xed\x96\xd9\xf1\x1c\xd8C>'\xcd\x13\x88\xb0\xcf@\xa6\x99\xda\xfb\xe5R{\xa6\xf3\xcf\x98\xdcEz\x15\xc5?\xda\x9f\x1f'\xd9\x01"
2021-01-11 08:43:31,687 check resp exit
2021-01-11 08:43:31,748 timeout
2021-01-11 08:43:31,748 b'\xfe\xab\x8d]\xba\xd2M\x02\xc1?=\xe9\x17\xd3aO\xbe\rwr\xd6\x08\xd7h\x84\xe6\x02\xae\x10\xbc\xa6M'
2021-01-11 08:43:31,748 cmd send x : 1
2021-01-11 08:43:31,754 prompt
2021-01-11 08:43:31,754 check resp :: cmd : b'\xfe\xab\x8d]\xba\xd2M\x02\xc1?=\xe9\x17\xd3aO\xbe\rwr\xd6\x08\xd7h\x84\xe6\x02\xae\x10\xbc\xa6M'
2021-01-11 08:43:31,754 index : 0 :: resp : b'\xfe\xab\x8d]\xba\xd2M\x02\xc1?=\xe9\x17\xd3aO\xbe\rwr\xd6\x08\xd7h\x84\xe6\x02\xae\x10\xbc\xa6M'
2021-01-11 08:43:31,755 index : 1 :: resp : b"i\x10$;\xb9\xcd\xe6oc)\xea\xfd\xac\x06oXF\xdb\xd7Lo\xa6\x1b\xfbt\xfc\xed\x96\xd9\xf1\x1c\xd8C>'\xcd\x13\x88\xb0\xcf@\xa6\x99\xda\xfb\xe5R{\xa6\xf3\xcf\x98\xdcEz\x15\xc5?\xda\x9f\x1f'\xd9\x01"
2021-01-11 08:43:31,755 check resp exit
2021-01-11 08:43:31,815 timeout
2021-01-11 08:43:31,816 b'e\x91\xc2\xbbJ~\x02\xceO\x86\xeaB\x11$&\x8f\xa7C\xeb\xdb\x11L\x8dJD\xc9\xc5D\x0b\xb9\x1c\xf9'
2021-01-11 08:43:31,816 cmd send x : 1
2021-01-11 08:43:31,821 prompt
2021-01-11 08:43:31,822 check resp :: cmd : b'e\x91\xc2\xbbJ~\x02\xceO\x86\xeaB\x11$&\x8f\xa7C\xeb\xdb\x11L\x8dJD\xc9\xc5D\x0b\xb9\x1c\xf9'
2021-01-11 08:43:31,822 index : 0 :: resp : b'e\x91\xc2\xbbJ~\x02\xceO\x86\xeaB\x11$&\x8f\xa7C\xeb\xdb\x11L\x8dJD\xc9\xc5D\x0b\xb9\x1c\xf9'
2021-01-11 08:43:31,822 index : 1 :: resp : b"i\x10$;\xb9\xcd\xe6oc)\xea\xfd\xac\x06oXF\xdb\xd7Lo\xa6\x1b\xfbt\xfc\xed\x96\xd9\xf1\x1c\xd8C>'\xcd\x13\x88\xb0\xcf@\xa6\x99\xda\xfb\xe5R{\xa6\xf3\xcf\x98\xdcEz\x15\xc5?\xda\x9f\x1f'\xd9\x01"
2021-01-11 08:43:31,823 check resp exit
2021-01-11 08:43:31,883 timeout
2021-01-11 08:43:31,883 b'u4%\x1dx\x88\xedB\xec)\xd4\xb0\xfb\xc8b\x84\xa7C\xeb\xdb\x11L\x8dJD\xc9\xc5D\x0b\xb9\x1c\xf9'
2021-01-11 08:43:31,884 cmd send x : 1
2021-01-11 08:43:31,889 prompt
2021-01-11 08:43:31,890 check resp :: cmd : b'u4%\x1dx\x88\xedB\xec)\xd4\xb0\xfb\xc8b\x84\xa7C\xeb\xdb\x11L\x8dJD\xc9\xc5D\x0b\xb9\x1c\xf9'
2021-01-11 08:43:31,890 index : 0 :: resp : b'u4%\x1dx\x88\xedB\xec)\xd4\xb0\xfb\xc8b\x84\xa7C\xeb\xdb\x11L\x8dJD\xc9\xc5D\x0b\xb9\x1c\xf9'
2021-01-11 08:43:31,890 index : 1 :: resp : b"i\x10$;\xb9\xcd\xe6oc)\xea\xfd\xac\x06oXF\xdb\xd7Lo\xa6\x1b\xfbt\xfc\xed\x96\xd9\xf1\x1c\xd8C>'\xcd\x13\x88\xb0\xcf@\xa6\x99\xda\xfb\xe5R{\xa6\xf3\xcf\x98\xdcEz\x15\xc5?\xda\x9f\x1f'\xd9\x01"
2021-01-11 08:43:31,890 check resp exit
2021-01-11 08:43:31,951 timeout
2021-01-11 08:43:31,951 b'\xfe\xab\x8d]\xba\xd2M\x02\xc1?=\xe9\x17\xd3aO\xb0\xc7\xa3\xce1c\x08G\x17 )\xce\xc88\x8b\xc2'
2021-01-11 08:43:31,952 cmd send x : 1
2021-01-11 08:43:31,957 prompt
2021-01-11 08:43:31,957 check resp :: cmd : b'\xfe\xab\x8d]\xba\xd2M\x02\xc1?=\xe9\x17\xd3aO\xb0\xc7\xa3\xce1c\x08G\x17 )\xce\xc88\x8b\xc2'
2021-01-11 08:43:31,958 index : 0 :: resp : b'\xfe\xab\x8d]\xba\xd2M\x02\xc1?=\xe9\x17\xd3aO\xb0\xc7\xa3\xce1c\x08G\x17 )\xce\xc88\x8b\xc2'
2021-01-11 08:43:31,958 index : 1 :: resp : b"i\x10$;\xb9\xcd\xe6oc)\xea\xfd\xac\x06oXF\xdb\xd7Lo\xa6\x1b\xfbt\xfc\xed\x96\xd9\xf1\x1c\xd8C>'\xcd\x13\x88\xb0\xcf@\xa6\x99\xda\xfb\xe5R{\xa6\xf3\xcf\x98\xdcEz\x15\xc5?\xda\x9f\x1f'\xd9\x01"
2021-01-11 08:43:31,958 check resp exit
2021-01-11 08:43:32,016 timeout
2021-01-11 08:43:32,016 b'\x18\xfeh\xaehI\xcf$\xd9Dp\x9f\xa4\x8fL\x84\xc1x\xb6!D\xae@\xeb[s>=\x8b+\xc1\xd8'
2021-01-11 08:43:32,016 cmd send x : 1
2021-01-11 08:43:32,033 prompt
2021-01-11 08:43:32,034 check resp :: cmd : b'\x18\xfeh\xaehI\xcf$\xd9Dp\x9f\xa4\x8fL\x84\xc1x\xb6!D\xae@\xeb[s>=\x8b+\xc1\xd8'
2021-01-11 08:43:32,034 index : 0 :: resp : b'\x18\xfeh\xaehI\xcf$\xd9Dp\x9f\xa4\x8fL\x84\xc1x\xb6!D\xae@\xeb[s>=\x8b+\xc1\xd8'
2021-01-11 08:43:32,034 index : 1 :: resp : b"i\x10$;\xb9\xcd\xe6oc)\xea\xfd\xac\x06oXF\xdb\xd7Lo\xa6\x1b\xfbt\xfc\xed\x96\xd9\xf1\x1c\xd8C>'\xcd\x13\x88\xb0\xcf@\xa6\x99\xda\xfb\xe5R{\xa6\xf3\xcf\x98\xdcEz\x15\xc5?\xda\x9f\x1f'\xd9\x01"
2021-01-11 08:43:32,034 check resp exit
2021-01-11 08:43:32,095 timeout
2021-01-11 08:43:32,095 b"\xe8F[\xf6\x12\xc2C\xa6~)\xef'\xd3\xe6\xbdN\xc1x\xb6!D\xae@\xeb[s>=\x8b+\xc1\xd8"
2021-01-11 08:43:32,096 cmd send x : 1
2021-01-11 08:43:32,103 prompt
2021-01-11 08:43:32,103 check resp :: cmd : b"\xe8F[\xf6\x12\xc2C\xa6~)\xef'\xd3\xe6\xbdN\xc1x\xb6!D\xae@\xeb[s>=\x8b+\xc1\xd8"
2021-01-11 08:43:32,103 index : 0 :: resp : b"\xe8F[\xf6\x12\xc2C\xa6~)\xef'\xd3\xe6\xbdN\xc1x\xb6!D\xae@\xeb[s>=\x8b+\xc1\xd8"
2021-01-11 08:43:32,104 index : 1 :: resp : b"i\x10$;\xb9\xcd\xe6oc)\xea\xfd\xac\x06oXF\xdb\xd7Lo\xa6\x1b\xfbt\xfc\xed\x96\xd9\xf1\x1c\xd8C>'\xcd\x13\x88\xb0\xcf@\xa6\x99\xda\xfb\xe5R{\xa6\xf3\xcf\x98\xdcEz\x15\xc5?\xda\x9f\x1f'\xd9\x01"
2021-01-11 08:43:32,104 check resp exit
2021-01-11 08:43:32,164 timeout
2021-01-11 08:43:32,165 cmd : b'i\x10$;\xb9\xcd\xe6oc)\xea\xfd\xac\x06oXh\x1e^\xbe\xbe:\xa4\xaa\xce\xaf\xd5\x9b\x08\xae\xbf\x83'
2021-01-11 08:43:32,165 b'i\x10$;\xb9\xcd\xe6oc)\xea\xfd\xac\x06oXh\x1e^\xbe\xbe:\xa4\xaa\xce\xaf\xd5\x9b\x08\xae\xbf\x83'
2021-01-11 08:43:32,165 cmd send x : 1
2021-01-11 08:43:32,997 prompt
2021-01-11 08:43:32,998 check resp :: cmd : b'i\x10$;\xb9\xcd\xe6oc)\xea\xfd\xac\x06oXh\x1e^\xbe\xbe:\xa4\xaa\xce\xaf\xd5\x9b\x08\xae\xbf\x83'
2021-01-11 08:43:32,998 index : 0 :: resp : b'i\x10$;\xb9\xcd\xe6oc)\xea\xfd\xac\x06oXh\x1e^\xbe\xbe:\xa4\xaa\xce\xaf\xd5\x9b\x08\xae\xbf\x83'
2021-01-11 08:43:32,998 index : 1 :: resp : b"i\x10$;\xb9\xcd\xe6oc)\xea\xfd\xac\x06oXF\xdb\xd7Lo\xa6\x1b\xfbt\xfc\xed\x96\xd9\xf1\x1c\xd8\xa7b\x96\xfc\x99\xb2\xb2(\x05\\\xe6>s\xf5\xf9\xb3\xa6\xf3\xcf\x98\xdcEz\x15\xc5?\xda\x9f\x1f'\xd9\x01"
2021-01-11 08:43:32,998 check resp exit
2021-01-11 08:43:33,059 timeout
2021-01-11 08:43:33,059 b'\xfe\xab\x8d]\xba\xd2M\x02\xc1?=\xe9\x17\xd3aO\x9c\xb4\x86\x86\xb4\x93\x16=\x0e\xd2a\xac\x81n\xd5,'
2021-01-11 08:43:33,060 cmd send x : 1
2021-01-11 08:43:33,065 prompt
2021-01-11 08:43:33,066 check resp :: cmd : b'\xfe\xab\x8d]\xba\xd2M\x02\xc1?=\xe9\x17\xd3aO\x9c\xb4\x86\x86\xb4\x93\x16=\x0e\xd2a\xac\x81n\xd5,'
2021-01-11 08:43:33,066 index : 0 :: resp : b'\xfe\xab\x8d]\xba\xd2M\x02\xc1?=\xe9\x17\xd3aO\x9c\xb4\x86\x86\xb4\x93\x16=\x0e\xd2a\xac\x81n\xd5,'
2021-01-11 08:43:33,066 index : 1 :: resp : b"i\x10$;\xb9\xcd\xe6oc)\xea\xfd\xac\x06oXF\xdb\xd7Lo\xa6\x1b\xfbt\xfc\xed\x96\xd9\xf1\x1c\xd8\xa7b\x96\xfc\x99\xb2\xb2(\x05\\\xe6>s\xf5\xf9\xb3\xa6\xf3\xcf\x98\xdcEz\x15\xc5?\xda\x9f\x1f'\xd9\x01"
2021-01-11 08:43:33,066 check resp exit
2021-01-11 08:43:33,127 timeout
2021-01-11 08:43:33,127 b'e\x91\xc2\xbbJ~\x02\xceO\x86\xeaB\x11$&\x8f\xa7C\xeb\xdb\x11L\x8dJD\xc9\xc5D\x0b\xb9\x1c\xf9'
2021-01-11 08:43:33,128 cmd send x : 1
2021-01-11 08:43:33,133 prompt
2021-01-11 08:43:33,134 check resp :: cmd : b'e\x91\xc2\xbbJ~\x02\xceO\x86\xeaB\x11$&\x8f\xa7C\xeb\xdb\x11L\x8dJD\xc9\xc5D\x0b\xb9\x1c\xf9'
2021-01-11 08:43:33,134 index : 0 :: resp : b'e\x91\xc2\xbbJ~\x02\xceO\x86\xeaB\x11$&\x8f\xa7C\xeb\xdb\x11L\x8dJD\xc9\xc5D\x0b\xb9\x1c\xf9'
2021-01-11 08:43:33,134 index : 1 :: resp : b"i\x10$;\xb9\xcd\xe6oc)\xea\xfd\xac\x06oXF\xdb\xd7Lo\xa6\x1b\xfbt\xfc\xed\x96\xd9\xf1\x1c\xd8\xa7b\x96\xfc\x99\xb2\xb2(\x05\\\xe6>s\xf5\xf9\xb3\xa6\xf3\xcf\x98\xdcEz\x15\xc5?\xda\x9f\x1f'\xd9\x01"
2021-01-11 08:43:33,134 check resp exit
2021-01-11 08:43:33,195 timeout
2021-01-11 08:43:33,195 b'u4%\x1dx\x88\xedB\xec)\xd4\xb0\xfb\xc8b\x84\xa7C\xeb\xdb\x11L\x8dJD\xc9\xc5D\x0b\xb9\x1c\xf9'
2021-01-11 08:43:33,195 cmd send x : 1
2021-01-11 08:43:33,202 prompt
2021-01-11 08:43:33,202 check resp :: cmd : b'u4%\x1dx\x88\xedB\xec)\xd4\xb0\xfb\xc8b\x84\xa7C\xeb\xdb\x11L\x8dJD\xc9\xc5D\x0b\xb9\x1c\xf9'
2021-01-11 08:43:33,203 index : 0 :: resp : b'u4%\x1dx\x88\xedB\xec)\xd4\xb0\xfb\xc8b\x84\xa7C\xeb\xdb\x11L\x8dJD\xc9\xc5D\x0b\xb9\x1c\xf9'
2021-01-11 08:43:33,203 index : 1 :: resp : b"i\x10$;\xb9\xcd\xe6oc)\xea\xfd\xac\x06oXF\xdb\xd7Lo\xa6\x1b\xfbt\xfc\xed\x96\xd9\xf1\x1c\xd8\xa7b\x96\xfc\x99\xb2\xb2(\x05\\\xe6>s\xf5\xf9\xb3\xa6\xf3\xcf\x98\xdcEz\x15\xc5?\xda\x9f\x1f'\xd9\x01"
2021-01-11 08:43:33,203 check resp exit
2021-01-11 08:43:33,263 timeout
2021-01-11 08:43:33,264 b'\xfe\xab\x8d]\xba\xd2M\x02\xc1?=\xe9\x17\xd3aO]4B\xa5,\x95\xcc\x07q\xe9\x9ew\xbd\xfd\xdb\xb9'
2021-01-11 08:43:33,264 cmd send x : 1
2021-01-11 08:43:33,270 prompt
2021-01-11 08:43:33,271 check resp :: cmd : b'\xfe\xab\x8d]\xba\xd2M\x02\xc1?=\xe9\x17\xd3aO]4B\xa5,\x95\xcc\x07q\xe9\x9ew\xbd\xfd\xdb\xb9'
2021-01-11 08:43:33,271 index : 0 :: resp : b'\xfe\xab\x8d]\xba\xd2M\x02\xc1?=\xe9\x17\xd3aO]4B\xa5,\x95\xcc\x07q\xe9\x9ew\xbd\xfd\xdb\xb9'
2021-01-11 08:43:33,272 index : 1 :: resp : b"i\x10$;\xb9\xcd\xe6oc)\xea\xfd\xac\x06oXF\xdb\xd7Lo\xa6\x1b\xfbt\xfc\xed\x96\xd9\xf1\x1c\xd8\xa7b\x96\xfc\x99\xb2\xb2(\x05\\\xe6>s\xf5\xf9\xb3\xa6\xf3\xcf\x98\xdcEz\x15\xc5?\xda\x9f\x1f'\xd9\x01"
2021-01-11 08:43:33,272 check resp exit
2021-01-11 08:43:33,332 timeout
2021-01-11 08:43:33,333 b'e\x91\xc2\xbbJ~\x02\xceO\x86\xeaB\x11$&\x8f\xa7C\xeb\xdb\x11L\x8dJD\xc9\xc5D\x0b\xb9\x1c\xf9'
2021-01-11 08:43:33,333 cmd send x : 1
2021-01-11 08:43:33,339 prompt
2021-01-11 08:43:33,339 check resp :: cmd : b'e\x91\xc2\xbbJ~\x02\xceO\x86\xeaB\x11$&\x8f\xa7C\xeb\xdb\x11L\x8dJD\xc9\xc5D\x0b\xb9\x1c\xf9'
2021-01-11 08:43:33,339 index : 0 :: resp : b'e\x91\xc2\xbbJ~\x02\xceO\x86\xeaB\x11$&\x8f\xa7C\xeb\xdb\x11L\x8dJD\xc9\xc5D\x0b\xb9\x1c\xf9'
2021-01-11 08:43:33,340 index : 1 :: resp : b"i\x10$;\xb9\xcd\xe6oc)\xea\xfd\xac\x06oXF\xdb\xd7Lo\xa6\x1b\xfbt\xfc\xed\x96\xd9\xf1\x1c\xd8\xa7b\x96\xfc\x99\xb2\xb2(\x05\\\xe6>s\xf5\xf9\xb3\xa6\xf3\xcf\x98\xdcEz\x15\xc5?\xda\x9f\x1f'\xd9\x01"
2021-01-11 08:43:33,340 check resp exit
2021-01-11 08:43:33,400 timeout
2021-01-11 08:43:33,401 b'u4%\x1dx\x88\xedB\xec)\xd4\xb0\xfb\xc8b\x84\xa7C\xeb\xdb\x11L\x8dJD\xc9\xc5D\x0b\xb9\x1c\xf9'
2021-01-11 08:43:33,401 cmd send x : 1
2021-01-11 08:43:33,407 prompt
2021-01-11 08:43:33,407 check resp :: cmd : b'u4%\x1dx\x88\xedB\xec)\xd4\xb0\xfb\xc8b\x84\xa7C\xeb\xdb\x11L\x8dJD\xc9\xc5D\x0b\xb9\x1c\xf9'
2021-01-11 08:43:33,408 index : 0 :: resp : b'u4%\x1dx\x88\xedB\xec)\xd4\xb0\xfb\xc8b\x84\xa7C\xeb\xdb\x11L\x8dJD\xc9\xc5D\x0b\xb9\x1c\xf9'
2021-01-11 08:43:33,408 index : 1 :: resp : b"i\x10$;\xb9\xcd\xe6oc)\xea\xfd\xac\x06oXF\xdb\xd7Lo\xa6\x1b\xfbt\xfc\xed\x96\xd9\xf1\x1c\xd8\xa7b\x96\xfc\x99\xb2\xb2(\x05\\\xe6>s\xf5\xf9\xb3\xa6\xf3\xcf\x98\xdcEz\x15\xc5?\xda\x9f\x1f'\xd9\x01"
2021-01-11 08:43:33,408 check resp exit
2021-01-11 08:43:33,469 timeout
2021-01-11 08:43:33,469 b'\xfe\xab\x8d]\xba\xd2M\x02\xc1?=\xe9\x17\xd3aO\xbe\rwr\xd6\x08\xd7h\x84\xe6\x02\xae\x10\xbc\xa6M'
2021-01-11 08:43:33,469 cmd send x : 1
2021-01-11 08:43:33,474 prompt
2021-01-11 08:43:33,475 check resp :: cmd : b'\xfe\xab\x8d]\xba\xd2M\x02\xc1?=\xe9\x17\xd3aO\xbe\rwr\xd6\x08\xd7h\x84\xe6\x02\xae\x10\xbc\xa6M'
2021-01-11 08:43:33,475 index : 0 :: resp : b'\xfe\xab\x8d]\xba\xd2M\x02\xc1?=\xe9\x17\xd3aO\xbe\rwr\xd6\x08\xd7h\x84\xe6\x02\xae\x10\xbc\xa6M'
2021-01-11 08:43:33,475 index : 1 :: resp : b"i\x10$;\xb9\xcd\xe6oc)\xea\xfd\xac\x06oXF\xdb\xd7Lo\xa6\x1b\xfbt\xfc\xed\x96\xd9\xf1\x1c\xd8\xa7b\x96\xfc\x99\xb2\xb2(\x05\\\xe6>s\xf5\xf9\xb3\xa6\xf3\xcf\x98\xdcEz\x15\xc5?\xda\x9f\x1f'\xd9\x01"
2021-01-11 08:43:33,475 check resp exit
2021-01-11 08:43:33,536 timeout
2021-01-11 08:43:33,536 b'e\x91\xc2\xbbJ~\x02\xceO\x86\xeaB\x11$&\x8f\xa7C\xeb\xdb\x11L\x8dJD\xc9\xc5D\x0b\xb9\x1c\xf9'
2021-01-11 08:43:33,536 cmd send x : 1
2021-01-11 08:43:33,542 prompt
2021-01-11 08:43:33,542 check resp :: cmd : b'e\x91\xc2\xbbJ~\x02\xceO\x86\xeaB\x11$&\x8f\xa7C\xeb\xdb\x11L\x8dJD\xc9\xc5D\x0b\xb9\x1c\xf9'
2021-01-11 08:43:33,543 index : 0 :: resp : b'e\x91\xc2\xbbJ~\x02\xceO\x86\xeaB\x11$&\x8f\xa7C\xeb\xdb\x11L\x8dJD\xc9\xc5D\x0b\xb9\x1c\xf9'
2021-01-11 08:43:33,543 index : 1 :: resp : b"i\x10$;\xb9\xcd\xe6oc)\xea\xfd\xac\x06oXF\xdb\xd7Lo\xa6\x1b\xfbt\xfc\xed\x96\xd9\xf1\x1c\xd8\xa7b\x96\xfc\x99\xb2\xb2(\x05\\\xe6>s\xf5\xf9\xb3\xa6\xf3\xcf\x98\xdcEz\x15\xc5?\xda\x9f\x1f'\xd9\x01"
2021-01-11 08:43:33,543 check resp exit
2021-01-11 08:43:33,604 timeout
2021-01-11 08:43:33,604 b'u4%\x1dx\x88\xedB\xec)\xd4\xb0\xfb\xc8b\x84\xa7C\xeb\xdb\x11L\x8dJD\xc9\xc5D\x0b\xb9\x1c\xf9'
2021-01-11 08:43:33,604 cmd send x : 1
2021-01-11 08:43:33,610 prompt
2021-01-11 08:43:33,610 check resp :: cmd : b'u4%\x1dx\x88\xedB\xec)\xd4\xb0\xfb\xc8b\x84\xa7C\xeb\xdb\x11L\x8dJD\xc9\xc5D\x0b\xb9\x1c\xf9'
2021-01-11 08:43:33,611 index : 0 :: resp : b'u4%\x1dx\x88\xedB\xec)\xd4\xb0\xfb\xc8b\x84\xa7C\xeb\xdb\x11L\x8dJD\xc9\xc5D\x0b\xb9\x1c\xf9'
2021-01-11 08:43:33,611 index : 1 :: resp : b"i\x10$;\xb9\xcd\xe6oc)\xea\xfd\xac\x06oXF\xdb\xd7Lo\xa6\x1b\xfbt\xfc\xed\x96\xd9\xf1\x1c\xd8\xa7b\x96\xfc\x99\xb2\xb2(\x05\\\xe6>s\xf5\xf9\xb3\xa6\xf3\xcf\x98\xdcEz\x15\xc5?\xda\x9f\x1f'\xd9\x01"
2021-01-11 08:43:33,611 check resp exit
2021-01-11 08:43:33,672 timeout
2021-01-11 08:43:33,672 b'\xfe\xab\x8d]\xba\xd2M\x02\xc1?=\xe9\x17\xd3aO\xb0\xc7\xa3\xce1c\x08G\x17 )\xce\xc88\x8b\xc2'
2021-01-11 08:43:33,672 cmd send x : 1
2021-01-11 08:43:33,678 prompt
2021-01-11 08:43:33,678 check resp :: cmd : b'\xfe\xab\x8d]\xba\xd2M\x02\xc1?=\xe9\x17\xd3aO\xb0\xc7\xa3\xce1c\x08G\x17 )\xce\xc88\x8b\xc2'
2021-01-11 08:43:33,678 index : 0 :: resp : b'\xfe\xab\x8d]\xba\xd2M\x02\xc1?=\xe9\x17\xd3aO\xb0\xc7\xa3\xce1c\x08G\x17 )\xce\xc88\x8b\xc2'
2021-01-11 08:43:33,679 index : 1 :: resp : b"i\x10$;\xb9\xcd\xe6oc)\xea\xfd\xac\x06oXF\xdb\xd7Lo\xa6\x1b\xfbt\xfc\xed\x96\xd9\xf1\x1c\xd8\xa7b\x96\xfc\x99\xb2\xb2(\x05\\\xe6>s\xf5\xf9\xb3\xa6\xf3\xcf\x98\xdcEz\x15\xc5?\xda\x9f\x1f'\xd9\x01"
2021-01-11 08:43:33,679 check resp exit
2021-01-11 08:43:33,739 timeout
2021-01-11 08:43:33,740 b'\x18\xfeh\xaehI\xcf$\xd9Dp\x9f\xa4\x8fL\x84\xc1x\xb6!D\xae@\xeb[s>=\x8b+\xc1\xd8'
2021-01-11 08:43:33,740 cmd send x : 1
2021-01-11 08:43:33,746 prompt
2021-01-11 08:43:33,746 check resp :: cmd : b'\x18\xfeh\xaehI\xcf$\xd9Dp\x9f\xa4\x8fL\x84\xc1x\xb6!D\xae@\xeb[s>=\x8b+\xc1\xd8'
2021-01-11 08:43:33,746 index : 0 :: resp : b'\x18\xfeh\xaehI\xcf$\xd9Dp\x9f\xa4\x8fL\x84\xc1x\xb6!D\xae@\xeb[s>=\x8b+\xc1\xd8'
2021-01-11 08:43:33,747 index : 1 :: resp : b"i\x10$;\xb9\xcd\xe6oc)\xea\xfd\xac\x06oXF\xdb\xd7Lo\xa6\x1b\xfbt\xfc\xed\x96\xd9\xf1\x1c\xd8\xa7b\x96\xfc\x99\xb2\xb2(\x05\\\xe6>s\xf5\xf9\xb3\xa6\xf3\xcf\x98\xdcEz\x15\xc5?\xda\x9f\x1f'\xd9\x01"
2021-01-11 08:43:33,747 check resp exit
2021-01-11 08:43:33,800 timeout
2021-01-11 08:43:33,800 b"\xe8F[\xf6\x12\xc2C\xa6~)\xef'\xd3\xe6\xbdN\xc1x\xb6!D\xae@\xeb[s>=\x8b+\xc1\xd8"
2021-01-11 08:43:33,800 cmd send x : 1
2021-01-11 08:43:33,806 prompt
2021-01-11 08:43:33,806 check resp :: cmd : b"\xe8F[\xf6\x12\xc2C\xa6~)\xef'\xd3\xe6\xbdN\xc1x\xb6!D\xae@\xeb[s>=\x8b+\xc1\xd8"
2021-01-11 08:43:33,807 index : 0 :: resp : b"\xe8F[\xf6\x12\xc2C\xa6~)\xef'\xd3\xe6\xbdN\xc1x\xb6!D\xae@\xeb[s>=\x8b+\xc1\xd8"
2021-01-11 08:43:33,807 index : 1 :: resp : b"i\x10$;\xb9\xcd\xe6oc)\xea\xfd\xac\x06oXF\xdb\xd7Lo\xa6\x1b\xfbt\xfc\xed\x96\xd9\xf1\x1c\xd8\xa7b\x96\xfc\x99\xb2\xb2(\x05\\\xe6>s\xf5\xf9\xb3\xa6\xf3\xcf\x98\xdcEz\x15\xc5?\xda\x9f\x1f'\xd9\x01"
2021-01-11 08:43:33,807 check resp exit
2021-01-11 08:43:33,870 timeout
2021-01-11 08:43:33,870 cmd : b'i\x10$;\xb9\xcd\xe6oc)\xea\xfd\xac\x06oX}\xda<\xc3\xc1Zb\xac\xe4.}\xdf\xc7b\xd5oS\xa31U3\x1d\x15\x18\x8d\x17\xd1]\x93\x88I\xc5\xc1\xf8\xc0\xdd\xaa.\x0e\xe8\xc5hD\n\xc7]\xea\x0f'
2021-01-11 08:43:33,870 b'i\x10$;\xb9\xcd\xe6oc)\xea\xfd\xac\x06oX}\xda<\xc3\xc1Zb\xac\xe4.}\xdf\xc7b\xd5oS\xa31U3\x1d\x15\x18\x8d\x17\xd1]\x93\x88I\xc5\xc1\xf8\xc0\xdd\xaa.\x0e\xe8\xc5hD\n\xc7]\xea\x0f'
2021-01-11 08:43:33,870 cmd send x : 1
2021-01-11 08:43:33,875 prompt
2021-01-11 08:43:33,875 check resp :: cmd : b'i\x10$;\xb9\xcd\xe6oc)\xea\xfd\xac\x06oX}\xda<\xc3\xc1Zb\xac\xe4.}\xdf\xc7b\xd5oS\xa31U3\x1d\x15\x18\x8d\x17\xd1]\x93\x88I\xc5\xc1\xf8\xc0\xdd\xaa.\x0e\xe8\xc5hD\n\xc7]\xea\x0f'
2021-01-11 08:43:33,876 index : 0 :: resp : b'i\x10$;\xb9\xcd\xe6oc)\xea\xfd\xac\x06oX\xd4\x08\xdb\x85\x18\xb8\xd3&\n\x88\xd5\x10\x8b\x1bE\x86\xf3\xc6\xe02\xeb\xd6\x1f\x14i\xcd\x07\xe2\x99it\x958\x94\x80I\x8f\x0c\x90\x8c\x94:\xe8\x82\x8e.\x02\xf7'
2021-01-11 08:43:33,876 index : 1 :: resp : b''
2021-01-11 08:43:33,876 index : 2 :: resp : b'i\x10$;\xb9\xcd\xe6oc)\xea\xfd\xac\x06oXs\xf8\xbf\xaeaSw~\xcbQ\xe3\n\x81\xffl\x01P\xa29gJS\xbc\xc9\xc7g"\xebNE\xd8@y\xc5\xc6S\x1e^&\xcdp\xf23\x00\xfe+\xd8\xc3s\x02\x9b\x98\xe3\xf1=PH\xb5,Z;\xf6\x08}GX3>\xd86\x01\x8e\xe5\x0e\'\x0b\x12\x87v:'
2021-01-11 08:43:33,876 index : 3 :: resp : b'i\x10$;\xb9\xcd\xe6oc)\xea\xfd\xac\x06oX\xd2\xe4\xd88r\x8a\x1a\xdb\xccX\x15\x80\xac\xb6&\x16\xbf\x07\xdb \xab\rk\xa1\x0f\xfa\xbd\xfd\xc2\xb8\x8f\xcef\xb8\xc3|\xce\x07o\xb0W\x07Z\\|\xe5\x10\xfa'
2021-01-11 08:43:33,876 index : 4 :: resp : b"i\x10$;\xb9\xcd\xe6oc)\xea\xfd\xac\x06oXF\xdb\xd7Lo\xa6\x1b\xfbt\xfc\xed\x96\xd9\xf1\x1c\xd8C>'\xcd\x13\x88\xb0\xcf@\xa6\x99\xda\xfb\xe5R{\xa6\xf3\xcf\x98\xdcEz\x15\xc5?\xda\x9f\x1f'\xd9\x01"
2021-01-11 08:43:33,876 check resp exit
2021-01-11 08:43:33,877 node1 :: lat:0.000000 long:0.000000
2021-01-11 08:43:33,936 timeout
2021-01-11 08:43:33,937 cmd : b'i\x10$;\xb9\xcd\xe6oc)\xea\xfd\xac\x06oX}\xda<\xc3\xc1Zb\xac\xe4.}\xdf\xc7b\xd5oS\xa31U3\x1d\x15\x18\x8d\x17\xd1]\x93\x88I\xc5\xc1\xf8\xc0\xdd\xaa.\x0e\xe8\xc5hD\n\xc7]\xea\x0f'
2021-01-11 08:43:33,937 b'i\x10$;\xb9\xcd\xe6oc)\xea\xfd\xac\x06oX}\xda<\xc3\xc1Zb\xac\xe4.}\xdf\xc7b\xd5oS\xa31U3\x1d\x15\x18\x8d\x17\xd1]\x93\x88I\xc5\xc1\xf8\xc0\xdd\xaa.\x0e\xe8\xc5hD\n\xc7]\xea\x0f'
2021-01-11 08:43:33,937 cmd send x : 1
2021-01-11 08:43:33,942 prompt
2021-01-11 08:43:33,942 check resp :: cmd : b'i\x10$;\xb9\xcd\xe6oc)\xea\xfd\xac\x06oX}\xda<\xc3\xc1Zb\xac\xe4.}\xdf\xc7b\xd5oS\xa31U3\x1d\x15\x18\x8d\x17\xd1]\x93\x88I\xc5\xc1\xf8\xc0\xdd\xaa.\x0e\xe8\xc5hD\n\xc7]\xea\x0f'
2021-01-11 08:43:33,942 index : 0 :: resp : b'i\x10$;\xb9\xcd\xe6oc)\xea\xfd\xac\x06oX\xd4\x08\xdb\x85\x18\xb8\xd3&\n\x88\xd5\x10\x8b\x1bE\x86\xf3\xc6\xe02\xeb\xd6\x1f\x14i\xcd\x07\xe2\x99it\x958\x94\x80I\x8f\x0c\x90\x8c\x94:\xe8\x82\x8e.\x02\xf7'
2021-01-11 08:43:33,942 index : 1 :: resp : b''
2021-01-11 08:43:33,943 index : 2 :: resp : b'\x89\x85\xf6C7\xbc1\xf7\xe1 \x0b\x87{\xa1\xfc\xf1u\x9c\x08\xdaX}Q\x85\xd5\x8f\x7f\x13\x98c\xfaY\x12+O\x83e^\x1e ZN\xf5\xa20\xf6X\x0e\x13G\x99\xd5(\x86h\x08Z\xb9\x12x\x94\x1e,p\xd1\x1a*fQ\xa2\xd8\xd3u\xf8.;}5(7<\x08\xc2^N\xd2\xb8\xf1\x14\xc9N\xe5e\xe14\xa0'
2021-01-11 08:43:33,943 index : 3 :: resp : b'i\x10$;\xb9\xcd\xe6oc)\xea\xfd\xac\x06oX\xd2\xe4\xd88r\x8a\x1a\xdb\xccX\x15\x80\xac\xb6&\x16\xbf\x07\xdb \xab\rk\xa1\x0f\xfa\xbd\xfd\xc2\xb8\x8f\xcef\xb8\xc3|\xce\x07o\xb0W\x07Z\\|\xe5\x10\xfa'
2021-01-11 08:43:33,943 index : 4 :: resp : b"i\x10$;\xb9\xcd\xe6oc)\xea\xfd\xac\x06oXF\xdb\xd7Lo\xa6\x1b\xfbt\xfc\xed\x96\xd9\xf1\x1c\xd8\xa7b\x96\xfc\x99\xb2\xb2(\x05\\\xe6>s\xf5\xf9\xb3\xa6\xf3\xcf\x98\xdcEz\x15\xc5?\xda\x9f\x1f'\xd9\x01"
2021-01-11 08:43:33,943 check resp exit
2021-01-11 08:43:33,943 node2 :: lat:55.833645 long:-72.323807
2021-01-11 08:43:33,944 Wrote GPS information to: Results/sweep_20210111_0843/gps_info.csv
2021-01-11 08:43:33,944 

Beam sweep starting...
2021-01-11 08:43:34,004 timeout
2021-01-11 08:43:34,005 cmd : b'i\x10$;\xb9\xcd\xe6oc)\xea\xfd\xac\x06oXH\xcf\xb7j\xaa\x1c0\xb4$\rH\x9b\xc5x\x80X\xa6\xe8\x12]\xa0\xc0rSMT\xf2\x8e_(_W\xf9\xd1Z\x93\x98\x025Z\xe8\x173\r\xf9\x9e\t\xc8'
2021-01-11 08:43:34,005 b'i\x10$;\xb9\xcd\xe6oc)\xea\xfd\xac\x06oXH\xcf\xb7j\xaa\x1c0\xb4$\rH\x9b\xc5x\x80X\xa6\xe8\x12]\xa0\xc0rSMT\xf2\x8e_(_W\xf9\xd1Z\x93\x98\x025Z\xe8\x173\r\xf9\x9e\t\xc8'
2021-01-11 08:43:34,005 cmd send x : 1
2021-01-11 08:43:34,009 prompt
2021-01-11 08:43:34,009 check resp :: cmd : b'i\x10$;\xb9\xcd\xe6oc)\xea\xfd\xac\x06oXH\xcf\xb7j\xaa\x1c0\xb4$\rH\x9b\xc5x\x80X\xa6\xe8\x12]\xa0\xc0rSMT\xf2\x8e_(_W\xf9\xd1Z\x93\x98\x025Z\xe8\x173\r\xf9\x9e\t\xc8'
2021-01-11 08:43:34,009 index : 0 :: resp : b'i\x10$;\xb9\xcd\xe6oc)\xea\xfd\xac\x06oX}\xdf\x14N\r]\x1b\xed\x90S\xe7va\x12\xb6\xdc\xc5]1\xa9UQ\x89\x02\xb9\x84\xf1\x14a\x02\xa0\xa3\x1bG\xa4\xd2\xae\xdb\xfccu\x01>\xddF\xea\xd0\x9a'
2021-01-11 08:43:34,009 index : 1 :: resp : b'i\x10$;\xb9\xcd\xe6oc)\xea\xfd\xac\x06oXx>\xa1\x01\xccK\xb8N\x8e]\x16\xb0\x93#\xdd;'
2021-01-11 08:43:34,010 index : 2 :: resp : b"i\x10$;\xb9\xcd\xe6oc)\xea\xfd\xac\x06oXF\xdb\xd7Lo\xa6\x1b\xfbt\xfc\xed\x96\xd9\xf1\x1c\xd8C>'\xcd\x13\x88\xb0\xcf@\xa6\x99\xda\xfb\xe5R{\xa6\xf3\xcf\x98\xdcEz\x15\xc5?\xda\x9f\x1f'\xd9\x01"
2021-01-11 08:43:34,010 check resp exit
2021-01-11 08:43:34,070 timeout
2021-01-11 08:43:34,071 cmd : b'\x109\x9a\xa0\x83\xa7\xbb\xe9\xe9\xf3T\xb7w\xda\xbf\xe1\xfb\xd2\xab\x84_)~kc\xa9\x9fO)\x93i@'
2021-01-11 08:43:34,071 b'\x109\x9a\xa0\x83\xa7\xbb\xe9\xe9\xf3T\xb7w\xda\xbf\xe1\xfb\xd2\xab\x84_)~kc\xa9\x9fO)\x93i@'
2021-01-11 08:43:34,071 cmd send x : 1
2021-01-11 08:43:34,125 prompt
2021-01-11 08:43:34,125 check resp :: cmd : b'\x109\x9a\xa0\x83\xa7\xbb\xe9\xe9\xf3T\xb7w\xda\xbf\xe1\xfb\xd2\xab\x84_)~kc\xa9\x9fO)\x93i@'
2021-01-11 08:43:34,125 index : 0 :: resp : b'\x109\x9a\xa0\x83\xa7\xbb\xe9\xe9\xf3T\xb7w\xda\xbf\xe1\xfb\xd2\xab\x84_)~kc\xa9\x9fO)\x93i@'
2021-01-11 08:43:34,126 index : 1 :: resp : b'+~\xc4\xe4\x01\x91\x17\xfej\x96O\xfe \xf6\xcd[.[V,\xbf\x15\x85B\x8a\x14\xd6%\xc5\x87\x93\\\xecy\xac\xealb\xd5n\xa1\xd3\xc6\x90<\xf34\xa5L\xd6\xce\x00\xfc}\xb0\x8f\xdc\xd6o|\xcek\xe2\x85\xed\x0c#\xfc\xf3=(=\xbe\x03_\xbc\x0e\x1b\x06\x80\x88j \xe3\xce\x93\xad\x1c\x92\xe4)M\xfd@\xf8\xb1\x94p*\xf1?\xff3{TvF\x009\'A3\xf6\x81c"\x1c\xf1\xab\xbd\xc2\xe1w\xd6i\xba\x15\x01'
2021-01-11 08:43:34,126 index : 2 :: resp : b'i\x10$;\xb9\xcd\xe6oc)\xea\xfd\xac\x06oXu\x06\xfa\x04\x83\xaed\x96\xe5G\x8dp\x9f[\xf7\x85\x9c\xc4,\x02\xcf\x92\xbb\xf2Q\xff\xc3\xe4\xdc\x8a\xd3\xa4"kv9\x1f\x0b\xda\xfe \xdf\xad\xe5\xcc1!\x9d\x8c\x85\xaa\xd4\xef\xa1\xf9\'0$\x0f\xaa\x8f\x90\xd5\xe3Wp\xb0\x96\x1dj\xfb\xf1\xa6P\x0e~\xceM\x97\xf9'
2021-01-11 08:43:34,126 index : 3 :: resp : b"i\x10$;\xb9\xcd\xe6oc)\xea\xfd\xac\x06oXF\xdb\xd7Lo\xa6\x1b\xfbt\xfc\xed\x96\xd9\xf1\x1c\xd8C>'\xcd\x13\x88\xb0\xcf@\xa6\x99\xda\xfb\xe5R{\xa6\xf3\xcf\x98\xdcEz\x15\xc5?\xda\x9f\x1f'\xd9\x01"
2021-01-11 08:43:34,126 check resp exit
2021-01-11 08:43:34,126 node1 pkteng process id: 19789
2021-01-11 08:43:34,187 timeout
2021-01-11 08:43:34,187 cmd : b'\xae\xff\xe2\x1b<\xcb\x8cl\xf96\xe0\x086zs\x0e\xe9O\x0cXQU\x81=\x06\xc6V\x8f\x1c\xdc\xc8\xaf'
2021-01-11 08:43:34,188 b'\xae\xff\xe2\x1b<\xcb\x8cl\xf96\xe0\x086zs\x0e\xe9O\x0cXQU\x81=\x06\xc6V\x8f\x1c\xdc\xc8\xaf'
2021-01-11 08:43:34,188 cmd send x : 1
2021-01-11 08:43:34,407 prompt
2021-01-11 08:43:34,408 check resp :: cmd : b'\xae\xff\xe2\x1b<\xcb\x8cl\xf96\xe0\x086zs\x0e\xe9O\x0cXQU\x81=\x06\xc6V\x8f\x1c\xdc\xc8\xaf'
2021-01-11 08:43:34,408 index : 0 :: resp : b'\xae\xff\xe2\x1b<\xcb\x8cl\xf96\xe0\x086zs\x0e\xe9O\x0cXQU\x81=\x06\xc6V\x8f\x1c\xdc\xc8\xaf'
2021-01-11 08:43:34,408 index : 1 :: resp : b"l\x94\x0c\xee\xa2\x90\xd9;\xa6\xd5\x01\xc2\xcd\x8f\x9b\xf1hMv\xe5\xe3\x9e\xbd\x057:\\\xa8\xb5u\xee\xda\xe3\xb7\xcf{\xf1'te4\xd1,\xf5'\x1b\xe2\x83\xecQs\x12\x1e\xf9d,[\xfd\xb6\x13\xa0\xe7\xb3\xb8"
2021-01-11 08:43:34,408 index : 2 :: resp : b'\xb0$\n\xfa62=\xcc\xdcl\x81\xac\x8fnsv\x19\x995\xde\xe8\xcas\x88\xe6\xfb9\x0f\xa2\x8d\xc5\xd6'
2021-01-11 08:43:34,409 index : 3 :: resp : b"i\x10$;\xb9\xcd\xe6oc)\xea\xfd\xac\x06oXF\xdb\xd7Lo\xa6\x1b\xfbt\xfc\xed\x96\xd9\xf1\x1c\xd8\xa7b\x96\xfc\x99\xb2\xb2(\x05\\\xe6>s\xf5\xf9\xb3\xa6\xf3\xcf\x98\xdcEz\x15\xc5?\xda\x9f\x1f'\xd9\x01"
2021-01-11 08:43:34,409 check resp exit
2021-01-11 08:43:34,409 Internal Tx gain index mapping 25->6
2021-01-11 08:43:34,469 timeout
2021-01-11 08:43:34,470 b'F\xe9\xd95\x92<N\x85\x91h\xa5J\xac\xfe&koG\x1fcS\xd7\xac\xca\xc7%\xcfS\xaai\xca\x13'
2021-01-11 08:43:34,470 cmd send x : 1
2021-01-11 08:43:34,476 prompt
2021-01-11 08:43:34,476 check resp :: cmd : b'F\xe9\xd95\x92<N\x85\x91h\xa5J\xac\xfe&koG\x1fcS\xd7\xac\xca\xc7%\xcfS\xaai\xca\x13'
2021-01-11 08:43:34,476 index : 0 :: resp : b'\xa2B\xb3\xf3\x82~}<UW\xf0\xed\xca\x8b:\xb8\xb3\t\xc5\x9f\x14<\xdc\xb3\xc5\xb3;?o\xf8\\r\xb6\xa7\x08B\xcf\xce;\xd2\xe5SH\xcf\x88\xc0\xee\xe7\xe1s\x0e\xc9\x1c\xef\xdeU\x92\xe3\xc8\x02\xb3I(wx#s@D\xa0:+BS;\xb9}\xcf\xa6\xc3\x06\xfa\xcf\x07\x0c\xc8\x0b*\xb2,\xe7I\x82C\x131'
2021-01-11 08:43:34,477 index : 1 :: resp : b'F\xe9\xd95\x92<N\x85\x91h\xa5J\xac\xfe&koG\x1fcS\xd7\xac\xca\xc7%\xcfS\xaai\xca\x13'
2021-01-11 08:43:34,477 index : 2 :: resp : b"i\x10$;\xb9\xcd\xe6oc)\xea\xfd\xac\x06oXF\xdb\xd7Lo\xa6\x1b\xfbt\xfc\xed\x96\xd9\xf1\x1c\xd8C>'\xcd\x13\x88\xb0\xcf@\xa6\x99\xda\xfb\xe5R{\xa6\xf3\xcf\x98\xdcEz\x15\xc5?\xda\x9f\x1f'\xd9\x01"
2021-01-11 08:43:34,477 check resp exit
2021-01-11 08:43:34,538 timeout
2021-01-11 08:43:34,538 b'ef|1E\x14\xb2\x06 \x19;-\xed\xd2P\x130\xa8k_Pd\xb5\xd7_#\x8c\r2\x1c\xa9\xf5'
2021-01-11 08:43:34,538 cmd send x : 1
2021-01-11 08:43:34,544 prompt
2021-01-11 08:43:34,544 check resp :: cmd : b'ef|1E\x14\xb2\x06 \x19;-\xed\xd2P\x130\xa8k_Pd\xb5\xd7_#\x8c\r2\x1c\xa9\xf5'
2021-01-11 08:43:34,545 index : 0 :: resp : b'ef|1E\x14\xb2\x06 \x19;-\xed\xd2P\x130\xa8k_Pd\xb5\xd7_#\x8c\r2\x1c\xa9\xf5'
2021-01-11 08:43:34,545 index : 1 :: resp : b"i\x10$;\xb9\xcd\xe6oc)\xea\xfd\xac\x06oXF\xdb\xd7Lo\xa6\x1b\xfbt\xfc\xed\x96\xd9\xf1\x1c\xd8C>'\xcd\x13\x88\xb0\xcf@\xa6\x99\xda\xfb\xe5R{\xa6\xf3\xcf\x98\xdcEz\x15\xc5?\xda\x9f\x1f'\xd9\x01"
2021-01-11 08:43:34,545 check resp exit
2021-01-11 08:43:34,606 timeout
2021-01-11 08:43:34,606 b'\xfe\xab\x8d]\xba\xd2M\x02\xc1?=\xe9\x17\xd3aO\xb0\xc7\xa3\xce1c\x08G\x17 )\xce\xc88\x8b\xc2'
2021-01-11 08:43:34,607 cmd send x : 1
2021-01-11 08:43:34,612 prompt
2021-01-11 08:43:34,612 check resp :: cmd : b'\xfe\xab\x8d]\xba\xd2M\x02\xc1?=\xe9\x17\xd3aO\xb0\xc7\xa3\xce1c\x08G\x17 )\xce\xc88\x8b\xc2'
2021-01-11 08:43:34,613 index : 0 :: resp : b'\xfe\xab\x8d]\xba\xd2M\x02\xc1?=\xe9\x17\xd3aO\xb0\xc7\xa3\xce1c\x08G\x17 )\xce\xc88\x8b\xc2'
2021-01-11 08:43:34,613 index : 1 :: resp : b"i\x10$;\xb9\xcd\xe6oc)\xea\xfd\xac\x06oXF\xdb\xd7Lo\xa6\x1b\xfbt\xfc\xed\x96\xd9\xf1\x1c\xd8C>'\xcd\x13\x88\xb0\xcf@\xa6\x99\xda\xfb\xe5R{\xa6\xf3\xcf\x98\xdcEz\x15\xc5?\xda\x9f\x1f'\xd9\x01"
2021-01-11 08:43:34,613 check resp exit
2021-01-11 08:43:34,674 timeout
2021-01-11 08:43:34,674 b'F\xe9\xd95\x92<N\x85\x91h\xa5J\xac\xfe&koG\x1fcS\xd7\xac\xca\xc7%\xcfS\xaai\xca\x13'
2021-01-11 08:43:34,675 cmd send x : 1
2021-01-11 08:43:34,680 prompt
2021-01-11 08:43:34,681 check resp :: cmd : b'F\xe9\xd95\x92<N\x85\x91h\xa5J\xac\xfe&koG\x1fcS\xd7\xac\xca\xc7%\xcfS\xaai\xca\x13'
2021-01-11 08:43:34,681 index : 0 :: resp : b'F\xe9\xd95\x92<N\x85\x91h\xa5J\xac\xfe&koG\x1fcS\xd7\xac\xca\xc7%\xcfS\xaai\xca\x13'
2021-01-11 08:43:34,681 index : 1 :: resp : b"i\x10$;\xb9\xcd\xe6oc)\xea\xfd\xac\x06oXF\xdb\xd7Lo\xa6\x1b\xfbt\xfc\xed\x96\xd9\xf1\x1c\xd8C>'\xcd\x13\x88\xb0\xcf@\xa6\x99\xda\xfb\xe5R{\xa6\xf3\xcf\x98\xdcEz\x15\xc5?\xda\x9f\x1f'\xd9\x01"
2021-01-11 08:43:34,681 check resp exit
2021-01-11 08:43:34,742 timeout
2021-01-11 08:43:34,742 b'\xfe\xab\x8d]\xba\xd2M\x02\xc1?=\xe9\x17\xd3aO\xd0\x90\xf8\xc44\x12\x15\xc1\xac\xe8\x17\xb0\xb2q\xa4\xfa'
2021-01-11 08:43:34,742 cmd send x : 1
2021-01-11 08:43:34,748 prompt
2021-01-11 08:43:34,748 check resp :: cmd : b'\xfe\xab\x8d]\xba\xd2M\x02\xc1?=\xe9\x17\xd3aO\xd0\x90\xf8\xc44\x12\x15\xc1\xac\xe8\x17\xb0\xb2q\xa4\xfa'
2021-01-11 08:43:34,749 index : 0 :: resp : b'\xfe\xab\x8d]\xba\xd2M\x02\xc1?=\xe9\x17\xd3aO\xd0\x90\xf8\xc44\x12\x15\xc1\xac\xe8\x17\xb0\xb2q\xa4\xfa'
2021-01-11 08:43:34,749 index : 1 :: resp : b"i\x10$;\xb9\xcd\xe6oc)\xea\xfd\xac\x06oXF\xdb\xd7Lo\xa6\x1b\xfbt\xfc\xed\x96\xd9\xf1\x1c\xd8C>'\xcd\x13\x88\xb0\xcf@\xa6\x99\xda\xfb\xe5R{\xa6\xf3\xcf\x98\xdcEz\x15\xc5?\xda\x9f\x1f'\xd9\x01"
2021-01-11 08:43:34,749 check resp exit
2021-01-11 08:43:34,810 timeout
2021-01-11 08:43:34,810 b'\xfe\xab\x8d]\xba\xd2M\x02\xc1?=\xe9\x17\xd3aO\xb0\xc7\xa3\xce1c\x08G\x17 )\xce\xc88\x8b\xc2'
2021-01-11 08:43:34,810 cmd send x : 1
2021-01-11 08:43:34,816 prompt
2021-01-11 08:43:34,816 check resp :: cmd : b'\xfe\xab\x8d]\xba\xd2M\x02\xc1?=\xe9\x17\xd3aO\xb0\xc7\xa3\xce1c\x08G\x17 )\xce\xc88\x8b\xc2'
2021-01-11 08:43:34,816 index : 0 :: resp : b'\xfe\xab\x8d]\xba\xd2M\x02\xc1?=\xe9\x17\xd3aO\xb0\xc7\xa3\xce1c\x08G\x17 )\xce\xc88\x8b\xc2'
2021-01-11 08:43:34,817 index : 1 :: resp : b"i\x10$;\xb9\xcd\xe6oc)\xea\xfd\xac\x06oXF\xdb\xd7Lo\xa6\x1b\xfbt\xfc\xed\x96\xd9\xf1\x1c\xd8C>'\xcd\x13\x88\xb0\xcf@\xa6\x99\xda\xfb\xe5R{\xa6\xf3\xcf\x98\xdcEz\x15\xc5?\xda\x9f\x1f'\xd9\x01"
2021-01-11 08:43:34,817 check resp exit
2021-01-11 08:43:34,878 timeout
2021-01-11 08:43:34,878 b'ef|1E\x14\xb2\x06 \x19;-\xed\xd2P\x13W\xfb\xff)\xb2\xd6\x02\xc1Y\x99\x04\xb3\x03{\x8a\xc5'
2021-01-11 08:43:34,878 query send : 1
2021-01-11 08:43:34,884 prompt
2021-01-11 08:43:34,884 got response: b'%;\xfbG\xb9%\xed/(\xef"\x11LC\xbd\x19\xd1\xfe\xa3V\xbc\xc2\xe1\xf1YC\x06\xa5\xc9d\x83\x05Sk\xbf6\x17/\xc4u\'%Q\xad%/wLsp*R\xc4\x86O\xe8\xef\xdc\xdc`U&\x0c\xeae9\xab\xca\x9b$T\xb8>\x9a\xd7w\xea\'dl\xf1\x9a3\xdb\x8a\xf2Ga*\xd91a\x1f,BI'
2021-01-11 08:43:34,884 check resp :: cmd : b'ef|1E\x14\xb2\x06 \x19;-\xed\xd2P\x13W\xfb\xff)\xb2\xd6\x02\xc1Y\x99\x04\xb3\x03{\x8a\xc5'
2021-01-11 08:43:34,884 index : 0 :: resp : b'ef|1E\x14\xb2\x06 \x19;-\xed\xd2P\x13W\xfb\xff)\xb2\xd6\x02\xc1Y\x99\x04\xb3\x03{\x8a\xc5'
2021-01-11 08:43:34,885 index : 1 :: resp : b'i\x10$;\xb9\xcd\xe6oc)\xea\xfd\xac\x06oXG$\xd8\xb8\xafi\xceZa\xdc\xda*1\xd6o\xdd'
2021-01-11 08:43:34,885 index : 2 :: resp : b"i\x10$;\xb9\xcd\xe6oc)\xea\xfd\xac\x06oXF\xdb\xd7Lo\xa6\x1b\xfbt\xfc\xed\x96\xd9\xf1\x1c\xd8C>'\xcd\x13\x88\xb0\xcf@\xa6\x99\xda\xfb\xe5R{\xa6\xf3\xcf\x98\xdcEz\x15\xc5?\xda\x9f\x1f'\xd9\x01"
2021-01-11 08:43:34,885 check resp exit
2021-01-11 08:43:34,945 timeout
2021-01-11 08:43:34,946 b'ef|1E\x14\xb2\x06 \x19;-\xed\xd2P\x13W\xfb\xff)\xb2\xd6\x02\xc1Y\x99\x04\xb3\x03{\x8a\xc5'
2021-01-11 08:43:34,946 query send : 1
2021-01-11 08:43:34,952 prompt
2021-01-11 08:43:34,952 got response: b'%;\xfbG\xb9%\xed/(\xef"\x11LC\xbd\x19\xd1\xfe\xa3V\xbc\xc2\xe1\xf1YC\x06\xa5\xc9d\x83\x05Sk\xbf6\x17/\xc4u\'%Q\xad%/wLg]E\x070\xb5\xc9l\xfe\'\x07&\xd5\xd4\x1d\xa1\xc5\x88W\x95NVHn\x1c\xac\'j\xe7\xe5\x19\xab\xf1\x9a3\xdb\x8a\xf2Ga*\xd91a\x1f,BI'
2021-01-11 08:43:34,952 check resp :: cmd : b'ef|1E\x14\xb2\x06 \x19;-\xed\xd2P\x13W\xfb\xff)\xb2\xd6\x02\xc1Y\x99\x04\xb3\x03{\x8a\xc5'
2021-01-11 08:43:34,952 index : 0 :: resp : b'ef|1E\x14\xb2\x06 \x19;-\xed\xd2P\x13W\xfb\xff)\xb2\xd6\x02\xc1Y\x99\x04\xb3\x03{\x8a\xc5'
2021-01-11 08:43:34,952 index : 1 :: resp : b'i\x10$;\xb9\xcd\xe6oc)\xea\xfd\xac\x06oXG$\xd8\xb8\xafi\xceZa\xdc\xda*1\xd6o\xdd'
2021-01-11 08:43:34,953 index : 2 :: resp : b"i\x10$;\xb9\xcd\xe6oc)\xea\xfd\xac\x06oXF\xdb\xd7Lo\xa6\x1b\xfbt\xfc\xed\x96\xd9\xf1\x1c\xd8\xa7b\x96\xfc\x99\xb2\xb2(\x05\\\xe6>s\xf5\xf9\xb3\xa6\xf3\xcf\x98\xdcEz\x15\xc5?\xda\x9f\x1f'\xd9\x01"
2021-01-11 08:43:34,953 check resp exit
2021-01-11 08:43:34,953 Tx Temp: 51 
2021-01-11 08:43:34,953 Rx Temp: 51 
2021-01-11 08:43:35,011 timeout
2021-01-11 08:43:35,011 cmd : b']\xe4F\x93\x91\xd0\x1e\xac!M\xc8\xfb\xe6\x8e\x1bE(\xc1\xd5.\xecO\xbf\xc7\xff\xe4\xdc9\xcb\xd8S\xa7'
2021-01-11 08:43:35,011 b']\xe4F\x93\x91\xd0\x1e\xac!M\xc8\xfb\xe6\x8e\x1bE(\xc1\xd5.\xecO\xbf\xc7\xff\xe4\xdc9\xcb\xd8S\xa7'
2021-01-11 08:43:35,012 cmd send x : 1
2021-01-11 08:43:35,126 prompt
2021-01-11 08:43:35,126 check resp :: cmd : b']\xe4F\x93\x91\xd0\x1e\xac!M\xc8\xfb\xe6\x8e\x1bE(\xc1\xd5.\xecO\xbf\xc7\xff\xe4\xdc9\xcb\xd8S\xa7'
2021-01-11 08:43:35,126 index : 0 :: resp : b']\xe4F\x93\x91\xd0\x1e\xac!M\xc8\xfb\xe6\x8e\x1bE(\xc1\xd5.\xecO\xbf\xc7\xff\xe4\xdc9\xcb\xd8S\xa7'
2021-01-11 08:43:35,127 index : 1 :: resp : b'\x83;\x01\x9bB\xf9\xbbM\xe1\xea!On\xfc\xd5\x1dn\t\xebh\x89\xbcoU\xdf4\x95`\x84\x05\x10\x06\x12\xd5*\r\xab\xe9\xc1f\xcc\x1f\x10\xf8ZFT%b2d^c\xc6\xe9r\xb2$\xfa\x84\xa6z\x00\x94G#=4\xbeT1\xfd\xebh\xcf\x1aS\x8b\xcb\r\xb7\xc6\x91\xf2n\xa4Q\xe5\xf6\xbf|\xb9\x1e1o\xcf>\xd5\xcbF\xf8m\x9d\x97\xb2\xd7\x0c\xac\x0bFz\xd2\xd7\xc2r\xf6\xa9L=\xae\x8a|\x98\xa7\xb6+\x95\xea\x90N\xe8]\xf1x\xc7$}\x14\xb3\xa0\x92]uX\x8b\xa3\xf3z\x87$\x17\x90\xc0\xb2~oG\x1ez\x8c\xe0c\x0b\x9af(\xf70J\xafg\xf3m\xdf\xffs\x02\x07\x93\x98.\xb4\xb8z\x80\xf8\x02\xf5\xd3\xc3v\x0e\xd3\x95\xe36\xbcy\xd1\xbb\xca}\x1c\xe0\x95\x84YW%\xd4\x97\xdbO\x06zL\xb4\x03\x1amM\xce\x97\xb5#1\x82e?\xd2\xa0]7\x7f\x00\xef\xacZ\xae\xa9\x16M\xd9\x1f\xbb\xb0\x84/\xea\x9f}\xf67\xd7\x1b\xa1\xb7\xf6\xcc\xef\xe3\xe3aL(3\xc0\xaeVZLs\xe8\x05\xbc=\xeb\xb1\x1e\x8f\x80q\xd1\xf1\xab\xb8\xd2\xcb\x1d\x84=\xe3-\x99?7\x0c\xa4\xcb\xaa\xde;\x88\xdd\xee\x10\x1c\xf4\xc5\t.\x94p\x8d\xea\xc7?\xc0fu\x15\x8d\xc2\x97\x99-o\xcf\xbc\xb1\xb7z\xb3\xe2>\xe3\xac\x1f\xb9\xb3V\xa4\x95\'t)d\x98\xfdF52}\x89B>\x84\xa5\\\xb7Z\x95E\x84-PJ5\x1cV\xf1)\xcc\xe1\x12\x99\x85i\xa7\xf9$\x19e\x82.\xecL\x8eO\xed\x94\xa4n\x97S\x8e\x89I\x05Gt[T\xb2\xa8d\x91&q\x02p\xba\xea\x82\xe82\x9bC\xdc| \x13[\x10\xa8GN\xffv\x1c\x1eh\x18\x0f\xa4\xe0>\x01lo\xe7\xd9\xd1]\xc67e#=\x84H\xc6\xca\n\xdb\xda\xba`?A\xc6\x1b\x03\xafg\x12\x00Ql\x87Z\x83\xc8\x8eB\x92\xf4\x90\xc4\x15Wq&\xc5\x17\x01N*\xb1\xd9l\xb5\x8f4\xd3o8:\xd4N\xcdj\x82XC\xff\x1f\x17TY^[\xc8\xeaV)\xd9\xa0\xb3\x87h\xcc\xf5A\xeb\xb4\x13\xb01U\xe8\'$\xc2^\xca{\x9f_3\xb945\xa3\x17"\xd3\xc8\xbd\xa1\xaex\xc7\xf9\t<\xd5/\x9cd\x8c/\xd6*t\xd0-_\xa7\xcb\x93d\xc3al\xb3Al\xab\x17p\xdb\xb3\xccA\xf5\xf1\xfe\xb8\xa0\xa9\xcf0\x95\xac\xf23\xf9\x00\\w\xf69\xa6\xa9\xa4X\xb6\r\x1f\xb0$V\xbd\x1c\xb0\x18\xd9x\'\xbcGJ\xb83\xdb\xa7\x13\xbac\x90\xaa\xad\xeb\xc40\xdb\xef\x93Q\xb7\xc6\xc3\xa6ZU\xbdcK[:\xb6\xacX\xf3+\x8b\x89\x07\xe7\xbe\x8d^\xdfz\xa6\x02\xc3H\xfe;\xc8!\xc2\xab\xa9&y\x08\x9d\x818\xfbfw\r\'\xe4\xac\xf9\xa6\xc4a\xe1N\x886\xa5kP\x11\xb4\xdf\xc0\x89s\xc7L\x8d?R\x03^\xcfqpoD\x9c&&l\xa1iv#\xad\x15\x17\x98\xab\xeeSQ\x85,\xa9:\'\x07T\xe93\xab\x18Fr\xef\x02\x8b\x14\x9f\x88d/\xdd\xf6\xa1\xb7\x9a\xf5P@\x01F6\xa07\xa6\x82}{\xe4\x04\xbc\xa5\x8e\x97s8\x8a^4\x13\xf4cv\xaa"\xbf\xcd}\x7f\x08i\x12w9\xe2\xac\xdf\x06\xdck\x1a\xfby\x94W\x8d\xf7\x02b\xeb\x8ee\xee\x81\x87\xbdG\x01~\x86\xb6\x9e\x0c\x9c#z\xdd\x1egHQ\\oy\x14\xbe\n:\n+\x8d\xbd\x89\xf3S\x8f\xf8_H[j<\xe3\x99q\xfa\x90\x87\xfa\xc03\xbc\':?\xd0\xd5j\xa5MD\xb9\x8c:T2\xf5\x02\x15,\x05\xe6j\xaf\xdf\x1f\x07-\xd9\x8a\xd5IL\xa2\xe2Rr\x02\x9f\xb4\x0c\xe8n\xe2\xa7\xd9\xbdv\x806p\x91Z\x11\xf4\xad\x05\xea\xbf\x84\xa2\xa8\x92\x98\xcc!M\xef\x1c\x90\r5\xfd0\xe57\x91\xeb.\xda\x15\x0b)\x14\xddR\xec\xa6\xa9\x84H\xcb\xedn\xa7\xd7\x84\x0e\n\\\xa4\xec4:\x85\x12jd\xac\xd6\xb5\x83\x08\xbc\x90O\x9c\xcf&\x1c8\x1a\xe6\xbaV\xdc\xbb\x93t\x8fO \xe2\xc5@\xd5\xcc\xca{\xba\xc4pP\xbeZ\x19\x88)\xaeZ::N\xadK\x13\x85I\xe3]\xbfx-\xbd.\xc9\xaf~\x1c7\x84\x89\xfbFt\xcc%\x92\xcbHiW\xb2!\xd8\x0b\xfd\xf5\x08\xf2\x01\x88\\\x82\xbd=6\xbe$\xed\x194\xef\x8e=K9\xb6\xae\xc8\x9a\xf2\x1cqc\xc7\x06w\x0e)~\x9d\xfc0\x86\x7f\x1e\xd4\xddN\x85\x89e\xa2\xfd6\xdfMZo\xcb\xc1\xd4N\x81\xe6$0\xb42\x97^\xd4\xac\xa2\x1cI\xac\r\x81\xc7\xe7\x87\x12"\xe6<;\x15\xb8_\xfaF\xcd\xcdX1\xba\x15\xaa\xe9\x87z\x9d\xdc\x04\x80$\xebg\x84/,4\xdb\xfcb \xff A]\xb4\xd1\xa7\xedn\xa9\xe5\x8f\xf1\xa1\x92G\x19\x97\x0e\xad0\xd5\xdd\xb8\xe7\x10\xb9\xbe\x9d\x84\xff\x19*\x8a\xc9UE\xbb\xda@\xa9\x1e\xb8\xb3\x937\x05\xb3\xef\x08\x9eF88\x14\xf9\xc0\xee/\x05\xeb\xcb!\x01\x02N\xdc\x06\xe9/\xdd\xeb\x9b\xd9\\\xed+\x16\x0eSQ~\x8d\x9c\xceo\x90(\xe1w\xc9\x0b\x0b\xf4z\x12\xad\x17\xb5\xaf$\xdf\x88\xc5\x0fn\xaeB\xd9\x87F\x8f\x893\xa7\xd9d\xa1S\x95\x17{\xf9\xc9,\xe1\x9a\xf7\r\xcf\x9b\x17\xd8\xcb\xaa\xedS\xe8\xf7\x8bG\xfeE:\xbc\xe5\x16%\xe3\t\x87_`\x01\x96\x05_Lh\xd0r\xb16\xa9x\xa73\x81\xe7I\xfd\xe1\xc9FWv\xab\x9d\xe0\xaa\xbc\xa9\xed\xce\xc8\xdd\x1d3\xe5\xe9\x89\xb3\x1f\xfelre\xf1R\x16\xf3\x99qq\xc2\x07d\xf7\xf6,\x16B\xd4\xbf\x877\x19\xd6\x16\xb5\xb1\xa5\xa7\xafei\xd0*\x91\xf8\x0e\xd3\xd6P\xa1x\x8c\x99\x8b6\xf1\xf3\xec\x9bs\xd0'
2021-01-11 08:43:35,127 index : 2 :: resp : b"i\x10$;\xb9\xcd\xe6oc)\xea\xfd\xac\x06oXF\xdb\xd7Lo\xa6\x1b\xfbt\xfc\xed\x96\xd9\xf1\x1c\xd8\xa7b\x96\xfc\x99\xb2\xb2(\x05\\\xe6>s\xf5\xf9\xb3\xa6\xf3\xcf\x98\xdcEz\x15\xc5?\xda\x9f\x1f'\xd9\x01"
2021-01-11 08:43:35,127 check resp exit
2021-01-11 08:43:35,128 detected MCS: 1
2021-01-11 08:43:35,129 RX Sweep iteration: 1/1
2021-01-11 08:43:35,129 terminating node1 packet engine
2021-01-11 08:43:35,190 timeout
2021-01-11 08:43:35,190 cmd : b'i\x10$;\xb9\xcd\xe6oc)\xea\xfd\xac\x06oX\x027\xdej\x85\x87-i\x15\xa8\x11\xd3\xb2\x07\xf5\x91'
2021-01-11 08:43:35,190 b'i\x10$;\xb9\xcd\xe6oc)\xea\xfd\xac\x06oX\x027\xdej\x85\x87-i\x15\xa8\x11\xd3\xb2\x07\xf5\x91'
2021-01-11 08:43:35,191 cmd send x : 1
2021-01-11 08:43:35,193 prompt
2021-01-11 08:43:35,193 check resp :: cmd : b'i\x10$;\xb9\xcd\xe6oc)\xea\xfd\xac\x06oX\x027\xdej\x85\x87-i\x15\xa8\x11\xd3\xb2\x07\xf5\x91'
2021-01-11 08:43:35,193 index : 0 :: resp : b'i\x10$;\xb9\xcd\xe6oc)\xea\xfd\xac\x06oX\x027\xdej\x85\x87-i\x15\xa8\x11\xd3\xb2\x07\xf5\x91'
2021-01-11 08:43:35,193 index : 1 :: resp : b'i\x10$;\xb9\xcd\xe6oc)\xea\xfd\xac\x06oX\xe8\x1d\x1d\xe1\xa1\xaai\x98+5\xce\xbf\xcc\xbc\x13\x9cI\x08F\xc3I\x82*\xcf4\x9a\xf3 \xfe(\x82\xf8\xc1\xa9\x138l\xa3\xcc\xa0\x0f\ta\x03O\x1a\xc4q'
2021-01-11 08:43:35,194 index : 2 :: resp : b"i\x10$;\xb9\xcd\xe6oc)\xea\xfd\xac\x06oXF\xdb\xd7Lo\xa6\x1b\xfbt\xfc\xed\x96\xd9\xf1\x1c\xd8C>'\xcd\x13\x88\xb0\xcf@\xa6\x99\xda\xfb\xe5R{\xa6\xf3\xcf\x98\xdcEz\x15\xc5?\xda\x9f\x1f'\xd9\x01"
2021-01-11 08:43:35,194 check resp exit
2021-01-11 08:43:35,194 0 failed MCS detections (all iterations)
2021-01-11 08:43:35,194 0 failed channel estimations (all iterations)
2021-01-11 08:43:35,194 rx sweep elapsed time: 0.2411351203918457 sec
2021-01-11 08:43:35,195 sweep elapsed time: 0.7854819297790527 sec
2021-01-11 08:43:35,195 Min SNR: 9 @ tx beam 43 rx beam 13
2021-01-11 08:43:35,195 Max SNR: 9 @ tx beam 43 rx beam 13
