2021-01-11 06:03:44,701 logging started in ./config/config_sounding.json
2021-01-11 06:03:44,701 contents of parameters file : ./config/config_sounding.json
2021-01-11 06:03:44,701 root_dir -> Results/
2021-01-11 06:03:44,701 test_name -> sweep_20210111_0603
2021-01-11 06:03:44,701 overwrite_existing -> False
2021-01-11 06:03:44,701 -- node 1  -> --
2021-01-11 06:03:44,701 node1_IP -> fc00:face:b00c::1
2021-01-11 06:03:44,701 -- node 2  -> --
2021-01-11 06:03:44,701 node2_IP -> fc00:face:b00c::2
2021-01-11 06:03:44,702 -- sounder general -> --
2021-01-11 06:03:44,702 connection -> local
2021-01-11 06:03:44,702 link_dir -> 1to2
2021-01-11 06:03:44,702 estimate_channel -> 1
2021-01-11 06:03:44,702 channel -> 2
2021-01-11 06:03:44,702 mcs -> 1
2021-01-11 06:03:44,702 n_stat -> 1
2021-01-11 06:03:44,702 tx_beams -> [43]
2021-01-11 06:03:44,702 rx_beams -> [13]
2021-01-11 06:03:44,702 tx_array_mask -> ['0Xfff', '0Xfff', '0Xfff']
2021-01-11 06:03:44,702 rx_array_mask -> ['0Xfff', '0Xfff', '0Xfff']
2021-01-11 06:03:44,702 tx_gain_idxs -> [25]
2021-01-11 06:03:44,702 rx_rf_gain_thr -> 0
2021-01-11 06:03:44,702 rx_if_gain_thr -> 0
2021-01-11 06:03:44,702 tx_pkt_cnt -> 0
2021-01-11 06:03:44,703 rx_pkt_cnt -> 10
2021-01-11 06:03:44,703 pkt_size -> 512
2021-01-11 06:03:44,703 pkt_gap -> 20
2021-01-11 06:03:44,703 tx_timeout -> 100000
2021-01-11 06:03:44,703 rx_timeout -> 0.1
2021-01-11 06:03:44,703 rx_wait -> 0
2021-01-11 06:03:44,703 save_gps_coordinates -> True
2021-01-11 06:03:44,703 -- PER ---  -> --
2021-01-11 06:03:44,703 per_find_best_beam -> True
2021-01-11 06:03:44,703 per_tx_beam -> 0
2021-01-11 06:03:44,703 per_rx_beam -> 0
2021-01-11 06:03:44,703 per_mcs -> range(1,13)
2021-01-11 06:03:44,703 per_file -> PER_mon.CSV
2021-01-11 06:03:44,703 -- other  -> --
2021-01-11 06:03:44,703 devserver -> NA
2021-01-11 06:03:44,704 json_file_path -> ./config/config_sounding.json
2021-01-11 06:03:44,704 verbose -> False
2021-01-11 06:03:44,704 node1: fc00:face:b00c::1
2021-01-11 06:03:44,704 logging into node1
2021-01-11 06:03:44,717 ssh into terragraph unit
2021-01-11 06:03:44,717 ssh cmd : ssh  root@fc00:face:b00c::1
2021-01-11 06:03:44,723 delay : 0.05
2021-01-11 06:03:44,724 waiting for ssh login
2021-01-11 06:03:44,857 expect match index : 2
2021-01-11 06:03:44,921 ssh logged in
2021-01-11 06:03:44,982 timeout
2021-01-11 06:03:45,043 timeout
2021-01-11 06:03:45,044 cmd : b'i\x10$;\xb9\xcd\xe6oc)\xea\xfd\xac\x06oXJ\x80\xf1\xdc\x03h0>\xc4:\x91\xd3\xf9\x06\x9ei'
2021-01-11 06:03:45,044 b'i\x10$;\xb9\xcd\xe6oc)\xea\xfd\xac\x06oXJ\x80\xf1\xdc\x03h0>\xc4:\x91\xd3\xf9\x06\x9ei'
2021-01-11 06:03:45,044 cmd send x : 1
2021-01-11 06:03:48,782 prompt
2021-01-11 06:03:48,782 check resp :: cmd : b'i\x10$;\xb9\xcd\xe6oc)\xea\xfd\xac\x06oXJ\x80\xf1\xdc\x03h0>\xc4:\x91\xd3\xf9\x06\x9ei'
2021-01-11 06:03:48,784 index : 0 :: resp : b'i\x10$;\xb9\xcd\xe6oc)\xea\xfd\xac\x06oXJ\x80\xf1\xdc\x03h0>\xc4:\x91\xd3\xf9\x06\x9ei'
2021-01-11 06:03:48,784 index : 1 :: resp : b'\xees\xb73bLcj\xa1\xa9\x96\xe9x\xcb\xc1m;\xaa\xef\xc7\xc2K\xbd\x12\r\x88;\xc0\x89sl\xb9'
2021-01-11 06:03:48,784 index : 2 :: resp : b'i\x10$;\xb9\xcd\xe6oc)\xea\xfd\xac\x06oX\xc4`\xc3\x9e\xdf\x1e&\x08\x85\xc5\xd2\xcf\x9f\xed9\xf8\x0cs\xe0Mk\xe1\xa7\x0b\x94]\xb1-c0"\xea\xcb\x03\x82x\x9b\xc3sC\xa7T\x8d\x1c\xf9\x82X\xea'
2021-01-11 06:03:48,784 index : 3 :: resp : b'i\x10$;\xb9\xcd\xe6oc)\xea\xfd\xac\x06oX8\r-\xe1"LL6\xf5QpP\xc9W70'
2021-01-11 06:03:48,785 index : 4 :: resp : b"\x8c\xf1F\x83\xf1\x98\xc3\x10'\xe7\xd9\x83\xd7\x17\xa2\r5\n\xaaj\x98G'a\xfa\x1e\xdc\x0c\xe31yg"
2021-01-11 06:03:48,785 check resp exit
2021-01-11 06:03:48,845 timeout
2021-01-11 06:03:48,846 cmd : b'\x9b2\xe7!}\xb1dVK\x9e\xe9y\x1eH\x8eT\x9fx\xb1\x84$\xbbq0\xceP\x82\xd9=\xd1;6'
2021-01-11 06:03:48,846 b'\x9b2\xe7!}\xb1dVK\x9e\xe9y\x1eH\x8eT\x9fx\xb1\x84$\xbbq0\xceP\x82\xd9=\xd1;6'
2021-01-11 06:03:48,846 cmd send x : 1
2021-01-11 06:03:48,848 prompt
2021-01-11 06:03:48,849 check resp :: cmd : b'\x9b2\xe7!}\xb1dVK\x9e\xe9y\x1eH\x8eT\x9fx\xb1\x84$\xbbq0\xceP\x82\xd9=\xd1;6'
2021-01-11 06:03:48,849 index : 0 :: resp : b'\x9b2\xe7!}\xb1dVK\x9e\xe9y\x1eH\x8eT\x9fx\xb1\x84$\xbbq0\xceP\x82\xd9=\xd1;6'
2021-01-11 06:03:48,849 index : 1 :: resp : b"i\x10$;\xb9\xcd\xe6oc)\xea\xfd\xac\x06oXF\xdb\xd7Lo\xa6\x1b\xfbt\xfc\xed\x96\xd9\xf1\x1c\xd8C>'\xcd\x13\x88\xb0\xcf@\xa6\x99\xda\xfb\xe5R{\xa6\xf3\xcf\x98\xdcEz\x15\xc5?\xda\x9f\x1f'\xd9\x01"
2021-01-11 06:03:48,849 check resp exit
2021-01-11 06:03:48,849 download FW : b'i\x10$;\xb9\xcd\xe6oc)\xea\xfd\xac\x06oX\xab<\x90\xa6\x0f\r:\xcb;\x00\xba\xa2\xd9\x08\xbb '
2021-01-11 06:03:49,090 download successful
2021-01-11 06:03:49,593 prompt
2021-01-11 06:03:49,654 timeout
2021-01-11 06:03:49,715 timeout
2021-01-11 06:03:49,715 b'i\x10$;\xb9\xcd\xe6oc)\xea\xfd\xac\x06oXD\xab\xc2\xd9\x9e7\x1dxQ\xee\xa7\x0f~qU\xee'
2021-01-11 06:03:49,715 cmd send x : 1
2021-01-11 06:03:49,721 prompt
2021-01-11 06:03:49,722 check resp :: cmd : b'i\x10$;\xb9\xcd\xe6oc)\xea\xfd\xac\x06oXD\xab\xc2\xd9\x9e7\x1dxQ\xee\xa7\x0f~qU\xee'
2021-01-11 06:03:49,722 index : 0 :: resp : b'i\x10$;\xb9\xcd\xe6oc)\xea\xfd\xac\x06oXD\xab\xc2\xd9\x9e7\x1dxQ\xee\xa7\x0f~qU\xee'
2021-01-11 06:03:49,722 index : 1 :: resp : b"i\x10$;\xb9\xcd\xe6oc)\xea\xfd\xac\x06oXF\xdb\xd7Lo\xa6\x1b\xfbt\xfc\xed\x96\xd9\xf1\x1c\xd8C>'\xcd\x13\x88\xb0\xcf@\xa6\x99\xda\xfb\xe5R{\xa6\xf3\xcf\x98\xdcEz\x15\xc5?\xda\x9f\x1f'\xd9\x01"
2021-01-11 06:03:49,722 check resp exit
2021-01-11 06:03:49,783 timeout
2021-01-11 06:03:49,783 b'i\x10$;\xb9\xcd\xe6oc)\xea\xfd\xac\x06oX\x97\xe2t\x8b\x90\xc9\xee\xf3\x0bk\x93\xbf\xee\xc8?\x8b'
2021-01-11 06:03:49,783 cmd send x : 1
2021-01-11 06:03:49,809 prompt
2021-01-11 06:03:49,810 check resp :: cmd : b'i\x10$;\xb9\xcd\xe6oc)\xea\xfd\xac\x06oX\x97\xe2t\x8b\x90\xc9\xee\xf3\x0bk\x93\xbf\xee\xc8?\x8b'
2021-01-11 06:03:49,810 index : 0 :: resp : b'i\x10$;\xb9\xcd\xe6oc)\xea\xfd\xac\x06oX\x97\xe2t\x8b\x90\xc9\xee\xf3\x0bk\x93\xbf\xee\xc8?\x8b'
2021-01-11 06:03:49,811 index : 1 :: resp : b"i\x10$;\xb9\xcd\xe6oc)\xea\xfd\xac\x06oXF\xdb\xd7Lo\xa6\x1b\xfbt\xfc\xed\x96\xd9\xf1\x1c\xd8C>'\xcd\x13\x88\xb0\xcf@\xa6\x99\xda\xfb\xe5R{\xa6\xf3\xcf\x98\xdcEz\x15\xc5?\xda\x9f\x1f'\xd9\x01"
2021-01-11 06:03:49,811 check resp exit
2021-01-11 06:03:49,871 timeout
2021-01-11 06:03:49,872 cmd : b'\xd9\xe9\x85\xb3R\x14I\x18\nL\xc6\xfe\x9c0\xb3\xef\x90\xa2\xfda\x8e\x10\x12O7\x8e\x9f\xa8\xb6\xaa\xd6)'
2021-01-11 06:03:49,872 b'\xd9\xe9\x85\xb3R\x14I\x18\nL\xc6\xfe\x9c0\xb3\xef\x90\xa2\xfda\x8e\x10\x12O7\x8e\x9f\xa8\xb6\xaa\xd6)'
2021-01-11 06:03:49,872 cmd send x : 1
2021-01-11 06:03:49,878 prompt
2021-01-11 06:03:49,879 check resp :: cmd : b'\xd9\xe9\x85\xb3R\x14I\x18\nL\xc6\xfe\x9c0\xb3\xef\x90\xa2\xfda\x8e\x10\x12O7\x8e\x9f\xa8\xb6\xaa\xd6)'
2021-01-11 06:03:49,879 index : 0 :: resp : b'\xd9\xe9\x85\xb3R\x14I\x18\nL\xc6\xfe\x9c0\xb3\xef\x90\xa2\xfda\x8e\x10\x12O7\x8e\x9f\xa8\xb6\xaa\xd6)'
2021-01-11 06:03:49,879 index : 1 :: resp : b"i\x10$;\xb9\xcd\xe6oc)\xea\xfd\xac\x06oXF\xdb\xd7Lo\xa6\x1b\xfbt\xfc\xed\x96\xd9\xf1\x1c\xd8C>'\xcd\x13\x88\xb0\xcf@\xa6\x99\xda\xfb\xe5R{\xa6\xf3\xcf\x98\xdcEz\x15\xc5?\xda\x9f\x1f'\xd9\x01"
2021-01-11 06:03:49,880 check resp exit
2021-01-11 06:03:49,940 timeout
2021-01-11 06:03:49,941 cmd : b'\xfe\xab\x8d]\xba\xd2M\x02\xc1?=\xe9\x17\xd3aO\x9bWB\xa6\xf5\x83\\I\x97x\x97~#q\xc4\x95'
2021-01-11 06:03:49,941 b'\xfe\xab\x8d]\xba\xd2M\x02\xc1?=\xe9\x17\xd3aO\x9bWB\xa6\xf5\x83\\I\x97x\x97~#q\xc4\x95'
2021-01-11 06:03:49,941 cmd send x : 1
2021-01-11 06:03:49,947 prompt
2021-01-11 06:03:49,947 check resp :: cmd : b'\xfe\xab\x8d]\xba\xd2M\x02\xc1?=\xe9\x17\xd3aO\x9bWB\xa6\xf5\x83\\I\x97x\x97~#q\xc4\x95'
2021-01-11 06:03:49,948 index : 0 :: resp : b'\xfe\xab\x8d]\xba\xd2M\x02\xc1?=\xe9\x17\xd3aO\x9bWB\xa6\xf5\x83\\I\x97x\x97~#q\xc4\x95'
2021-01-11 06:03:49,948 index : 1 :: resp : b"i\x10$;\xb9\xcd\xe6oc)\xea\xfd\xac\x06oXF\xdb\xd7Lo\xa6\x1b\xfbt\xfc\xed\x96\xd9\xf1\x1c\xd8C>'\xcd\x13\x88\xb0\xcf@\xa6\x99\xda\xfb\xe5R{\xa6\xf3\xcf\x98\xdcEz\x15\xc5?\xda\x9f\x1f'\xd9\x01"
2021-01-11 06:03:49,948 check resp exit
2021-01-11 06:03:50,009 timeout
2021-01-11 06:03:50,009 cmd : b'i\x10$;\xb9\xcd\xe6oc)\xea\xfd\xac\x06oX6b\xfd\xc5\x8dn\xca\xeb\xf7\xd0X\xa4\xaf\x85b^\xbeq\x06\xd8.\n\xc1g\xed\xff\x9aG\xd1iV\xd8z\xc0\x81\xe0g`>\x117\xeb\x05\xa6\x80\x94\xa4g'
2021-01-11 06:03:50,009 b'i\x10$;\xb9\xcd\xe6oc)\xea\xfd\xac\x06oX6b\xfd\xc5\x8dn\xca\xeb\xf7\xd0X\xa4\xaf\x85b^\xbeq\x06\xd8.\n\xc1g\xed\xff\x9aG\xd1iV\xd8z\xc0\x81\xe0g`>\x117\xeb\x05\xa6\x80\x94\xa4g'
2021-01-11 06:03:50,010 cmd send x : 1
2021-01-11 06:03:50,772 prompt
2021-01-11 06:03:50,772 check resp :: cmd : b'i\x10$;\xb9\xcd\xe6oc)\xea\xfd\xac\x06oX6b\xfd\xc5\x8dn\xca\xeb\xf7\xd0X\xa4\xaf\x85b^\xbeq\x06\xd8.\n\xc1g\xed\xff\x9aG\xd1iV\xd8z\xc0\x81\xe0g`>\x117\xeb\x05\xa6\x80\x94\xa4g'
2021-01-11 06:03:50,773 index : 0 :: resp : b'i\x10$;\xb9\xcd\xe6oc)\xea\xfd\xac\x06oXR\x1f\xec%:\xf3\xdcX\xa1|C{Z\xd2{\x06\x10Ti~)\x90\xf3\xde;_\x9f\xf7%qsY\t\xa8\xf6\xf4*\x07U\x01\xf8`\xf7.\xd15\x86\x0c'
2021-01-11 06:03:50,773 index : 1 :: resp : b'[\x0c\x87s\x1b\x8c\xc5\xf7\xb3\xdf\xdc5s\xc8\x82\xe5`58\xaay\x07\xc0\x9dxF\xbezrMG\x93\\\xbf\xec\xda) \x02\xfd\xf8\x9e\xf4\x02\xa1\xb3\x8ex)\t\x18\xc5\xf0\xdcj1\xdf\x08\x8c\x80\xf5\x07d0'
2021-01-11 06:03:50,773 index : 2 :: resp : b'i\x10$;\xb9\xcd\xe6oc)\xea\xfd\xac\x06oX\x11V\xa9)\x9e\xc9i\x13\xb6X\xc8\xa6\xee\x94\xed\xfa'
2021-01-11 06:03:50,773 index : 3 :: resp : b'i\x10$;\xb9\xcd\xe6oc)\xea\xfd\xac\x06oX\xb20K-H\xe9\xfb\xda\xeaA+\xe0\x01\x99FR\xa9\xd2%\x94\xca\xf1\xbe\xc1\xc6\xc1\x7fX\\C^\x9c\xd0D{t\xf0n_<\x00\x1dG\xef\xcd2\xdev'
2021-01-11 06:03:50,773 index : 4 :: resp : b'8\xb0C\x8a\xdb\xf0\x18\x8b\x1bp\xbd\xdfq\xf2\xe0J)\xbcq\xd4F\xbcS\r\xf8$\xb0\xd2\xaf-^\xfb'
2021-01-11 06:03:50,774 index : 5 :: resp : b"i\x10$;\xb9\xcd\xe6oc)\xea\xfd\xac\x06oXF\xdb\xd7Lo\xa6\x1b\xfbt\xfc\xed\x96\xd9\xf1\x1c\xd8C>'\xcd\x13\x88\xb0\xcf@\xa6\x99\xda\xfb\xe5R{\xa6\xf3\xcf\x98\xdcEz\x15\xc5?\xda\x9f\x1f'\xd9\x01"
2021-01-11 06:03:50,774 check resp exit
2021-01-11 06:03:50,834 timeout
2021-01-11 06:03:50,835 cmd : b'\xd8\xe2\xee\xc7\xbe\xdf}\x0f\xe2\xf3\x93\xf5\xaeC^\xf5\xb8\xc4\x83\x9c\x0e\xa6\x03\r\xd3]\x93\x17\xf2\x14\xb7\x16'
2021-01-11 06:03:50,835 b'\xd8\xe2\xee\xc7\xbe\xdf}\x0f\xe2\xf3\x93\xf5\xaeC^\xf5\xb8\xc4\x83\x9c\x0e\xa6\x03\r\xd3]\x93\x17\xf2\x14\xb7\x16'
2021-01-11 06:03:50,835 cmd send x : 1
2021-01-11 06:03:50,840 prompt
2021-01-11 06:03:50,840 check resp :: cmd : b'\xd8\xe2\xee\xc7\xbe\xdf}\x0f\xe2\xf3\x93\xf5\xaeC^\xf5\xb8\xc4\x83\x9c\x0e\xa6\x03\r\xd3]\x93\x17\xf2\x14\xb7\x16'
2021-01-11 06:03:50,841 index : 0 :: resp : b'\xd8\xe2\xee\xc7\xbe\xdf}\x0f\xe2\xf3\x93\xf5\xaeC^\xf5\xb8\xc4\x83\x9c\x0e\xa6\x03\r\xd3]\x93\x17\xf2\x14\xb7\x16'
2021-01-11 06:03:50,841 index : 1 :: resp : b"i\x10$;\xb9\xcd\xe6oc)\xea\xfd\xac\x06oX7\xc5\xa0_\xfc\x00\x06?&\xd4X\xaf\x8a\x89\xd1V:\x94]\x12\xca\x12Sa\xd3|'e]IL!\xb0\x96U\xb2\xf0\x1fB\xf5\\j%A\xb7%\xe5\x9f"
2021-01-11 06:03:50,841 index : 2 :: resp : b"i\x10$;\xb9\xcd\xe6oc)\xea\xfd\xac\x06oXF\xdb\xd7Lo\xa6\x1b\xfbt\xfc\xed\x96\xd9\xf1\x1c\xd8C>'\xcd\x13\x88\xb0\xcf@\xa6\x99\xda\xfb\xe5R{\xa6\xf3\xcf\x98\xdcEz\x15\xc5?\xda\x9f\x1f'\xd9\x01"
2021-01-11 06:03:50,841 check resp exit
2021-01-11 06:03:50,896 timeout
2021-01-11 06:03:50,897 cmd : b'\x9b2\xe7!}\xb1dVK\x9e\xe9y\x1eH\x8eT\x9fx\xb1\x84$\xbbq0\xceP\x82\xd9=\xd1;6'
2021-01-11 06:03:50,897 b'\x9b2\xe7!}\xb1dVK\x9e\xe9y\x1eH\x8eT\x9fx\xb1\x84$\xbbq0\xceP\x82\xd9=\xd1;6'
2021-01-11 06:03:50,897 cmd send x : 1
2021-01-11 06:03:50,899 prompt
2021-01-11 06:03:50,900 check resp :: cmd : b'\x9b2\xe7!}\xb1dVK\x9e\xe9y\x1eH\x8eT\x9fx\xb1\x84$\xbbq0\xceP\x82\xd9=\xd1;6'
2021-01-11 06:03:50,900 index : 0 :: resp : b'\x9b2\xe7!}\xb1dVK\x9e\xe9y\x1eH\x8eT\x9fx\xb1\x84$\xbbq0\xceP\x82\xd9=\xd1;6'
2021-01-11 06:03:50,900 index : 1 :: resp : b"i\x10$;\xb9\xcd\xe6oc)\xea\xfd\xac\x06oXF\xdb\xd7Lo\xa6\x1b\xfbt\xfc\xed\x96\xd9\xf1\x1c\xd8C>'\xcd\x13\x88\xb0\xcf@\xa6\x99\xda\xfb\xe5R{\xa6\xf3\xcf\x98\xdcEz\x15\xc5?\xda\x9f\x1f'\xd9\x01"
2021-01-11 06:03:50,900 check resp exit
2021-01-11 06:03:50,900 node2: fc00:face:b00c::2
2021-01-11 06:03:50,901 logging into node2
2021-01-11 06:03:50,901 ssh into terragraph unit
2021-01-11 06:03:50,901 ssh cmd : ssh  root@fc00:face:b00c::2
2021-01-11 06:03:50,909 delay : 0.05
2021-01-11 06:03:50,909 waiting for ssh login
2021-01-11 06:03:51,045 expect match index : 2
2021-01-11 06:03:51,107 ssh logged in
2021-01-11 06:03:51,168 timeout
2021-01-11 06:03:51,223 timeout
2021-01-11 06:03:51,223 cmd : b'i\x10$;\xb9\xcd\xe6oc)\xea\xfd\xac\x06oXJ\x80\xf1\xdc\x03h0>\xc4:\x91\xd3\xf9\x06\x9ei'
2021-01-11 06:03:51,224 b'i\x10$;\xb9\xcd\xe6oc)\xea\xfd\xac\x06oXJ\x80\xf1\xdc\x03h0>\xc4:\x91\xd3\xf9\x06\x9ei'
2021-01-11 06:03:51,224 cmd send x : 1
2021-01-11 06:03:54,959 prompt
2021-01-11 06:03:54,959 check resp :: cmd : b'i\x10$;\xb9\xcd\xe6oc)\xea\xfd\xac\x06oXJ\x80\xf1\xdc\x03h0>\xc4:\x91\xd3\xf9\x06\x9ei'
2021-01-11 06:03:54,959 index : 0 :: resp : b'i\x10$;\xb9\xcd\xe6oc)\xea\xfd\xac\x06oXJ\x80\xf1\xdc\x03h0>\xc4:\x91\xd3\xf9\x06\x9ei'
2021-01-11 06:03:54,960 index : 1 :: resp : b'\xees\xb73bLcj\xa1\xa9\x96\xe9x\xcb\xc1m;\xaa\xef\xc7\xc2K\xbd\x12\r\x88;\xc0\x89sl\xb9'
2021-01-11 06:03:54,960 index : 2 :: resp : b'i\x10$;\xb9\xcd\xe6oc)\xea\xfd\xac\x06oX\xc4`\xc3\x9e\xdf\x1e&\x08\x85\xc5\xd2\xcf\x9f\xed9\xf8\x0cs\xe0Mk\xe1\xa7\x0b\x94]\xb1-c0"\xea\xcb\x03\x82x\x9b\xc3sC\xa7T\x8d\x1c\xf9\x82X\xea'
2021-01-11 06:03:54,960 index : 3 :: resp : b'i\x10$;\xb9\xcd\xe6oc)\xea\xfd\xac\x06oX8\r-\xe1"LL6\xf5QpP\xc9W70'
2021-01-11 06:03:54,960 index : 4 :: resp : b"\x8c\xf1F\x83\xf1\x98\xc3\x10'\xe7\xd9\x83\xd7\x17\xa2\r[\xb5T\xd2c\x07\xe1\xaclm\xec8\xbaX\x0fU"
2021-01-11 06:03:54,960 check resp exit
2021-01-11 06:03:55,021 timeout
2021-01-11 06:03:55,021 cmd : b'\x9b2\xe7!}\xb1dVK\x9e\xe9y\x1eH\x8eT\x9fx\xb1\x84$\xbbq0\xceP\x82\xd9=\xd1;6'
2021-01-11 06:03:55,022 b'\x9b2\xe7!}\xb1dVK\x9e\xe9y\x1eH\x8eT\x9fx\xb1\x84$\xbbq0\xceP\x82\xd9=\xd1;6'
2021-01-11 06:03:55,022 cmd send x : 1
2021-01-11 06:03:55,024 prompt
2021-01-11 06:03:55,024 check resp :: cmd : b'\x9b2\xe7!}\xb1dVK\x9e\xe9y\x1eH\x8eT\x9fx\xb1\x84$\xbbq0\xceP\x82\xd9=\xd1;6'
2021-01-11 06:03:55,025 index : 0 :: resp : b'\x9b2\xe7!}\xb1dVK\x9e\xe9y\x1eH\x8eT\x9fx\xb1\x84$\xbbq0\xceP\x82\xd9=\xd1;6'
2021-01-11 06:03:55,025 index : 1 :: resp : b"i\x10$;\xb9\xcd\xe6oc)\xea\xfd\xac\x06oXF\xdb\xd7Lo\xa6\x1b\xfbt\xfc\xed\x96\xd9\xf1\x1c\xd8\xa7b\x96\xfc\x99\xb2\xb2(\x05\\\xe6>s\xf5\xf9\xb3\xa6\xf3\xcf\x98\xdcEz\x15\xc5?\xda\x9f\x1f'\xd9\x01"
2021-01-11 06:03:55,025 check resp exit
2021-01-11 06:03:55,025 download FW : b'i\x10$;\xb9\xcd\xe6oc)\xea\xfd\xac\x06oX\xab<\x90\xa6\x0f\r:\xcb;\x00\xba\xa2\xd9\x08\xbb '
2021-01-11 06:03:55,288 download successful
2021-01-11 06:03:55,799 prompt
2021-01-11 06:03:55,851 timeout
2021-01-11 06:03:55,911 timeout
2021-01-11 06:03:55,912 b'i\x10$;\xb9\xcd\xe6oc)\xea\xfd\xac\x06oXD\xab\xc2\xd9\x9e7\x1dxQ\xee\xa7\x0f~qU\xee'
2021-01-11 06:03:55,912 cmd send x : 1
2021-01-11 06:03:55,918 prompt
2021-01-11 06:03:55,919 check resp :: cmd : b'i\x10$;\xb9\xcd\xe6oc)\xea\xfd\xac\x06oXD\xab\xc2\xd9\x9e7\x1dxQ\xee\xa7\x0f~qU\xee'
2021-01-11 06:03:55,919 index : 0 :: resp : b'i\x10$;\xb9\xcd\xe6oc)\xea\xfd\xac\x06oXD\xab\xc2\xd9\x9e7\x1dxQ\xee\xa7\x0f~qU\xee'
2021-01-11 06:03:55,919 index : 1 :: resp : b"i\x10$;\xb9\xcd\xe6oc)\xea\xfd\xac\x06oXF\xdb\xd7Lo\xa6\x1b\xfbt\xfc\xed\x96\xd9\xf1\x1c\xd8\xa7b\x96\xfc\x99\xb2\xb2(\x05\\\xe6>s\xf5\xf9\xb3\xa6\xf3\xcf\x98\xdcEz\x15\xc5?\xda\x9f\x1f'\xd9\x01"
2021-01-11 06:03:55,919 check resp exit
2021-01-11 06:03:55,974 timeout
2021-01-11 06:03:55,974 b'i\x10$;\xb9\xcd\xe6oc)\xea\xfd\xac\x06oX\x97\xe2t\x8b\x90\xc9\xee\xf3\x0bk\x93\xbf\xee\xc8?\x8b'
2021-01-11 06:03:55,974 cmd send x : 1
2021-01-11 06:03:56,000 prompt
2021-01-11 06:03:56,001 check resp :: cmd : b'i\x10$;\xb9\xcd\xe6oc)\xea\xfd\xac\x06oX\x97\xe2t\x8b\x90\xc9\xee\xf3\x0bk\x93\xbf\xee\xc8?\x8b'
2021-01-11 06:03:56,001 index : 0 :: resp : b'i\x10$;\xb9\xcd\xe6oc)\xea\xfd\xac\x06oX\x97\xe2t\x8b\x90\xc9\xee\xf3\x0bk\x93\xbf\xee\xc8?\x8b'
2021-01-11 06:03:56,001 index : 1 :: resp : b"i\x10$;\xb9\xcd\xe6oc)\xea\xfd\xac\x06oXF\xdb\xd7Lo\xa6\x1b\xfbt\xfc\xed\x96\xd9\xf1\x1c\xd8\xa7b\x96\xfc\x99\xb2\xb2(\x05\\\xe6>s\xf5\xf9\xb3\xa6\xf3\xcf\x98\xdcEz\x15\xc5?\xda\x9f\x1f'\xd9\x01"
2021-01-11 06:03:56,002 check resp exit
2021-01-11 06:03:56,062 timeout
2021-01-11 06:03:56,063 cmd : b'\xd9\xe9\x85\xb3R\x14I\x18\nL\xc6\xfe\x9c0\xb3\xef\x90\xa2\xfda\x8e\x10\x12O7\x8e\x9f\xa8\xb6\xaa\xd6)'
2021-01-11 06:03:56,063 b'\xd9\xe9\x85\xb3R\x14I\x18\nL\xc6\xfe\x9c0\xb3\xef\x90\xa2\xfda\x8e\x10\x12O7\x8e\x9f\xa8\xb6\xaa\xd6)'
2021-01-11 06:03:56,063 cmd send x : 1
2021-01-11 06:03:56,069 prompt
2021-01-11 06:03:56,069 check resp :: cmd : b'\xd9\xe9\x85\xb3R\x14I\x18\nL\xc6\xfe\x9c0\xb3\xef\x90\xa2\xfda\x8e\x10\x12O7\x8e\x9f\xa8\xb6\xaa\xd6)'
2021-01-11 06:03:56,069 index : 0 :: resp : b'\xd9\xe9\x85\xb3R\x14I\x18\nL\xc6\xfe\x9c0\xb3\xef\x90\xa2\xfda\x8e\x10\x12O7\x8e\x9f\xa8\xb6\xaa\xd6)'
2021-01-11 06:03:56,070 index : 1 :: resp : b"i\x10$;\xb9\xcd\xe6oc)\xea\xfd\xac\x06oXF\xdb\xd7Lo\xa6\x1b\xfbt\xfc\xed\x96\xd9\xf1\x1c\xd8\xa7b\x96\xfc\x99\xb2\xb2(\x05\\\xe6>s\xf5\xf9\xb3\xa6\xf3\xcf\x98\xdcEz\x15\xc5?\xda\x9f\x1f'\xd9\x01"
2021-01-11 06:03:56,070 check resp exit
2021-01-11 06:03:56,130 timeout
2021-01-11 06:03:56,131 cmd : b'\xfe\xab\x8d]\xba\xd2M\x02\xc1?=\xe9\x17\xd3aO\x9bWB\xa6\xf5\x83\\I\x97x\x97~#q\xc4\x95'
2021-01-11 06:03:56,131 b'\xfe\xab\x8d]\xba\xd2M\x02\xc1?=\xe9\x17\xd3aO\x9bWB\xa6\xf5\x83\\I\x97x\x97~#q\xc4\x95'
2021-01-11 06:03:56,131 cmd send x : 1
2021-01-11 06:03:56,136 prompt
2021-01-11 06:03:56,137 check resp :: cmd : b'\xfe\xab\x8d]\xba\xd2M\x02\xc1?=\xe9\x17\xd3aO\x9bWB\xa6\xf5\x83\\I\x97x\x97~#q\xc4\x95'
2021-01-11 06:03:56,137 index : 0 :: resp : b'\xfe\xab\x8d]\xba\xd2M\x02\xc1?=\xe9\x17\xd3aO\x9bWB\xa6\xf5\x83\\I\x97x\x97~#q\xc4\x95'
2021-01-11 06:03:56,137 index : 1 :: resp : b"i\x10$;\xb9\xcd\xe6oc)\xea\xfd\xac\x06oXF\xdb\xd7Lo\xa6\x1b\xfbt\xfc\xed\x96\xd9\xf1\x1c\xd8\xa7b\x96\xfc\x99\xb2\xb2(\x05\\\xe6>s\xf5\xf9\xb3\xa6\xf3\xcf\x98\xdcEz\x15\xc5?\xda\x9f\x1f'\xd9\x01"
2021-01-11 06:03:56,137 check resp exit
2021-01-11 06:03:56,198 timeout
2021-01-11 06:03:56,198 cmd : b'i\x10$;\xb9\xcd\xe6oc)\xea\xfd\xac\x06oX6b\xfd\xc5\x8dn\xca\xeb\xf7\xd0X\xa4\xaf\x85b^\xbeq\x06\xd8.\n\xc1g\xed\xff\x9aG\xd1iV\xd8z\xc0\x81\xe0g`>\x117\xeb\x05\xa6\x80\x94\xa4g'
2021-01-11 06:03:56,199 b'i\x10$;\xb9\xcd\xe6oc)\xea\xfd\xac\x06oX6b\xfd\xc5\x8dn\xca\xeb\xf7\xd0X\xa4\xaf\x85b^\xbeq\x06\xd8.\n\xc1g\xed\xff\x9aG\xd1iV\xd8z\xc0\x81\xe0g`>\x117\xeb\x05\xa6\x80\x94\xa4g'
2021-01-11 06:03:56,199 cmd send x : 1
2021-01-11 06:03:56,960 prompt
2021-01-11 06:03:56,961 check resp :: cmd : b'i\x10$;\xb9\xcd\xe6oc)\xea\xfd\xac\x06oX6b\xfd\xc5\x8dn\xca\xeb\xf7\xd0X\xa4\xaf\x85b^\xbeq\x06\xd8.\n\xc1g\xed\xff\x9aG\xd1iV\xd8z\xc0\x81\xe0g`>\x117\xeb\x05\xa6\x80\x94\xa4g'
2021-01-11 06:03:56,961 index : 0 :: resp : b'i\x10$;\xb9\xcd\xe6oc)\xea\xfd\xac\x06oXR\x1f\xec%:\xf3\xdcX\xa1|C{Z\xd2{\x06\x10Ti~)\x90\xf3\xde;_\x9f\xf7%qsY\t\xa8\xf6\xf4*\x07U\x01\xf8`\xf7.\xd15\x86\x0c'
2021-01-11 06:03:56,961 index : 1 :: resp : b'[\x0c\x87s\x1b\x8c\xc5\xf7\xb3\xdf\xdc5s\xc8\x82\xe5`58\xaay\x07\xc0\x9dxF\xbezrMG\x93\\\xbf\xec\xda) \x02\xfd\xf8\x9e\xf4\x02\xa1\xb3\x8ex\xf79\xa1\x82G\x14\xd9i\xac\xe6N\xccJ^\x81\xba'
2021-01-11 06:03:56,962 index : 2 :: resp : b'i\x10$;\xb9\xcd\xe6oc)\xea\xfd\xac\x06oX\x11V\xa9)\x9e\xc9i\x13\xb6X\xc8\xa6\xee\x94\xed\xfa'
2021-01-11 06:03:56,962 index : 3 :: resp : b'i\x10$;\xb9\xcd\xe6oc)\xea\xfd\xac\x06oX\xb20K-H\xe9\xfb\xda\xeaA+\xe0\x01\x99FR\xa9\xd2%\x94\xca\xf1\xbe\xc1\xc6\xc1\x7fX\\C^\x9c\xd0D{t\xf0n_<\x00\x1dG\xef\xcd2\xdev'
2021-01-11 06:03:56,962 index : 4 :: resp : b'8\xb0C\x8a\xdb\xf0\x18\x8b\x1bp\xbd\xdfq\xf2\xe0J)\xbcq\xd4F\xbcS\r\xf8$\xb0\xd2\xaf-^\xfb'
2021-01-11 06:03:56,962 index : 5 :: resp : b"i\x10$;\xb9\xcd\xe6oc)\xea\xfd\xac\x06oXF\xdb\xd7Lo\xa6\x1b\xfbt\xfc\xed\x96\xd9\xf1\x1c\xd8\xa7b\x96\xfc\x99\xb2\xb2(\x05\\\xe6>s\xf5\xf9\xb3\xa6\xf3\xcf\x98\xdcEz\x15\xc5?\xda\x9f\x1f'\xd9\x01"
2021-01-11 06:03:56,962 check resp exit
2021-01-11 06:03:57,023 timeout
2021-01-11 06:03:57,023 cmd : b'\xd8\xe2\xee\xc7\xbe\xdf}\x0f\xe2\xf3\x93\xf5\xaeC^\xf5\xb8\xc4\x83\x9c\x0e\xa6\x03\r\xd3]\x93\x17\xf2\x14\xb7\x16'
2021-01-11 06:03:57,024 b'\xd8\xe2\xee\xc7\xbe\xdf}\x0f\xe2\xf3\x93\xf5\xaeC^\xf5\xb8\xc4\x83\x9c\x0e\xa6\x03\r\xd3]\x93\x17\xf2\x14\xb7\x16'
2021-01-11 06:03:57,024 cmd send x : 1
2021-01-11 06:03:57,029 prompt
2021-01-11 06:03:57,029 check resp :: cmd : b'\xd8\xe2\xee\xc7\xbe\xdf}\x0f\xe2\xf3\x93\xf5\xaeC^\xf5\xb8\xc4\x83\x9c\x0e\xa6\x03\r\xd3]\x93\x17\xf2\x14\xb7\x16'
2021-01-11 06:03:57,029 index : 0 :: resp : b'\xd8\xe2\xee\xc7\xbe\xdf}\x0f\xe2\xf3\x93\xf5\xaeC^\xf5\xb8\xc4\x83\x9c\x0e\xa6\x03\r\xd3]\x93\x17\xf2\x14\xb7\x16'
2021-01-11 06:03:57,029 index : 1 :: resp : b"i\x10$;\xb9\xcd\xe6oc)\xea\xfd\xac\x06oX7\xc5\xa0_\xfc\x00\x06?&\xd4X\xaf\x8a\x89\xd1V:\x94]\x12\xca\x12Sa\xd3|'e]IL!k\n|\xf5&\xbc\xb3N\xc9\xccM T\xa7\te"
2021-01-11 06:03:57,030 index : 2 :: resp : b"i\x10$;\xb9\xcd\xe6oc)\xea\xfd\xac\x06oXF\xdb\xd7Lo\xa6\x1b\xfbt\xfc\xed\x96\xd9\xf1\x1c\xd8\xa7b\x96\xfc\x99\xb2\xb2(\x05\\\xe6>s\xf5\xf9\xb3\xa6\xf3\xcf\x98\xdcEz\x15\xc5?\xda\x9f\x1f'\xd9\x01"
2021-01-11 06:03:57,030 check resp exit
2021-01-11 06:03:57,090 timeout
2021-01-11 06:03:57,091 cmd : b'\x9b2\xe7!}\xb1dVK\x9e\xe9y\x1eH\x8eT\x9fx\xb1\x84$\xbbq0\xceP\x82\xd9=\xd1;6'
2021-01-11 06:03:57,091 b'\x9b2\xe7!}\xb1dVK\x9e\xe9y\x1eH\x8eT\x9fx\xb1\x84$\xbbq0\xceP\x82\xd9=\xd1;6'
2021-01-11 06:03:57,091 cmd send x : 1
2021-01-11 06:03:57,093 prompt
2021-01-11 06:03:57,094 check resp :: cmd : b'\x9b2\xe7!}\xb1dVK\x9e\xe9y\x1eH\x8eT\x9fx\xb1\x84$\xbbq0\xceP\x82\xd9=\xd1;6'
2021-01-11 06:03:57,094 index : 0 :: resp : b'\x9b2\xe7!}\xb1dVK\x9e\xe9y\x1eH\x8eT\x9fx\xb1\x84$\xbbq0\xceP\x82\xd9=\xd1;6'
2021-01-11 06:03:57,094 index : 1 :: resp : b"i\x10$;\xb9\xcd\xe6oc)\xea\xfd\xac\x06oXF\xdb\xd7Lo\xa6\x1b\xfbt\xfc\xed\x96\xd9\xf1\x1c\xd8\xa7b\x96\xfc\x99\xb2\xb2(\x05\\\xe6>s\xf5\xf9\xb3\xa6\xf3\xcf\x98\xdcEz\x15\xc5?\xda\x9f\x1f'\xd9\x01"
2021-01-11 06:03:57,095 check resp exit
2021-01-11 06:03:57,095 node1 is transmitting and node2 is receiving 
2021-01-11 06:03:57,156 timeout
2021-01-11 06:03:57,156 cmd : b'i\x10$;\xb9\xcd\xe6oc)\xea\xfd\xac\x06oXh\x1e^\xbe\xbe:\xa4\xaa\xce\xaf\xd5\x9b\x08\xae\xbf\x83'
2021-01-11 06:03:57,156 b'i\x10$;\xb9\xcd\xe6oc)\xea\xfd\xac\x06oXh\x1e^\xbe\xbe:\xa4\xaa\xce\xaf\xd5\x9b\x08\xae\xbf\x83'
2021-01-11 06:03:57,156 cmd send x : 1
2021-01-11 06:03:57,975 prompt
2021-01-11 06:03:57,976 check resp :: cmd : b'i\x10$;\xb9\xcd\xe6oc)\xea\xfd\xac\x06oXh\x1e^\xbe\xbe:\xa4\xaa\xce\xaf\xd5\x9b\x08\xae\xbf\x83'
2021-01-11 06:03:57,976 index : 0 :: resp : b'i\x10$;\xb9\xcd\xe6oc)\xea\xfd\xac\x06oXh\x1e^\xbe\xbe:\xa4\xaa\xce\xaf\xd5\x9b\x08\xae\xbf\x83'
2021-01-11 06:03:57,976 index : 1 :: resp : b"i\x10$;\xb9\xcd\xe6oc)\xea\xfd\xac\x06oXF\xdb\xd7Lo\xa6\x1b\xfbt\xfc\xed\x96\xd9\xf1\x1c\xd8C>'\xcd\x13\x88\xb0\xcf@\xa6\x99\xda\xfb\xe5R{\xa6\xf3\xcf\x98\xdcEz\x15\xc5?\xda\x9f\x1f'\xd9\x01"
2021-01-11 06:03:57,976 check resp exit
2021-01-11 06:03:58,037 timeout
2021-01-11 06:03:58,037 b'\xfe\xab\x8d]\xba\xd2M\x02\xc1?=\xe9\x17\xd3aO\x9c\xb4\x86\x86\xb4\x93\x16=\x0e\xd2a\xac\x81n\xd5,'
2021-01-11 06:03:58,038 cmd send x : 1
2021-01-11 06:03:58,043 prompt
2021-01-11 06:03:58,043 check resp :: cmd : b'\xfe\xab\x8d]\xba\xd2M\x02\xc1?=\xe9\x17\xd3aO\x9c\xb4\x86\x86\xb4\x93\x16=\x0e\xd2a\xac\x81n\xd5,'
2021-01-11 06:03:58,044 index : 0 :: resp : b'\xfe\xab\x8d]\xba\xd2M\x02\xc1?=\xe9\x17\xd3aO\x9c\xb4\x86\x86\xb4\x93\x16=\x0e\xd2a\xac\x81n\xd5,'
2021-01-11 06:03:58,044 index : 1 :: resp : b"i\x10$;\xb9\xcd\xe6oc)\xea\xfd\xac\x06oXF\xdb\xd7Lo\xa6\x1b\xfbt\xfc\xed\x96\xd9\xf1\x1c\xd8C>'\xcd\x13\x88\xb0\xcf@\xa6\x99\xda\xfb\xe5R{\xa6\xf3\xcf\x98\xdcEz\x15\xc5?\xda\x9f\x1f'\xd9\x01"
2021-01-11 06:03:58,044 check resp exit
2021-01-11 06:03:58,105 timeout
2021-01-11 06:03:58,105 b'e\x91\xc2\xbbJ~\x02\xceO\x86\xeaB\x11$&\x8f\xa7C\xeb\xdb\x11L\x8dJD\xc9\xc5D\x0b\xb9\x1c\xf9'
2021-01-11 06:03:58,105 cmd send x : 1
2021-01-11 06:03:58,111 prompt
2021-01-11 06:03:58,111 check resp :: cmd : b'e\x91\xc2\xbbJ~\x02\xceO\x86\xeaB\x11$&\x8f\xa7C\xeb\xdb\x11L\x8dJD\xc9\xc5D\x0b\xb9\x1c\xf9'
2021-01-11 06:03:58,112 index : 0 :: resp : b'e\x91\xc2\xbbJ~\x02\xceO\x86\xeaB\x11$&\x8f\xa7C\xeb\xdb\x11L\x8dJD\xc9\xc5D\x0b\xb9\x1c\xf9'
2021-01-11 06:03:58,112 index : 1 :: resp : b"i\x10$;\xb9\xcd\xe6oc)\xea\xfd\xac\x06oXF\xdb\xd7Lo\xa6\x1b\xfbt\xfc\xed\x96\xd9\xf1\x1c\xd8C>'\xcd\x13\x88\xb0\xcf@\xa6\x99\xda\xfb\xe5R{\xa6\xf3\xcf\x98\xdcEz\x15\xc5?\xda\x9f\x1f'\xd9\x01"
2021-01-11 06:03:58,112 check resp exit
2021-01-11 06:03:58,173 timeout
2021-01-11 06:03:58,173 b'u4%\x1dx\x88\xedB\xec)\xd4\xb0\xfb\xc8b\x84\xa7C\xeb\xdb\x11L\x8dJD\xc9\xc5D\x0b\xb9\x1c\xf9'
2021-01-11 06:03:58,173 cmd send x : 1
2021-01-11 06:03:58,179 prompt
2021-01-11 06:03:58,179 check resp :: cmd : b'u4%\x1dx\x88\xedB\xec)\xd4\xb0\xfb\xc8b\x84\xa7C\xeb\xdb\x11L\x8dJD\xc9\xc5D\x0b\xb9\x1c\xf9'
2021-01-11 06:03:58,179 index : 0 :: resp : b'u4%\x1dx\x88\xedB\xec)\xd4\xb0\xfb\xc8b\x84\xa7C\xeb\xdb\x11L\x8dJD\xc9\xc5D\x0b\xb9\x1c\xf9'
2021-01-11 06:03:58,180 index : 1 :: resp : b"i\x10$;\xb9\xcd\xe6oc)\xea\xfd\xac\x06oXF\xdb\xd7Lo\xa6\x1b\xfbt\xfc\xed\x96\xd9\xf1\x1c\xd8C>'\xcd\x13\x88\xb0\xcf@\xa6\x99\xda\xfb\xe5R{\xa6\xf3\xcf\x98\xdcEz\x15\xc5?\xda\x9f\x1f'\xd9\x01"
2021-01-11 06:03:58,180 check resp exit
2021-01-11 06:03:58,240 timeout
2021-01-11 06:03:58,241 b'\xfe\xab\x8d]\xba\xd2M\x02\xc1?=\xe9\x17\xd3aO]4B\xa5,\x95\xcc\x07q\xe9\x9ew\xbd\xfd\xdb\xb9'
2021-01-11 06:03:58,241 cmd send x : 1
2021-01-11 06:03:58,246 prompt
2021-01-11 06:03:58,247 check resp :: cmd : b'\xfe\xab\x8d]\xba\xd2M\x02\xc1?=\xe9\x17\xd3aO]4B\xa5,\x95\xcc\x07q\xe9\x9ew\xbd\xfd\xdb\xb9'
2021-01-11 06:03:58,247 index : 0 :: resp : b'\xfe\xab\x8d]\xba\xd2M\x02\xc1?=\xe9\x17\xd3aO]4B\xa5,\x95\xcc\x07q\xe9\x9ew\xbd\xfd\xdb\xb9'
2021-01-11 06:03:58,247 index : 1 :: resp : b"i\x10$;\xb9\xcd\xe6oc)\xea\xfd\xac\x06oXF\xdb\xd7Lo\xa6\x1b\xfbt\xfc\xed\x96\xd9\xf1\x1c\xd8C>'\xcd\x13\x88\xb0\xcf@\xa6\x99\xda\xfb\xe5R{\xa6\xf3\xcf\x98\xdcEz\x15\xc5?\xda\x9f\x1f'\xd9\x01"
2021-01-11 06:03:58,247 check resp exit
2021-01-11 06:03:58,308 timeout
2021-01-11 06:03:58,308 b'e\x91\xc2\xbbJ~\x02\xceO\x86\xeaB\x11$&\x8f\xa7C\xeb\xdb\x11L\x8dJD\xc9\xc5D\x0b\xb9\x1c\xf9'
2021-01-11 06:03:58,309 cmd send x : 1
2021-01-11 06:03:58,314 prompt
2021-01-11 06:03:58,315 check resp :: cmd : b'e\x91\xc2\xbbJ~\x02\xceO\x86\xeaB\x11$&\x8f\xa7C\xeb\xdb\x11L\x8dJD\xc9\xc5D\x0b\xb9\x1c\xf9'
2021-01-11 06:03:58,315 index : 0 :: resp : b'e\x91\xc2\xbbJ~\x02\xceO\x86\xeaB\x11$&\x8f\xa7C\xeb\xdb\x11L\x8dJD\xc9\xc5D\x0b\xb9\x1c\xf9'
2021-01-11 06:03:58,315 index : 1 :: resp : b"i\x10$;\xb9\xcd\xe6oc)\xea\xfd\xac\x06oXF\xdb\xd7Lo\xa6\x1b\xfbt\xfc\xed\x96\xd9\xf1\x1c\xd8C>'\xcd\x13\x88\xb0\xcf@\xa6\x99\xda\xfb\xe5R{\xa6\xf3\xcf\x98\xdcEz\x15\xc5?\xda\x9f\x1f'\xd9\x01"
2021-01-11 06:03:58,315 check resp exit
2021-01-11 06:03:58,370 timeout
2021-01-11 06:03:58,370 b'u4%\x1dx\x88\xedB\xec)\xd4\xb0\xfb\xc8b\x84\xa7C\xeb\xdb\x11L\x8dJD\xc9\xc5D\x0b\xb9\x1c\xf9'
2021-01-11 06:03:58,370 cmd send x : 1
2021-01-11 06:03:58,376 prompt
2021-01-11 06:03:58,376 check resp :: cmd : b'u4%\x1dx\x88\xedB\xec)\xd4\xb0\xfb\xc8b\x84\xa7C\xeb\xdb\x11L\x8dJD\xc9\xc5D\x0b\xb9\x1c\xf9'
2021-01-11 06:03:58,376 index : 0 :: resp : b'u4%\x1dx\x88\xedB\xec)\xd4\xb0\xfb\xc8b\x84\xa7C\xeb\xdb\x11L\x8dJD\xc9\xc5D\x0b\xb9\x1c\xf9'
2021-01-11 06:03:58,377 index : 1 :: resp : b"i\x10$;\xb9\xcd\xe6oc)\xea\xfd\xac\x06oXF\xdb\xd7Lo\xa6\x1b\xfbt\xfc\xed\x96\xd9\xf1\x1c\xd8C>'\xcd\x13\x88\xb0\xcf@\xa6\x99\xda\xfb\xe5R{\xa6\xf3\xcf\x98\xdcEz\x15\xc5?\xda\x9f\x1f'\xd9\x01"
2021-01-11 06:03:58,377 check resp exit
2021-01-11 06:03:58,437 timeout
2021-01-11 06:03:58,438 b'\xfe\xab\x8d]\xba\xd2M\x02\xc1?=\xe9\x17\xd3aO\xbe\rwr\xd6\x08\xd7h\x84\xe6\x02\xae\x10\xbc\xa6M'
2021-01-11 06:03:58,438 cmd send x : 1
2021-01-11 06:03:58,443 prompt
2021-01-11 06:03:58,444 check resp :: cmd : b'\xfe\xab\x8d]\xba\xd2M\x02\xc1?=\xe9\x17\xd3aO\xbe\rwr\xd6\x08\xd7h\x84\xe6\x02\xae\x10\xbc\xa6M'
2021-01-11 06:03:58,444 index : 0 :: resp : b'\xfe\xab\x8d]\xba\xd2M\x02\xc1?=\xe9\x17\xd3aO\xbe\rwr\xd6\x08\xd7h\x84\xe6\x02\xae\x10\xbc\xa6M'
2021-01-11 06:03:58,444 index : 1 :: resp : b"i\x10$;\xb9\xcd\xe6oc)\xea\xfd\xac\x06oXF\xdb\xd7Lo\xa6\x1b\xfbt\xfc\xed\x96\xd9\xf1\x1c\xd8C>'\xcd\x13\x88\xb0\xcf@\xa6\x99\xda\xfb\xe5R{\xa6\xf3\xcf\x98\xdcEz\x15\xc5?\xda\x9f\x1f'\xd9\x01"
2021-01-11 06:03:58,444 check resp exit
2021-01-11 06:03:58,505 timeout
2021-01-11 06:03:58,505 b'e\x91\xc2\xbbJ~\x02\xceO\x86\xeaB\x11$&\x8f\xa7C\xeb\xdb\x11L\x8dJD\xc9\xc5D\x0b\xb9\x1c\xf9'
2021-01-11 06:03:58,506 cmd send x : 1
2021-01-11 06:03:58,511 prompt
2021-01-11 06:03:58,512 check resp :: cmd : b'e\x91\xc2\xbbJ~\x02\xceO\x86\xeaB\x11$&\x8f\xa7C\xeb\xdb\x11L\x8dJD\xc9\xc5D\x0b\xb9\x1c\xf9'
2021-01-11 06:03:58,512 index : 0 :: resp : b'e\x91\xc2\xbbJ~\x02\xceO\x86\xeaB\x11$&\x8f\xa7C\xeb\xdb\x11L\x8dJD\xc9\xc5D\x0b\xb9\x1c\xf9'
2021-01-11 06:03:58,512 index : 1 :: resp : b"i\x10$;\xb9\xcd\xe6oc)\xea\xfd\xac\x06oXF\xdb\xd7Lo\xa6\x1b\xfbt\xfc\xed\x96\xd9\xf1\x1c\xd8C>'\xcd\x13\x88\xb0\xcf@\xa6\x99\xda\xfb\xe5R{\xa6\xf3\xcf\x98\xdcEz\x15\xc5?\xda\x9f\x1f'\xd9\x01"
2021-01-11 06:03:58,512 check resp exit
2021-01-11 06:03:58,573 timeout
2021-01-11 06:03:58,573 b'u4%\x1dx\x88\xedB\xec)\xd4\xb0\xfb\xc8b\x84\xa7C\xeb\xdb\x11L\x8dJD\xc9\xc5D\x0b\xb9\x1c\xf9'
2021-01-11 06:03:58,573 cmd send x : 1
2021-01-11 06:03:58,580 prompt
2021-01-11 06:03:58,581 check resp :: cmd : b'u4%\x1dx\x88\xedB\xec)\xd4\xb0\xfb\xc8b\x84\xa7C\xeb\xdb\x11L\x8dJD\xc9\xc5D\x0b\xb9\x1c\xf9'
2021-01-11 06:03:58,581 index : 0 :: resp : b'u4%\x1dx\x88\xedB\xec)\xd4\xb0\xfb\xc8b\x84\xa7C\xeb\xdb\x11L\x8dJD\xc9\xc5D\x0b\xb9\x1c\xf9'
2021-01-11 06:03:58,581 index : 1 :: resp : b"i\x10$;\xb9\xcd\xe6oc)\xea\xfd\xac\x06oXF\xdb\xd7Lo\xa6\x1b\xfbt\xfc\xed\x96\xd9\xf1\x1c\xd8C>'\xcd\x13\x88\xb0\xcf@\xa6\x99\xda\xfb\xe5R{\xa6\xf3\xcf\x98\xdcEz\x15\xc5?\xda\x9f\x1f'\xd9\x01"
2021-01-11 06:03:58,581 check resp exit
2021-01-11 06:03:58,642 timeout
2021-01-11 06:03:58,642 b'\xfe\xab\x8d]\xba\xd2M\x02\xc1?=\xe9\x17\xd3aO\xb0\xc7\xa3\xce1c\x08G\x17 )\xce\xc88\x8b\xc2'
2021-01-11 06:03:58,643 cmd send x : 1
2021-01-11 06:03:58,648 prompt
2021-01-11 06:03:58,649 check resp :: cmd : b'\xfe\xab\x8d]\xba\xd2M\x02\xc1?=\xe9\x17\xd3aO\xb0\xc7\xa3\xce1c\x08G\x17 )\xce\xc88\x8b\xc2'
2021-01-11 06:03:58,649 index : 0 :: resp : b'\xfe\xab\x8d]\xba\xd2M\x02\xc1?=\xe9\x17\xd3aO\xb0\xc7\xa3\xce1c\x08G\x17 )\xce\xc88\x8b\xc2'
2021-01-11 06:03:58,649 index : 1 :: resp : b"i\x10$;\xb9\xcd\xe6oc)\xea\xfd\xac\x06oXF\xdb\xd7Lo\xa6\x1b\xfbt\xfc\xed\x96\xd9\xf1\x1c\xd8C>'\xcd\x13\x88\xb0\xcf@\xa6\x99\xda\xfb\xe5R{\xa6\xf3\xcf\x98\xdcEz\x15\xc5?\xda\x9f\x1f'\xd9\x01"
2021-01-11 06:03:58,649 check resp exit
2021-01-11 06:03:58,710 timeout
2021-01-11 06:03:58,710 b'\x18\xfeh\xaehI\xcf$\xd9Dp\x9f\xa4\x8fL\x84\xc1x\xb6!D\xae@\xeb[s>=\x8b+\xc1\xd8'
2021-01-11 06:03:58,711 cmd send x : 1
2021-01-11 06:03:58,716 prompt
2021-01-11 06:03:58,717 check resp :: cmd : b'\x18\xfeh\xaehI\xcf$\xd9Dp\x9f\xa4\x8fL\x84\xc1x\xb6!D\xae@\xeb[s>=\x8b+\xc1\xd8'
2021-01-11 06:03:58,717 index : 0 :: resp : b'\x18\xfeh\xaehI\xcf$\xd9Dp\x9f\xa4\x8fL\x84\xc1x\xb6!D\xae@\xeb[s>=\x8b+\xc1\xd8'
2021-01-11 06:03:58,717 index : 1 :: resp : b"i\x10$;\xb9\xcd\xe6oc)\xea\xfd\xac\x06oXF\xdb\xd7Lo\xa6\x1b\xfbt\xfc\xed\x96\xd9\xf1\x1c\xd8C>'\xcd\x13\x88\xb0\xcf@\xa6\x99\xda\xfb\xe5R{\xa6\xf3\xcf\x98\xdcEz\x15\xc5?\xda\x9f\x1f'\xd9\x01"
2021-01-11 06:03:58,717 check resp exit
2021-01-11 06:03:58,777 timeout
2021-01-11 06:03:58,779 b"\xe8F[\xf6\x12\xc2C\xa6~)\xef'\xd3\xe6\xbdN\xc1x\xb6!D\xae@\xeb[s>=\x8b+\xc1\xd8"
2021-01-11 06:03:58,779 cmd send x : 1
2021-01-11 06:03:58,785 prompt
2021-01-11 06:03:58,786 check resp :: cmd : b"\xe8F[\xf6\x12\xc2C\xa6~)\xef'\xd3\xe6\xbdN\xc1x\xb6!D\xae@\xeb[s>=\x8b+\xc1\xd8"
2021-01-11 06:03:58,786 index : 0 :: resp : b"\xe8F[\xf6\x12\xc2C\xa6~)\xef'\xd3\xe6\xbdN\xc1x\xb6!D\xae@\xeb[s>=\x8b+\xc1\xd8"
2021-01-11 06:03:58,786 index : 1 :: resp : b"i\x10$;\xb9\xcd\xe6oc)\xea\xfd\xac\x06oXF\xdb\xd7Lo\xa6\x1b\xfbt\xfc\xed\x96\xd9\xf1\x1c\xd8C>'\xcd\x13\x88\xb0\xcf@\xa6\x99\xda\xfb\xe5R{\xa6\xf3\xcf\x98\xdcEz\x15\xc5?\xda\x9f\x1f'\xd9\x01"
2021-01-11 06:03:58,786 check resp exit
2021-01-11 06:03:58,840 timeout
2021-01-11 06:03:58,840 cmd : b'i\x10$;\xb9\xcd\xe6oc)\xea\xfd\xac\x06oXh\x1e^\xbe\xbe:\xa4\xaa\xce\xaf\xd5\x9b\x08\xae\xbf\x83'
2021-01-11 06:03:58,840 b'i\x10$;\xb9\xcd\xe6oc)\xea\xfd\xac\x06oXh\x1e^\xbe\xbe:\xa4\xaa\xce\xaf\xd5\x9b\x08\xae\xbf\x83'
2021-01-11 06:03:58,840 cmd send x : 1
2021-01-11 06:03:59,652 prompt
2021-01-11 06:03:59,652 check resp :: cmd : b'i\x10$;\xb9\xcd\xe6oc)\xea\xfd\xac\x06oXh\x1e^\xbe\xbe:\xa4\xaa\xce\xaf\xd5\x9b\x08\xae\xbf\x83'
2021-01-11 06:03:59,653 index : 0 :: resp : b'i\x10$;\xb9\xcd\xe6oc)\xea\xfd\xac\x06oXh\x1e^\xbe\xbe:\xa4\xaa\xce\xaf\xd5\x9b\x08\xae\xbf\x83'
2021-01-11 06:03:59,653 index : 1 :: resp : b"i\x10$;\xb9\xcd\xe6oc)\xea\xfd\xac\x06oXF\xdb\xd7Lo\xa6\x1b\xfbt\xfc\xed\x96\xd9\xf1\x1c\xd8\xa7b\x96\xfc\x99\xb2\xb2(\x05\\\xe6>s\xf5\xf9\xb3\xa6\xf3\xcf\x98\xdcEz\x15\xc5?\xda\x9f\x1f'\xd9\x01"
2021-01-11 06:03:59,653 check resp exit
2021-01-11 06:03:59,714 timeout
2021-01-11 06:03:59,714 b'\xfe\xab\x8d]\xba\xd2M\x02\xc1?=\xe9\x17\xd3aO\x9c\xb4\x86\x86\xb4\x93\x16=\x0e\xd2a\xac\x81n\xd5,'
2021-01-11 06:03:59,714 cmd send x : 1
2021-01-11 06:03:59,720 prompt
2021-01-11 06:03:59,720 check resp :: cmd : b'\xfe\xab\x8d]\xba\xd2M\x02\xc1?=\xe9\x17\xd3aO\x9c\xb4\x86\x86\xb4\x93\x16=\x0e\xd2a\xac\x81n\xd5,'
2021-01-11 06:03:59,721 index : 0 :: resp : b'\xfe\xab\x8d]\xba\xd2M\x02\xc1?=\xe9\x17\xd3aO\x9c\xb4\x86\x86\xb4\x93\x16=\x0e\xd2a\xac\x81n\xd5,'
2021-01-11 06:03:59,721 index : 1 :: resp : b"i\x10$;\xb9\xcd\xe6oc)\xea\xfd\xac\x06oXF\xdb\xd7Lo\xa6\x1b\xfbt\xfc\xed\x96\xd9\xf1\x1c\xd8\xa7b\x96\xfc\x99\xb2\xb2(\x05\\\xe6>s\xf5\xf9\xb3\xa6\xf3\xcf\x98\xdcEz\x15\xc5?\xda\x9f\x1f'\xd9\x01"
2021-01-11 06:03:59,721 check resp exit
2021-01-11 06:03:59,782 timeout
2021-01-11 06:03:59,782 b'e\x91\xc2\xbbJ~\x02\xceO\x86\xeaB\x11$&\x8f\xa7C\xeb\xdb\x11L\x8dJD\xc9\xc5D\x0b\xb9\x1c\xf9'
2021-01-11 06:03:59,782 cmd send x : 1
2021-01-11 06:03:59,788 prompt
2021-01-11 06:03:59,788 check resp :: cmd : b'e\x91\xc2\xbbJ~\x02\xceO\x86\xeaB\x11$&\x8f\xa7C\xeb\xdb\x11L\x8dJD\xc9\xc5D\x0b\xb9\x1c\xf9'
2021-01-11 06:03:59,788 index : 0 :: resp : b'e\x91\xc2\xbbJ~\x02\xceO\x86\xeaB\x11$&\x8f\xa7C\xeb\xdb\x11L\x8dJD\xc9\xc5D\x0b\xb9\x1c\xf9'
2021-01-11 06:03:59,789 index : 1 :: resp : b"i\x10$;\xb9\xcd\xe6oc)\xea\xfd\xac\x06oXF\xdb\xd7Lo\xa6\x1b\xfbt\xfc\xed\x96\xd9\xf1\x1c\xd8\xa7b\x96\xfc\x99\xb2\xb2(\x05\\\xe6>s\xf5\xf9\xb3\xa6\xf3\xcf\x98\xdcEz\x15\xc5?\xda\x9f\x1f'\xd9\x01"
2021-01-11 06:03:59,789 check resp exit
2021-01-11 06:03:59,849 timeout
2021-01-11 06:03:59,850 b'u4%\x1dx\x88\xedB\xec)\xd4\xb0\xfb\xc8b\x84\xa7C\xeb\xdb\x11L\x8dJD\xc9\xc5D\x0b\xb9\x1c\xf9'
2021-01-11 06:03:59,850 cmd send x : 1
2021-01-11 06:03:59,866 prompt
2021-01-11 06:03:59,866 check resp :: cmd : b'u4%\x1dx\x88\xedB\xec)\xd4\xb0\xfb\xc8b\x84\xa7C\xeb\xdb\x11L\x8dJD\xc9\xc5D\x0b\xb9\x1c\xf9'
2021-01-11 06:03:59,866 index : 0 :: resp : b'u4%\x1dx\x88\xedB\xec)\xd4\xb0\xfb\xc8b\x84\xa7C\xeb\xdb\x11L\x8dJD\xc9\xc5D\x0b\xb9\x1c\xf9'
2021-01-11 06:03:59,867 index : 1 :: resp : b"i\x10$;\xb9\xcd\xe6oc)\xea\xfd\xac\x06oXF\xdb\xd7Lo\xa6\x1b\xfbt\xfc\xed\x96\xd9\xf1\x1c\xd8\xa7b\x96\xfc\x99\xb2\xb2(\x05\\\xe6>s\xf5\xf9\xb3\xa6\xf3\xcf\x98\xdcEz\x15\xc5?\xda\x9f\x1f'\xd9\x01"
2021-01-11 06:03:59,867 check resp exit
2021-01-11 06:03:59,927 timeout
2021-01-11 06:03:59,928 b'\xfe\xab\x8d]\xba\xd2M\x02\xc1?=\xe9\x17\xd3aO]4B\xa5,\x95\xcc\x07q\xe9\x9ew\xbd\xfd\xdb\xb9'
2021-01-11 06:03:59,928 cmd send x : 1
2021-01-11 06:03:59,935 prompt
2021-01-11 06:03:59,935 check resp :: cmd : b'\xfe\xab\x8d]\xba\xd2M\x02\xc1?=\xe9\x17\xd3aO]4B\xa5,\x95\xcc\x07q\xe9\x9ew\xbd\xfd\xdb\xb9'
2021-01-11 06:03:59,935 index : 0 :: resp : b'\xfe\xab\x8d]\xba\xd2M\x02\xc1?=\xe9\x17\xd3aO]4B\xa5,\x95\xcc\x07q\xe9\x9ew\xbd\xfd\xdb\xb9'
2021-01-11 06:03:59,936 index : 1 :: resp : b"i\x10$;\xb9\xcd\xe6oc)\xea\xfd\xac\x06oXF\xdb\xd7Lo\xa6\x1b\xfbt\xfc\xed\x96\xd9\xf1\x1c\xd8\xa7b\x96\xfc\x99\xb2\xb2(\x05\\\xe6>s\xf5\xf9\xb3\xa6\xf3\xcf\x98\xdcEz\x15\xc5?\xda\x9f\x1f'\xd9\x01"
2021-01-11 06:03:59,936 check resp exit
2021-01-11 06:03:59,996 timeout
2021-01-11 06:03:59,997 b'e\x91\xc2\xbbJ~\x02\xceO\x86\xeaB\x11$&\x8f\xa7C\xeb\xdb\x11L\x8dJD\xc9\xc5D\x0b\xb9\x1c\xf9'
2021-01-11 06:03:59,997 cmd send x : 1
2021-01-11 06:04:00,003 prompt
2021-01-11 06:04:00,003 check resp :: cmd : b'e\x91\xc2\xbbJ~\x02\xceO\x86\xeaB\x11$&\x8f\xa7C\xeb\xdb\x11L\x8dJD\xc9\xc5D\x0b\xb9\x1c\xf9'
2021-01-11 06:04:00,003 index : 0 :: resp : b'e\x91\xc2\xbbJ~\x02\xceO\x86\xeaB\x11$&\x8f\xa7C\xeb\xdb\x11L\x8dJD\xc9\xc5D\x0b\xb9\x1c\xf9'
2021-01-11 06:04:00,003 index : 1 :: resp : b"i\x10$;\xb9\xcd\xe6oc)\xea\xfd\xac\x06oXF\xdb\xd7Lo\xa6\x1b\xfbt\xfc\xed\x96\xd9\xf1\x1c\xd8\xa7b\x96\xfc\x99\xb2\xb2(\x05\\\xe6>s\xf5\xf9\xb3\xa6\xf3\xcf\x98\xdcEz\x15\xc5?\xda\x9f\x1f'\xd9\x01"
2021-01-11 06:04:00,004 check resp exit
2021-01-11 06:04:00,060 timeout
2021-01-11 06:04:00,060 b'u4%\x1dx\x88\xedB\xec)\xd4\xb0\xfb\xc8b\x84\xa7C\xeb\xdb\x11L\x8dJD\xc9\xc5D\x0b\xb9\x1c\xf9'
2021-01-11 06:04:00,060 cmd send x : 1
2021-01-11 06:04:00,065 prompt
2021-01-11 06:04:00,065 check resp :: cmd : b'u4%\x1dx\x88\xedB\xec)\xd4\xb0\xfb\xc8b\x84\xa7C\xeb\xdb\x11L\x8dJD\xc9\xc5D\x0b\xb9\x1c\xf9'
2021-01-11 06:04:00,066 index : 0 :: resp : b'u4%\x1dx\x88\xedB\xec)\xd4\xb0\xfb\xc8b\x84\xa7C\xeb\xdb\x11L\x8dJD\xc9\xc5D\x0b\xb9\x1c\xf9'
2021-01-11 06:04:00,066 index : 1 :: resp : b"i\x10$;\xb9\xcd\xe6oc)\xea\xfd\xac\x06oXF\xdb\xd7Lo\xa6\x1b\xfbt\xfc\xed\x96\xd9\xf1\x1c\xd8\xa7b\x96\xfc\x99\xb2\xb2(\x05\\\xe6>s\xf5\xf9\xb3\xa6\xf3\xcf\x98\xdcEz\x15\xc5?\xda\x9f\x1f'\xd9\x01"
2021-01-11 06:04:00,066 check resp exit
2021-01-11 06:04:00,125 timeout
2021-01-11 06:04:00,126 b'\xfe\xab\x8d]\xba\xd2M\x02\xc1?=\xe9\x17\xd3aO\xbe\rwr\xd6\x08\xd7h\x84\xe6\x02\xae\x10\xbc\xa6M'
2021-01-11 06:04:00,126 cmd send x : 1
2021-01-11 06:04:00,131 prompt
2021-01-11 06:04:00,131 check resp :: cmd : b'\xfe\xab\x8d]\xba\xd2M\x02\xc1?=\xe9\x17\xd3aO\xbe\rwr\xd6\x08\xd7h\x84\xe6\x02\xae\x10\xbc\xa6M'
2021-01-11 06:04:00,131 index : 0 :: resp : b'\xfe\xab\x8d]\xba\xd2M\x02\xc1?=\xe9\x17\xd3aO\xbe\rwr\xd6\x08\xd7h\x84\xe6\x02\xae\x10\xbc\xa6M'
2021-01-11 06:04:00,131 index : 1 :: resp : b"i\x10$;\xb9\xcd\xe6oc)\xea\xfd\xac\x06oXF\xdb\xd7Lo\xa6\x1b\xfbt\xfc\xed\x96\xd9\xf1\x1c\xd8\xa7b\x96\xfc\x99\xb2\xb2(\x05\\\xe6>s\xf5\xf9\xb3\xa6\xf3\xcf\x98\xdcEz\x15\xc5?\xda\x9f\x1f'\xd9\x01"
2021-01-11 06:04:00,131 check resp exit
2021-01-11 06:04:00,183 timeout
2021-01-11 06:04:00,184 b'e\x91\xc2\xbbJ~\x02\xceO\x86\xeaB\x11$&\x8f\xa7C\xeb\xdb\x11L\x8dJD\xc9\xc5D\x0b\xb9\x1c\xf9'
2021-01-11 06:04:00,184 cmd send x : 1
2021-01-11 06:04:00,189 prompt
2021-01-11 06:04:00,190 check resp :: cmd : b'e\x91\xc2\xbbJ~\x02\xceO\x86\xeaB\x11$&\x8f\xa7C\xeb\xdb\x11L\x8dJD\xc9\xc5D\x0b\xb9\x1c\xf9'
2021-01-11 06:04:00,190 index : 0 :: resp : b'e\x91\xc2\xbbJ~\x02\xceO\x86\xeaB\x11$&\x8f\xa7C\xeb\xdb\x11L\x8dJD\xc9\xc5D\x0b\xb9\x1c\xf9'
2021-01-11 06:04:00,190 index : 1 :: resp : b"i\x10$;\xb9\xcd\xe6oc)\xea\xfd\xac\x06oXF\xdb\xd7Lo\xa6\x1b\xfbt\xfc\xed\x96\xd9\xf1\x1c\xd8\xa7b\x96\xfc\x99\xb2\xb2(\x05\\\xe6>s\xf5\xf9\xb3\xa6\xf3\xcf\x98\xdcEz\x15\xc5?\xda\x9f\x1f'\xd9\x01"
2021-01-11 06:04:00,190 check resp exit
2021-01-11 06:04:00,251 timeout
2021-01-11 06:04:00,251 b'u4%\x1dx\x88\xedB\xec)\xd4\xb0\xfb\xc8b\x84\xa7C\xeb\xdb\x11L\x8dJD\xc9\xc5D\x0b\xb9\x1c\xf9'
2021-01-11 06:04:00,251 cmd send x : 1
2021-01-11 06:04:00,257 prompt
2021-01-11 06:04:00,257 check resp :: cmd : b'u4%\x1dx\x88\xedB\xec)\xd4\xb0\xfb\xc8b\x84\xa7C\xeb\xdb\x11L\x8dJD\xc9\xc5D\x0b\xb9\x1c\xf9'
2021-01-11 06:04:00,258 index : 0 :: resp : b'u4%\x1dx\x88\xedB\xec)\xd4\xb0\xfb\xc8b\x84\xa7C\xeb\xdb\x11L\x8dJD\xc9\xc5D\x0b\xb9\x1c\xf9'
2021-01-11 06:04:00,258 index : 1 :: resp : b"i\x10$;\xb9\xcd\xe6oc)\xea\xfd\xac\x06oXF\xdb\xd7Lo\xa6\x1b\xfbt\xfc\xed\x96\xd9\xf1\x1c\xd8\xa7b\x96\xfc\x99\xb2\xb2(\x05\\\xe6>s\xf5\xf9\xb3\xa6\xf3\xcf\x98\xdcEz\x15\xc5?\xda\x9f\x1f'\xd9\x01"
2021-01-11 06:04:00,258 check resp exit
2021-01-11 06:04:00,317 timeout
2021-01-11 06:04:00,317 b'\xfe\xab\x8d]\xba\xd2M\x02\xc1?=\xe9\x17\xd3aO\xb0\xc7\xa3\xce1c\x08G\x17 )\xce\xc88\x8b\xc2'
2021-01-11 06:04:00,318 cmd send x : 1
2021-01-11 06:04:00,323 prompt
2021-01-11 06:04:00,324 check resp :: cmd : b'\xfe\xab\x8d]\xba\xd2M\x02\xc1?=\xe9\x17\xd3aO\xb0\xc7\xa3\xce1c\x08G\x17 )\xce\xc88\x8b\xc2'
2021-01-11 06:04:00,324 index : 0 :: resp : b'\xfe\xab\x8d]\xba\xd2M\x02\xc1?=\xe9\x17\xd3aO\xb0\xc7\xa3\xce1c\x08G\x17 )\xce\xc88\x8b\xc2'
2021-01-11 06:04:00,324 index : 1 :: resp : b"i\x10$;\xb9\xcd\xe6oc)\xea\xfd\xac\x06oXF\xdb\xd7Lo\xa6\x1b\xfbt\xfc\xed\x96\xd9\xf1\x1c\xd8\xa7b\x96\xfc\x99\xb2\xb2(\x05\\\xe6>s\xf5\xf9\xb3\xa6\xf3\xcf\x98\xdcEz\x15\xc5?\xda\x9f\x1f'\xd9\x01"
2021-01-11 06:04:00,324 check resp exit
2021-01-11 06:04:00,385 timeout
2021-01-11 06:04:00,385 b'\x18\xfeh\xaehI\xcf$\xd9Dp\x9f\xa4\x8fL\x84\xc1x\xb6!D\xae@\xeb[s>=\x8b+\xc1\xd8'
2021-01-11 06:04:00,385 cmd send x : 1
2021-01-11 06:04:00,391 prompt
2021-01-11 06:04:00,391 check resp :: cmd : b'\x18\xfeh\xaehI\xcf$\xd9Dp\x9f\xa4\x8fL\x84\xc1x\xb6!D\xae@\xeb[s>=\x8b+\xc1\xd8'
2021-01-11 06:04:00,392 index : 0 :: resp : b'\x18\xfeh\xaehI\xcf$\xd9Dp\x9f\xa4\x8fL\x84\xc1x\xb6!D\xae@\xeb[s>=\x8b+\xc1\xd8'
2021-01-11 06:04:00,392 index : 1 :: resp : b"i\x10$;\xb9\xcd\xe6oc)\xea\xfd\xac\x06oXF\xdb\xd7Lo\xa6\x1b\xfbt\xfc\xed\x96\xd9\xf1\x1c\xd8\xa7b\x96\xfc\x99\xb2\xb2(\x05\\\xe6>s\xf5\xf9\xb3\xa6\xf3\xcf\x98\xdcEz\x15\xc5?\xda\x9f\x1f'\xd9\x01"
2021-01-11 06:04:00,392 check resp exit
2021-01-11 06:04:00,452 timeout
2021-01-11 06:04:00,453 b"\xe8F[\xf6\x12\xc2C\xa6~)\xef'\xd3\xe6\xbdN\xc1x\xb6!D\xae@\xeb[s>=\x8b+\xc1\xd8"
2021-01-11 06:04:00,453 cmd send x : 1
2021-01-11 06:04:00,459 prompt
2021-01-11 06:04:00,459 check resp :: cmd : b"\xe8F[\xf6\x12\xc2C\xa6~)\xef'\xd3\xe6\xbdN\xc1x\xb6!D\xae@\xeb[s>=\x8b+\xc1\xd8"
2021-01-11 06:04:00,459 index : 0 :: resp : b"\xe8F[\xf6\x12\xc2C\xa6~)\xef'\xd3\xe6\xbdN\xc1x\xb6!D\xae@\xeb[s>=\x8b+\xc1\xd8"
2021-01-11 06:04:00,460 index : 1 :: resp : b"i\x10$;\xb9\xcd\xe6oc)\xea\xfd\xac\x06oXF\xdb\xd7Lo\xa6\x1b\xfbt\xfc\xed\x96\xd9\xf1\x1c\xd8\xa7b\x96\xfc\x99\xb2\xb2(\x05\\\xe6>s\xf5\xf9\xb3\xa6\xf3\xcf\x98\xdcEz\x15\xc5?\xda\x9f\x1f'\xd9\x01"
2021-01-11 06:04:00,460 check resp exit
2021-01-11 06:04:00,513 timeout
2021-01-11 06:04:00,513 cmd : b'i\x10$;\xb9\xcd\xe6oc)\xea\xfd\xac\x06oX}\xda<\xc3\xc1Zb\xac\xe4.}\xdf\xc7b\xd5oS\xa31U3\x1d\x15\x18\x8d\x17\xd1]\x93\x88I\xc5\xc1\xf8\xc0\xdd\xaa.\x0e\xe8\xc5hD\n\xc7]\xea\x0f'
2021-01-11 06:04:00,514 b'i\x10$;\xb9\xcd\xe6oc)\xea\xfd\xac\x06oX}\xda<\xc3\xc1Zb\xac\xe4.}\xdf\xc7b\xd5oS\xa31U3\x1d\x15\x18\x8d\x17\xd1]\x93\x88I\xc5\xc1\xf8\xc0\xdd\xaa.\x0e\xe8\xc5hD\n\xc7]\xea\x0f'
2021-01-11 06:04:00,514 cmd send x : 1
2021-01-11 06:04:00,519 prompt
2021-01-11 06:04:00,519 check resp :: cmd : b'i\x10$;\xb9\xcd\xe6oc)\xea\xfd\xac\x06oX}\xda<\xc3\xc1Zb\xac\xe4.}\xdf\xc7b\xd5oS\xa31U3\x1d\x15\x18\x8d\x17\xd1]\x93\x88I\xc5\xc1\xf8\xc0\xdd\xaa.\x0e\xe8\xc5hD\n\xc7]\xea\x0f'
2021-01-11 06:04:00,519 index : 0 :: resp : b'i\x10$;\xb9\xcd\xe6oc)\xea\xfd\xac\x06oX\xd4\x08\xdb\x85\x18\xb8\xd3&\n\x88\xd5\x10\x8b\x1bE\x86\xf3\xc6\xe02\xeb\xd6\x1f\x14i\xcd\x07\xe2\x99it\x958\x94\x80I\x8f\x0c\x90\x8c\x94:\xe8\x82\x8e.\x02\xf7'
2021-01-11 06:04:00,519 index : 1 :: resp : b''
2021-01-11 06:04:00,520 index : 2 :: resp : b'i\x10$;\xb9\xcd\xe6oc)\xea\xfd\xac\x06oXs\xf8\xbf\xaeaSw~\xcbQ\xe3\n\x81\xffl\x01P\xa29gJS\xbc\xc9\xc7g"\xebNE\xd8@y\xc5\xc6S\x1e^&\xcdp\xf23\x00\xfe+\xd8\xc3s\x02\x9b\x98\xe3\xf1=PH\xb5,Z;\xf6\x08}GX3>\xd86\x01\x8e\xe5\x0e\'\x0b\x12\x87v:'
2021-01-11 06:04:00,520 index : 3 :: resp : b'i\x10$;\xb9\xcd\xe6oc)\xea\xfd\xac\x06oX\xd2\xe4\xd88r\x8a\x1a\xdb\xccX\x15\x80\xac\xb6&\x16\xbf\x07\xdb \xab\rk\xa1\x0f\xfa\xbd\xfd\xc2\xb8\x8f\xcef\xb8\xc3|\xce\x07o\xb0W\x07Z\\|\xe5\x10\xfa'
2021-01-11 06:04:00,520 index : 4 :: resp : b"i\x10$;\xb9\xcd\xe6oc)\xea\xfd\xac\x06oXF\xdb\xd7Lo\xa6\x1b\xfbt\xfc\xed\x96\xd9\xf1\x1c\xd8C>'\xcd\x13\x88\xb0\xcf@\xa6\x99\xda\xfb\xe5R{\xa6\xf3\xcf\x98\xdcEz\x15\xc5?\xda\x9f\x1f'\xd9\x01"
2021-01-11 06:04:00,520 check resp exit
2021-01-11 06:04:00,521 node1 :: lat:0.000000 long:0.000000
2021-01-11 06:04:00,581 timeout
2021-01-11 06:04:00,582 cmd : b'i\x10$;\xb9\xcd\xe6oc)\xea\xfd\xac\x06oX}\xda<\xc3\xc1Zb\xac\xe4.}\xdf\xc7b\xd5oS\xa31U3\x1d\x15\x18\x8d\x17\xd1]\x93\x88I\xc5\xc1\xf8\xc0\xdd\xaa.\x0e\xe8\xc5hD\n\xc7]\xea\x0f'
2021-01-11 06:04:00,582 b'i\x10$;\xb9\xcd\xe6oc)\xea\xfd\xac\x06oX}\xda<\xc3\xc1Zb\xac\xe4.}\xdf\xc7b\xd5oS\xa31U3\x1d\x15\x18\x8d\x17\xd1]\x93\x88I\xc5\xc1\xf8\xc0\xdd\xaa.\x0e\xe8\xc5hD\n\xc7]\xea\x0f'
2021-01-11 06:04:00,582 cmd send x : 1
2021-01-11 06:04:00,587 prompt
2021-01-11 06:04:00,587 check resp :: cmd : b'i\x10$;\xb9\xcd\xe6oc)\xea\xfd\xac\x06oX}\xda<\xc3\xc1Zb\xac\xe4.}\xdf\xc7b\xd5oS\xa31U3\x1d\x15\x18\x8d\x17\xd1]\x93\x88I\xc5\xc1\xf8\xc0\xdd\xaa.\x0e\xe8\xc5hD\n\xc7]\xea\x0f'
2021-01-11 06:04:00,588 index : 0 :: resp : b'i\x10$;\xb9\xcd\xe6oc)\xea\xfd\xac\x06oX\xd4\x08\xdb\x85\x18\xb8\xd3&\n\x88\xd5\x10\x8b\x1bE\x86\xf3\xc6\xe02\xeb\xd6\x1f\x14i\xcd\x07\xe2\x99it\x958\x94\x80I\x8f\x0c\x90\x8c\x94:\xe8\x82\x8e.\x02\xf7'
2021-01-11 06:04:00,588 index : 1 :: resp : b''
2021-01-11 06:04:00,588 index : 2 :: resp : b'\x89\x85\xf6C7\xbc1\xf7\xe1 \x0b\x87{\xa1\xfc\xf1u\x9c\x08\xdaX}Q\x85\xd5\x8f\x7f\x13\x98c\xfaY\x12+O\x83e^\x1e ZN\xf5\xa20\xf6X\x0e\x13G\x99\xd5(\x86h\x08Z\xb9\x12x\x94\x1e,p\xd1\x1a*fQ\xa2\xd8\xd3u\xf8.;}5(7<\x08\xc2^N\xd2\xb8\xf1\x14\xc9N\xe5e\xe14\xa0'
2021-01-11 06:04:00,588 index : 3 :: resp : b'i\x10$;\xb9\xcd\xe6oc)\xea\xfd\xac\x06oX\xd2\xe4\xd88r\x8a\x1a\xdb\xccX\x15\x80\xac\xb6&\x16\xbf\x07\xdb \xab\rk\xa1\x0f\xfa\xbd\xfd\xc2\xb8\x8f\xcef\xb8\xc3|\xce\x07o\xb0W\x07Z\\|\xe5\x10\xfa'
2021-01-11 06:04:00,588 index : 4 :: resp : b"i\x10$;\xb9\xcd\xe6oc)\xea\xfd\xac\x06oXF\xdb\xd7Lo\xa6\x1b\xfbt\xfc\xed\x96\xd9\xf1\x1c\xd8\xa7b\x96\xfc\x99\xb2\xb2(\x05\\\xe6>s\xf5\xf9\xb3\xa6\xf3\xcf\x98\xdcEz\x15\xc5?\xda\x9f\x1f'\xd9\x01"
2021-01-11 06:04:00,588 check resp exit
2021-01-11 06:04:00,589 node2 :: lat:55.833645 long:-72.323807
2021-01-11 06:04:00,589 Wrote GPS information to: Results/sweep_20210111_0603/gps_info.csv
2021-01-11 06:04:00,589 

Beam sweep starting...
2021-01-11 06:04:00,643 timeout
2021-01-11 06:04:00,643 cmd : b'i\x10$;\xb9\xcd\xe6oc)\xea\xfd\xac\x06oXH\xcf\xb7j\xaa\x1c0\xb4$\rH\x9b\xc5x\x80X\xa6\xe8\x12]\xa0\xc0rSMT\xf2\x8e_(_W\xf9\xd1Z\x93\x98\x025Z\xe8\x173\r\xf9\x9e\t\xc8'
2021-01-11 06:04:00,643 b'i\x10$;\xb9\xcd\xe6oc)\xea\xfd\xac\x06oXH\xcf\xb7j\xaa\x1c0\xb4$\rH\x9b\xc5x\x80X\xa6\xe8\x12]\xa0\xc0rSMT\xf2\x8e_(_W\xf9\xd1Z\x93\x98\x025Z\xe8\x173\r\xf9\x9e\t\xc8'
2021-01-11 06:04:00,644 cmd send x : 1
2021-01-11 06:04:00,646 prompt
2021-01-11 06:04:00,646 check resp :: cmd : b'i\x10$;\xb9\xcd\xe6oc)\xea\xfd\xac\x06oXH\xcf\xb7j\xaa\x1c0\xb4$\rH\x9b\xc5x\x80X\xa6\xe8\x12]\xa0\xc0rSMT\xf2\x8e_(_W\xf9\xd1Z\x93\x98\x025Z\xe8\x173\r\xf9\x9e\t\xc8'
2021-01-11 06:04:00,647 index : 0 :: resp : b'i\x10$;\xb9\xcd\xe6oc)\xea\xfd\xac\x06oX}\xdf\x14N\r]\x1b\xed\x90S\xe7va\x12\xb6\xdc\xc5]1\xa9UQ\x89\x02\xb9\x84\xf1\x14a\x02\xa0\xa3\x1bG\xa4\xd2\xae\xdb\xfccu\x01>\xddF\xea\xd0\x9a'
2021-01-11 06:04:00,647 index : 1 :: resp : b'i\x10$;\xb9\xcd\xe6oc)\xea\xfd\xac\x06oX\\H\x8a\x1b\x82+\xe6\xf1J\x99T/\x8b\xbe\x04\xf2'
2021-01-11 06:04:00,647 index : 2 :: resp : b"i\x10$;\xb9\xcd\xe6oc)\xea\xfd\xac\x06oXF\xdb\xd7Lo\xa6\x1b\xfbt\xfc\xed\x96\xd9\xf1\x1c\xd8C>'\xcd\x13\x88\xb0\xcf@\xa6\x99\xda\xfb\xe5R{\xa6\xf3\xcf\x98\xdcEz\x15\xc5?\xda\x9f\x1f'\xd9\x01"
2021-01-11 06:04:00,647 check resp exit
2021-01-11 06:04:00,708 timeout
2021-01-11 06:04:00,708 cmd : b'\x109\x9a\xa0\x83\xa7\xbb\xe9\xe9\xf3T\xb7w\xda\xbf\xe1\xfb\xd2\xab\x84_)~kc\xa9\x9fO)\x93i@'
2021-01-11 06:04:00,708 b'\x109\x9a\xa0\x83\xa7\xbb\xe9\xe9\xf3T\xb7w\xda\xbf\xe1\xfb\xd2\xab\x84_)~kc\xa9\x9fO)\x93i@'
2021-01-11 06:04:00,708 cmd send x : 1
2021-01-11 06:04:00,758 prompt
2021-01-11 06:04:00,758 check resp :: cmd : b'\x109\x9a\xa0\x83\xa7\xbb\xe9\xe9\xf3T\xb7w\xda\xbf\xe1\xfb\xd2\xab\x84_)~kc\xa9\x9fO)\x93i@'
2021-01-11 06:04:00,758 index : 0 :: resp : b'\x109\x9a\xa0\x83\xa7\xbb\xe9\xe9\xf3T\xb7w\xda\xbf\xe1\xfb\xd2\xab\x84_)~kc\xa9\x9fO)\x93i@'
2021-01-11 06:04:00,759 index : 1 :: resp : b'\xa2B\xb3\xf3\x82~}<UW\xf0\xed\xca\x8b:\xb8\xb3\t\xc5\x9f\x14<\xdc\xb3\xc5\xb3;?o\xf8\\r\xb6\xa7\x08B\xcf\xce;\xd2\xe5SH\xcf\x88\xc0\xee\xe7\xe1s\x0e\xc9\x1c\xef\xdeU\x92\xe3\xc8\x02\xb3I(wx#s@D\xa0:+BS;\xb9}\xcf\xa6\xc3\x06\xfa\xcf\x07\x0c\xc8\x0b*\xb2,\xe7I\x82C\x131'
2021-01-11 06:04:00,759 index : 2 :: resp : b'+~\xc4\xe4\x01\x91\x17\xfej\x96O\xfe \xf6\xcd[\x9e\x1efH\xcb,\x84$E\x1a\xf7B\xcc}\x93y\xecy\xac\xealb\xd5n\xa1\xd3\xc6\x90<\xf34\xa5\x1f\xffk\xeb\xe3\x86\x10\xb5d\xf3\xa0\xbe\xbeRai\xd2\x10\x93\xe7\xd5\xa9\xc0rL\x04\xba\xa6\x17_\xaa\x1a\x88j \xe3\xce\x93\xad\x1c\x92\xe4)M\xfd@\xf8\xb1\x94p*\xf1?\xff3{TvF\x009\'A3\xf6\x81c"\x1c\xf1\xab\xbd\xc2\xe1w\xd6i\xba\x15\x01'
2021-01-11 06:04:00,759 index : 3 :: resp : b'i\x10$;\xb9\xcd\xe6oc)\xea\xfd\xac\x06oX\xae\x974\x82J0\x19}U\x88\xea\xca\xd6\x05\x064\x87\xb2\x15\xcf\xe4g\xa1\x9e\x9a`c\x88\x1b[\xb0\xb5T\xae\xfc\xf7\xe3\xa8\x920V\xe2\xe1e\xebD\xaeYop\x03\x9a2\xa1\x05\xd4\x98T\xb3\xe0\xd1\xaa\xedXWp\xb0\x96\x1dj\xfb\xf1\xa6P\x0e~\xceM\x97\xf9'
2021-01-11 06:04:00,759 index : 4 :: resp : b"i\x10$;\xb9\xcd\xe6oc)\xea\xfd\xac\x06oXF\xdb\xd7Lo\xa6\x1b\xfbt\xfc\xed\x96\xd9\xf1\x1c\xd8C>'\xcd\x13\x88\xb0\xcf@\xa6\x99\xda\xfb\xe5R{\xa6\xf3\xcf\x98\xdcEz\x15\xc5?\xda\x9f\x1f'\xd9\x01"
2021-01-11 06:04:00,759 check resp exit
2021-01-11 06:04:00,759 node1 pkteng process id: 30796
2021-01-11 06:04:00,820 timeout
2021-01-11 06:04:00,820 cmd : b'\xae\xff\xe2\x1b<\xcb\x8cl\xf96\xe0\x086zs\x0e\xe9O\x0cXQU\x81=\x06\xc6V\x8f\x1c\xdc\xc8\xaf'
2021-01-11 06:04:00,821 b'\xae\xff\xe2\x1b<\xcb\x8cl\xf96\xe0\x086zs\x0e\xe9O\x0cXQU\x81=\x06\xc6V\x8f\x1c\xdc\xc8\xaf'
2021-01-11 06:04:00,821 cmd send x : 1
2021-01-11 06:04:01,033 prompt
2021-01-11 06:04:01,034 check resp :: cmd : b'\xae\xff\xe2\x1b<\xcb\x8cl\xf96\xe0\x086zs\x0e\xe9O\x0cXQU\x81=\x06\xc6V\x8f\x1c\xdc\xc8\xaf'
2021-01-11 06:04:01,034 index : 0 :: resp : b'\xae\xff\xe2\x1b<\xcb\x8cl\xf96\xe0\x086zs\x0e\xe9O\x0cXQU\x81=\x06\xc6V\x8f\x1c\xdc\xc8\xaf'
2021-01-11 06:04:01,034 index : 1 :: resp : b"l\x94\x0c\xee\xa2\x90\xd9;\xa6\xd5\x01\xc2\xcd\x8f\x9b\xf1hMv\xe5\xe3\x9e\xbd\x057:\\\xa8\xb5u\xee\xda\xe3\xb7\xcf{\xf1'te4\xd1,\xf5'\x1b\xe2\x83\xecQs\x12\x1e\xf9d,[\xfd\xb6\x13\xa0\xe7\xb3\xb8"
2021-01-11 06:04:01,034 index : 2 :: resp : b'\xb0$\n\xfa62=\xcc\xdcl\x81\xac\x8fnsv\x19\x995\xde\xe8\xcas\x88\xe6\xfb9\x0f\xa2\x8d\xc5\xd6'
2021-01-11 06:04:01,035 index : 3 :: resp : b"i\x10$;\xb9\xcd\xe6oc)\xea\xfd\xac\x06oXF\xdb\xd7Lo\xa6\x1b\xfbt\xfc\xed\x96\xd9\xf1\x1c\xd8\xa7b\x96\xfc\x99\xb2\xb2(\x05\\\xe6>s\xf5\xf9\xb3\xa6\xf3\xcf\x98\xdcEz\x15\xc5?\xda\x9f\x1f'\xd9\x01"
2021-01-11 06:04:01,035 check resp exit
2021-01-11 06:04:01,035 Internal Tx gain index mapping 25->6
2021-01-11 06:04:01,091 timeout
2021-01-11 06:04:01,092 b'F\xe9\xd95\x92<N\x85\x91h\xa5J\xac\xfe&koG\x1fcS\xd7\xac\xca\xc7%\xcfS\xaai\xca\x13'
2021-01-11 06:04:01,092 cmd send x : 1
2021-01-11 06:04:01,098 prompt
2021-01-11 06:04:01,098 check resp :: cmd : b'F\xe9\xd95\x92<N\x85\x91h\xa5J\xac\xfe&koG\x1fcS\xd7\xac\xca\xc7%\xcfS\xaai\xca\x13'
2021-01-11 06:04:01,099 index : 0 :: resp : b'F\xe9\xd95\x92<N\x85\x91h\xa5J\xac\xfe&koG\x1fcS\xd7\xac\xca\xc7%\xcfS\xaai\xca\x13'
2021-01-11 06:04:01,099 index : 1 :: resp : b"i\x10$;\xb9\xcd\xe6oc)\xea\xfd\xac\x06oXF\xdb\xd7Lo\xa6\x1b\xfbt\xfc\xed\x96\xd9\xf1\x1c\xd8C>'\xcd\x13\x88\xb0\xcf@\xa6\x99\xda\xfb\xe5R{\xa6\xf3\xcf\x98\xdcEz\x15\xc5?\xda\x9f\x1f'\xd9\x01"
2021-01-11 06:04:01,099 check resp exit
2021-01-11 06:04:01,160 timeout
2021-01-11 06:04:01,160 b'ef|1E\x14\xb2\x06 \x19;-\xed\xd2P\x130\xa8k_Pd\xb5\xd7_#\x8c\r2\x1c\xa9\xf5'
2021-01-11 06:04:01,160 cmd send x : 1
2021-01-11 06:04:01,166 prompt
2021-01-11 06:04:01,166 check resp :: cmd : b'ef|1E\x14\xb2\x06 \x19;-\xed\xd2P\x130\xa8k_Pd\xb5\xd7_#\x8c\r2\x1c\xa9\xf5'
2021-01-11 06:04:01,167 index : 0 :: resp : b'ef|1E\x14\xb2\x06 \x19;-\xed\xd2P\x130\xa8k_Pd\xb5\xd7_#\x8c\r2\x1c\xa9\xf5'
2021-01-11 06:04:01,167 index : 1 :: resp : b"i\x10$;\xb9\xcd\xe6oc)\xea\xfd\xac\x06oXF\xdb\xd7Lo\xa6\x1b\xfbt\xfc\xed\x96\xd9\xf1\x1c\xd8C>'\xcd\x13\x88\xb0\xcf@\xa6\x99\xda\xfb\xe5R{\xa6\xf3\xcf\x98\xdcEz\x15\xc5?\xda\x9f\x1f'\xd9\x01"
2021-01-11 06:04:01,167 check resp exit
2021-01-11 06:04:01,228 timeout
2021-01-11 06:04:01,228 b'\xfe\xab\x8d]\xba\xd2M\x02\xc1?=\xe9\x17\xd3aO\xb0\xc7\xa3\xce1c\x08G\x17 )\xce\xc88\x8b\xc2'
2021-01-11 06:04:01,228 cmd send x : 1
2021-01-11 06:04:01,234 prompt
2021-01-11 06:04:01,234 check resp :: cmd : b'\xfe\xab\x8d]\xba\xd2M\x02\xc1?=\xe9\x17\xd3aO\xb0\xc7\xa3\xce1c\x08G\x17 )\xce\xc88\x8b\xc2'
2021-01-11 06:04:01,234 index : 0 :: resp : b'\xfe\xab\x8d]\xba\xd2M\x02\xc1?=\xe9\x17\xd3aO\xb0\xc7\xa3\xce1c\x08G\x17 )\xce\xc88\x8b\xc2'
2021-01-11 06:04:01,235 index : 1 :: resp : b"i\x10$;\xb9\xcd\xe6oc)\xea\xfd\xac\x06oXF\xdb\xd7Lo\xa6\x1b\xfbt\xfc\xed\x96\xd9\xf1\x1c\xd8C>'\xcd\x13\x88\xb0\xcf@\xa6\x99\xda\xfb\xe5R{\xa6\xf3\xcf\x98\xdcEz\x15\xc5?\xda\x9f\x1f'\xd9\x01"
2021-01-11 06:04:01,235 check resp exit
2021-01-11 06:04:01,295 timeout
2021-01-11 06:04:01,296 b'F\xe9\xd95\x92<N\x85\x91h\xa5J\xac\xfe&koG\x1fcS\xd7\xac\xca\xc7%\xcfS\xaai\xca\x13'
2021-01-11 06:04:01,296 cmd send x : 1
2021-01-11 06:04:01,301 prompt
2021-01-11 06:04:01,302 check resp :: cmd : b'F\xe9\xd95\x92<N\x85\x91h\xa5J\xac\xfe&koG\x1fcS\xd7\xac\xca\xc7%\xcfS\xaai\xca\x13'
2021-01-11 06:04:01,302 index : 0 :: resp : b'F\xe9\xd95\x92<N\x85\x91h\xa5J\xac\xfe&koG\x1fcS\xd7\xac\xca\xc7%\xcfS\xaai\xca\x13'
2021-01-11 06:04:01,302 index : 1 :: resp : b"i\x10$;\xb9\xcd\xe6oc)\xea\xfd\xac\x06oXF\xdb\xd7Lo\xa6\x1b\xfbt\xfc\xed\x96\xd9\xf1\x1c\xd8C>'\xcd\x13\x88\xb0\xcf@\xa6\x99\xda\xfb\xe5R{\xa6\xf3\xcf\x98\xdcEz\x15\xc5?\xda\x9f\x1f'\xd9\x01"
2021-01-11 06:04:01,302 check resp exit
2021-01-11 06:04:01,363 timeout
2021-01-11 06:04:01,363 b'\xfe\xab\x8d]\xba\xd2M\x02\xc1?=\xe9\x17\xd3aO\xd0\x90\xf8\xc44\x12\x15\xc1\xac\xe8\x17\xb0\xb2q\xa4\xfa'
2021-01-11 06:04:01,364 cmd send x : 1
2021-01-11 06:04:01,369 prompt
2021-01-11 06:04:01,369 check resp :: cmd : b'\xfe\xab\x8d]\xba\xd2M\x02\xc1?=\xe9\x17\xd3aO\xd0\x90\xf8\xc44\x12\x15\xc1\xac\xe8\x17\xb0\xb2q\xa4\xfa'
2021-01-11 06:04:01,370 index : 0 :: resp : b'\xfe\xab\x8d]\xba\xd2M\x02\xc1?=\xe9\x17\xd3aO\xd0\x90\xf8\xc44\x12\x15\xc1\xac\xe8\x17\xb0\xb2q\xa4\xfa'
2021-01-11 06:04:01,370 index : 1 :: resp : b"i\x10$;\xb9\xcd\xe6oc)\xea\xfd\xac\x06oXF\xdb\xd7Lo\xa6\x1b\xfbt\xfc\xed\x96\xd9\xf1\x1c\xd8C>'\xcd\x13\x88\xb0\xcf@\xa6\x99\xda\xfb\xe5R{\xa6\xf3\xcf\x98\xdcEz\x15\xc5?\xda\x9f\x1f'\xd9\x01"
2021-01-11 06:04:01,370 check resp exit
2021-01-11 06:04:01,431 timeout
2021-01-11 06:04:01,431 b'\xfe\xab\x8d]\xba\xd2M\x02\xc1?=\xe9\x17\xd3aO\xb0\xc7\xa3\xce1c\x08G\x17 )\xce\xc88\x8b\xc2'
2021-01-11 06:04:01,431 cmd send x : 1
2021-01-11 06:04:01,437 prompt
2021-01-11 06:04:01,437 check resp :: cmd : b'\xfe\xab\x8d]\xba\xd2M\x02\xc1?=\xe9\x17\xd3aO\xb0\xc7\xa3\xce1c\x08G\x17 )\xce\xc88\x8b\xc2'
2021-01-11 06:04:01,437 index : 0 :: resp : b'\xfe\xab\x8d]\xba\xd2M\x02\xc1?=\xe9\x17\xd3aO\xb0\xc7\xa3\xce1c\x08G\x17 )\xce\xc88\x8b\xc2'
2021-01-11 06:04:01,438 index : 1 :: resp : b"i\x10$;\xb9\xcd\xe6oc)\xea\xfd\xac\x06oXF\xdb\xd7Lo\xa6\x1b\xfbt\xfc\xed\x96\xd9\xf1\x1c\xd8C>'\xcd\x13\x88\xb0\xcf@\xa6\x99\xda\xfb\xe5R{\xa6\xf3\xcf\x98\xdcEz\x15\xc5?\xda\x9f\x1f'\xd9\x01"
2021-01-11 06:04:01,438 check resp exit
2021-01-11 06:04:01,498 timeout
2021-01-11 06:04:01,499 b'ef|1E\x14\xb2\x06 \x19;-\xed\xd2P\x13W\xfb\xff)\xb2\xd6\x02\xc1Y\x99\x04\xb3\x03{\x8a\xc5'
2021-01-11 06:04:01,499 query send : 1
2021-01-11 06:04:01,504 prompt
2021-01-11 06:04:01,505 got response: b'%;\xfbG\xb9%\xed/(\xef"\x11LC\xbd\x19\xd1\xfe\xa3V\xbc\xc2\xe1\xf1YC\x06\xa5\xc9d\x83\x05Sk\xbf6\x17/\xc4u\'%Q\xad%/wLsp*R\xc4\x86O\xe8\xef\xdc\xdc`U&\x0c\xeae9\xab\xca\x9b$T\xb8>\x9a\xd7w\xea\'dl\xf1\x9a3\xdb\x8a\xf2Ga*\xd91a\x1f,BI'
2021-01-11 06:04:01,505 check resp :: cmd : b'ef|1E\x14\xb2\x06 \x19;-\xed\xd2P\x13W\xfb\xff)\xb2\xd6\x02\xc1Y\x99\x04\xb3\x03{\x8a\xc5'
2021-01-11 06:04:01,505 index : 0 :: resp : b'ef|1E\x14\xb2\x06 \x19;-\xed\xd2P\x13W\xfb\xff)\xb2\xd6\x02\xc1Y\x99\x04\xb3\x03{\x8a\xc5'
2021-01-11 06:04:01,505 index : 1 :: resp : b'i\x10$;\xb9\xcd\xe6oc)\xea\xfd\xac\x06oXG$\xd8\xb8\xafi\xceZa\xdc\xda*1\xd6o\xdd'
2021-01-11 06:04:01,505 index : 2 :: resp : b"i\x10$;\xb9\xcd\xe6oc)\xea\xfd\xac\x06oXF\xdb\xd7Lo\xa6\x1b\xfbt\xfc\xed\x96\xd9\xf1\x1c\xd8C>'\xcd\x13\x88\xb0\xcf@\xa6\x99\xda\xfb\xe5R{\xa6\xf3\xcf\x98\xdcEz\x15\xc5?\xda\x9f\x1f'\xd9\x01"
2021-01-11 06:04:01,505 check resp exit
2021-01-11 06:04:01,566 timeout
2021-01-11 06:04:01,566 b'ef|1E\x14\xb2\x06 \x19;-\xed\xd2P\x13W\xfb\xff)\xb2\xd6\x02\xc1Y\x99\x04\xb3\x03{\x8a\xc5'
2021-01-11 06:04:01,567 query send : 1
2021-01-11 06:04:01,572 prompt
2021-01-11 06:04:01,573 got response: b'%;\xfbG\xb9%\xed/(\xef"\x11LC\xbd\x19\xd1\xfe\xa3V\xbc\xc2\xe1\xf1YC\x06\xa5\xc9d\x83\x05Sk\xbf6\x17/\xc4u\'%Q\xad%/wLg]E\x070\xb5\xc9l\xfe\'\x07&\xd5\xd4\x1d\xa1\xc5\x88W\x95NVHn\x1c\xac\'j\xe7\xe5\x19\xab\xf1\x9a3\xdb\x8a\xf2Ga*\xd91a\x1f,BI'
2021-01-11 06:04:01,573 check resp :: cmd : b'ef|1E\x14\xb2\x06 \x19;-\xed\xd2P\x13W\xfb\xff)\xb2\xd6\x02\xc1Y\x99\x04\xb3\x03{\x8a\xc5'
2021-01-11 06:04:01,573 index : 0 :: resp : b'ef|1E\x14\xb2\x06 \x19;-\xed\xd2P\x13W\xfb\xff)\xb2\xd6\x02\xc1Y\x99\x04\xb3\x03{\x8a\xc5'
2021-01-11 06:04:01,573 index : 1 :: resp : b'i\x10$;\xb9\xcd\xe6oc)\xea\xfd\xac\x06oXG$\xd8\xb8\xafi\xceZa\xdc\xda*1\xd6o\xdd'
2021-01-11 06:04:01,573 index : 2 :: resp : b"i\x10$;\xb9\xcd\xe6oc)\xea\xfd\xac\x06oXF\xdb\xd7Lo\xa6\x1b\xfbt\xfc\xed\x96\xd9\xf1\x1c\xd8\xa7b\x96\xfc\x99\xb2\xb2(\x05\\\xe6>s\xf5\xf9\xb3\xa6\xf3\xcf\x98\xdcEz\x15\xc5?\xda\x9f\x1f'\xd9\x01"
2021-01-11 06:04:01,573 check resp exit
2021-01-11 06:04:01,574 Tx Temp: 51 
2021-01-11 06:04:01,574 Rx Temp: 51 
2021-01-11 06:04:01,634 timeout
2021-01-11 06:04:01,635 cmd : b']\xe4F\x93\x91\xd0\x1e\xac!M\xc8\xfb\xe6\x8e\x1bE(\xc1\xd5.\xecO\xbf\xc7\xff\xe4\xdc9\xcb\xd8S\xa7'
2021-01-11 06:04:01,635 b']\xe4F\x93\x91\xd0\x1e\xac!M\xc8\xfb\xe6\x8e\x1bE(\xc1\xd5.\xecO\xbf\xc7\xff\xe4\xdc9\xcb\xd8S\xa7'
2021-01-11 06:04:01,635 cmd send x : 1
2021-01-11 06:04:01,749 prompt
2021-01-11 06:04:01,749 check resp :: cmd : b']\xe4F\x93\x91\xd0\x1e\xac!M\xc8\xfb\xe6\x8e\x1bE(\xc1\xd5.\xecO\xbf\xc7\xff\xe4\xdc9\xcb\xd8S\xa7'
2021-01-11 06:04:01,749 index : 0 :: resp : b']\xe4F\x93\x91\xd0\x1e\xac!M\xc8\xfb\xe6\x8e\x1bE(\xc1\xd5.\xecO\xbf\xc7\xff\xe4\xdc9\xcb\xd8S\xa7'
2021-01-11 06:04:01,749 index : 1 :: resp : b'i\x10$;\xb9\xcd\xe6oc)\xea\xfd\xac\x06oX\xeac;\x94Y0\xea\xac\x9c\xe9AA\x949\x92\x07\x94\xfe3\xeb\xcbCwP\xfa\x00.\x8eTe\xdf\x99\x16K:\xd8\x9fhK\t\xa4\xfe\x19\xd8\xd6-\xcc\xcfK\xad\xd6\x1f\x0b\x04j\xf8\xae\xc9\xb5\xc2j]\x1e\xad\x12\x17\x8dW\xc53F\x8f 7\xc4\xb2\xf8N\xb1{\x19\x9d\xd6\xc7K\x07\x82p\xed\xfeA\xcd\xee^\xb5\xe5\xd8\x93\x14\xeb-\x19\xf3!\x82w\xde\x04\x8at&\xf3m\xc8\x81\xebf\xce\xbb\x81\x9d\xa5C\xdbr\xb7[\xd7\xca\x14d\x12\x87O\x03\x82F`"\'j\xef\x08\x07\xbaa5#\x1a^\xff\xd8\x85\x85\x00\xee\xf7\xc5\xd1O9:\t\xa0\x14\xc6\xa6\xc4\xbdGn\x88\xa6 \xdb\x88Ls\xb8\xb1\xe2\xb5\x89\x0c\xc6\xda\x1b#h<\x1b~\xc3\xb2\x82;\xa2dcF\xfc\x1a,\x11\xdc\xed+\x0eQ\xcaF\xa3c\xf2\x8d\x8d\xc4\xc4\x19\\Y\xb5\x11\x1e\x8c$\xf8\xb0\x84\x11\xd9\xca%\x1c\xbf\xdc\xc8\xfbh\xd1^\xac~\xfa\x96\xa1\xe1(\xb7\xa0\xad\xd8,V[\xa4\xe3\xb7\xa6\xce\xde\xa2"\x00"l%F\x8e\xb7\xe1\xc3+I^\xbc\xe4\xc3j\xdc\xc9c\xdcX\'\x0en\xc5\xfc\x8aw\xf4\xe6\n\x03x~\xeb\xdc\xeby\x89\x0fN;T\xbe\nCrO\xd6o\xb4/x\xf5\xc6\x18\'\x1d\xae(`\x1a\x90\xc2\xd45c#\x8f\xe1\xa2S\xcd\x98H\xb6\xdaSjGvt\x18\xd0Y\x0f\xeeb9\x94\x9f8\x03\xd4(\xc7\x12\x9f\'\x95\xaaa\xcf\x08g\xe6\x1bY\xfb\x1b\xebc\x1f\xee\x0f\xe9\x82k$m\xbf~)l"\xb2\x9d*\x1f\xb6\xa5>P*c\x82Po382\xf1$\xbf\x14\xbe\xfa\xd8\x84\x0e\xd4\xb5k\x92\xa4F|\'\xdd\xb1J\xcc 3;1o\xa5\xd5\x86\x08\xba\xa0\xce.!\x03wC\xdd\xfab\xdb\x12O\xc8L\xdb\x84O\xbaS\x01\xf3E\xf7\xa0\xa05\xce-\x97\x19\x9eBN?A\xb8\xd3\x08@\xfd\xee\x8d\xc9\xb4R\xd3\xe6\xca5c\xcd\x97?w\x12\xcc\xbb+#\xd4X\x7f\xd7\xc4\x07\xdb\xadZ\xd7\xb6\xbd\xedKjE\xb1\xdaM\x03\x0b\xd1\x82\xed\x8a\xcb\x16\x95Ng\xab\x9f\xcd\xff1\xc0F\xc4\xcai@"u\xcf\xc1\x88\xe9\xc1\x92KW\xbd\xafq"\xe4\x17\xaf\x0fMi\xe9\x88\x16Z\x1fl1l\xb7\x93\xc8On\x1b\xea-qt\xa2\n\xff\xdcB\xd3\xe1\x13\xb3:\xd6\xd1\x0cLK\x9bz\xb3c6\x90W\xff\xb4\x8cH\xc1\xed\x99\xc1<\x01\x90\xdb\xbb\xd5\x9bf\xd8\xaf\x83\x1cI\xca\x0c\x18\x83\xe6D\xe3\xbe\xb0-\x89\xe3-\xd4\xd2,\x16\x15/2\xf8i\xb5>\xec\xab\xbb\x95d[\x81\xa6\xc5\xc7\x17\x1a*.\xdc\x13\xd1i\xb6\xbd\xe4xZ\x80\x84\x0f\x7f\x95{\xc0\x07z\x15\xd5&&\x9f\x9b\x83\x81C"\x86\xe8\xcf\x16\x1e\xfe\xeb\xd0\xfe\xc5\xc0\x11[y\xcdN\x1b\x15\xcdi\xf4\xf4\x18!/M\xfb\xa5\x8a\xa9\xdc\xc3n\x1b#\x85OYi\xf70q\xa8\x8e\x94U0_\xf1-j\xa0\x0f\x80\xde\xdf|"\xa0\xdd\x96\x82\xdf\xfd\xf4t\x87v\xadnZ\xeem\x00<,\xb5\xb2\xe7\xddv:\x08V[\xaf\xfe\xb7\x06\xb2U\x9f}\xa1\xc8R\x85\x90\xab\x95\xdfv\x88/[,\x8f\xae\x0bNs\xe2\x9a\x87o\xa3\xe8\x8f\xda\xb2\x10\xed\\;\xa4p\x9f\x04%\xfdO\xd4\xa7.,U=\x95\xa7\x17\x05x\x18\x98Y\xc5=\xd1N\x96U\x12f\xd1$.\x90\x8b\x98\x87oR$H\xadKY\xbb\r\xee\nb\xc9\xb9Il\x9c95&\xb9s\xf5$HJ\'A\x7f\x86\xca\xa4\xcd*\xd2\xe7\xfb\xec\xed\x1a\xf8V-\xfalj\xc75\x96\x1dO\xfd\xb6\xc5\xba\xbe\xee\xdc{\xc5l\xe8P\rA\x1e\x9d\x0b\xc5\xd9\x88_\x97x\x92J\xaf\xdc\xe4u\x85\xeb\xe2\xf8\xc9\xa9\xe7\x8f\xd5\xe3f\xe9n\x88\xd0\xe1\x0e[\x15\x93\xc9K\xc9\x05\x9b\x9e\xf7\xb0\xf6l8\xe6\x8f\x14\x8b\x19w\x8c\xb2]#\x02z\xd1\x85\xc9\tjA\xfc\xa5\x84\x92\xfc\x00p\xdc\xbcL\xddN\x93l\x9a-\xc1\xb6\x04\xaf\xe9\x88\xfd\xae$\x8a\xff\xbeh\xe5o-]\xd4\xdd1\x9d\xc8=\xe44\x87\xef\xb3\xc0\xd1\xb2u\x19\x94x\x0eG\xdaZ\xaf\x87\xff\xab\xb7\x0e\xa1 \xa0_\xf2\xdc\xb3\xbc\x97\xd2\x14\x15\xaeI\xa9k\xb1\xafw\x0c\x1c\x8c\xa3\xb9\x94\x94\xf7\x19\xdc\xf1\xf9\x11<"@\xb2\x80\x8b\x9eP\xb5\xd2p\xae\xc6h\x13\xee.\x99>\x16\xb89u\x1a5I+o\x8eg@CJ\xadF Y\xc2|6?s\x97\x86BJ\x95\x19\xce\x94l\xc4p\x9d\xf26\xd93\x882>\\_\x1bd\x18\xa0*91\xe9\x10\x02\x0f5\x7f\xb0\x048\xa1\tH\x82\xf4\xe3\xa2:\xc5\x9d\'_\xc5\x1a\xa2\x95\xae\x03|0\xa4\x99\t\xde\x07\xf8\x14\x1e\xad\xae\xee\x9bH\xdc\xd4\x9fl\x85\t\xf4\xc9fLQ\t\x98\xa5\xea}\x112\xad(\\4\xe8\x18/t\x13\xcd\x0f\xe5\x1c\x85\x89h\xb3h\x9e\xc6\xc6\x9cj~\x95\xb2<\x89\x1fZH\x90\xc3\x84\xf6z\x08&\x95T+\x8e-_\xc8^\x16e\xcc*{\xdeb\xbb|<T\xcf9\x8b\x82z\xcew\x91)\x0c;a\x0f+h\xe5\x1f\xef\xd4\xf4\x9b\xa2\xa40K\x85y\x8a\x0f\xe8\xb8H\x15\x0f\xebp\xd6\x8b\xd0\x11\xce\xcdPw1\xa73Zt\xcd\xe5I\x82i&\x08\x02n\xe0\xech\xc88^`\x11%\xf0b\xa0\xf5NL\xc7\xcf\xec'
2021-01-11 06:04:01,750 index : 2 :: resp : b"i\x10$;\xb9\xcd\xe6oc)\xea\xfd\xac\x06oXF\xdb\xd7Lo\xa6\x1b\xfbt\xfc\xed\x96\xd9\xf1\x1c\xd8\xa7b\x96\xfc\x99\xb2\xb2(\x05\\\xe6>s\xf5\xf9\xb3\xa6\xf3\xcf\x98\xdcEz\x15\xc5?\xda\x9f\x1f'\xd9\x01"
2021-01-11 06:04:01,750 check resp exit
2021-01-11 06:04:01,751 detected MCS: 1
2021-01-11 06:04:01,753 RX Sweep iteration: 1/1
2021-01-11 06:04:01,753 terminating node1 packet engine
2021-01-11 06:04:01,813 timeout
2021-01-11 06:04:01,813 cmd : b'i\x10$;\xb9\xcd\xe6oc)\xea\xfd\xac\x06oX\x00\x8c\xff\xe3\xaa\x89og\x0e\xb2\xb8w\x1d=\xd9\xbc'
2021-01-11 06:04:01,814 b'i\x10$;\xb9\xcd\xe6oc)\xea\xfd\xac\x06oX\x00\x8c\xff\xe3\xaa\x89og\x0e\xb2\xb8w\x1d=\xd9\xbc'
2021-01-11 06:04:01,814 cmd send x : 1
2021-01-11 06:04:01,816 prompt
2021-01-11 06:04:01,817 check resp :: cmd : b'i\x10$;\xb9\xcd\xe6oc)\xea\xfd\xac\x06oX\x00\x8c\xff\xe3\xaa\x89og\x0e\xb2\xb8w\x1d=\xd9\xbc'
2021-01-11 06:04:01,817 index : 0 :: resp : b'i\x10$;\xb9\xcd\xe6oc)\xea\xfd\xac\x06oX\x00\x8c\xff\xe3\xaa\x89og\x0e\xb2\xb8w\x1d=\xd9\xbc'
2021-01-11 06:04:01,817 index : 1 :: resp : b'i\x10$;\xb9\xcd\xe6oc)\xea\xfd\xac\x06oX\xe5\xf1]\x8cV\x8e0\x07Q\x7ff\xd3{\x8am\xe2\xaf\x06\x07\xbemN,\x91\rh\x13\xd8C\xdc5\x1d\xae!59\xc6\xdeP\xdd\xca\x19\x17\xb9W\x99\xa1\x07\x94p*\xf1?\xff3{TvF\x009\'A3\xf6\x81c"\x1c\xf1\xab\xbd\xc2\xe1w\xd6i\xba\x15\x01'
2021-01-11 06:04:01,817 index : 2 :: resp : b"i\x10$;\xb9\xcd\xe6oc)\xea\xfd\xac\x06oXF\xdb\xd7Lo\xa6\x1b\xfbt\xfc\xed\x96\xd9\xf1\x1c\xd8C>'\xcd\x13\x88\xb0\xcf@\xa6\x99\xda\xfb\xe5R{\xa6\xf3\xcf\x98\xdcEz\x15\xc5?\xda\x9f\x1f'\xd9\x01"
2021-01-11 06:04:01,817 check resp exit
2021-01-11 06:04:01,817 0 failed MCS detections (all iterations)
2021-01-11 06:04:01,817 0 failed channel estimations (all iterations)
2021-01-11 06:04:01,818 rx sweep elapsed time: 0.24370789527893066 sec
2021-01-11 06:04:01,818 sweep elapsed time: 0.7827849388122559 sec
2021-01-11 06:04:01,818 Min SNR: 10 @ tx beam 43 rx beam 13
2021-01-11 06:04:01,818 Max SNR: 10 @ tx beam 43 rx beam 13
