2021-01-11 06:15:09,923 logging started in ./config/config_sounding.json
2021-01-11 06:15:09,923 contents of parameters file : ./config/config_sounding.json
2021-01-11 06:15:09,923 root_dir -> Results/
2021-01-11 06:15:09,923 test_name -> sweep_20210111_0615
2021-01-11 06:15:09,923 overwrite_existing -> False
2021-01-11 06:15:09,923 -- node 1  -> --
2021-01-11 06:15:09,923 node1_IP -> fc00:face:b00c::1
2021-01-11 06:15:09,923 -- node 2  -> --
2021-01-11 06:15:09,923 node2_IP -> fc00:face:b00c::2
2021-01-11 06:15:09,923 -- sounder general -> --
2021-01-11 06:15:09,923 connection -> local
2021-01-11 06:15:09,923 link_dir -> 1to2
2021-01-11 06:15:09,924 estimate_channel -> 1
2021-01-11 06:15:09,924 channel -> 2
2021-01-11 06:15:09,924 mcs -> 1
2021-01-11 06:15:09,924 n_stat -> 1
2021-01-11 06:15:09,924 tx_beams -> [43]
2021-01-11 06:15:09,924 rx_beams -> [13]
2021-01-11 06:15:09,924 tx_array_mask -> ['0Xfff', '0Xfff', '0Xfff']
2021-01-11 06:15:09,924 rx_array_mask -> ['0Xfff', '0Xfff', '0Xfff']
2021-01-11 06:15:09,924 tx_gain_idxs -> [25]
2021-01-11 06:15:09,924 rx_rf_gain_thr -> 0
2021-01-11 06:15:09,924 rx_if_gain_thr -> 0
2021-01-11 06:15:09,924 tx_pkt_cnt -> 0
2021-01-11 06:15:09,924 rx_pkt_cnt -> 10
2021-01-11 06:15:09,924 pkt_size -> 512
2021-01-11 06:15:09,925 pkt_gap -> 20
2021-01-11 06:15:09,925 tx_timeout -> 100000
2021-01-11 06:15:09,925 rx_timeout -> 0.1
2021-01-11 06:15:09,925 rx_wait -> 0
2021-01-11 06:15:09,925 save_gps_coordinates -> True
2021-01-11 06:15:09,925 -- PER ---  -> --
2021-01-11 06:15:09,925 per_find_best_beam -> True
2021-01-11 06:15:09,925 per_tx_beam -> 0
2021-01-11 06:15:09,925 per_rx_beam -> 0
2021-01-11 06:15:09,925 per_mcs -> range(1,13)
2021-01-11 06:15:09,925 per_file -> PER_mon.CSV
2021-01-11 06:15:09,925 -- other  -> --
2021-01-11 06:15:09,925 devserver -> NA
2021-01-11 06:15:09,925 json_file_path -> ./config/config_sounding.json
2021-01-11 06:15:09,925 verbose -> False
2021-01-11 06:15:09,926 node1: fc00:face:b00c::1
2021-01-11 06:15:09,926 logging into node1
2021-01-11 06:15:09,937 ssh into terragraph unit
2021-01-11 06:15:09,937 ssh cmd : ssh  root@fc00:face:b00c::1
2021-01-11 06:15:09,944 delay : 0.05
2021-01-11 06:15:09,944 waiting for ssh login
2021-01-11 06:15:10,076 expect match index : 2
2021-01-11 06:15:10,139 ssh logged in
2021-01-11 06:15:10,200 timeout
2021-01-11 06:15:10,261 timeout
2021-01-11 06:15:10,262 cmd : b'i\x10$;\xb9\xcd\xe6oc)\xea\xfd\xac\x06oXJ\x80\xf1\xdc\x03h0>\xc4:\x91\xd3\xf9\x06\x9ei'
2021-01-11 06:15:10,262 b'i\x10$;\xb9\xcd\xe6oc)\xea\xfd\xac\x06oXJ\x80\xf1\xdc\x03h0>\xc4:\x91\xd3\xf9\x06\x9ei'
2021-01-11 06:15:10,262 cmd send x : 1
2021-01-11 06:15:14,022 prompt
2021-01-11 06:15:14,022 check resp :: cmd : b'i\x10$;\xb9\xcd\xe6oc)\xea\xfd\xac\x06oXJ\x80\xf1\xdc\x03h0>\xc4:\x91\xd3\xf9\x06\x9ei'
2021-01-11 06:15:14,024 index : 0 :: resp : b'i\x10$;\xb9\xcd\xe6oc)\xea\xfd\xac\x06oXJ\x80\xf1\xdc\x03h0>\xc4:\x91\xd3\xf9\x06\x9ei'
2021-01-11 06:15:14,024 index : 1 :: resp : b'\xees\xb73bLcj\xa1\xa9\x96\xe9x\xcb\xc1m;\xaa\xef\xc7\xc2K\xbd\x12\r\x88;\xc0\x89sl\xb9'
2021-01-11 06:15:14,024 index : 2 :: resp : b'i\x10$;\xb9\xcd\xe6oc)\xea\xfd\xac\x06oX\xc4`\xc3\x9e\xdf\x1e&\x08\x85\xc5\xd2\xcf\x9f\xed9\xf8\x0cs\xe0Mk\xe1\xa7\x0b\x94]\xb1-c0"\xea\xcb\x03\x82x\x9b\xc3sC\xa7T\x8d\x1c\xf9\x82X\xea'
2021-01-11 06:15:14,025 index : 3 :: resp : b'i\x10$;\xb9\xcd\xe6oc)\xea\xfd\xac\x06oX8\r-\xe1"LL6\xf5QpP\xc9W70'
2021-01-11 06:15:14,025 index : 4 :: resp : b"\x8c\xf1F\x83\xf1\x98\xc3\x10'\xe7\xd9\x83\xd7\x17\xa2\r5\n\xaaj\x98G'a\xfa\x1e\xdc\x0c\xe31yg"
2021-01-11 06:15:14,025 check resp exit
2021-01-11 06:15:14,085 timeout
2021-01-11 06:15:14,086 cmd : b'\x9b2\xe7!}\xb1dVK\x9e\xe9y\x1eH\x8eT\x9fx\xb1\x84$\xbbq0\xceP\x82\xd9=\xd1;6'
2021-01-11 06:15:14,086 b'\x9b2\xe7!}\xb1dVK\x9e\xe9y\x1eH\x8eT\x9fx\xb1\x84$\xbbq0\xceP\x82\xd9=\xd1;6'
2021-01-11 06:15:14,086 cmd send x : 1
2021-01-11 06:15:14,089 prompt
2021-01-11 06:15:14,089 check resp :: cmd : b'\x9b2\xe7!}\xb1dVK\x9e\xe9y\x1eH\x8eT\x9fx\xb1\x84$\xbbq0\xceP\x82\xd9=\xd1;6'
2021-01-11 06:15:14,089 index : 0 :: resp : b'\x9b2\xe7!}\xb1dVK\x9e\xe9y\x1eH\x8eT\x9fx\xb1\x84$\xbbq0\xceP\x82\xd9=\xd1;6'
2021-01-11 06:15:14,090 index : 1 :: resp : b"i\x10$;\xb9\xcd\xe6oc)\xea\xfd\xac\x06oXF\xdb\xd7Lo\xa6\x1b\xfbt\xfc\xed\x96\xd9\xf1\x1c\xd8C>'\xcd\x13\x88\xb0\xcf@\xa6\x99\xda\xfb\xe5R{\xa6\xf3\xcf\x98\xdcEz\x15\xc5?\xda\x9f\x1f'\xd9\x01"
2021-01-11 06:15:14,090 check resp exit
2021-01-11 06:15:14,090 download FW : b'i\x10$;\xb9\xcd\xe6oc)\xea\xfd\xac\x06oX\xab<\x90\xa6\x0f\r:\xcb;\x00\xba\xa2\xd9\x08\xbb '
2021-01-11 06:15:14,331 download successful
2021-01-11 06:15:14,842 prompt
2021-01-11 06:15:14,903 timeout
2021-01-11 06:15:14,961 timeout
2021-01-11 06:15:14,961 b'i\x10$;\xb9\xcd\xe6oc)\xea\xfd\xac\x06oXD\xab\xc2\xd9\x9e7\x1dxQ\xee\xa7\x0f~qU\xee'
2021-01-11 06:15:14,961 cmd send x : 1
2021-01-11 06:15:14,967 prompt
2021-01-11 06:15:14,967 check resp :: cmd : b'i\x10$;\xb9\xcd\xe6oc)\xea\xfd\xac\x06oXD\xab\xc2\xd9\x9e7\x1dxQ\xee\xa7\x0f~qU\xee'
2021-01-11 06:15:14,967 index : 0 :: resp : b'i\x10$;\xb9\xcd\xe6oc)\xea\xfd\xac\x06oXD\xab\xc2\xd9\x9e7\x1dxQ\xee\xa7\x0f~qU\xee'
2021-01-11 06:15:14,968 index : 1 :: resp : b"i\x10$;\xb9\xcd\xe6oc)\xea\xfd\xac\x06oXF\xdb\xd7Lo\xa6\x1b\xfbt\xfc\xed\x96\xd9\xf1\x1c\xd8C>'\xcd\x13\x88\xb0\xcf@\xa6\x99\xda\xfb\xe5R{\xa6\xf3\xcf\x98\xdcEz\x15\xc5?\xda\x9f\x1f'\xd9\x01"
2021-01-11 06:15:14,968 check resp exit
2021-01-11 06:15:15,028 timeout
2021-01-11 06:15:15,029 b'i\x10$;\xb9\xcd\xe6oc)\xea\xfd\xac\x06oX\x97\xe2t\x8b\x90\xc9\xee\xf3\x0bk\x93\xbf\xee\xc8?\x8b'
2021-01-11 06:15:15,029 cmd send x : 1
2021-01-11 06:15:15,055 prompt
2021-01-11 06:15:15,055 check resp :: cmd : b'i\x10$;\xb9\xcd\xe6oc)\xea\xfd\xac\x06oX\x97\xe2t\x8b\x90\xc9\xee\xf3\x0bk\x93\xbf\xee\xc8?\x8b'
2021-01-11 06:15:15,055 index : 0 :: resp : b'i\x10$;\xb9\xcd\xe6oc)\xea\xfd\xac\x06oX\x97\xe2t\x8b\x90\xc9\xee\xf3\x0bk\x93\xbf\xee\xc8?\x8b'
2021-01-11 06:15:15,056 index : 1 :: resp : b"i\x10$;\xb9\xcd\xe6oc)\xea\xfd\xac\x06oXF\xdb\xd7Lo\xa6\x1b\xfbt\xfc\xed\x96\xd9\xf1\x1c\xd8C>'\xcd\x13\x88\xb0\xcf@\xa6\x99\xda\xfb\xe5R{\xa6\xf3\xcf\x98\xdcEz\x15\xc5?\xda\x9f\x1f'\xd9\x01"
2021-01-11 06:15:15,056 check resp exit
2021-01-11 06:15:15,116 timeout
2021-01-11 06:15:15,117 cmd : b'\xd9\xe9\x85\xb3R\x14I\x18\nL\xc6\xfe\x9c0\xb3\xef\x90\xa2\xfda\x8e\x10\x12O7\x8e\x9f\xa8\xb6\xaa\xd6)'
2021-01-11 06:15:15,117 b'\xd9\xe9\x85\xb3R\x14I\x18\nL\xc6\xfe\x9c0\xb3\xef\x90\xa2\xfda\x8e\x10\x12O7\x8e\x9f\xa8\xb6\xaa\xd6)'
2021-01-11 06:15:15,117 cmd send x : 1
2021-01-11 06:15:15,123 prompt
2021-01-11 06:15:15,123 check resp :: cmd : b'\xd9\xe9\x85\xb3R\x14I\x18\nL\xc6\xfe\x9c0\xb3\xef\x90\xa2\xfda\x8e\x10\x12O7\x8e\x9f\xa8\xb6\xaa\xd6)'
2021-01-11 06:15:15,124 index : 0 :: resp : b'\xd9\xe9\x85\xb3R\x14I\x18\nL\xc6\xfe\x9c0\xb3\xef\x90\xa2\xfda\x8e\x10\x12O7\x8e\x9f\xa8\xb6\xaa\xd6)'
2021-01-11 06:15:15,124 index : 1 :: resp : b"i\x10$;\xb9\xcd\xe6oc)\xea\xfd\xac\x06oXF\xdb\xd7Lo\xa6\x1b\xfbt\xfc\xed\x96\xd9\xf1\x1c\xd8C>'\xcd\x13\x88\xb0\xcf@\xa6\x99\xda\xfb\xe5R{\xa6\xf3\xcf\x98\xdcEz\x15\xc5?\xda\x9f\x1f'\xd9\x01"
2021-01-11 06:15:15,124 check resp exit
2021-01-11 06:15:15,185 timeout
2021-01-11 06:15:15,185 cmd : b'\xfe\xab\x8d]\xba\xd2M\x02\xc1?=\xe9\x17\xd3aO\x9bWB\xa6\xf5\x83\\I\x97x\x97~#q\xc4\x95'
2021-01-11 06:15:15,186 b'\xfe\xab\x8d]\xba\xd2M\x02\xc1?=\xe9\x17\xd3aO\x9bWB\xa6\xf5\x83\\I\x97x\x97~#q\xc4\x95'
2021-01-11 06:15:15,186 cmd send x : 1
2021-01-11 06:15:15,191 prompt
2021-01-11 06:15:15,192 check resp :: cmd : b'\xfe\xab\x8d]\xba\xd2M\x02\xc1?=\xe9\x17\xd3aO\x9bWB\xa6\xf5\x83\\I\x97x\x97~#q\xc4\x95'
2021-01-11 06:15:15,192 index : 0 :: resp : b'\xfe\xab\x8d]\xba\xd2M\x02\xc1?=\xe9\x17\xd3aO\x9bWB\xa6\xf5\x83\\I\x97x\x97~#q\xc4\x95'
2021-01-11 06:15:15,192 index : 1 :: resp : b"i\x10$;\xb9\xcd\xe6oc)\xea\xfd\xac\x06oXF\xdb\xd7Lo\xa6\x1b\xfbt\xfc\xed\x96\xd9\xf1\x1c\xd8C>'\xcd\x13\x88\xb0\xcf@\xa6\x99\xda\xfb\xe5R{\xa6\xf3\xcf\x98\xdcEz\x15\xc5?\xda\x9f\x1f'\xd9\x01"
2021-01-11 06:15:15,192 check resp exit
2021-01-11 06:15:15,253 timeout
2021-01-11 06:15:15,253 cmd : b'i\x10$;\xb9\xcd\xe6oc)\xea\xfd\xac\x06oX6b\xfd\xc5\x8dn\xca\xeb\xf7\xd0X\xa4\xaf\x85b^\xbeq\x06\xd8.\n\xc1g\xed\xff\x9aG\xd1iV\xd8z\xc0\x81\xe0g`>\x117\xeb\x05\xa6\x80\x94\xa4g'
2021-01-11 06:15:15,254 b'i\x10$;\xb9\xcd\xe6oc)\xea\xfd\xac\x06oX6b\xfd\xc5\x8dn\xca\xeb\xf7\xd0X\xa4\xaf\x85b^\xbeq\x06\xd8.\n\xc1g\xed\xff\x9aG\xd1iV\xd8z\xc0\x81\xe0g`>\x117\xeb\x05\xa6\x80\x94\xa4g'
2021-01-11 06:15:15,254 cmd send x : 1
2021-01-11 06:15:16,017 prompt
2021-01-11 06:15:16,017 check resp :: cmd : b'i\x10$;\xb9\xcd\xe6oc)\xea\xfd\xac\x06oX6b\xfd\xc5\x8dn\xca\xeb\xf7\xd0X\xa4\xaf\x85b^\xbeq\x06\xd8.\n\xc1g\xed\xff\x9aG\xd1iV\xd8z\xc0\x81\xe0g`>\x117\xeb\x05\xa6\x80\x94\xa4g'
2021-01-11 06:15:16,018 index : 0 :: resp : b'i\x10$;\xb9\xcd\xe6oc)\xea\xfd\xac\x06oXR\x1f\xec%:\xf3\xdcX\xa1|C{Z\xd2{\x06\x10Ti~)\x90\xf3\xde;_\x9f\xf7%qsY\t\xa8\xf6\xf4*\x07U\x01\xf8`\xf7.\xd15\x86\x0c'
2021-01-11 06:15:16,018 index : 1 :: resp : b'[\x0c\x87s\x1b\x8c\xc5\xf7\xb3\xdf\xdc5s\xc8\x82\xe5`58\xaay\x07\xc0\x9dxF\xbezrMG\x93\\\xbf\xec\xda) \x02\xfd\xf8\x9e\xf4\x02\xa1\xb3\x8ex\xb3\xa7\xc2\xe2L\xfd\xd6\xb3+\xd2\\\x86\x19\xe2BP'
2021-01-11 06:15:16,018 index : 2 :: resp : b'i\x10$;\xb9\xcd\xe6oc)\xea\xfd\xac\x06oX\x11V\xa9)\x9e\xc9i\x13\xb6X\xc8\xa6\xee\x94\xed\xfa'
2021-01-11 06:15:16,018 index : 3 :: resp : b'i\x10$;\xb9\xcd\xe6oc)\xea\xfd\xac\x06oX\xb20K-H\xe9\xfb\xda\xeaA+\xe0\x01\x99FR\xa9\xd2%\x94\xca\xf1\xbe\xc1\xc6\xc1\x7fX\\C^\x9c\xd0D{t\xf0n_<\x00\x1dG\xef\xcd2\xdev'
2021-01-11 06:15:16,018 index : 4 :: resp : b'8\xb0C\x8a\xdb\xf0\x18\x8b\x1bp\xbd\xdfq\xf2\xe0J)\xbcq\xd4F\xbcS\r\xf8$\xb0\xd2\xaf-^\xfb'
2021-01-11 06:15:16,019 index : 5 :: resp : b"i\x10$;\xb9\xcd\xe6oc)\xea\xfd\xac\x06oXF\xdb\xd7Lo\xa6\x1b\xfbt\xfc\xed\x96\xd9\xf1\x1c\xd8C>'\xcd\x13\x88\xb0\xcf@\xa6\x99\xda\xfb\xe5R{\xa6\xf3\xcf\x98\xdcEz\x15\xc5?\xda\x9f\x1f'\xd9\x01"
2021-01-11 06:15:16,019 check resp exit
2021-01-11 06:15:16,079 timeout
2021-01-11 06:15:16,080 cmd : b'\xd8\xe2\xee\xc7\xbe\xdf}\x0f\xe2\xf3\x93\xf5\xaeC^\xf5\xb8\xc4\x83\x9c\x0e\xa6\x03\r\xd3]\x93\x17\xf2\x14\xb7\x16'
2021-01-11 06:15:16,080 b'\xd8\xe2\xee\xc7\xbe\xdf}\x0f\xe2\xf3\x93\xf5\xaeC^\xf5\xb8\xc4\x83\x9c\x0e\xa6\x03\r\xd3]\x93\x17\xf2\x14\xb7\x16'
2021-01-11 06:15:16,080 cmd send x : 1
2021-01-11 06:15:16,085 prompt
2021-01-11 06:15:16,085 check resp :: cmd : b'\xd8\xe2\xee\xc7\xbe\xdf}\x0f\xe2\xf3\x93\xf5\xaeC^\xf5\xb8\xc4\x83\x9c\x0e\xa6\x03\r\xd3]\x93\x17\xf2\x14\xb7\x16'
2021-01-11 06:15:16,085 index : 0 :: resp : b'\xd8\xe2\xee\xc7\xbe\xdf}\x0f\xe2\xf3\x93\xf5\xaeC^\xf5\xb8\xc4\x83\x9c\x0e\xa6\x03\r\xd3]\x93\x17\xf2\x14\xb7\x16'
2021-01-11 06:15:16,086 index : 1 :: resp : b"i\x10$;\xb9\xcd\xe6oc)\xea\xfd\xac\x06oX7\xc5\xa0_\xfc\x00\x06?&\xd4X\xaf\x8a\x89\xd1V\xb6d\x1c\xcb\x01*\xb9\xa0I5\x96\xe7\xa8\xbb}\xf2\xf6\xdd\xddo\xa2'\x8f\xfa\xa9\xd7\x01\xf1\xdc\xe09o"
2021-01-11 06:15:16,086 index : 2 :: resp : b"i\x10$;\xb9\xcd\xe6oc)\xea\xfd\xac\x06oXF\xdb\xd7Lo\xa6\x1b\xfbt\xfc\xed\x96\xd9\xf1\x1c\xd8C>'\xcd\x13\x88\xb0\xcf@\xa6\x99\xda\xfb\xe5R{\xa6\xf3\xcf\x98\xdcEz\x15\xc5?\xda\x9f\x1f'\xd9\x01"
2021-01-11 06:15:16,086 check resp exit
2021-01-11 06:15:16,146 timeout
2021-01-11 06:15:16,147 cmd : b'\x9b2\xe7!}\xb1dVK\x9e\xe9y\x1eH\x8eT\x9fx\xb1\x84$\xbbq0\xceP\x82\xd9=\xd1;6'
2021-01-11 06:15:16,147 b'\x9b2\xe7!}\xb1dVK\x9e\xe9y\x1eH\x8eT\x9fx\xb1\x84$\xbbq0\xceP\x82\xd9=\xd1;6'
2021-01-11 06:15:16,147 cmd send x : 1
2021-01-11 06:15:16,149 prompt
2021-01-11 06:15:16,150 check resp :: cmd : b'\x9b2\xe7!}\xb1dVK\x9e\xe9y\x1eH\x8eT\x9fx\xb1\x84$\xbbq0\xceP\x82\xd9=\xd1;6'
2021-01-11 06:15:16,150 index : 0 :: resp : b'\x9b2\xe7!}\xb1dVK\x9e\xe9y\x1eH\x8eT\x9fx\xb1\x84$\xbbq0\xceP\x82\xd9=\xd1;6'
2021-01-11 06:15:16,150 index : 1 :: resp : b"i\x10$;\xb9\xcd\xe6oc)\xea\xfd\xac\x06oXF\xdb\xd7Lo\xa6\x1b\xfbt\xfc\xed\x96\xd9\xf1\x1c\xd8C>'\xcd\x13\x88\xb0\xcf@\xa6\x99\xda\xfb\xe5R{\xa6\xf3\xcf\x98\xdcEz\x15\xc5?\xda\x9f\x1f'\xd9\x01"
2021-01-11 06:15:16,150 check resp exit
2021-01-11 06:15:16,150 node2: fc00:face:b00c::2
2021-01-11 06:15:16,151 logging into node2
2021-01-11 06:15:16,151 ssh into terragraph unit
2021-01-11 06:15:16,151 ssh cmd : ssh  root@fc00:face:b00c::2
2021-01-11 06:15:16,159 delay : 0.05
2021-01-11 06:15:16,159 waiting for ssh login
2021-01-11 06:15:16,293 expect match index : 2
2021-01-11 06:15:16,356 ssh logged in
2021-01-11 06:15:16,407 timeout
2021-01-11 06:15:16,467 timeout
2021-01-11 06:15:16,467 cmd : b'i\x10$;\xb9\xcd\xe6oc)\xea\xfd\xac\x06oXJ\x80\xf1\xdc\x03h0>\xc4:\x91\xd3\xf9\x06\x9ei'
2021-01-11 06:15:16,468 b'i\x10$;\xb9\xcd\xe6oc)\xea\xfd\xac\x06oXJ\x80\xf1\xdc\x03h0>\xc4:\x91\xd3\xf9\x06\x9ei'
2021-01-11 06:15:16,468 cmd send x : 1
2021-01-11 06:15:20,271 prompt
2021-01-11 06:15:20,271 check resp :: cmd : b'i\x10$;\xb9\xcd\xe6oc)\xea\xfd\xac\x06oXJ\x80\xf1\xdc\x03h0>\xc4:\x91\xd3\xf9\x06\x9ei'
2021-01-11 06:15:20,272 index : 0 :: resp : b'i\x10$;\xb9\xcd\xe6oc)\xea\xfd\xac\x06oXJ\x80\xf1\xdc\x03h0>\xc4:\x91\xd3\xf9\x06\x9ei'
2021-01-11 06:15:20,272 index : 1 :: resp : b'\xees\xb73bLcj\xa1\xa9\x96\xe9x\xcb\xc1m;\xaa\xef\xc7\xc2K\xbd\x12\r\x88;\xc0\x89sl\xb9'
2021-01-11 06:15:20,272 index : 2 :: resp : b'i\x10$;\xb9\xcd\xe6oc)\xea\xfd\xac\x06oX\xc4`\xc3\x9e\xdf\x1e&\x08\x85\xc5\xd2\xcf\x9f\xed9\xf8\x0cs\xe0Mk\xe1\xa7\x0b\x94]\xb1-c0"\xea\xcb\x03\x82x\x9b\xc3sC\xa7T\x8d\x1c\xf9\x82X\xea'
2021-01-11 06:15:20,272 index : 3 :: resp : b'i\x10$;\xb9\xcd\xe6oc)\xea\xfd\xac\x06oX8\r-\xe1"LL6\xf5QpP\xc9W70'
2021-01-11 06:15:20,273 index : 4 :: resp : b"\x8c\xf1F\x83\xf1\x98\xc3\x10'\xe7\xd9\x83\xd7\x17\xa2\r[\xb5T\xd2c\x07\xe1\xaclm\xec8\xbaX\x0fU"
2021-01-11 06:15:20,273 check resp exit
2021-01-11 06:15:20,333 timeout
2021-01-11 06:15:20,334 cmd : b'\x9b2\xe7!}\xb1dVK\x9e\xe9y\x1eH\x8eT\x9fx\xb1\x84$\xbbq0\xceP\x82\xd9=\xd1;6'
2021-01-11 06:15:20,334 b'\x9b2\xe7!}\xb1dVK\x9e\xe9y\x1eH\x8eT\x9fx\xb1\x84$\xbbq0\xceP\x82\xd9=\xd1;6'
2021-01-11 06:15:20,334 cmd send x : 1
2021-01-11 06:15:20,336 prompt
2021-01-11 06:15:20,337 check resp :: cmd : b'\x9b2\xe7!}\xb1dVK\x9e\xe9y\x1eH\x8eT\x9fx\xb1\x84$\xbbq0\xceP\x82\xd9=\xd1;6'
2021-01-11 06:15:20,337 index : 0 :: resp : b'\x9b2\xe7!}\xb1dVK\x9e\xe9y\x1eH\x8eT\x9fx\xb1\x84$\xbbq0\xceP\x82\xd9=\xd1;6'
2021-01-11 06:15:20,337 index : 1 :: resp : b"i\x10$;\xb9\xcd\xe6oc)\xea\xfd\xac\x06oXF\xdb\xd7Lo\xa6\x1b\xfbt\xfc\xed\x96\xd9\xf1\x1c\xd8\xa7b\x96\xfc\x99\xb2\xb2(\x05\\\xe6>s\xf5\xf9\xb3\xa6\xf3\xcf\x98\xdcEz\x15\xc5?\xda\x9f\x1f'\xd9\x01"
2021-01-11 06:15:20,337 check resp exit
2021-01-11 06:15:20,337 download FW : b'i\x10$;\xb9\xcd\xe6oc)\xea\xfd\xac\x06oX\xab<\x90\xa6\x0f\r:\xcb;\x00\xba\xa2\xd9\x08\xbb '
2021-01-11 06:15:20,682 download successful
2021-01-11 06:15:21,193 prompt
2021-01-11 06:15:21,253 timeout
2021-01-11 06:15:21,314 timeout
2021-01-11 06:15:21,315 b'i\x10$;\xb9\xcd\xe6oc)\xea\xfd\xac\x06oXD\xab\xc2\xd9\x9e7\x1dxQ\xee\xa7\x0f~qU\xee'
2021-01-11 06:15:21,315 cmd send x : 1
2021-01-11 06:15:21,321 prompt
2021-01-11 06:15:21,321 check resp :: cmd : b'i\x10$;\xb9\xcd\xe6oc)\xea\xfd\xac\x06oXD\xab\xc2\xd9\x9e7\x1dxQ\xee\xa7\x0f~qU\xee'
2021-01-11 06:15:21,321 index : 0 :: resp : b'i\x10$;\xb9\xcd\xe6oc)\xea\xfd\xac\x06oXD\xab\xc2\xd9\x9e7\x1dxQ\xee\xa7\x0f~qU\xee'
2021-01-11 06:15:21,322 index : 1 :: resp : b"i\x10$;\xb9\xcd\xe6oc)\xea\xfd\xac\x06oXF\xdb\xd7Lo\xa6\x1b\xfbt\xfc\xed\x96\xd9\xf1\x1c\xd8\xa7b\x96\xfc\x99\xb2\xb2(\x05\\\xe6>s\xf5\xf9\xb3\xa6\xf3\xcf\x98\xdcEz\x15\xc5?\xda\x9f\x1f'\xd9\x01"
2021-01-11 06:15:21,322 check resp exit
2021-01-11 06:15:21,382 timeout
2021-01-11 06:15:21,383 b'i\x10$;\xb9\xcd\xe6oc)\xea\xfd\xac\x06oX\x97\xe2t\x8b\x90\xc9\xee\xf3\x0bk\x93\xbf\xee\xc8?\x8b'
2021-01-11 06:15:21,383 cmd send x : 1
2021-01-11 06:15:21,409 prompt
2021-01-11 06:15:21,409 check resp :: cmd : b'i\x10$;\xb9\xcd\xe6oc)\xea\xfd\xac\x06oX\x97\xe2t\x8b\x90\xc9\xee\xf3\x0bk\x93\xbf\xee\xc8?\x8b'
2021-01-11 06:15:21,410 index : 0 :: resp : b'i\x10$;\xb9\xcd\xe6oc)\xea\xfd\xac\x06oX\x97\xe2t\x8b\x90\xc9\xee\xf3\x0bk\x93\xbf\xee\xc8?\x8b'
2021-01-11 06:15:21,410 index : 1 :: resp : b"i\x10$;\xb9\xcd\xe6oc)\xea\xfd\xac\x06oXF\xdb\xd7Lo\xa6\x1b\xfbt\xfc\xed\x96\xd9\xf1\x1c\xd8\xa7b\x96\xfc\x99\xb2\xb2(\x05\\\xe6>s\xf5\xf9\xb3\xa6\xf3\xcf\x98\xdcEz\x15\xc5?\xda\x9f\x1f'\xd9\x01"
2021-01-11 06:15:21,410 check resp exit
2021-01-11 06:15:21,471 timeout
2021-01-11 06:15:21,471 cmd : b'\xd9\xe9\x85\xb3R\x14I\x18\nL\xc6\xfe\x9c0\xb3\xef\x90\xa2\xfda\x8e\x10\x12O7\x8e\x9f\xa8\xb6\xaa\xd6)'
2021-01-11 06:15:21,471 b'\xd9\xe9\x85\xb3R\x14I\x18\nL\xc6\xfe\x9c0\xb3\xef\x90\xa2\xfda\x8e\x10\x12O7\x8e\x9f\xa8\xb6\xaa\xd6)'
2021-01-11 06:15:21,472 cmd send x : 1
2021-01-11 06:15:21,477 prompt
2021-01-11 06:15:21,478 check resp :: cmd : b'\xd9\xe9\x85\xb3R\x14I\x18\nL\xc6\xfe\x9c0\xb3\xef\x90\xa2\xfda\x8e\x10\x12O7\x8e\x9f\xa8\xb6\xaa\xd6)'
2021-01-11 06:15:21,478 index : 0 :: resp : b'\xd9\xe9\x85\xb3R\x14I\x18\nL\xc6\xfe\x9c0\xb3\xef\x90\xa2\xfda\x8e\x10\x12O7\x8e\x9f\xa8\xb6\xaa\xd6)'
2021-01-11 06:15:21,478 index : 1 :: resp : b"i\x10$;\xb9\xcd\xe6oc)\xea\xfd\xac\x06oXF\xdb\xd7Lo\xa6\x1b\xfbt\xfc\xed\x96\xd9\xf1\x1c\xd8\xa7b\x96\xfc\x99\xb2\xb2(\x05\\\xe6>s\xf5\xf9\xb3\xa6\xf3\xcf\x98\xdcEz\x15\xc5?\xda\x9f\x1f'\xd9\x01"
2021-01-11 06:15:21,479 check resp exit
2021-01-11 06:15:21,539 timeout
2021-01-11 06:15:21,539 cmd : b'\xfe\xab\x8d]\xba\xd2M\x02\xc1?=\xe9\x17\xd3aO\x9bWB\xa6\xf5\x83\\I\x97x\x97~#q\xc4\x95'
2021-01-11 06:15:21,540 b'\xfe\xab\x8d]\xba\xd2M\x02\xc1?=\xe9\x17\xd3aO\x9bWB\xa6\xf5\x83\\I\x97x\x97~#q\xc4\x95'
2021-01-11 06:15:21,540 cmd send x : 1
2021-01-11 06:15:21,545 prompt
2021-01-11 06:15:21,546 check resp :: cmd : b'\xfe\xab\x8d]\xba\xd2M\x02\xc1?=\xe9\x17\xd3aO\x9bWB\xa6\xf5\x83\\I\x97x\x97~#q\xc4\x95'
2021-01-11 06:15:21,546 index : 0 :: resp : b'\xfe\xab\x8d]\xba\xd2M\x02\xc1?=\xe9\x17\xd3aO\x9bWB\xa6\xf5\x83\\I\x97x\x97~#q\xc4\x95'
2021-01-11 06:15:21,546 index : 1 :: resp : b"i\x10$;\xb9\xcd\xe6oc)\xea\xfd\xac\x06oXF\xdb\xd7Lo\xa6\x1b\xfbt\xfc\xed\x96\xd9\xf1\x1c\xd8\xa7b\x96\xfc\x99\xb2\xb2(\x05\\\xe6>s\xf5\xf9\xb3\xa6\xf3\xcf\x98\xdcEz\x15\xc5?\xda\x9f\x1f'\xd9\x01"
2021-01-11 06:15:21,546 check resp exit
2021-01-11 06:15:21,600 timeout
2021-01-11 06:15:21,600 cmd : b'i\x10$;\xb9\xcd\xe6oc)\xea\xfd\xac\x06oX6b\xfd\xc5\x8dn\xca\xeb\xf7\xd0X\xa4\xaf\x85b^\xbeq\x06\xd8.\n\xc1g\xed\xff\x9aG\xd1iV\xd8z\xc0\x81\xe0g`>\x117\xeb\x05\xa6\x80\x94\xa4g'
2021-01-11 06:15:21,600 b'i\x10$;\xb9\xcd\xe6oc)\xea\xfd\xac\x06oX6b\xfd\xc5\x8dn\xca\xeb\xf7\xd0X\xa4\xaf\x85b^\xbeq\x06\xd8.\n\xc1g\xed\xff\x9aG\xd1iV\xd8z\xc0\x81\xe0g`>\x117\xeb\x05\xa6\x80\x94\xa4g'
2021-01-11 06:15:21,601 cmd send x : 1
2021-01-11 06:15:22,418 prompt
2021-01-11 06:15:22,419 check resp :: cmd : b'i\x10$;\xb9\xcd\xe6oc)\xea\xfd\xac\x06oX6b\xfd\xc5\x8dn\xca\xeb\xf7\xd0X\xa4\xaf\x85b^\xbeq\x06\xd8.\n\xc1g\xed\xff\x9aG\xd1iV\xd8z\xc0\x81\xe0g`>\x117\xeb\x05\xa6\x80\x94\xa4g'
2021-01-11 06:15:22,419 index : 0 :: resp : b'i\x10$;\xb9\xcd\xe6oc)\xea\xfd\xac\x06oXR\x1f\xec%:\xf3\xdcX\xa1|C{Z\xd2{\x06\x10Ti~)\x90\xf3\xde;_\x9f\xf7%qsY\t\xa8\xf6\xf4*\x07U\x01\xf8`\xf7.\xd15\x86\x0c'
2021-01-11 06:15:22,419 index : 1 :: resp : b'[\x0c\x87s\x1b\x8c\xc5\xf7\xb3\xdf\xdc5s\xc8\x82\xe5`58\xaay\x07\xc0\x9dxF\xbezrMG\x93\\\xbf\xec\xda) \x02\xfd\xf8\x9e\xf4\x02\xa1\xb3\x8ex\xc8D6\xb4gZ\x8f\xae\xc6IV\xcc\xec\xeaM\xc5'
2021-01-11 06:15:22,420 index : 2 :: resp : b'i\x10$;\xb9\xcd\xe6oc)\xea\xfd\xac\x06oX\x11V\xa9)\x9e\xc9i\x13\xb6X\xc8\xa6\xee\x94\xed\xfa'
2021-01-11 06:15:22,420 index : 3 :: resp : b'i\x10$;\xb9\xcd\xe6oc)\xea\xfd\xac\x06oX\xb20K-H\xe9\xfb\xda\xeaA+\xe0\x01\x99FR\xa9\xd2%\x94\xca\xf1\xbe\xc1\xc6\xc1\x7fX\\C^\x9c\xd0D{t\xf0n_<\x00\x1dG\xef\xcd2\xdev'
2021-01-11 06:15:22,420 index : 4 :: resp : b'8\xb0C\x8a\xdb\xf0\x18\x8b\x1bp\xbd\xdfq\xf2\xe0J)\xbcq\xd4F\xbcS\r\xf8$\xb0\xd2\xaf-^\xfb'
2021-01-11 06:15:22,420 index : 5 :: resp : b"i\x10$;\xb9\xcd\xe6oc)\xea\xfd\xac\x06oXF\xdb\xd7Lo\xa6\x1b\xfbt\xfc\xed\x96\xd9\xf1\x1c\xd8\xa7b\x96\xfc\x99\xb2\xb2(\x05\\\xe6>s\xf5\xf9\xb3\xa6\xf3\xcf\x98\xdcEz\x15\xc5?\xda\x9f\x1f'\xd9\x01"
2021-01-11 06:15:22,420 check resp exit
2021-01-11 06:15:22,481 timeout
2021-01-11 06:15:22,481 cmd : b'\xd8\xe2\xee\xc7\xbe\xdf}\x0f\xe2\xf3\x93\xf5\xaeC^\xf5\xb8\xc4\x83\x9c\x0e\xa6\x03\r\xd3]\x93\x17\xf2\x14\xb7\x16'
2021-01-11 06:15:22,482 b'\xd8\xe2\xee\xc7\xbe\xdf}\x0f\xe2\xf3\x93\xf5\xaeC^\xf5\xb8\xc4\x83\x9c\x0e\xa6\x03\r\xd3]\x93\x17\xf2\x14\xb7\x16'
2021-01-11 06:15:22,482 cmd send x : 1
2021-01-11 06:15:22,487 prompt
2021-01-11 06:15:22,487 check resp :: cmd : b'\xd8\xe2\xee\xc7\xbe\xdf}\x0f\xe2\xf3\x93\xf5\xaeC^\xf5\xb8\xc4\x83\x9c\x0e\xa6\x03\r\xd3]\x93\x17\xf2\x14\xb7\x16'
2021-01-11 06:15:22,487 index : 0 :: resp : b'\xd8\xe2\xee\xc7\xbe\xdf}\x0f\xe2\xf3\x93\xf5\xaeC^\xf5\xb8\xc4\x83\x9c\x0e\xa6\x03\r\xd3]\x93\x17\xf2\x14\xb7\x16'
2021-01-11 06:15:22,487 index : 1 :: resp : b'i\x10$;\xb9\xcd\xe6oc)\xea\xfd\xac\x06oX7\xc5\xa0_\xfc\x00\x06?&\xd4X\xaf\x8a\x89\xd1V\xb6d\x1c\xcb\x01*\xb9\xa0I5\x96\xe7\xa8\xbb}\xf2s\x07=\x024iX\t\xab\xb5\xb1\x90WG5\x18'
2021-01-11 06:15:22,488 index : 2 :: resp : b"i\x10$;\xb9\xcd\xe6oc)\xea\xfd\xac\x06oXF\xdb\xd7Lo\xa6\x1b\xfbt\xfc\xed\x96\xd9\xf1\x1c\xd8\xa7b\x96\xfc\x99\xb2\xb2(\x05\\\xe6>s\xf5\xf9\xb3\xa6\xf3\xcf\x98\xdcEz\x15\xc5?\xda\x9f\x1f'\xd9\x01"
2021-01-11 06:15:22,488 check resp exit
2021-01-11 06:15:22,544 timeout
2021-01-11 06:15:22,544 cmd : b'\x9b2\xe7!}\xb1dVK\x9e\xe9y\x1eH\x8eT\x9fx\xb1\x84$\xbbq0\xceP\x82\xd9=\xd1;6'
2021-01-11 06:15:22,545 b'\x9b2\xe7!}\xb1dVK\x9e\xe9y\x1eH\x8eT\x9fx\xb1\x84$\xbbq0\xceP\x82\xd9=\xd1;6'
2021-01-11 06:15:22,545 cmd send x : 1
2021-01-11 06:15:22,547 prompt
2021-01-11 06:15:22,547 check resp :: cmd : b'\x9b2\xe7!}\xb1dVK\x9e\xe9y\x1eH\x8eT\x9fx\xb1\x84$\xbbq0\xceP\x82\xd9=\xd1;6'
2021-01-11 06:15:22,548 index : 0 :: resp : b'\x9b2\xe7!}\xb1dVK\x9e\xe9y\x1eH\x8eT\x9fx\xb1\x84$\xbbq0\xceP\x82\xd9=\xd1;6'
2021-01-11 06:15:22,548 index : 1 :: resp : b"i\x10$;\xb9\xcd\xe6oc)\xea\xfd\xac\x06oXF\xdb\xd7Lo\xa6\x1b\xfbt\xfc\xed\x96\xd9\xf1\x1c\xd8\xa7b\x96\xfc\x99\xb2\xb2(\x05\\\xe6>s\xf5\xf9\xb3\xa6\xf3\xcf\x98\xdcEz\x15\xc5?\xda\x9f\x1f'\xd9\x01"
2021-01-11 06:15:22,548 check resp exit
2021-01-11 06:15:22,548 node1 is transmitting and node2 is receiving 
2021-01-11 06:15:22,609 timeout
2021-01-11 06:15:22,609 cmd : b'i\x10$;\xb9\xcd\xe6oc)\xea\xfd\xac\x06oXh\x1e^\xbe\xbe:\xa4\xaa\xce\xaf\xd5\x9b\x08\xae\xbf\x83'
2021-01-11 06:15:22,609 b'i\x10$;\xb9\xcd\xe6oc)\xea\xfd\xac\x06oXh\x1e^\xbe\xbe:\xa4\xaa\xce\xaf\xd5\x9b\x08\xae\xbf\x83'
2021-01-11 06:15:22,610 cmd send x : 1
2021-01-11 06:15:23,433 prompt
2021-01-11 06:15:23,433 check resp :: cmd : b'i\x10$;\xb9\xcd\xe6oc)\xea\xfd\xac\x06oXh\x1e^\xbe\xbe:\xa4\xaa\xce\xaf\xd5\x9b\x08\xae\xbf\x83'
2021-01-11 06:15:23,433 index : 0 :: resp : b'i\x10$;\xb9\xcd\xe6oc)\xea\xfd\xac\x06oXh\x1e^\xbe\xbe:\xa4\xaa\xce\xaf\xd5\x9b\x08\xae\xbf\x83'
2021-01-11 06:15:23,434 index : 1 :: resp : b"i\x10$;\xb9\xcd\xe6oc)\xea\xfd\xac\x06oXF\xdb\xd7Lo\xa6\x1b\xfbt\xfc\xed\x96\xd9\xf1\x1c\xd8C>'\xcd\x13\x88\xb0\xcf@\xa6\x99\xda\xfb\xe5R{\xa6\xf3\xcf\x98\xdcEz\x15\xc5?\xda\x9f\x1f'\xd9\x01"
2021-01-11 06:15:23,434 check resp exit
2021-01-11 06:15:23,493 timeout
2021-01-11 06:15:23,493 b'\xfe\xab\x8d]\xba\xd2M\x02\xc1?=\xe9\x17\xd3aO\x9c\xb4\x86\x86\xb4\x93\x16=\x0e\xd2a\xac\x81n\xd5,'
2021-01-11 06:15:23,493 cmd send x : 1
2021-01-11 06:15:23,499 prompt
2021-01-11 06:15:23,499 check resp :: cmd : b'\xfe\xab\x8d]\xba\xd2M\x02\xc1?=\xe9\x17\xd3aO\x9c\xb4\x86\x86\xb4\x93\x16=\x0e\xd2a\xac\x81n\xd5,'
2021-01-11 06:15:23,500 index : 0 :: resp : b'\xfe\xab\x8d]\xba\xd2M\x02\xc1?=\xe9\x17\xd3aO\x9c\xb4\x86\x86\xb4\x93\x16=\x0e\xd2a\xac\x81n\xd5,'
2021-01-11 06:15:23,500 index : 1 :: resp : b"i\x10$;\xb9\xcd\xe6oc)\xea\xfd\xac\x06oXF\xdb\xd7Lo\xa6\x1b\xfbt\xfc\xed\x96\xd9\xf1\x1c\xd8C>'\xcd\x13\x88\xb0\xcf@\xa6\x99\xda\xfb\xe5R{\xa6\xf3\xcf\x98\xdcEz\x15\xc5?\xda\x9f\x1f'\xd9\x01"
2021-01-11 06:15:23,500 check resp exit
2021-01-11 06:15:23,561 timeout
2021-01-11 06:15:23,561 b'e\x91\xc2\xbbJ~\x02\xceO\x86\xeaB\x11$&\x8f\xa7C\xeb\xdb\x11L\x8dJD\xc9\xc5D\x0b\xb9\x1c\xf9'
2021-01-11 06:15:23,561 cmd send x : 1
2021-01-11 06:15:23,567 prompt
2021-01-11 06:15:23,567 check resp :: cmd : b'e\x91\xc2\xbbJ~\x02\xceO\x86\xeaB\x11$&\x8f\xa7C\xeb\xdb\x11L\x8dJD\xc9\xc5D\x0b\xb9\x1c\xf9'
2021-01-11 06:15:23,568 index : 0 :: resp : b'e\x91\xc2\xbbJ~\x02\xceO\x86\xeaB\x11$&\x8f\xa7C\xeb\xdb\x11L\x8dJD\xc9\xc5D\x0b\xb9\x1c\xf9'
2021-01-11 06:15:23,568 index : 1 :: resp : b"i\x10$;\xb9\xcd\xe6oc)\xea\xfd\xac\x06oXF\xdb\xd7Lo\xa6\x1b\xfbt\xfc\xed\x96\xd9\xf1\x1c\xd8C>'\xcd\x13\x88\xb0\xcf@\xa6\x99\xda\xfb\xe5R{\xa6\xf3\xcf\x98\xdcEz\x15\xc5?\xda\x9f\x1f'\xd9\x01"
2021-01-11 06:15:23,568 check resp exit
2021-01-11 06:15:23,628 timeout
2021-01-11 06:15:23,629 b'u4%\x1dx\x88\xedB\xec)\xd4\xb0\xfb\xc8b\x84\xa7C\xeb\xdb\x11L\x8dJD\xc9\xc5D\x0b\xb9\x1c\xf9'
2021-01-11 06:15:23,629 cmd send x : 1
2021-01-11 06:15:23,635 prompt
2021-01-11 06:15:23,635 check resp :: cmd : b'u4%\x1dx\x88\xedB\xec)\xd4\xb0\xfb\xc8b\x84\xa7C\xeb\xdb\x11L\x8dJD\xc9\xc5D\x0b\xb9\x1c\xf9'
2021-01-11 06:15:23,636 index : 0 :: resp : b'u4%\x1dx\x88\xedB\xec)\xd4\xb0\xfb\xc8b\x84\xa7C\xeb\xdb\x11L\x8dJD\xc9\xc5D\x0b\xb9\x1c\xf9'
2021-01-11 06:15:23,636 index : 1 :: resp : b"i\x10$;\xb9\xcd\xe6oc)\xea\xfd\xac\x06oXF\xdb\xd7Lo\xa6\x1b\xfbt\xfc\xed\x96\xd9\xf1\x1c\xd8C>'\xcd\x13\x88\xb0\xcf@\xa6\x99\xda\xfb\xe5R{\xa6\xf3\xcf\x98\xdcEz\x15\xc5?\xda\x9f\x1f'\xd9\x01"
2021-01-11 06:15:23,636 check resp exit
2021-01-11 06:15:23,697 timeout
2021-01-11 06:15:23,697 b'\xfe\xab\x8d]\xba\xd2M\x02\xc1?=\xe9\x17\xd3aO]4B\xa5,\x95\xcc\x07q\xe9\x9ew\xbd\xfd\xdb\xb9'
2021-01-11 06:15:23,697 cmd send x : 1
2021-01-11 06:15:23,703 prompt
2021-01-11 06:15:23,703 check resp :: cmd : b'\xfe\xab\x8d]\xba\xd2M\x02\xc1?=\xe9\x17\xd3aO]4B\xa5,\x95\xcc\x07q\xe9\x9ew\xbd\xfd\xdb\xb9'
2021-01-11 06:15:23,704 index : 0 :: resp : b'\xfe\xab\x8d]\xba\xd2M\x02\xc1?=\xe9\x17\xd3aO]4B\xa5,\x95\xcc\x07q\xe9\x9ew\xbd\xfd\xdb\xb9'
2021-01-11 06:15:23,704 index : 1 :: resp : b"i\x10$;\xb9\xcd\xe6oc)\xea\xfd\xac\x06oXF\xdb\xd7Lo\xa6\x1b\xfbt\xfc\xed\x96\xd9\xf1\x1c\xd8C>'\xcd\x13\x88\xb0\xcf@\xa6\x99\xda\xfb\xe5R{\xa6\xf3\xcf\x98\xdcEz\x15\xc5?\xda\x9f\x1f'\xd9\x01"
2021-01-11 06:15:23,704 check resp exit
2021-01-11 06:15:23,757 timeout
2021-01-11 06:15:23,757 b'e\x91\xc2\xbbJ~\x02\xceO\x86\xeaB\x11$&\x8f\xa7C\xeb\xdb\x11L\x8dJD\xc9\xc5D\x0b\xb9\x1c\xf9'
2021-01-11 06:15:23,757 cmd send x : 1
2021-01-11 06:15:23,763 prompt
2021-01-11 06:15:23,763 check resp :: cmd : b'e\x91\xc2\xbbJ~\x02\xceO\x86\xeaB\x11$&\x8f\xa7C\xeb\xdb\x11L\x8dJD\xc9\xc5D\x0b\xb9\x1c\xf9'
2021-01-11 06:15:23,764 index : 0 :: resp : b'e\x91\xc2\xbbJ~\x02\xceO\x86\xeaB\x11$&\x8f\xa7C\xeb\xdb\x11L\x8dJD\xc9\xc5D\x0b\xb9\x1c\xf9'
2021-01-11 06:15:23,764 index : 1 :: resp : b"i\x10$;\xb9\xcd\xe6oc)\xea\xfd\xac\x06oXF\xdb\xd7Lo\xa6\x1b\xfbt\xfc\xed\x96\xd9\xf1\x1c\xd8C>'\xcd\x13\x88\xb0\xcf@\xa6\x99\xda\xfb\xe5R{\xa6\xf3\xcf\x98\xdcEz\x15\xc5?\xda\x9f\x1f'\xd9\x01"
2021-01-11 06:15:23,764 check resp exit
2021-01-11 06:15:23,825 timeout
2021-01-11 06:15:23,825 b'u4%\x1dx\x88\xedB\xec)\xd4\xb0\xfb\xc8b\x84\xa7C\xeb\xdb\x11L\x8dJD\xc9\xc5D\x0b\xb9\x1c\xf9'
2021-01-11 06:15:23,825 cmd send x : 1
2021-01-11 06:15:23,831 prompt
2021-01-11 06:15:23,832 check resp :: cmd : b'u4%\x1dx\x88\xedB\xec)\xd4\xb0\xfb\xc8b\x84\xa7C\xeb\xdb\x11L\x8dJD\xc9\xc5D\x0b\xb9\x1c\xf9'
2021-01-11 06:15:23,832 index : 0 :: resp : b'u4%\x1dx\x88\xedB\xec)\xd4\xb0\xfb\xc8b\x84\xa7C\xeb\xdb\x11L\x8dJD\xc9\xc5D\x0b\xb9\x1c\xf9'
2021-01-11 06:15:23,832 index : 1 :: resp : b"i\x10$;\xb9\xcd\xe6oc)\xea\xfd\xac\x06oXF\xdb\xd7Lo\xa6\x1b\xfbt\xfc\xed\x96\xd9\xf1\x1c\xd8C>'\xcd\x13\x88\xb0\xcf@\xa6\x99\xda\xfb\xe5R{\xa6\xf3\xcf\x98\xdcEz\x15\xc5?\xda\x9f\x1f'\xd9\x01"
2021-01-11 06:15:23,832 check resp exit
2021-01-11 06:15:23,893 timeout
2021-01-11 06:15:23,893 b'\xfe\xab\x8d]\xba\xd2M\x02\xc1?=\xe9\x17\xd3aO\xbe\rwr\xd6\x08\xd7h\x84\xe6\x02\xae\x10\xbc\xa6M'
2021-01-11 06:15:23,894 cmd send x : 1
2021-01-11 06:15:23,899 prompt
2021-01-11 06:15:23,899 check resp :: cmd : b'\xfe\xab\x8d]\xba\xd2M\x02\xc1?=\xe9\x17\xd3aO\xbe\rwr\xd6\x08\xd7h\x84\xe6\x02\xae\x10\xbc\xa6M'
2021-01-11 06:15:23,900 index : 0 :: resp : b'\xfe\xab\x8d]\xba\xd2M\x02\xc1?=\xe9\x17\xd3aO\xbe\rwr\xd6\x08\xd7h\x84\xe6\x02\xae\x10\xbc\xa6M'
2021-01-11 06:15:23,900 index : 1 :: resp : b"i\x10$;\xb9\xcd\xe6oc)\xea\xfd\xac\x06oXF\xdb\xd7Lo\xa6\x1b\xfbt\xfc\xed\x96\xd9\xf1\x1c\xd8C>'\xcd\x13\x88\xb0\xcf@\xa6\x99\xda\xfb\xe5R{\xa6\xf3\xcf\x98\xdcEz\x15\xc5?\xda\x9f\x1f'\xd9\x01"
2021-01-11 06:15:23,900 check resp exit
2021-01-11 06:15:23,961 timeout
2021-01-11 06:15:23,961 b'e\x91\xc2\xbbJ~\x02\xceO\x86\xeaB\x11$&\x8f\xa7C\xeb\xdb\x11L\x8dJD\xc9\xc5D\x0b\xb9\x1c\xf9'
2021-01-11 06:15:23,961 cmd send x : 1
2021-01-11 06:15:23,969 prompt
2021-01-11 06:15:23,969 check resp :: cmd : b'e\x91\xc2\xbbJ~\x02\xceO\x86\xeaB\x11$&\x8f\xa7C\xeb\xdb\x11L\x8dJD\xc9\xc5D\x0b\xb9\x1c\xf9'
2021-01-11 06:15:23,969 index : 0 :: resp : b'e\x91\xc2\xbbJ~\x02\xceO\x86\xeaB\x11$&\x8f\xa7C\xeb\xdb\x11L\x8dJD\xc9\xc5D\x0b\xb9\x1c\xf9'
2021-01-11 06:15:23,969 index : 1 :: resp : b"i\x10$;\xb9\xcd\xe6oc)\xea\xfd\xac\x06oXF\xdb\xd7Lo\xa6\x1b\xfbt\xfc\xed\x96\xd9\xf1\x1c\xd8C>'\xcd\x13\x88\xb0\xcf@\xa6\x99\xda\xfb\xe5R{\xa6\xf3\xcf\x98\xdcEz\x15\xc5?\xda\x9f\x1f'\xd9\x01"
2021-01-11 06:15:23,970 check resp exit
2021-01-11 06:15:24,021 timeout
2021-01-11 06:15:24,021 b'u4%\x1dx\x88\xedB\xec)\xd4\xb0\xfb\xc8b\x84\xa7C\xeb\xdb\x11L\x8dJD\xc9\xc5D\x0b\xb9\x1c\xf9'
2021-01-11 06:15:24,021 cmd send x : 1
2021-01-11 06:15:24,028 prompt
2021-01-11 06:15:24,029 check resp :: cmd : b'u4%\x1dx\x88\xedB\xec)\xd4\xb0\xfb\xc8b\x84\xa7C\xeb\xdb\x11L\x8dJD\xc9\xc5D\x0b\xb9\x1c\xf9'
2021-01-11 06:15:24,029 index : 0 :: resp : b'u4%\x1dx\x88\xedB\xec)\xd4\xb0\xfb\xc8b\x84\xa7C\xeb\xdb\x11L\x8dJD\xc9\xc5D\x0b\xb9\x1c\xf9'
2021-01-11 06:15:24,029 index : 1 :: resp : b"i\x10$;\xb9\xcd\xe6oc)\xea\xfd\xac\x06oXF\xdb\xd7Lo\xa6\x1b\xfbt\xfc\xed\x96\xd9\xf1\x1c\xd8C>'\xcd\x13\x88\xb0\xcf@\xa6\x99\xda\xfb\xe5R{\xa6\xf3\xcf\x98\xdcEz\x15\xc5?\xda\x9f\x1f'\xd9\x01"
2021-01-11 06:15:24,029 check resp exit
2021-01-11 06:15:24,084 timeout
2021-01-11 06:15:24,084 b'\xfe\xab\x8d]\xba\xd2M\x02\xc1?=\xe9\x17\xd3aO\xb0\xc7\xa3\xce1c\x08G\x17 )\xce\xc88\x8b\xc2'
2021-01-11 06:15:24,085 cmd send x : 1
2021-01-11 06:15:24,090 prompt
2021-01-11 06:15:24,091 check resp :: cmd : b'\xfe\xab\x8d]\xba\xd2M\x02\xc1?=\xe9\x17\xd3aO\xb0\xc7\xa3\xce1c\x08G\x17 )\xce\xc88\x8b\xc2'
2021-01-11 06:15:24,091 index : 0 :: resp : b'\xfe\xab\x8d]\xba\xd2M\x02\xc1?=\xe9\x17\xd3aO\xb0\xc7\xa3\xce1c\x08G\x17 )\xce\xc88\x8b\xc2'
2021-01-11 06:15:24,091 index : 1 :: resp : b"i\x10$;\xb9\xcd\xe6oc)\xea\xfd\xac\x06oXF\xdb\xd7Lo\xa6\x1b\xfbt\xfc\xed\x96\xd9\xf1\x1c\xd8C>'\xcd\x13\x88\xb0\xcf@\xa6\x99\xda\xfb\xe5R{\xa6\xf3\xcf\x98\xdcEz\x15\xc5?\xda\x9f\x1f'\xd9\x01"
2021-01-11 06:15:24,091 check resp exit
2021-01-11 06:15:24,152 timeout
2021-01-11 06:15:24,152 b'\x18\xfeh\xaehI\xcf$\xd9Dp\x9f\xa4\x8fL\x84\xc1x\xb6!D\xae@\xeb[s>=\x8b+\xc1\xd8'
2021-01-11 06:15:24,153 cmd send x : 1
2021-01-11 06:15:24,158 prompt
2021-01-11 06:15:24,159 check resp :: cmd : b'\x18\xfeh\xaehI\xcf$\xd9Dp\x9f\xa4\x8fL\x84\xc1x\xb6!D\xae@\xeb[s>=\x8b+\xc1\xd8'
2021-01-11 06:15:24,159 index : 0 :: resp : b'\x18\xfeh\xaehI\xcf$\xd9Dp\x9f\xa4\x8fL\x84\xc1x\xb6!D\xae@\xeb[s>=\x8b+\xc1\xd8'
2021-01-11 06:15:24,159 index : 1 :: resp : b"i\x10$;\xb9\xcd\xe6oc)\xea\xfd\xac\x06oXF\xdb\xd7Lo\xa6\x1b\xfbt\xfc\xed\x96\xd9\xf1\x1c\xd8C>'\xcd\x13\x88\xb0\xcf@\xa6\x99\xda\xfb\xe5R{\xa6\xf3\xcf\x98\xdcEz\x15\xc5?\xda\x9f\x1f'\xd9\x01"
2021-01-11 06:15:24,159 check resp exit
2021-01-11 06:15:24,220 timeout
2021-01-11 06:15:24,220 b"\xe8F[\xf6\x12\xc2C\xa6~)\xef'\xd3\xe6\xbdN\xc1x\xb6!D\xae@\xeb[s>=\x8b+\xc1\xd8"
2021-01-11 06:15:24,220 cmd send x : 1
2021-01-11 06:15:24,226 prompt
2021-01-11 06:15:24,226 check resp :: cmd : b"\xe8F[\xf6\x12\xc2C\xa6~)\xef'\xd3\xe6\xbdN\xc1x\xb6!D\xae@\xeb[s>=\x8b+\xc1\xd8"
2021-01-11 06:15:24,227 index : 0 :: resp : b"\xe8F[\xf6\x12\xc2C\xa6~)\xef'\xd3\xe6\xbdN\xc1x\xb6!D\xae@\xeb[s>=\x8b+\xc1\xd8"
2021-01-11 06:15:24,227 index : 1 :: resp : b"i\x10$;\xb9\xcd\xe6oc)\xea\xfd\xac\x06oXF\xdb\xd7Lo\xa6\x1b\xfbt\xfc\xed\x96\xd9\xf1\x1c\xd8C>'\xcd\x13\x88\xb0\xcf@\xa6\x99\xda\xfb\xe5R{\xa6\xf3\xcf\x98\xdcEz\x15\xc5?\xda\x9f\x1f'\xd9\x01"
2021-01-11 06:15:24,227 check resp exit
2021-01-11 06:15:24,288 timeout
2021-01-11 06:15:24,288 cmd : b'i\x10$;\xb9\xcd\xe6oc)\xea\xfd\xac\x06oXh\x1e^\xbe\xbe:\xa4\xaa\xce\xaf\xd5\x9b\x08\xae\xbf\x83'
2021-01-11 06:15:24,288 b'i\x10$;\xb9\xcd\xe6oc)\xea\xfd\xac\x06oXh\x1e^\xbe\xbe:\xa4\xaa\xce\xaf\xd5\x9b\x08\xae\xbf\x83'
2021-01-11 06:15:24,289 cmd send x : 1
2021-01-11 06:15:25,128 prompt
2021-01-11 06:15:25,128 check resp :: cmd : b'i\x10$;\xb9\xcd\xe6oc)\xea\xfd\xac\x06oXh\x1e^\xbe\xbe:\xa4\xaa\xce\xaf\xd5\x9b\x08\xae\xbf\x83'
2021-01-11 06:15:25,129 index : 0 :: resp : b'i\x10$;\xb9\xcd\xe6oc)\xea\xfd\xac\x06oXh\x1e^\xbe\xbe:\xa4\xaa\xce\xaf\xd5\x9b\x08\xae\xbf\x83'
2021-01-11 06:15:25,129 index : 1 :: resp : b"i\x10$;\xb9\xcd\xe6oc)\xea\xfd\xac\x06oXF\xdb\xd7Lo\xa6\x1b\xfbt\xfc\xed\x96\xd9\xf1\x1c\xd8\xa7b\x96\xfc\x99\xb2\xb2(\x05\\\xe6>s\xf5\xf9\xb3\xa6\xf3\xcf\x98\xdcEz\x15\xc5?\xda\x9f\x1f'\xd9\x01"
2021-01-11 06:15:25,129 check resp exit
2021-01-11 06:15:25,183 timeout
2021-01-11 06:15:25,183 b'\xfe\xab\x8d]\xba\xd2M\x02\xc1?=\xe9\x17\xd3aO\x9c\xb4\x86\x86\xb4\x93\x16=\x0e\xd2a\xac\x81n\xd5,'
2021-01-11 06:15:25,183 cmd send x : 1
2021-01-11 06:15:25,189 prompt
2021-01-11 06:15:25,189 check resp :: cmd : b'\xfe\xab\x8d]\xba\xd2M\x02\xc1?=\xe9\x17\xd3aO\x9c\xb4\x86\x86\xb4\x93\x16=\x0e\xd2a\xac\x81n\xd5,'
2021-01-11 06:15:25,189 index : 0 :: resp : b'\xfe\xab\x8d]\xba\xd2M\x02\xc1?=\xe9\x17\xd3aO\x9c\xb4\x86\x86\xb4\x93\x16=\x0e\xd2a\xac\x81n\xd5,'
2021-01-11 06:15:25,189 index : 1 :: resp : b"i\x10$;\xb9\xcd\xe6oc)\xea\xfd\xac\x06oXF\xdb\xd7Lo\xa6\x1b\xfbt\xfc\xed\x96\xd9\xf1\x1c\xd8\xa7b\x96\xfc\x99\xb2\xb2(\x05\\\xe6>s\xf5\xf9\xb3\xa6\xf3\xcf\x98\xdcEz\x15\xc5?\xda\x9f\x1f'\xd9\x01"
2021-01-11 06:15:25,190 check resp exit
2021-01-11 06:15:25,250 timeout
2021-01-11 06:15:25,250 b'e\x91\xc2\xbbJ~\x02\xceO\x86\xeaB\x11$&\x8f\xa7C\xeb\xdb\x11L\x8dJD\xc9\xc5D\x0b\xb9\x1c\xf9'
2021-01-11 06:15:25,251 cmd send x : 1
2021-01-11 06:15:25,256 prompt
2021-01-11 06:15:25,257 check resp :: cmd : b'e\x91\xc2\xbbJ~\x02\xceO\x86\xeaB\x11$&\x8f\xa7C\xeb\xdb\x11L\x8dJD\xc9\xc5D\x0b\xb9\x1c\xf9'
2021-01-11 06:15:25,257 index : 0 :: resp : b'e\x91\xc2\xbbJ~\x02\xceO\x86\xeaB\x11$&\x8f\xa7C\xeb\xdb\x11L\x8dJD\xc9\xc5D\x0b\xb9\x1c\xf9'
2021-01-11 06:15:25,257 index : 1 :: resp : b"i\x10$;\xb9\xcd\xe6oc)\xea\xfd\xac\x06oXF\xdb\xd7Lo\xa6\x1b\xfbt\xfc\xed\x96\xd9\xf1\x1c\xd8\xa7b\x96\xfc\x99\xb2\xb2(\x05\\\xe6>s\xf5\xf9\xb3\xa6\xf3\xcf\x98\xdcEz\x15\xc5?\xda\x9f\x1f'\xd9\x01"
2021-01-11 06:15:25,258 check resp exit
2021-01-11 06:15:25,318 timeout
2021-01-11 06:15:25,318 b'u4%\x1dx\x88\xedB\xec)\xd4\xb0\xfb\xc8b\x84\xa7C\xeb\xdb\x11L\x8dJD\xc9\xc5D\x0b\xb9\x1c\xf9'
2021-01-11 06:15:25,319 cmd send x : 1
2021-01-11 06:15:25,325 prompt
2021-01-11 06:15:25,325 check resp :: cmd : b'u4%\x1dx\x88\xedB\xec)\xd4\xb0\xfb\xc8b\x84\xa7C\xeb\xdb\x11L\x8dJD\xc9\xc5D\x0b\xb9\x1c\xf9'
2021-01-11 06:15:25,325 index : 0 :: resp : b'u4%\x1dx\x88\xedB\xec)\xd4\xb0\xfb\xc8b\x84\xa7C\xeb\xdb\x11L\x8dJD\xc9\xc5D\x0b\xb9\x1c\xf9'
2021-01-11 06:15:25,326 index : 1 :: resp : b"i\x10$;\xb9\xcd\xe6oc)\xea\xfd\xac\x06oXF\xdb\xd7Lo\xa6\x1b\xfbt\xfc\xed\x96\xd9\xf1\x1c\xd8\xa7b\x96\xfc\x99\xb2\xb2(\x05\\\xe6>s\xf5\xf9\xb3\xa6\xf3\xcf\x98\xdcEz\x15\xc5?\xda\x9f\x1f'\xd9\x01"
2021-01-11 06:15:25,326 check resp exit
2021-01-11 06:15:25,386 timeout
2021-01-11 06:15:25,387 b'\xfe\xab\x8d]\xba\xd2M\x02\xc1?=\xe9\x17\xd3aO]4B\xa5,\x95\xcc\x07q\xe9\x9ew\xbd\xfd\xdb\xb9'
2021-01-11 06:15:25,387 cmd send x : 1
2021-01-11 06:15:25,394 prompt
2021-01-11 06:15:25,394 check resp :: cmd : b'\xfe\xab\x8d]\xba\xd2M\x02\xc1?=\xe9\x17\xd3aO]4B\xa5,\x95\xcc\x07q\xe9\x9ew\xbd\xfd\xdb\xb9'
2021-01-11 06:15:25,395 index : 0 :: resp : b'\xfe\xab\x8d]\xba\xd2M\x02\xc1?=\xe9\x17\xd3aO]4B\xa5,\x95\xcc\x07q\xe9\x9ew\xbd\xfd\xdb\xb9'
2021-01-11 06:15:25,395 index : 1 :: resp : b"i\x10$;\xb9\xcd\xe6oc)\xea\xfd\xac\x06oXF\xdb\xd7Lo\xa6\x1b\xfbt\xfc\xed\x96\xd9\xf1\x1c\xd8\xa7b\x96\xfc\x99\xb2\xb2(\x05\\\xe6>s\xf5\xf9\xb3\xa6\xf3\xcf\x98\xdcEz\x15\xc5?\xda\x9f\x1f'\xd9\x01"
2021-01-11 06:15:25,395 check resp exit
2021-01-11 06:15:25,450 timeout
2021-01-11 06:15:25,451 b'e\x91\xc2\xbbJ~\x02\xceO\x86\xeaB\x11$&\x8f\xa7C\xeb\xdb\x11L\x8dJD\xc9\xc5D\x0b\xb9\x1c\xf9'
2021-01-11 06:15:25,451 cmd send x : 1
2021-01-11 06:15:25,457 prompt
2021-01-11 06:15:25,458 check resp :: cmd : b'e\x91\xc2\xbbJ~\x02\xceO\x86\xeaB\x11$&\x8f\xa7C\xeb\xdb\x11L\x8dJD\xc9\xc5D\x0b\xb9\x1c\xf9'
2021-01-11 06:15:25,458 index : 0 :: resp : b'e\x91\xc2\xbbJ~\x02\xceO\x86\xeaB\x11$&\x8f\xa7C\xeb\xdb\x11L\x8dJD\xc9\xc5D\x0b\xb9\x1c\xf9'
2021-01-11 06:15:25,458 index : 1 :: resp : b"i\x10$;\xb9\xcd\xe6oc)\xea\xfd\xac\x06oXF\xdb\xd7Lo\xa6\x1b\xfbt\xfc\xed\x96\xd9\xf1\x1c\xd8\xa7b\x96\xfc\x99\xb2\xb2(\x05\\\xe6>s\xf5\xf9\xb3\xa6\xf3\xcf\x98\xdcEz\x15\xc5?\xda\x9f\x1f'\xd9\x01"
2021-01-11 06:15:25,458 check resp exit
2021-01-11 06:15:25,513 timeout
2021-01-11 06:15:25,513 b'u4%\x1dx\x88\xedB\xec)\xd4\xb0\xfb\xc8b\x84\xa7C\xeb\xdb\x11L\x8dJD\xc9\xc5D\x0b\xb9\x1c\xf9'
2021-01-11 06:15:25,513 cmd send x : 1
2021-01-11 06:15:25,519 prompt
2021-01-11 06:15:25,520 check resp :: cmd : b'u4%\x1dx\x88\xedB\xec)\xd4\xb0\xfb\xc8b\x84\xa7C\xeb\xdb\x11L\x8dJD\xc9\xc5D\x0b\xb9\x1c\xf9'
2021-01-11 06:15:25,520 index : 0 :: resp : b'u4%\x1dx\x88\xedB\xec)\xd4\xb0\xfb\xc8b\x84\xa7C\xeb\xdb\x11L\x8dJD\xc9\xc5D\x0b\xb9\x1c\xf9'
2021-01-11 06:15:25,520 index : 1 :: resp : b"i\x10$;\xb9\xcd\xe6oc)\xea\xfd\xac\x06oXF\xdb\xd7Lo\xa6\x1b\xfbt\xfc\xed\x96\xd9\xf1\x1c\xd8\xa7b\x96\xfc\x99\xb2\xb2(\x05\\\xe6>s\xf5\xf9\xb3\xa6\xf3\xcf\x98\xdcEz\x15\xc5?\xda\x9f\x1f'\xd9\x01"
2021-01-11 06:15:25,520 check resp exit
2021-01-11 06:15:25,581 timeout
2021-01-11 06:15:25,581 b'\xfe\xab\x8d]\xba\xd2M\x02\xc1?=\xe9\x17\xd3aO\xbe\rwr\xd6\x08\xd7h\x84\xe6\x02\xae\x10\xbc\xa6M'
2021-01-11 06:15:25,581 cmd send x : 1
2021-01-11 06:15:25,587 prompt
2021-01-11 06:15:25,587 check resp :: cmd : b'\xfe\xab\x8d]\xba\xd2M\x02\xc1?=\xe9\x17\xd3aO\xbe\rwr\xd6\x08\xd7h\x84\xe6\x02\xae\x10\xbc\xa6M'
2021-01-11 06:15:25,587 index : 0 :: resp : b'\xfe\xab\x8d]\xba\xd2M\x02\xc1?=\xe9\x17\xd3aO\xbe\rwr\xd6\x08\xd7h\x84\xe6\x02\xae\x10\xbc\xa6M'
2021-01-11 06:15:25,588 index : 1 :: resp : b"i\x10$;\xb9\xcd\xe6oc)\xea\xfd\xac\x06oXF\xdb\xd7Lo\xa6\x1b\xfbt\xfc\xed\x96\xd9\xf1\x1c\xd8\xa7b\x96\xfc\x99\xb2\xb2(\x05\\\xe6>s\xf5\xf9\xb3\xa6\xf3\xcf\x98\xdcEz\x15\xc5?\xda\x9f\x1f'\xd9\x01"
2021-01-11 06:15:25,588 check resp exit
2021-01-11 06:15:25,648 timeout
2021-01-11 06:15:25,649 b'e\x91\xc2\xbbJ~\x02\xceO\x86\xeaB\x11$&\x8f\xa7C\xeb\xdb\x11L\x8dJD\xc9\xc5D\x0b\xb9\x1c\xf9'
2021-01-11 06:15:25,649 cmd send x : 1
2021-01-11 06:15:25,654 prompt
2021-01-11 06:15:25,655 check resp :: cmd : b'e\x91\xc2\xbbJ~\x02\xceO\x86\xeaB\x11$&\x8f\xa7C\xeb\xdb\x11L\x8dJD\xc9\xc5D\x0b\xb9\x1c\xf9'
2021-01-11 06:15:25,655 index : 0 :: resp : b'e\x91\xc2\xbbJ~\x02\xceO\x86\xeaB\x11$&\x8f\xa7C\xeb\xdb\x11L\x8dJD\xc9\xc5D\x0b\xb9\x1c\xf9'
2021-01-11 06:15:25,655 index : 1 :: resp : b"i\x10$;\xb9\xcd\xe6oc)\xea\xfd\xac\x06oXF\xdb\xd7Lo\xa6\x1b\xfbt\xfc\xed\x96\xd9\xf1\x1c\xd8\xa7b\x96\xfc\x99\xb2\xb2(\x05\\\xe6>s\xf5\xf9\xb3\xa6\xf3\xcf\x98\xdcEz\x15\xc5?\xda\x9f\x1f'\xd9\x01"
2021-01-11 06:15:25,656 check resp exit
2021-01-11 06:15:25,706 timeout
2021-01-11 06:15:25,707 b'u4%\x1dx\x88\xedB\xec)\xd4\xb0\xfb\xc8b\x84\xa7C\xeb\xdb\x11L\x8dJD\xc9\xc5D\x0b\xb9\x1c\xf9'
2021-01-11 06:15:25,707 cmd send x : 1
2021-01-11 06:15:25,713 prompt
2021-01-11 06:15:25,713 check resp :: cmd : b'u4%\x1dx\x88\xedB\xec)\xd4\xb0\xfb\xc8b\x84\xa7C\xeb\xdb\x11L\x8dJD\xc9\xc5D\x0b\xb9\x1c\xf9'
2021-01-11 06:15:25,713 index : 0 :: resp : b'u4%\x1dx\x88\xedB\xec)\xd4\xb0\xfb\xc8b\x84\xa7C\xeb\xdb\x11L\x8dJD\xc9\xc5D\x0b\xb9\x1c\xf9'
2021-01-11 06:15:25,714 index : 1 :: resp : b"i\x10$;\xb9\xcd\xe6oc)\xea\xfd\xac\x06oXF\xdb\xd7Lo\xa6\x1b\xfbt\xfc\xed\x96\xd9\xf1\x1c\xd8\xa7b\x96\xfc\x99\xb2\xb2(\x05\\\xe6>s\xf5\xf9\xb3\xa6\xf3\xcf\x98\xdcEz\x15\xc5?\xda\x9f\x1f'\xd9\x01"
2021-01-11 06:15:25,714 check resp exit
2021-01-11 06:15:25,774 timeout
2021-01-11 06:15:25,775 b'\xfe\xab\x8d]\xba\xd2M\x02\xc1?=\xe9\x17\xd3aO\xb0\xc7\xa3\xce1c\x08G\x17 )\xce\xc88\x8b\xc2'
2021-01-11 06:15:25,775 cmd send x : 1
2021-01-11 06:15:25,780 prompt
2021-01-11 06:15:25,781 check resp :: cmd : b'\xfe\xab\x8d]\xba\xd2M\x02\xc1?=\xe9\x17\xd3aO\xb0\xc7\xa3\xce1c\x08G\x17 )\xce\xc88\x8b\xc2'
2021-01-11 06:15:25,781 index : 0 :: resp : b'\xfe\xab\x8d]\xba\xd2M\x02\xc1?=\xe9\x17\xd3aO\xb0\xc7\xa3\xce1c\x08G\x17 )\xce\xc88\x8b\xc2'
2021-01-11 06:15:25,781 index : 1 :: resp : b"i\x10$;\xb9\xcd\xe6oc)\xea\xfd\xac\x06oXF\xdb\xd7Lo\xa6\x1b\xfbt\xfc\xed\x96\xd9\xf1\x1c\xd8\xa7b\x96\xfc\x99\xb2\xb2(\x05\\\xe6>s\xf5\xf9\xb3\xa6\xf3\xcf\x98\xdcEz\x15\xc5?\xda\x9f\x1f'\xd9\x01"
2021-01-11 06:15:25,782 check resp exit
2021-01-11 06:15:25,842 timeout
2021-01-11 06:15:25,842 b'\x18\xfeh\xaehI\xcf$\xd9Dp\x9f\xa4\x8fL\x84\xc1x\xb6!D\xae@\xeb[s>=\x8b+\xc1\xd8'
2021-01-11 06:15:25,843 cmd send x : 1
2021-01-11 06:15:25,848 prompt
2021-01-11 06:15:25,849 check resp :: cmd : b'\x18\xfeh\xaehI\xcf$\xd9Dp\x9f\xa4\x8fL\x84\xc1x\xb6!D\xae@\xeb[s>=\x8b+\xc1\xd8'
2021-01-11 06:15:25,849 index : 0 :: resp : b'\x18\xfeh\xaehI\xcf$\xd9Dp\x9f\xa4\x8fL\x84\xc1x\xb6!D\xae@\xeb[s>=\x8b+\xc1\xd8'
2021-01-11 06:15:25,849 index : 1 :: resp : b"i\x10$;\xb9\xcd\xe6oc)\xea\xfd\xac\x06oXF\xdb\xd7Lo\xa6\x1b\xfbt\xfc\xed\x96\xd9\xf1\x1c\xd8\xa7b\x96\xfc\x99\xb2\xb2(\x05\\\xe6>s\xf5\xf9\xb3\xa6\xf3\xcf\x98\xdcEz\x15\xc5?\xda\x9f\x1f'\xd9\x01"
2021-01-11 06:15:25,849 check resp exit
2021-01-11 06:15:25,910 timeout
2021-01-11 06:15:25,910 b"\xe8F[\xf6\x12\xc2C\xa6~)\xef'\xd3\xe6\xbdN\xc1x\xb6!D\xae@\xeb[s>=\x8b+\xc1\xd8"
2021-01-11 06:15:25,911 cmd send x : 1
2021-01-11 06:15:25,916 prompt
2021-01-11 06:15:25,917 check resp :: cmd : b"\xe8F[\xf6\x12\xc2C\xa6~)\xef'\xd3\xe6\xbdN\xc1x\xb6!D\xae@\xeb[s>=\x8b+\xc1\xd8"
2021-01-11 06:15:25,917 index : 0 :: resp : b"\xe8F[\xf6\x12\xc2C\xa6~)\xef'\xd3\xe6\xbdN\xc1x\xb6!D\xae@\xeb[s>=\x8b+\xc1\xd8"
2021-01-11 06:15:25,917 index : 1 :: resp : b"i\x10$;\xb9\xcd\xe6oc)\xea\xfd\xac\x06oXF\xdb\xd7Lo\xa6\x1b\xfbt\xfc\xed\x96\xd9\xf1\x1c\xd8\xa7b\x96\xfc\x99\xb2\xb2(\x05\\\xe6>s\xf5\xf9\xb3\xa6\xf3\xcf\x98\xdcEz\x15\xc5?\xda\x9f\x1f'\xd9\x01"
2021-01-11 06:15:25,917 check resp exit
2021-01-11 06:15:25,980 timeout
2021-01-11 06:15:25,980 cmd : b'i\x10$;\xb9\xcd\xe6oc)\xea\xfd\xac\x06oX}\xda<\xc3\xc1Zb\xac\xe4.}\xdf\xc7b\xd5oS\xa31U3\x1d\x15\x18\x8d\x17\xd1]\x93\x88I\xc5\xc1\xf8\xc0\xdd\xaa.\x0e\xe8\xc5hD\n\xc7]\xea\x0f'
2021-01-11 06:15:25,980 b'i\x10$;\xb9\xcd\xe6oc)\xea\xfd\xac\x06oX}\xda<\xc3\xc1Zb\xac\xe4.}\xdf\xc7b\xd5oS\xa31U3\x1d\x15\x18\x8d\x17\xd1]\x93\x88I\xc5\xc1\xf8\xc0\xdd\xaa.\x0e\xe8\xc5hD\n\xc7]\xea\x0f'
2021-01-11 06:15:25,980 cmd send x : 1
2021-01-11 06:15:25,987 prompt
2021-01-11 06:15:25,987 check resp :: cmd : b'i\x10$;\xb9\xcd\xe6oc)\xea\xfd\xac\x06oX}\xda<\xc3\xc1Zb\xac\xe4.}\xdf\xc7b\xd5oS\xa31U3\x1d\x15\x18\x8d\x17\xd1]\x93\x88I\xc5\xc1\xf8\xc0\xdd\xaa.\x0e\xe8\xc5hD\n\xc7]\xea\x0f'
2021-01-11 06:15:25,987 index : 0 :: resp : b'i\x10$;\xb9\xcd\xe6oc)\xea\xfd\xac\x06oX\xd4\x08\xdb\x85\x18\xb8\xd3&\n\x88\xd5\x10\x8b\x1bE\x86\xf3\xc6\xe02\xeb\xd6\x1f\x14i\xcd\x07\xe2\x99it\x958\x94\x80I\x8f\x0c\x90\x8c\x94:\xe8\x82\x8e.\x02\xf7'
2021-01-11 06:15:25,987 index : 1 :: resp : b''
2021-01-11 06:15:25,988 index : 2 :: resp : b'i\x10$;\xb9\xcd\xe6oc)\xea\xfd\xac\x06oXs\xf8\xbf\xaeaSw~\xcbQ\xe3\n\x81\xffl\x01P\xa29gJS\xbc\xc9\xc7g"\xebNE\xd8@y\xc5\xc6S\x1e^&\xcdp\xf23\x00\xfe+\xd8\xc3s\x02\x9b\x98\xe3\xf1=PH\xb5,Z;\xf6\x08}GX3>\xd86\x01\x8e\xe5\x0e\'\x0b\x12\x87v:'
2021-01-11 06:15:25,988 index : 3 :: resp : b'i\x10$;\xb9\xcd\xe6oc)\xea\xfd\xac\x06oX\xd2\xe4\xd88r\x8a\x1a\xdb\xccX\x15\x80\xac\xb6&\x16\xbf\x07\xdb \xab\rk\xa1\x0f\xfa\xbd\xfd\xc2\xb8\x8f\xcef\xb8\xc3|\xce\x07o\xb0W\x07Z\\|\xe5\x10\xfa'
2021-01-11 06:15:25,988 index : 4 :: resp : b"i\x10$;\xb9\xcd\xe6oc)\xea\xfd\xac\x06oXF\xdb\xd7Lo\xa6\x1b\xfbt\xfc\xed\x96\xd9\xf1\x1c\xd8C>'\xcd\x13\x88\xb0\xcf@\xa6\x99\xda\xfb\xe5R{\xa6\xf3\xcf\x98\xdcEz\x15\xc5?\xda\x9f\x1f'\xd9\x01"
2021-01-11 06:15:25,988 check resp exit
2021-01-11 06:15:25,989 node1 :: lat:0.000000 long:0.000000
2021-01-11 06:15:26,049 timeout
2021-01-11 06:15:26,050 cmd : b'i\x10$;\xb9\xcd\xe6oc)\xea\xfd\xac\x06oX}\xda<\xc3\xc1Zb\xac\xe4.}\xdf\xc7b\xd5oS\xa31U3\x1d\x15\x18\x8d\x17\xd1]\x93\x88I\xc5\xc1\xf8\xc0\xdd\xaa.\x0e\xe8\xc5hD\n\xc7]\xea\x0f'
2021-01-11 06:15:26,050 b'i\x10$;\xb9\xcd\xe6oc)\xea\xfd\xac\x06oX}\xda<\xc3\xc1Zb\xac\xe4.}\xdf\xc7b\xd5oS\xa31U3\x1d\x15\x18\x8d\x17\xd1]\x93\x88I\xc5\xc1\xf8\xc0\xdd\xaa.\x0e\xe8\xc5hD\n\xc7]\xea\x0f'
2021-01-11 06:15:26,050 cmd send x : 1
2021-01-11 06:15:26,055 prompt
2021-01-11 06:15:26,055 check resp :: cmd : b'i\x10$;\xb9\xcd\xe6oc)\xea\xfd\xac\x06oX}\xda<\xc3\xc1Zb\xac\xe4.}\xdf\xc7b\xd5oS\xa31U3\x1d\x15\x18\x8d\x17\xd1]\x93\x88I\xc5\xc1\xf8\xc0\xdd\xaa.\x0e\xe8\xc5hD\n\xc7]\xea\x0f'
2021-01-11 06:15:26,056 index : 0 :: resp : b'i\x10$;\xb9\xcd\xe6oc)\xea\xfd\xac\x06oX\xd4\x08\xdb\x85\x18\xb8\xd3&\n\x88\xd5\x10\x8b\x1bE\x86\xf3\xc6\xe02\xeb\xd6\x1f\x14i\xcd\x07\xe2\x99it\x958\x94\x80I\x8f\x0c\x90\x8c\x94:\xe8\x82\x8e.\x02\xf7'
2021-01-11 06:15:26,056 index : 1 :: resp : b''
2021-01-11 06:15:26,056 index : 2 :: resp : b'\x89\x85\xf6C7\xbc1\xf7\xe1 \x0b\x87{\xa1\xfc\xf1u\x9c\x08\xdaX}Q\x85\xd5\x8f\x7f\x13\x98c\xfaY\x12+O\x83e^\x1e ZN\xf5\xa20\xf6X\x0e\x13G\x99\xd5(\x86h\x08Z\xb9\x12x\x94\x1e,p\xd1\x1a*fQ\xa2\xd8\xd3u\xf8.;}5(7<\x08\xc2^N\xd2\xb8\xf1\x14\xc9N\xe5e\xe14\xa0'
2021-01-11 06:15:26,056 index : 3 :: resp : b'i\x10$;\xb9\xcd\xe6oc)\xea\xfd\xac\x06oX\xd2\xe4\xd88r\x8a\x1a\xdb\xccX\x15\x80\xac\xb6&\x16\xbf\x07\xdb \xab\rk\xa1\x0f\xfa\xbd\xfd\xc2\xb8\x8f\xcef\xb8\xc3|\xce\x07o\xb0W\x07Z\\|\xe5\x10\xfa'
2021-01-11 06:15:26,056 index : 4 :: resp : b"i\x10$;\xb9\xcd\xe6oc)\xea\xfd\xac\x06oXF\xdb\xd7Lo\xa6\x1b\xfbt\xfc\xed\x96\xd9\xf1\x1c\xd8\xa7b\x96\xfc\x99\xb2\xb2(\x05\\\xe6>s\xf5\xf9\xb3\xa6\xf3\xcf\x98\xdcEz\x15\xc5?\xda\x9f\x1f'\xd9\x01"
2021-01-11 06:15:26,057 check resp exit
2021-01-11 06:15:26,057 node2 :: lat:55.833645 long:-72.323807
2021-01-11 06:15:26,057 Wrote GPS information to: Results/sweep_20210111_0615/gps_info.csv
2021-01-11 06:15:26,057 

Beam sweep starting...
2021-01-11 06:15:26,114 timeout
2021-01-11 06:15:26,114 cmd : b'i\x10$;\xb9\xcd\xe6oc)\xea\xfd\xac\x06oXH\xcf\xb7j\xaa\x1c0\xb4$\rH\x9b\xc5x\x80X\xa6\xe8\x12]\xa0\xc0rSMT\xf2\x8e_(_W\xf9\xd1Z\x93\x98\x025Z\xe8\x173\r\xf9\x9e\t\xc8'
2021-01-11 06:15:26,115 b'i\x10$;\xb9\xcd\xe6oc)\xea\xfd\xac\x06oXH\xcf\xb7j\xaa\x1c0\xb4$\rH\x9b\xc5x\x80X\xa6\xe8\x12]\xa0\xc0rSMT\xf2\x8e_(_W\xf9\xd1Z\x93\x98\x025Z\xe8\x173\r\xf9\x9e\t\xc8'
2021-01-11 06:15:26,115 cmd send x : 1
2021-01-11 06:15:26,118 prompt
2021-01-11 06:15:26,119 check resp :: cmd : b'i\x10$;\xb9\xcd\xe6oc)\xea\xfd\xac\x06oXH\xcf\xb7j\xaa\x1c0\xb4$\rH\x9b\xc5x\x80X\xa6\xe8\x12]\xa0\xc0rSMT\xf2\x8e_(_W\xf9\xd1Z\x93\x98\x025Z\xe8\x173\r\xf9\x9e\t\xc8'
2021-01-11 06:15:26,119 index : 0 :: resp : b'i\x10$;\xb9\xcd\xe6oc)\xea\xfd\xac\x06oX}\xdf\x14N\r]\x1b\xed\x90S\xe7va\x12\xb6\xdc\xc5]1\xa9UQ\x89\x02\xb9\x84\xf1\x14a\x02\xa0\xa3\x1bG\xa4\xd2\xae\xdb\xfccu\x01>\xddF\xea\xd0\x9a'
2021-01-11 06:15:26,119 index : 1 :: resp : b'i\x10$;\xb9\xcd\xe6oc)\xea\xfd\xac\x06oX\xd0\xc3yr\x91c\xe7\r:\xeb\xdc>\xd1\x9a\xb4~'
2021-01-11 06:15:26,119 index : 2 :: resp : b"i\x10$;\xb9\xcd\xe6oc)\xea\xfd\xac\x06oXF\xdb\xd7Lo\xa6\x1b\xfbt\xfc\xed\x96\xd9\xf1\x1c\xd8C>'\xcd\x13\x88\xb0\xcf@\xa6\x99\xda\xfb\xe5R{\xa6\xf3\xcf\x98\xdcEz\x15\xc5?\xda\x9f\x1f'\xd9\x01"
2021-01-11 06:15:26,120 check resp exit
2021-01-11 06:15:26,180 timeout
2021-01-11 06:15:26,181 cmd : b'\x109\x9a\xa0\x83\xa7\xbb\xe9\xe9\xf3T\xb7w\xda\xbf\xe1\xfb\xd2\xab\x84_)~kc\xa9\x9fO)\x93i@'
2021-01-11 06:15:26,181 b'\x109\x9a\xa0\x83\xa7\xbb\xe9\xe9\xf3T\xb7w\xda\xbf\xe1\xfb\xd2\xab\x84_)~kc\xa9\x9fO)\x93i@'
2021-01-11 06:15:26,181 cmd send x : 1
2021-01-11 06:15:26,208 prompt
2021-01-11 06:15:26,209 check resp :: cmd : b'\x109\x9a\xa0\x83\xa7\xbb\xe9\xe9\xf3T\xb7w\xda\xbf\xe1\xfb\xd2\xab\x84_)~kc\xa9\x9fO)\x93i@'
2021-01-11 06:15:26,209 index : 0 :: resp : b'\xa2B\xb3\xf3\x82~}<UW\xf0\xed\xca\x8b:\xb8\xb3\t\xc5\x9f\x14<\xdc\xb3\xc5\xb3;?o\xf8\\r\xb6\xa7\x08B\xcf\xce;\xd2\xe5SH\xcf\x88\xc0\xee\xe7\xe1s\x0e\xc9\x1c\xef\xdeU\x92\xe3\xc8\x02\xb3I(wx#s@D\xa0:+BS;\xb9}\xcf\xa6\xc3\x06\xfa\xcf\x07\x0c\xc8\x0b*\xb2,\xe7I\x82C\x131'
2021-01-11 06:15:26,209 index : 1 :: resp : b'\x109\x9a\xa0\x83\xa7\xbb\xe9\xe9\xf3T\xb7w\xda\xbf\xe1\xfb\xd2\xab\x84_)~kc\xa9\x9fO)\x93i@'
2021-01-11 06:15:26,209 index : 2 :: resp : b'+~\xc4\xe4\x01\x91\x17\xfej\x96O\xfe \xf6\xcd[1>\xf2GC\xcd\x1a=\xd4\x0c\x88/\xd3bb\xbc"E\xc4\xe8\x9dC\x9f\xe2\xb3\xe8\x0c\xfa\xe1\xbf\xe3\x1f\xb5;^\x84^\xb2\xfb\xd2Mi^\xf4\xa7u\xa9\xf0\xc2\xbbi\r"\xa0\xcetT\xfd\xe7\xa2\x9b\x8d\xc5\x99\x88j \xe3\xce\x93\xad\x1c\x92\xe4)M\xfd@\xf8\xb1\x94p*\xf1?\xff3{TvF\x009\'A3\xf6\x81c"\x1c\xf1\xab\xbd\xc2\xe1w\xd6i\xba\x15\x01'
2021-01-11 06:15:26,210 index : 3 :: resp : b'i\x10$;\xb9\xcd\xe6oc)\xea\xfd\xac\x06oX\x16w\x8fx\x99\xed`\xe7rP\xfa\x8a_\\\x00\x80\xa7\x91GA"\xd2\xf9j\x9d).3\xb6\xd1\x1c\xc2)\xf2\x8c\xe5\x8eA\x80\xb8\xf1m\xcf\'\xabj\xfcoNqz\x85\xea\x81G,\x99\xd1\x9e\x1d>\x14CWWp\xb0\x96\x1dj\xfb\xf1\xa6P\x0e~\xceM\x97\xf9'
2021-01-11 06:15:26,210 index : 4 :: resp : b"i\x10$;\xb9\xcd\xe6oc)\xea\xfd\xac\x06oXF\xdb\xd7Lo\xa6\x1b\xfbt\xfc\xed\x96\xd9\xf1\x1c\xd8C>'\xcd\x13\x88\xb0\xcf@\xa6\x99\xda\xfb\xe5R{\xa6\xf3\xcf\x98\xdcEz\x15\xc5?\xda\x9f\x1f'\xd9\x01"
2021-01-11 06:15:26,210 check resp exit
2021-01-11 06:15:26,210 node1 pkteng process id: 2358
2021-01-11 06:15:26,271 timeout
2021-01-11 06:15:26,271 cmd : b'\xae\xff\xe2\x1b<\xcb\x8cl\xf96\xe0\x086zs\x0e\xe9O\x0cXQU\x81=\x06\xc6V\x8f\x1c\xdc\xc8\xaf'
2021-01-11 06:15:26,271 b'\xae\xff\xe2\x1b<\xcb\x8cl\xf96\xe0\x086zs\x0e\xe9O\x0cXQU\x81=\x06\xc6V\x8f\x1c\xdc\xc8\xaf'
2021-01-11 06:15:26,272 cmd send x : 1
2021-01-11 06:15:26,482 prompt
2021-01-11 06:15:26,482 check resp :: cmd : b'\xae\xff\xe2\x1b<\xcb\x8cl\xf96\xe0\x086zs\x0e\xe9O\x0cXQU\x81=\x06\xc6V\x8f\x1c\xdc\xc8\xaf'
2021-01-11 06:15:26,482 index : 0 :: resp : b'\xae\xff\xe2\x1b<\xcb\x8cl\xf96\xe0\x086zs\x0e\xe9O\x0cXQU\x81=\x06\xc6V\x8f\x1c\xdc\xc8\xaf'
2021-01-11 06:15:26,483 index : 1 :: resp : b"l\x94\x0c\xee\xa2\x90\xd9;\xa6\xd5\x01\xc2\xcd\x8f\x9b\xf1hMv\xe5\xe3\x9e\xbd\x057:\\\xa8\xb5u\xee\xda\xe3\xb7\xcf{\xf1'te4\xd1,\xf5'\x1b\xe2\x83\xecQs\x12\x1e\xf9d,[\xfd\xb6\x13\xa0\xe7\xb3\xb8"
2021-01-11 06:15:26,483 index : 2 :: resp : b'\xb0$\n\xfa62=\xcc\xdcl\x81\xac\x8fnsv\x19\x995\xde\xe8\xcas\x88\xe6\xfb9\x0f\xa2\x8d\xc5\xd6'
2021-01-11 06:15:26,483 index : 3 :: resp : b"i\x10$;\xb9\xcd\xe6oc)\xea\xfd\xac\x06oXF\xdb\xd7Lo\xa6\x1b\xfbt\xfc\xed\x96\xd9\xf1\x1c\xd8\xa7b\x96\xfc\x99\xb2\xb2(\x05\\\xe6>s\xf5\xf9\xb3\xa6\xf3\xcf\x98\xdcEz\x15\xc5?\xda\x9f\x1f'\xd9\x01"
2021-01-11 06:15:26,483 check resp exit
2021-01-11 06:15:26,483 Internal Tx gain index mapping 25->6
2021-01-11 06:15:26,537 timeout
2021-01-11 06:15:26,538 b'F\xe9\xd95\x92<N\x85\x91h\xa5J\xac\xfe&koG\x1fcS\xd7\xac\xca\xc7%\xcfS\xaai\xca\x13'
2021-01-11 06:15:26,538 cmd send x : 1
2021-01-11 06:15:26,543 prompt
2021-01-11 06:15:26,544 check resp :: cmd : b'F\xe9\xd95\x92<N\x85\x91h\xa5J\xac\xfe&koG\x1fcS\xd7\xac\xca\xc7%\xcfS\xaai\xca\x13'
2021-01-11 06:15:26,544 index : 0 :: resp : b'F\xe9\xd95\x92<N\x85\x91h\xa5J\xac\xfe&koG\x1fcS\xd7\xac\xca\xc7%\xcfS\xaai\xca\x13'
2021-01-11 06:15:26,544 index : 1 :: resp : b"i\x10$;\xb9\xcd\xe6oc)\xea\xfd\xac\x06oXF\xdb\xd7Lo\xa6\x1b\xfbt\xfc\xed\x96\xd9\xf1\x1c\xd8C>'\xcd\x13\x88\xb0\xcf@\xa6\x99\xda\xfb\xe5R{\xa6\xf3\xcf\x98\xdcEz\x15\xc5?\xda\x9f\x1f'\xd9\x01"
2021-01-11 06:15:26,544 check resp exit
2021-01-11 06:15:26,596 timeout
2021-01-11 06:15:26,596 b'ef|1E\x14\xb2\x06 \x19;-\xed\xd2P\x130\xa8k_Pd\xb5\xd7_#\x8c\r2\x1c\xa9\xf5'
2021-01-11 06:15:26,596 cmd send x : 1
2021-01-11 06:15:26,602 prompt
2021-01-11 06:15:26,602 check resp :: cmd : b'ef|1E\x14\xb2\x06 \x19;-\xed\xd2P\x130\xa8k_Pd\xb5\xd7_#\x8c\r2\x1c\xa9\xf5'
2021-01-11 06:15:26,602 index : 0 :: resp : b'ef|1E\x14\xb2\x06 \x19;-\xed\xd2P\x130\xa8k_Pd\xb5\xd7_#\x8c\r2\x1c\xa9\xf5'
2021-01-11 06:15:26,603 index : 1 :: resp : b"i\x10$;\xb9\xcd\xe6oc)\xea\xfd\xac\x06oXF\xdb\xd7Lo\xa6\x1b\xfbt\xfc\xed\x96\xd9\xf1\x1c\xd8C>'\xcd\x13\x88\xb0\xcf@\xa6\x99\xda\xfb\xe5R{\xa6\xf3\xcf\x98\xdcEz\x15\xc5?\xda\x9f\x1f'\xd9\x01"
2021-01-11 06:15:26,603 check resp exit
2021-01-11 06:15:26,663 timeout
2021-01-11 06:15:26,664 b'\xfe\xab\x8d]\xba\xd2M\x02\xc1?=\xe9\x17\xd3aO\xb0\xc7\xa3\xce1c\x08G\x17 )\xce\xc88\x8b\xc2'
2021-01-11 06:15:26,664 cmd send x : 1
2021-01-11 06:15:26,669 prompt
2021-01-11 06:15:26,670 check resp :: cmd : b'\xfe\xab\x8d]\xba\xd2M\x02\xc1?=\xe9\x17\xd3aO\xb0\xc7\xa3\xce1c\x08G\x17 )\xce\xc88\x8b\xc2'
2021-01-11 06:15:26,670 index : 0 :: resp : b'\xfe\xab\x8d]\xba\xd2M\x02\xc1?=\xe9\x17\xd3aO\xb0\xc7\xa3\xce1c\x08G\x17 )\xce\xc88\x8b\xc2'
2021-01-11 06:15:26,670 index : 1 :: resp : b"i\x10$;\xb9\xcd\xe6oc)\xea\xfd\xac\x06oXF\xdb\xd7Lo\xa6\x1b\xfbt\xfc\xed\x96\xd9\xf1\x1c\xd8C>'\xcd\x13\x88\xb0\xcf@\xa6\x99\xda\xfb\xe5R{\xa6\xf3\xcf\x98\xdcEz\x15\xc5?\xda\x9f\x1f'\xd9\x01"
2021-01-11 06:15:26,671 check resp exit
2021-01-11 06:15:26,731 timeout
2021-01-11 06:15:26,732 b'F\xe9\xd95\x92<N\x85\x91h\xa5J\xac\xfe&koG\x1fcS\xd7\xac\xca\xc7%\xcfS\xaai\xca\x13'
2021-01-11 06:15:26,732 cmd send x : 1
2021-01-11 06:15:26,737 prompt
2021-01-11 06:15:26,738 check resp :: cmd : b'F\xe9\xd95\x92<N\x85\x91h\xa5J\xac\xfe&koG\x1fcS\xd7\xac\xca\xc7%\xcfS\xaai\xca\x13'
2021-01-11 06:15:26,738 index : 0 :: resp : b'F\xe9\xd95\x92<N\x85\x91h\xa5J\xac\xfe&koG\x1fcS\xd7\xac\xca\xc7%\xcfS\xaai\xca\x13'
2021-01-11 06:15:26,738 index : 1 :: resp : b"i\x10$;\xb9\xcd\xe6oc)\xea\xfd\xac\x06oXF\xdb\xd7Lo\xa6\x1b\xfbt\xfc\xed\x96\xd9\xf1\x1c\xd8C>'\xcd\x13\x88\xb0\xcf@\xa6\x99\xda\xfb\xe5R{\xa6\xf3\xcf\x98\xdcEz\x15\xc5?\xda\x9f\x1f'\xd9\x01"
2021-01-11 06:15:26,738 check resp exit
2021-01-11 06:15:26,794 timeout
2021-01-11 06:15:26,795 b'\xfe\xab\x8d]\xba\xd2M\x02\xc1?=\xe9\x17\xd3aO\xd0\x90\xf8\xc44\x12\x15\xc1\xac\xe8\x17\xb0\xb2q\xa4\xfa'
2021-01-11 06:15:26,795 cmd send x : 1
2021-01-11 06:15:26,801 prompt
2021-01-11 06:15:26,801 check resp :: cmd : b'\xfe\xab\x8d]\xba\xd2M\x02\xc1?=\xe9\x17\xd3aO\xd0\x90\xf8\xc44\x12\x15\xc1\xac\xe8\x17\xb0\xb2q\xa4\xfa'
2021-01-11 06:15:26,802 index : 0 :: resp : b'\xfe\xab\x8d]\xba\xd2M\x02\xc1?=\xe9\x17\xd3aO\xd0\x90\xf8\xc44\x12\x15\xc1\xac\xe8\x17\xb0\xb2q\xa4\xfa'
2021-01-11 06:15:26,802 index : 1 :: resp : b"i\x10$;\xb9\xcd\xe6oc)\xea\xfd\xac\x06oXF\xdb\xd7Lo\xa6\x1b\xfbt\xfc\xed\x96\xd9\xf1\x1c\xd8C>'\xcd\x13\x88\xb0\xcf@\xa6\x99\xda\xfb\xe5R{\xa6\xf3\xcf\x98\xdcEz\x15\xc5?\xda\x9f\x1f'\xd9\x01"
2021-01-11 06:15:26,802 check resp exit
2021-01-11 06:15:26,863 timeout
2021-01-11 06:15:26,863 b'\xfe\xab\x8d]\xba\xd2M\x02\xc1?=\xe9\x17\xd3aO\xb0\xc7\xa3\xce1c\x08G\x17 )\xce\xc88\x8b\xc2'
2021-01-11 06:15:26,863 cmd send x : 1
2021-01-11 06:15:26,869 prompt
2021-01-11 06:15:26,869 check resp :: cmd : b'\xfe\xab\x8d]\xba\xd2M\x02\xc1?=\xe9\x17\xd3aO\xb0\xc7\xa3\xce1c\x08G\x17 )\xce\xc88\x8b\xc2'
2021-01-11 06:15:26,869 index : 0 :: resp : b'\xfe\xab\x8d]\xba\xd2M\x02\xc1?=\xe9\x17\xd3aO\xb0\xc7\xa3\xce1c\x08G\x17 )\xce\xc88\x8b\xc2'
2021-01-11 06:15:26,870 index : 1 :: resp : b"i\x10$;\xb9\xcd\xe6oc)\xea\xfd\xac\x06oXF\xdb\xd7Lo\xa6\x1b\xfbt\xfc\xed\x96\xd9\xf1\x1c\xd8C>'\xcd\x13\x88\xb0\xcf@\xa6\x99\xda\xfb\xe5R{\xa6\xf3\xcf\x98\xdcEz\x15\xc5?\xda\x9f\x1f'\xd9\x01"
2021-01-11 06:15:26,870 check resp exit
2021-01-11 06:15:26,930 timeout
2021-01-11 06:15:26,931 b'ef|1E\x14\xb2\x06 \x19;-\xed\xd2P\x13W\xfb\xff)\xb2\xd6\x02\xc1Y\x99\x04\xb3\x03{\x8a\xc5'
2021-01-11 06:15:26,931 query send : 1
2021-01-11 06:15:26,947 prompt
2021-01-11 06:15:26,948 got response: b'%;\xfbG\xb9%\xed/(\xef"\x11LC\xbd\x19\xd1\xfe\xa3V\xbc\xc2\xe1\xf1YC\x06\xa5\xc9d\x83\x05\x937Tw\x95\x02\xc9\xf8\x92\xc1\xa0\xca~r\xad\xa7sp*R\xc4\x86O\xe8\xef\xdc\xdc`U&\x0c\xeae9\xab\xca\x9b$T\xb8>\x9a\xd7w\xea\'dl\xf1\x9a3\xdb\x8a\xf2Ga*\xd91a\x1f,BI'
2021-01-11 06:15:26,948 check resp :: cmd : b'ef|1E\x14\xb2\x06 \x19;-\xed\xd2P\x13W\xfb\xff)\xb2\xd6\x02\xc1Y\x99\x04\xb3\x03{\x8a\xc5'
2021-01-11 06:15:26,948 index : 0 :: resp : b'ef|1E\x14\xb2\x06 \x19;-\xed\xd2P\x13W\xfb\xff)\xb2\xd6\x02\xc1Y\x99\x04\xb3\x03{\x8a\xc5'
2021-01-11 06:15:26,948 index : 1 :: resp : b'i\x10$;\xb9\xcd\xe6oc)\xea\xfd\xac\x06oX\x02\xc7!\x8b,\xf3\r)g\xd5\x12k\xe2\xddSb'
2021-01-11 06:15:26,948 index : 2 :: resp : b"i\x10$;\xb9\xcd\xe6oc)\xea\xfd\xac\x06oXF\xdb\xd7Lo\xa6\x1b\xfbt\xfc\xed\x96\xd9\xf1\x1c\xd8C>'\xcd\x13\x88\xb0\xcf@\xa6\x99\xda\xfb\xe5R{\xa6\xf3\xcf\x98\xdcEz\x15\xc5?\xda\x9f\x1f'\xd9\x01"
2021-01-11 06:15:26,949 check resp exit
2021-01-11 06:15:27,009 timeout
2021-01-11 06:15:27,010 b'ef|1E\x14\xb2\x06 \x19;-\xed\xd2P\x13W\xfb\xff)\xb2\xd6\x02\xc1Y\x99\x04\xb3\x03{\x8a\xc5'
2021-01-11 06:15:27,010 query send : 1
2021-01-11 06:15:27,015 prompt
2021-01-11 06:15:27,016 got response: b'%;\xfbG\xb9%\xed/(\xef"\x11LC\xbd\x19\xd1\xfe\xa3V\xbc\xc2\xe1\xf1YC\x06\xa5\xc9d\x83\x05Sk\xbf6\x17/\xc4u\'%Q\xad%/wLg]E\x070\xb5\xc9l\xfe\'\x07&\xd5\xd4\x1d\xa1\xc5\x88W\x95NVHn\x1c\xac\'j\xe7\xe5\x19\xab\xf1\x9a3\xdb\x8a\xf2Ga*\xd91a\x1f,BI'
2021-01-11 06:15:27,016 check resp :: cmd : b'ef|1E\x14\xb2\x06 \x19;-\xed\xd2P\x13W\xfb\xff)\xb2\xd6\x02\xc1Y\x99\x04\xb3\x03{\x8a\xc5'
2021-01-11 06:15:27,016 index : 0 :: resp : b'ef|1E\x14\xb2\x06 \x19;-\xed\xd2P\x13W\xfb\xff)\xb2\xd6\x02\xc1Y\x99\x04\xb3\x03{\x8a\xc5'
2021-01-11 06:15:27,016 index : 1 :: resp : b'i\x10$;\xb9\xcd\xe6oc)\xea\xfd\xac\x06oXG$\xd8\xb8\xafi\xceZa\xdc\xda*1\xd6o\xdd'
2021-01-11 06:15:27,016 index : 2 :: resp : b"i\x10$;\xb9\xcd\xe6oc)\xea\xfd\xac\x06oXF\xdb\xd7Lo\xa6\x1b\xfbt\xfc\xed\x96\xd9\xf1\x1c\xd8\xa7b\x96\xfc\x99\xb2\xb2(\x05\\\xe6>s\xf5\xf9\xb3\xa6\xf3\xcf\x98\xdcEz\x15\xc5?\xda\x9f\x1f'\xd9\x01"
2021-01-11 06:15:27,016 check resp exit
2021-01-11 06:15:27,017 Tx Temp: 50 
2021-01-11 06:15:27,017 Rx Temp: 51 
2021-01-11 06:15:27,074 timeout
2021-01-11 06:15:27,075 cmd : b']\xe4F\x93\x91\xd0\x1e\xac!M\xc8\xfb\xe6\x8e\x1bE(\xc1\xd5.\xecO\xbf\xc7\xff\xe4\xdc9\xcb\xd8S\xa7'
2021-01-11 06:15:27,075 b']\xe4F\x93\x91\xd0\x1e\xac!M\xc8\xfb\xe6\x8e\x1bE(\xc1\xd5.\xecO\xbf\xc7\xff\xe4\xdc9\xcb\xd8S\xa7'
2021-01-11 06:15:27,075 cmd send x : 1
2021-01-11 06:15:27,189 prompt
2021-01-11 06:15:27,189 check resp :: cmd : b']\xe4F\x93\x91\xd0\x1e\xac!M\xc8\xfb\xe6\x8e\x1bE(\xc1\xd5.\xecO\xbf\xc7\xff\xe4\xdc9\xcb\xd8S\xa7'
2021-01-11 06:15:27,190 index : 0 :: resp : b']\xe4F\x93\x91\xd0\x1e\xac!M\xc8\xfb\xe6\x8e\x1bE(\xc1\xd5.\xecO\xbf\xc7\xff\xe4\xdc9\xcb\xd8S\xa7'
2021-01-11 06:15:27,190 index : 1 :: resp : b'\xe0\xce\x95FU\xfd\x14\x82[\x0f\xddr\xbd\xd2\xf3&c\xe4\xc8\xb5\x98\x0bP}\xdc\xec%\xde)D\xf5Yu>\x84Mc\xfc\xe4\xf8\xf34\xc3\xd0\x11\xc7\xc7\x1d-\xf5f?\x99\x18V%\x90\\S\x90$\xe3\\h!*\n\xe7\xc3\xf8\x10\xf8m\xc1%\x05\xebW\x12\x0e~T;\x83\'\x88\x9a\xc75\x04\xd7\xac\xfbi\xf7\xe6S,"\xd4}\x90:/\xecLJ\x12\x0eD\xbe\x13\x03m,a\xdb\x9es\x8e[\x8b[\xa7m\xf3\x0f\xd8\xe1\x92{r\x1d72\xa8\x0c\x08\xc5\xfcuLq\x82\x1c\xbb\x91D\x8c\xc0\x9e\xd33\xa5\x99!\xfe\xf0\x9d\xfa\rs\xb2;\x1b\x1a\xee]\xfc\xea\xeb\xf5\x02\xd5s\xccX\xafS3\xbf\x98\x99w\xb4\xb9w\xb7\x1e!\x15@.\xdf\x17\x8f\x14\xdf\x99\x93\xcc\xe6>NK\x85\xbf\x07K{.\xe4\xaf:\xe4\nZ\x1a\xd4\x00\xe0\xf9\x92p\x8e d\xf7\xcd\xbd\x1f>D\xe5\x0fT|s\x91f\xf5\xa6\xca*\xb2\xfe\xe7v\x02\xfb\'\xe4<\x89B/X\xafS3\xbf\x98\x99w\xb4\xb9w\xb7\x1e!\x15@i\x83\x0fB\x0bV\x96\xfc\xe5Q\x8f\x8f\x80\xcf\x0e\'\xcc|*\xde\xd7\xcc.\xc2\x8dA\xaa\xd6\xf1\xb8\x05\x05\xb6j=\x04>t\x93\xe3\x88[N\xdc\xd0e\xd7\x079\xf8?\xf9e\xbb\x06\x8eQ`F\xa5\xbdf\xb5v\xc5k\xb9\x91\x1f\x1a.}|\xd2\xd8\xbf\xda\xc1\xc8\xd20Z\x01\x00\x8f\x7f\x02\x94\xcb=t%/\xba\xc9j\xafy\x91\x0e\xdc\x1b\x96\xfb\xf4R\xb9[\xc8)\x9ab\x07\xf5)\xd1\xa2\xe5\x85\x959\xa9d{\x8cX\xb7r\xba#\xb2Sx\x84\x14\xf8\x83\'\xce,\x19\x15\xa4\x11\n\xa3S\x1e\x7f\xe0\xea\r\xa6b\x8b\xb5s\xb9\x10\xc9\xa90U\xd1\xda\x01\xa7\xac#\xa1\x15\x1fQ\xa2\xecb\xc4\x82\x1c/{\x08FBa`\xa0\xf8\x95m\xe0\xc0\x1e\xa1\xc3\xe7\t"3X;:\'\xde7\x1832\n\x05\xd7\xdb/Z\xd2F\x15\x02\xed\x9d\x83<\xb8\x08\xb0Y\xd0\x90\xa0\xf1Hs\xf9\x82\xc8d\x92\xe9\x04\xddx\xeb\xadO\xf5\xbaO\xcd]\x1f\xbc\xd9<3\x99P\xd4\x81\xa7\x8f\x8f\xaaD\x8a\xfd\xcf\xaa\x8e\xb0f\x9f\xb0%\x10\x93b\xaa\xb0\xf8\x0c2\xef\x86\x08\xc1\n\xafa\xec\xfdtg\xe2or\xbf\xf5\xbdhl_}\xdc\xad&%/\x17m\x12\x1e9\xf5uTb\xab\xa9\x82ZN~\xe1\xfb\xb5.\xdb\x0e\xd2>\xabz\xd6\tO5\xa4M\xa1\xc5\x14\xb4\xa6\x94\xe1\xaa$\x1d@\xef\x05=\xe0\xcc.\x0c\x03Cf\xee\x87\x7f\xdaC\x02%\xed\xf304\x1e\x0epHGq\xe3\x12M3\xdf)|\xe9i\xfbr8\xb8e_n[5\xdf[`z\x9bD\xccI\xdbN|b\x0c\xaa\xc3\xb3\x90<?\xff\xb2\xb22\xd1\xaf\xaa\x8b\xe2\x00Tc\\\x817\xfd\\\xc2\xff{\x8e\x8c\xf3vC\x1bz$y\x86/\xdf\x93 \xe97SG?C\x8b|\x1d\xfc\xb8\xdfr\xf4\xa7\xbe(\xb9\xd6\x8a\xfd`\xfd\xa7\xcb\x89\':\xcd9?<\x00JN|\x90\x01o\x0f\x87\xf0Q\x89\x99\x0e\xdc\xae\xb1{\x82\xee\x01\xc1\xb1\x02\xf0:%\xb1\x132\xf3\xabR\xaaJ"u\x12\x99\x898\nd\xd4\xa6\xc5\x8flt\xaa$v\x80\x03\xe1\x13\xf4\xdf\xb5*\x1c\x83\x86\xef0a\xddi#\xe6\x84\xccK\xfa\x90\x15ik\x12\x93\xce\x9cr\xef\x885\xda\x1a\xbcW\x0c\x8e\xb0\xb1\xb9\xc3\xb1e\x0edG\x88V\x96(\xda>\xed\x0fTZG\x98\x19\x86K\xcf\x9aU\xdc\x01\xb8}\x1b\xf4\x16\xdb\xb2\x83F\x9dN!\x94\xba\xea:\x83\xab\xf3w\xd0\xee\x15\x9c\xd2\xa6WF\x8eTR\xd9\xd6f\xdcV\xdav\xb9\xa0V;\x9b/\xb2\xa8Y@\x0bV\xc2:\x943!T\x19\x9d.\xeb#\xfe\x1e\x07\x81\xb4\xef\xae\x1c\xf9\x89\x1fkd\xd8N"q\xc2\xfa\xdb\x0f\x9e#N-\rm\xc0\xa7\x9c50]\xd2\tm\xd1U\xf3\x1b\xec\xa8w\x18\x10 5\xdf\xb2\x11\x18\xcd\xb6\x1b\xa4\x89\xf4\xae\x02\xb8l|{\xa1\x01\x98|/\x02\xc2;?\x0c\x1c\xbeGw\x89^\x0f\xb0)\xd8\xf0K\' 8c\xc1\x99\xe8E\xa2\x1c\xcc\xe4\xd4\xe5\xb1\xc4~}\x14\x91|\x11o_\x99\x14\xca-A]"y\xf1\xb3r\x94\xc9\xdc\xe0\x87\xf6\x94"\xf3\xe2\x16\xa3TiX0H\x03\xd3\x97\x1fw\t\xa2\xc5\x841\xbf\xb2\xedP\x02F\xb09"\xa7\x16\xa0\x99\xb6\x0e\xe4\xca\x08\xf9%*\xbbg\x92\xaf\x87\xf1\xa4Ym\xa7\xb3\x18\xa0\xb6\x81b\xc1\x92b \xb1\xff(T\x1d\xc9v4\xc8\xb1\xbb\x8c\xe3i\xe6\xc0\xc9S>;\x0e~\x7fQ\x03\xd1\xfa\x82\r\xd3\xde\x1c\xc2\xa3\x01e\xf6\xc7\xc0\xde|\xc1\xcb\xf1\xc3,\x9fkH\x94}\xbe\xdf<CR\xf3_\x80G\x8ax+C\xee\xfe\x86&\xf6\x9d\x0f2?\x94\x82X\xb7\x1b\xac\xf9\xdc\x89)\x0c\xee\x9b\xaeV]M}\x00\x80\x92?\x1c\xd2\xfbq\xa8\x14\xdf\xd7\'\x0f\x98\xf7\x1b&p\x80\xfbm\x8e\xcd>\xa4C\t\xe9\xd8\xa7\xe1y\xce\x1ew\\\xf4\x9b(\n\x10&R\xf8\xff2\x0f%)\xe3\xe1[\xfa\xcb\x82\xdb`\xa5\xeddGc\xd6^0\xe8\n{\xf7\x8a\x95\xd7D(%);T\xdf\x8f!\xa8\xd3\x963\xcd\xb69\xed\'\x12\xb0p\xdd6\xc9\x89\x83pi~\xbd\xda\x9ak\xbdS\xab*\xcf\xe2\x8d\x8d\xb0l\xfd\xd0\x884\x0f\x18c\xe7\xb0\xee\xe2us\x05Q\x07'
2021-01-11 06:15:27,190 index : 2 :: resp : b"i\x10$;\xb9\xcd\xe6oc)\xea\xfd\xac\x06oXF\xdb\xd7Lo\xa6\x1b\xfbt\xfc\xed\x96\xd9\xf1\x1c\xd8\xa7b\x96\xfc\x99\xb2\xb2(\x05\\\xe6>s\xf5\xf9\xb3\xa6\xf3\xcf\x98\xdcEz\x15\xc5?\xda\x9f\x1f'\xd9\x01"
2021-01-11 06:15:27,190 check resp exit
2021-01-11 06:15:27,192 detected MCS: 1
2021-01-11 06:15:27,193 RX Sweep iteration: 1/1
2021-01-11 06:15:27,194 terminating node1 packet engine
2021-01-11 06:15:27,245 timeout
2021-01-11 06:15:27,245 cmd : b'i\x10$;\xb9\xcd\xe6oc)\xea\xfd\xac\x06oX>J\x16rCn\xb8\x90%\x86\x921\xcd\x01\xb5\x87'
2021-01-11 06:15:27,245 b'i\x10$;\xb9\xcd\xe6oc)\xea\xfd\xac\x06oX>J\x16rCn\xb8\x90%\x86\x921\xcd\x01\xb5\x87'
2021-01-11 06:15:27,245 cmd send x : 1
2021-01-11 06:15:27,247 prompt
2021-01-11 06:15:27,247 check resp :: cmd : b'i\x10$;\xb9\xcd\xe6oc)\xea\xfd\xac\x06oX>J\x16rCn\xb8\x90%\x86\x921\xcd\x01\xb5\x87'
2021-01-11 06:15:27,247 index : 0 :: resp : b'i\x10$;\xb9\xcd\xe6oc)\xea\xfd\xac\x06oX>J\x16rCn\xb8\x90%\x86\x921\xcd\x01\xb5\x87'
2021-01-11 06:15:27,248 index : 1 :: resp : b"i\x10$;\xb9\xcd\xe6oc)\xea\xfd\xac\x06oXF\xdb\xd7Lo\xa6\x1b\xfbt\xfc\xed\x96\xd9\xf1\x1c\xd8C>'\xcd\x13\x88\xb0\xcf@\xa6\x99\xda\xfb\xe5R{\xa6\xf3\xcf\x98\xdcEz\x15\xc5?\xda\x9f\x1f'\xd9\x01"
2021-01-11 06:15:27,248 check resp exit
2021-01-11 06:15:27,248 0 failed MCS detections (all iterations)
2021-01-11 06:15:27,248 0 failed channel estimations (all iterations)
2021-01-11 06:15:27,248 rx sweep elapsed time: 0.23134708404541016 sec
2021-01-11 06:15:27,248 sweep elapsed time: 0.7649481296539307 sec
2021-01-11 06:15:27,248 Min SNR: 9 @ tx beam 43 rx beam 13
2021-01-11 06:15:27,249 Max SNR: 9 @ tx beam 43 rx beam 13
